Calling target program-options parser
Adding interface s10-eth1 as port 1
[01:16:10.772] [bmv2] [D] [thread 52654] Adding interface s10-eth1 as port 1
Adding interface s10-eth2 as port 2
[01:16:10.788] [bmv2] [D] [thread 52654] Adding interface s10-eth2 as port 2
Adding interface s10-eth3 as port 3
[01:16:10.799] [bmv2] [D] [thread 52654] Adding interface s10-eth3 as port 3
Adding interface s10-eth4 as port 4
[01:16:10.808] [bmv2] [D] [thread 52654] Adding interface s10-eth4 as port 4
Server listening on 0.0.0.0:9568
[01:16:10.850] [bmv2] [I] [thread 52654] Starting Thrift server on port 9099
[01:16:10.860] [bmv2] [I] [thread 52654] Thrift server was started
[01:16:18.687] [bmv2] [D] [thread 53267] Set default default entry for table 'MyIngress.check_is_ingress_border': NoAction - 
[01:16:18.687] [bmv2] [D] [thread 53267] Set default default entry for table 'MyIngress.fec_to_label': NoAction - 
[01:16:18.687] [bmv2] [D] [thread 53267] Set default default entry for table 'MyIngress.mpls_tbl': MyIngress.drop - 
[01:16:18.687] [bmv2] [D] [thread 53267] Set default default entry for table 'MyIngress.ipv4_ef': MyIngress.drop - 
[01:16:18.687] [bmv2] [D] [thread 53267] Set default default entry for table 'MyIngress.ipv4_any': MyIngress.drop - 
[01:16:18.687] [bmv2] [D] [thread 53267] Set default default entry for table 'MyEgress.check_is_egress_border': NoAction - 
[01:16:18.688] [bmv2] [D] [thread 53267] simple_switch target has been notified of a config swap
[01:16:18.714] [bmv2] [D] [thread 53281] [0.0] [cxt 0] Processing packet received on port 1
[01:16:18.714] [bmv2] [D] [thread 53281] [0.0] [cxt 0] Parser 'parser': start
[01:16:18.714] [bmv2] [D] [thread 53281] [0.0] [cxt 0] Parser 'parser' entering state 'start'
[01:16:18.714] [bmv2] [D] [thread 53281] [0.0] [cxt 0] Extracting header 'ethernet'
[01:16:18.714] [bmv2] [D] [thread 53281] [0.0] [cxt 0] Parser state 'start': key is 86dd
[01:16:18.714] [bmv2] [T] [thread 53281] [0.0] [cxt 0] Bytes parsed: 14
[01:16:18.714] [bmv2] [D] [thread 53281] [0.0] [cxt 0] Parser 'parser': end
[01:16:18.714] [bmv2] [D] [thread 53281] [0.0] [cxt 0] Pipeline 'ingress': start
[01:16:18.714] [bmv2] [T] [thread 53281] [0.0] [cxt 0] mejora.p4(202) Condition "hdr.ipv4.isValid()" (node_2) is false
[01:16:18.714] [bmv2] [D] [thread 53281] [0.0] [cxt 0] Pipeline 'ingress': end
[01:16:18.714] [bmv2] [D] [thread 53281] [0.0] [cxt 0] Egress port is 0
[01:16:18.714] [bmv2] [D] [thread 53281] [1.0] [cxt 0] Processing packet received on port 2
[01:16:18.714] [bmv2] [D] [thread 53281] [1.0] [cxt 0] Parser 'parser': start
[01:16:18.714] [bmv2] [D] [thread 53281] [1.0] [cxt 0] Parser 'parser' entering state 'start'
[01:16:18.714] [bmv2] [D] [thread 53281] [1.0] [cxt 0] Extracting header 'ethernet'
[01:16:18.714] [bmv2] [D] [thread 53281] [1.0] [cxt 0] Parser state 'start': key is 86dd
[01:16:18.714] [bmv2] [T] [thread 53281] [1.0] [cxt 0] Bytes parsed: 14
[01:16:18.715] [bmv2] [D] [thread 53281] [1.0] [cxt 0] Parser 'parser': end
[01:16:18.715] [bmv2] [D] [thread 53281] [1.0] [cxt 0] Pipeline 'ingress': start
[01:16:18.715] [bmv2] [T] [thread 53281] [1.0] [cxt 0] mejora.p4(202) Condition "hdr.ipv4.isValid()" (node_2) is false
[01:16:18.715] [bmv2] [D] [thread 53281] [1.0] [cxt 0] Pipeline 'ingress': end
[01:16:18.715] [bmv2] [D] [thread 53281] [1.0] [cxt 0] Egress port is 0
[01:16:18.715] [bmv2] [D] [thread 53281] [2.0] [cxt 0] Processing packet received on port 3
[01:16:18.715] [bmv2] [D] [thread 53281] [2.0] [cxt 0] Parser 'parser': start
[01:16:18.715] [bmv2] [D] [thread 53281] [2.0] [cxt 0] Parser 'parser' entering state 'start'
[01:16:18.715] [bmv2] [D] [thread 53281] [2.0] [cxt 0] Extracting header 'ethernet'
[01:16:18.715] [bmv2] [D] [thread 53281] [2.0] [cxt 0] Parser state 'start': key is 86dd
[01:16:18.715] [bmv2] [T] [thread 53281] [2.0] [cxt 0] Bytes parsed: 14
[01:16:18.715] [bmv2] [D] [thread 53281] [2.0] [cxt 0] Parser 'parser': end
[01:16:18.715] [bmv2] [D] [thread 53281] [2.0] [cxt 0] Pipeline 'ingress': start
[01:16:18.715] [bmv2] [T] [thread 53281] [2.0] [cxt 0] mejora.p4(202) Condition "hdr.ipv4.isValid()" (node_2) is false
[01:16:18.715] [bmv2] [D] [thread 53281] [2.0] [cxt 0] Pipeline 'ingress': end
[01:16:18.715] [bmv2] [D] [thread 53281] [2.0] [cxt 0] Egress port is 0
[01:16:18.715] [bmv2] [D] [thread 53281] [3.0] [cxt 0] Processing packet received on port 4
[01:16:18.715] [bmv2] [D] [thread 53281] [3.0] [cxt 0] Parser 'parser': start
[01:16:18.715] [bmv2] [D] [thread 53281] [3.0] [cxt 0] Parser 'parser' entering state 'start'
[01:16:18.715] [bmv2] [D] [thread 53281] [3.0] [cxt 0] Extracting header 'ethernet'
[01:16:18.715] [bmv2] [D] [thread 53281] [3.0] [cxt 0] Parser state 'start': key is 86dd
[01:16:18.715] [bmv2] [T] [thread 53281] [3.0] [cxt 0] Bytes parsed: 14
[01:16:18.715] [bmv2] [D] [thread 53281] [3.0] [cxt 0] Parser 'parser': end
[01:16:18.715] [bmv2] [D] [thread 53281] [3.0] [cxt 0] Pipeline 'ingress': start
[01:16:18.715] [bmv2] [T] [thread 53281] [3.0] [cxt 0] mejora.p4(202) Condition "hdr.ipv4.isValid()" (node_2) is false
[01:16:18.715] [bmv2] [D] [thread 53281] [3.0] [cxt 0] Pipeline 'ingress': end
[01:16:18.715] [bmv2] [D] [thread 53281] [3.0] [cxt 0] Egress port is 0
[01:16:18.715] [bmv2] [D] [thread 53281] [4.0] [cxt 0] Processing packet received on port 1
[01:16:18.715] [bmv2] [D] [thread 53281] [4.0] [cxt 0] Parser 'parser': start
[01:16:18.715] [bmv2] [D] [thread 53281] [4.0] [cxt 0] Parser 'parser' entering state 'start'
[01:16:18.715] [bmv2] [D] [thread 53281] [4.0] [cxt 0] Extracting header 'ethernet'
[01:16:18.715] [bmv2] [D] [thread 53281] [4.0] [cxt 0] Parser state 'start': key is 86dd
[01:16:18.715] [bmv2] [T] [thread 53281] [4.0] [cxt 0] Bytes parsed: 14
[01:16:18.715] [bmv2] [D] [thread 53281] [4.0] [cxt 0] Parser 'parser': end
[01:16:18.715] [bmv2] [D] [thread 53281] [4.0] [cxt 0] Pipeline 'ingress': start
[01:16:18.715] [bmv2] [T] [thread 53281] [4.0] [cxt 0] mejora.p4(202) Condition "hdr.ipv4.isValid()" (node_2) is false
[01:16:18.715] [bmv2] [D] [thread 53281] [4.0] [cxt 0] Pipeline 'ingress': end
[01:16:18.715] [bmv2] [D] [thread 53281] [4.0] [cxt 0] Egress port is 0
[01:16:18.715] [bmv2] [D] [thread 53281] [5.0] [cxt 0] Processing packet received on port 2
[01:16:18.715] [bmv2] [D] [thread 53281] [5.0] [cxt 0] Parser 'parser': start
[01:16:18.715] [bmv2] [D] [thread 53281] [5.0] [cxt 0] Parser 'parser' entering state 'start'
[01:16:18.715] [bmv2] [D] [thread 53281] [5.0] [cxt 0] Extracting header 'ethernet'
[01:16:18.715] [bmv2] [D] [thread 53281] [5.0] [cxt 0] Parser state 'start': key is 86dd
[01:16:18.715] [bmv2] [T] [thread 53281] [5.0] [cxt 0] Bytes parsed: 14
[01:16:18.715] [bmv2] [D] [thread 53281] [5.0] [cxt 0] Parser 'parser': end
[01:16:18.715] [bmv2] [D] [thread 53281] [5.0] [cxt 0] Pipeline 'ingress': start
[01:16:18.715] [bmv2] [T] [thread 53281] [5.0] [cxt 0] mejora.p4(202) Condition "hdr.ipv4.isValid()" (node_2) is false
[01:16:18.715] [bmv2] [D] [thread 53281] [5.0] [cxt 0] Pipeline 'ingress': end
[01:16:18.715] [bmv2] [D] [thread 53281] [5.0] [cxt 0] Egress port is 0
[01:16:18.715] [bmv2] [D] [thread 53281] [6.0] [cxt 0] Processing packet received on port 3
[01:16:18.715] [bmv2] [D] [thread 53281] [6.0] [cxt 0] Parser 'parser': start
[01:16:18.715] [bmv2] [D] [thread 53281] [6.0] [cxt 0] Parser 'parser' entering state 'start'
[01:16:18.715] [bmv2] [D] [thread 53281] [6.0] [cxt 0] Extracting header 'ethernet'
[01:16:18.715] [bmv2] [D] [thread 53281] [6.0] [cxt 0] Parser state 'start': key is 86dd
[01:16:18.715] [bmv2] [T] [thread 53281] [6.0] [cxt 0] Bytes parsed: 14
[01:16:18.715] [bmv2] [D] [thread 53281] [6.0] [cxt 0] Parser 'parser': end
[01:16:18.715] [bmv2] [D] [thread 53281] [6.0] [cxt 0] Pipeline 'ingress': start
[01:16:18.715] [bmv2] [T] [thread 53281] [6.0] [cxt 0] mejora.p4(202) Condition "hdr.ipv4.isValid()" (node_2) is false
[01:16:18.715] [bmv2] [D] [thread 53281] [6.0] [cxt 0] Pipeline 'ingress': end
[01:16:18.715] [bmv2] [D] [thread 53281] [6.0] [cxt 0] Egress port is 0
[01:16:18.715] [bmv2] [D] [thread 53281] [7.0] [cxt 0] Processing packet received on port 4
[01:16:18.715] [bmv2] [D] [thread 53281] [7.0] [cxt 0] Parser 'parser': start
[01:16:18.715] [bmv2] [D] [thread 53281] [7.0] [cxt 0] Parser 'parser' entering state 'start'
[01:16:18.715] [bmv2] [D] [thread 53281] [7.0] [cxt 0] Extracting header 'ethernet'
[01:16:18.715] [bmv2] [D] [thread 53281] [7.0] [cxt 0] Parser state 'start': key is 86dd
[01:16:18.715] [bmv2] [T] [thread 53281] [7.0] [cxt 0] Bytes parsed: 14
[01:16:18.715] [bmv2] [D] [thread 53281] [7.0] [cxt 0] Parser 'parser': end
[01:16:18.715] [bmv2] [D] [thread 53281] [7.0] [cxt 0] Pipeline 'ingress': start
[01:16:18.715] [bmv2] [T] [thread 53281] [7.0] [cxt 0] mejora.p4(202) Condition "hdr.ipv4.isValid()" (node_2) is false
[01:16:18.715] [bmv2] [D] [thread 53281] [7.0] [cxt 0] Pipeline 'ingress': end
[01:16:18.715] [bmv2] [D] [thread 53281] [7.0] [cxt 0] Egress port is 0
[01:16:18.715] [bmv2] [D] [thread 53281] [8.0] [cxt 0] Processing packet received on port 3
[01:16:18.715] [bmv2] [D] [thread 53281] [8.0] [cxt 0] Parser 'parser': start
[01:16:18.715] [bmv2] [D] [thread 53281] [8.0] [cxt 0] Parser 'parser' entering state 'start'
[01:16:18.715] [bmv2] [D] [thread 53281] [8.0] [cxt 0] Extracting header 'ethernet'
[01:16:18.715] [bmv2] [D] [thread 53281] [8.0] [cxt 0] Parser state 'start': key is 86dd
[01:16:18.715] [bmv2] [T] [thread 53281] [8.0] [cxt 0] Bytes parsed: 14
[01:16:18.715] [bmv2] [D] [thread 53281] [8.0] [cxt 0] Parser 'parser': end
[01:16:18.715] [bmv2] [D] [thread 53281] [8.0] [cxt 0] Pipeline 'ingress': start
[01:16:18.715] [bmv2] [T] [thread 53281] [8.0] [cxt 0] mejora.p4(202) Condition "hdr.ipv4.isValid()" (node_2) is false
[01:16:18.715] [bmv2] [D] [thread 53281] [8.0] [cxt 0] Pipeline 'ingress': end
[01:16:18.715] [bmv2] [D] [thread 53281] [8.0] [cxt 0] Egress port is 0
[01:16:18.715] [bmv2] [D] [thread 53282] [0.0] [cxt 0] Pipeline 'egress': start
[01:16:18.715] [bmv2] [T] [thread 53282] [0.0] [cxt 0] mejora.p4(255) Condition "hdr.mpls.isValid()" (node_14) is false
[01:16:18.715] [bmv2] [D] [thread 53282] [0.0] [cxt 0] Pipeline 'egress': end
[01:16:18.715] [bmv2] [D] [thread 53282] [0.0] [cxt 0] Deparser 'deparser': start
[01:16:18.716] [bmv2] [T] [thread 53282] [0.0] [cxt 0] Skipping checksum 'cksum' update because condition not met
[01:16:18.716] [bmv2] [D] [thread 53282] [0.0] [cxt 0] Deparsing header 'ethernet'
[01:16:18.716] [bmv2] [D] [thread 53282] [0.0] [cxt 0] Deparser 'deparser': end
[01:16:18.716] [bmv2] [D] [thread 53282] [1.0] [cxt 0] Pipeline 'egress': start
[01:16:18.716] [bmv2] [T] [thread 53282] [1.0] [cxt 0] mejora.p4(255) Condition "hdr.mpls.isValid()" (node_14) is false
[01:16:18.722] [bmv2] [D] [thread 53282] [1.0] [cxt 0] Pipeline 'egress': end
[01:16:18.722] [bmv2] [D] [thread 53282] [1.0] [cxt 0] Deparser 'deparser': start
[01:16:18.722] [bmv2] [T] [thread 53282] [1.0] [cxt 0] Skipping checksum 'cksum' update because condition not met
[01:16:18.722] [bmv2] [D] [thread 53282] [1.0] [cxt 0] Deparsing header 'ethernet'
[01:16:18.722] [bmv2] [D] [thread 53282] [1.0] [cxt 0] Deparser 'deparser': end
[01:16:18.722] [bmv2] [D] [thread 53282] [2.0] [cxt 0] Pipeline 'egress': start
[01:16:18.722] [bmv2] [T] [thread 53282] [2.0] [cxt 0] mejora.p4(255) Condition "hdr.mpls.isValid()" (node_14) is false
[01:16:18.722] [bmv2] [D] [thread 53282] [2.0] [cxt 0] Pipeline 'egress': end
[01:16:18.722] [bmv2] [D] [thread 53282] [2.0] [cxt 0] Deparser 'deparser': start
[01:16:18.722] [bmv2] [T] [thread 53282] [2.0] [cxt 0] Skipping checksum 'cksum' update because condition not met
[01:16:18.722] [bmv2] [D] [thread 53282] [2.0] [cxt 0] Deparsing header 'ethernet'
[01:16:18.722] [bmv2] [D] [thread 53282] [2.0] [cxt 0] Deparser 'deparser': end
[01:16:18.722] [bmv2] [D] [thread 53282] [3.0] [cxt 0] Pipeline 'egress': start
[01:16:18.722] [bmv2] [T] [thread 53282] [3.0] [cxt 0] mejora.p4(255) Condition "hdr.mpls.isValid()" (node_14) is false
[01:16:18.722] [bmv2] [D] [thread 53282] [3.0] [cxt 0] Pipeline 'egress': end
[01:16:18.722] [bmv2] [D] [thread 53282] [3.0] [cxt 0] Deparser 'deparser': start
[01:16:18.722] [bmv2] [T] [thread 53282] [3.0] [cxt 0] Skipping checksum 'cksum' update because condition not met
[01:16:18.722] [bmv2] [D] [thread 53282] [3.0] [cxt 0] Deparsing header 'ethernet'
[01:16:18.722] [bmv2] [D] [thread 53282] [3.0] [cxt 0] Deparser 'deparser': end
[01:16:18.722] [bmv2] [D] [thread 53282] [4.0] [cxt 0] Pipeline 'egress': start
[01:16:18.722] [bmv2] [T] [thread 53282] [4.0] [cxt 0] mejora.p4(255) Condition "hdr.mpls.isValid()" (node_14) is false
[01:16:18.722] [bmv2] [D] [thread 53282] [4.0] [cxt 0] Pipeline 'egress': end
[01:16:18.722] [bmv2] [D] [thread 53282] [4.0] [cxt 0] Deparser 'deparser': start
[01:16:18.722] [bmv2] [T] [thread 53282] [4.0] [cxt 0] Skipping checksum 'cksum' update because condition not met
[01:16:18.722] [bmv2] [D] [thread 53282] [4.0] [cxt 0] Deparsing header 'ethernet'
[01:16:18.722] [bmv2] [D] [thread 53282] [4.0] [cxt 0] Deparser 'deparser': end
[01:16:18.722] [bmv2] [D] [thread 53282] [5.0] [cxt 0] Pipeline 'egress': start
[01:16:18.722] [bmv2] [T] [thread 53282] [5.0] [cxt 0] mejora.p4(255) Condition "hdr.mpls.isValid()" (node_14) is false
[01:16:18.722] [bmv2] [D] [thread 53282] [5.0] [cxt 0] Pipeline 'egress': end
[01:16:18.722] [bmv2] [D] [thread 53282] [5.0] [cxt 0] Deparser 'deparser': start
[01:16:18.722] [bmv2] [T] [thread 53282] [5.0] [cxt 0] Skipping checksum 'cksum' update because condition not met
[01:16:18.722] [bmv2] [D] [thread 53282] [5.0] [cxt 0] Deparsing header 'ethernet'
[01:16:18.722] [bmv2] [D] [thread 53282] [5.0] [cxt 0] Deparser 'deparser': end
[01:16:18.722] [bmv2] [D] [thread 53282] [6.0] [cxt 0] Pipeline 'egress': start
[01:16:18.722] [bmv2] [T] [thread 53282] [6.0] [cxt 0] mejora.p4(255) Condition "hdr.mpls.isValid()" (node_14) is false
[01:16:18.722] [bmv2] [D] [thread 53282] [6.0] [cxt 0] Pipeline 'egress': end
[01:16:18.722] [bmv2] [D] [thread 53282] [6.0] [cxt 0] Deparser 'deparser': start
[01:16:18.722] [bmv2] [T] [thread 53282] [6.0] [cxt 0] Skipping checksum 'cksum' update because condition not met
[01:16:18.722] [bmv2] [D] [thread 53282] [6.0] [cxt 0] Deparsing header 'ethernet'
[01:16:18.722] [bmv2] [D] [thread 53282] [6.0] [cxt 0] Deparser 'deparser': end
[01:16:18.722] [bmv2] [D] [thread 53282] [7.0] [cxt 0] Pipeline 'egress': start
[01:16:18.722] [bmv2] [T] [thread 53282] [7.0] [cxt 0] mejora.p4(255) Condition "hdr.mpls.isValid()" (node_14) is false
[01:16:18.722] [bmv2] [D] [thread 53282] [7.0] [cxt 0] Pipeline 'egress': end
[01:16:18.722] [bmv2] [D] [thread 53282] [7.0] [cxt 0] Deparser 'deparser': start
[01:16:18.722] [bmv2] [T] [thread 53282] [7.0] [cxt 0] Skipping checksum 'cksum' update because condition not met
[01:16:18.722] [bmv2] [D] [thread 53282] [7.0] [cxt 0] Deparsing header 'ethernet'
[01:16:18.722] [bmv2] [D] [thread 53282] [7.0] [cxt 0] Deparser 'deparser': end
[01:16:18.722] [bmv2] [D] [thread 53282] [8.0] [cxt 0] Pipeline 'egress': start
[01:16:18.722] [bmv2] [T] [thread 53282] [8.0] [cxt 0] mejora.p4(255) Condition "hdr.mpls.isValid()" (node_14) is false
[01:16:18.722] [bmv2] [D] [thread 53282] [8.0] [cxt 0] Pipeline 'egress': end
[01:16:18.722] [bmv2] [D] [thread 53282] [8.0] [cxt 0] Deparser 'deparser': start
[01:16:18.723] [bmv2] [T] [thread 53282] [8.0] [cxt 0] Skipping checksum 'cksum' update because condition not met
[01:16:18.723] [bmv2] [D] [thread 53282] [8.0] [cxt 0] Deparsing header 'ethernet'
[01:16:18.723] [bmv2] [D] [thread 53282] [8.0] [cxt 0] Deparser 'deparser': end
[01:16:18.722] [bmv2] [D] [thread 53286] [0.0] [cxt 0] Transmitting packet of size 210 out of port 0
[01:16:18.723] [bmv2] [D] [thread 53286] [1.0] [cxt 0] Transmitting packet of size 210 out of port 0
[01:16:18.723] [bmv2] [D] [thread 53286] [2.0] [cxt 0] Transmitting packet of size 210 out of port 0
[01:16:18.723] [bmv2] [D] [thread 53286] [3.0] [cxt 0] Transmitting packet of size 210 out of port 0
[01:16:18.723] [bmv2] [D] [thread 53286] [4.0] [cxt 0] Transmitting packet of size 70 out of port 0
[01:16:18.723] [bmv2] [D] [thread 53286] [5.0] [cxt 0] Transmitting packet of size 70 out of port 0
[01:16:18.723] [bmv2] [D] [thread 53286] [6.0] [cxt 0] Transmitting packet of size 210 out of port 0
[01:16:18.723] [bmv2] [D] [thread 53286] [7.0] [cxt 0] Transmitting packet of size 70 out of port 0
[01:16:18.723] [bmv2] [D] [thread 53286] [8.0] [cxt 0] Transmitting packet of size 70 out of port 0
[01:16:18.723] [bmv2] [D] [thread 53281] [9.0] [cxt 0] Processing packet received on port 4
[01:16:18.723] [bmv2] [D] [thread 53281] [9.0] [cxt 0] Parser 'parser': start
[01:16:18.723] [bmv2] [D] [thread 53281] [9.0] [cxt 0] Parser 'parser' entering state 'start'
[01:16:18.723] [bmv2] [D] [thread 53281] [9.0] [cxt 0] Extracting header 'ethernet'
[01:16:18.723] [bmv2] [D] [thread 53281] [9.0] [cxt 0] Parser state 'start': key is 86dd
[01:16:18.723] [bmv2] [T] [thread 53281] [9.0] [cxt 0] Bytes parsed: 14
[01:16:18.723] [bmv2] [D] [thread 53281] [9.0] [cxt 0] Parser 'parser': end
[01:16:18.723] [bmv2] [D] [thread 53281] [9.0] [cxt 0] Pipeline 'ingress': start
[01:16:18.723] [bmv2] [T] [thread 53281] [9.0] [cxt 0] mejora.p4(202) Condition "hdr.ipv4.isValid()" (node_2) is false
[01:16:18.723] [bmv2] [D] [thread 53281] [9.0] [cxt 0] Pipeline 'ingress': end
[01:16:18.723] [bmv2] [D] [thread 53281] [9.0] [cxt 0] Egress port is 0
[01:16:18.723] [bmv2] [D] [thread 53281] [10.0] [cxt 0] Processing packet received on port 3
[01:16:18.723] [bmv2] [D] [thread 53281] [10.0] [cxt 0] Parser 'parser': start
[01:16:18.723] [bmv2] [D] [thread 53281] [10.0] [cxt 0] Parser 'parser' entering state 'start'
[01:16:18.723] [bmv2] [D] [thread 53281] [10.0] [cxt 0] Extracting header 'ethernet'
[01:16:18.723] [bmv2] [D] [thread 53281] [10.0] [cxt 0] Parser state 'start': key is 86dd
[01:16:18.723] [bmv2] [T] [thread 53281] [10.0] [cxt 0] Bytes parsed: 14
[01:16:18.723] [bmv2] [D] [thread 53281] [10.0] [cxt 0] Parser 'parser': end
[01:16:18.723] [bmv2] [D] [thread 53281] [10.0] [cxt 0] Pipeline 'ingress': start
[01:16:18.723] [bmv2] [T] [thread 53281] [10.0] [cxt 0] mejora.p4(202) Condition "hdr.ipv4.isValid()" (node_2) is false
[01:16:18.723] [bmv2] [D] [thread 53281] [10.0] [cxt 0] Pipeline 'ingress': end
[01:16:18.723] [bmv2] [D] [thread 53281] [10.0] [cxt 0] Egress port is 0
[01:16:18.723] [bmv2] [D] [thread 53281] [11.0] [cxt 0] Processing packet received on port 4
[01:16:18.729] [bmv2] [D] [thread 53281] [11.0] [cxt 0] Parser 'parser': start
[01:16:18.729] [bmv2] [D] [thread 53281] [11.0] [cxt 0] Parser 'parser' entering state 'start'
[01:16:18.729] [bmv2] [D] [thread 53281] [11.0] [cxt 0] Extracting header 'ethernet'
[01:16:18.729] [bmv2] [D] [thread 53281] [11.0] [cxt 0] Parser state 'start': key is 86dd
[01:16:18.729] [bmv2] [T] [thread 53281] [11.0] [cxt 0] Bytes parsed: 14
[01:16:18.729] [bmv2] [D] [thread 53281] [11.0] [cxt 0] Parser 'parser': end
[01:16:18.729] [bmv2] [D] [thread 53281] [11.0] [cxt 0] Pipeline 'ingress': start
[01:16:18.729] [bmv2] [T] [thread 53281] [11.0] [cxt 0] mejora.p4(202) Condition "hdr.ipv4.isValid()" (node_2) is false
[01:16:18.729] [bmv2] [D] [thread 53281] [11.0] [cxt 0] Pipeline 'ingress': end
[01:16:18.729] [bmv2] [D] [thread 53281] [11.0] [cxt 0] Egress port is 0
[01:16:18.729] [bmv2] [D] [thread 53282] [9.0] [cxt 0] Pipeline 'egress': start
[01:16:18.729] [bmv2] [T] [thread 53282] [9.0] [cxt 0] mejora.p4(255) Condition "hdr.mpls.isValid()" (node_14) is false
[01:16:18.729] [bmv2] [D] [thread 53282] [9.0] [cxt 0] Pipeline 'egress': end
[01:16:18.729] [bmv2] [D] [thread 53282] [9.0] [cxt 0] Deparser 'deparser': start
[01:16:18.729] [bmv2] [T] [thread 53282] [9.0] [cxt 0] Skipping checksum 'cksum' update because condition not met
[01:16:18.729] [bmv2] [D] [thread 53282] [9.0] [cxt 0] Deparsing header 'ethernet'
[01:16:18.729] [bmv2] [D] [thread 53282] [9.0] [cxt 0] Deparser 'deparser': end
[01:16:18.729] [bmv2] [D] [thread 53282] [10.0] [cxt 0] Pipeline 'egress': start
[01:16:18.729] [bmv2] [T] [thread 53282] [10.0] [cxt 0] mejora.p4(255) Condition "hdr.mpls.isValid()" (node_14) is false
[01:16:18.729] [bmv2] [D] [thread 53282] [10.0] [cxt 0] Pipeline 'egress': end
[01:16:18.729] [bmv2] [D] [thread 53282] [10.0] [cxt 0] Deparser 'deparser': start
[01:16:18.729] [bmv2] [T] [thread 53282] [10.0] [cxt 0] Skipping checksum 'cksum' update because condition not met
[01:16:18.730] [bmv2] [D] [thread 53282] [10.0] [cxt 0] Deparsing header 'ethernet'
[01:16:18.730] [bmv2] [D] [thread 53282] [10.0] [cxt 0] Deparser 'deparser': end
[01:16:18.730] [bmv2] [D] [thread 53282] [11.0] [cxt 0] Pipeline 'egress': start
[01:16:18.730] [bmv2] [T] [thread 53282] [11.0] [cxt 0] mejora.p4(255) Condition "hdr.mpls.isValid()" (node_14) is false
[01:16:18.730] [bmv2] [D] [thread 53282] [11.0] [cxt 0] Pipeline 'egress': end
[01:16:18.730] [bmv2] [D] [thread 53282] [11.0] [cxt 0] Deparser 'deparser': start
[01:16:18.730] [bmv2] [T] [thread 53282] [11.0] [cxt 0] Skipping checksum 'cksum' update because condition not met
[01:16:18.730] [bmv2] [D] [thread 53282] [11.0] [cxt 0] Deparsing header 'ethernet'
[01:16:18.730] [bmv2] [D] [thread 53282] [11.0] [cxt 0] Deparser 'deparser': end
[01:16:18.730] [bmv2] [D] [thread 53286] [9.0] [cxt 0] Transmitting packet of size 70 out of port 0
[01:16:18.730] [bmv2] [D] [thread 53286] [10.0] [cxt 0] Transmitting packet of size 70 out of port 0
[01:16:18.730] [bmv2] [D] [thread 53286] [11.0] [cxt 0] Transmitting packet of size 210 out of port 0
[01:16:19.316] [bmv2] [D] [thread 53274] Entry 0 added to table 'MyIngress.check_is_ingress_border'
[01:16:19.316] [bmv2] [D] [thread 53274] Dumping entry 0
Match key:
* standard_metadata.ingress_port: EXACT     0001
Action entry: MyIngress.set_is_ingress_border - 

[01:16:19.320] [bmv2] [D] [thread 53274] Entry 0 added to table 'MyIngress.fec_to_label'
[01:16:19.320] [bmv2] [D] [thread 53274] Dumping entry 0
Match key:
* hdr.ipv4.dstAddr    : LPM       0a010102/32
Action entry: MyIngress.add_mpls_header - 1,

[01:16:19.326] [bmv2] [D] [thread 53289] Entry 1 added to table 'MyIngress.fec_to_label'
[01:16:19.326] [bmv2] [D] [thread 53289] Dumping entry 1
Match key:
* hdr.ipv4.dstAddr    : LPM       0a050202/32
Action entry: MyIngress.add_mpls_header - 2,

[01:16:19.329] [bmv2] [D] [thread 53274] Entry 2 added to table 'MyIngress.fec_to_label'
[01:16:19.329] [bmv2] [D] [thread 53274] Dumping entry 2
Match key:
* hdr.ipv4.dstAddr    : LPM       0a060302/32
Action entry: MyIngress.add_mpls_header - 3,

[01:16:19.339] [bmv2] [D] [thread 53289] Entry 0 added to table 'MyIngress.mpls_tbl'
[01:16:19.339] [bmv2] [D] [thread 53289] Dumping entry 0
Match key:
* hdr.mpls.label      : EXACT     000001
Action entry: MyIngress.mpls_forward - 80a00,3,

[01:16:19.345] [bmv2] [D] [thread 53274] Entry 1 added to table 'MyIngress.mpls_tbl'
[01:16:19.345] [bmv2] [D] [thread 53274] Dumping entry 1
Match key:
* hdr.mpls.label      : EXACT     000002
Action entry: MyIngress.mpls_forward - 70a00,2,

[01:16:19.349] [bmv2] [D] [thread 53289] Entry 2 added to table 'MyIngress.mpls_tbl'
[01:16:19.349] [bmv2] [D] [thread 53289] Dumping entry 2
Match key:
* hdr.mpls.label      : EXACT     000003
Action entry: MyIngress.mpls_forward - 90a00,4,

[01:16:19.358] [bmv2] [D] [thread 53274] Entry 3 added to table 'MyIngress.mpls_tbl'
[01:16:19.358] [bmv2] [D] [thread 53274] Dumping entry 3
Match key:
* hdr.mpls.label      : EXACT     000004
Action entry: MyIngress.mpls_forward - a0a0402,1,

[01:16:19.361] [bmv2] [D] [thread 53289] Entry 0 added to table 'MyEgress.check_is_egress_border'
[01:16:19.361] [bmv2] [D] [thread 53289] Dumping entry 0
Match key:
* standard_metadata.egress_port: EXACT     0001
Action entry: MyEgress.is_egress_border - 

[01:16:19.367] [bmv2] [D] [thread 53274] Entry 0 added to table 'MyIngress.ipv4_any'
[01:16:19.367] [bmv2] [D] [thread 53274] Dumping entry 0
Match key:
* hdr.ipv4.dstAddr    : LPM       0a010102/32
Action entry: MyIngress.ipv4_forward - 80a00,3,

[01:16:19.376] [bmv2] [D] [thread 53289] Entry 1 added to table 'MyIngress.ipv4_any'
[01:16:19.376] [bmv2] [D] [thread 53289] Dumping entry 1
Match key:
* hdr.ipv4.dstAddr    : LPM       0a050202/32
Action entry: MyIngress.ipv4_forward - 70a00,2,

[01:16:19.380] [bmv2] [D] [thread 53274] Entry 2 added to table 'MyIngress.ipv4_any'
[01:16:19.380] [bmv2] [D] [thread 53274] Dumping entry 2
Match key:
* hdr.ipv4.dstAddr    : LPM       0a060302/32
Action entry: MyIngress.ipv4_forward - 90a00,4,

[01:16:19.389] [bmv2] [D] [thread 53289] Entry 3 added to table 'MyIngress.ipv4_any'
[01:16:19.389] [bmv2] [D] [thread 53289] Dumping entry 3
Match key:
* hdr.ipv4.dstAddr    : LPM       0a0a0402/32
Action entry: MyIngress.ipv4_forward - a0a0402,1,

[01:16:19.394] [bmv2] [D] [thread 53274] Entry 0 added to table 'MyIngress.ipv4_ef'
[01:16:19.394] [bmv2] [D] [thread 53274] Dumping entry 0
Match key:
* hdr.ipv4.dstAddr    : LPM       0a010102/32
Action entry: MyIngress.ipv4_forward - 80a00,3,

[01:16:19.404] [bmv2] [D] [thread 53289] Entry 1 added to table 'MyIngress.ipv4_ef'
[01:16:19.404] [bmv2] [D] [thread 53289] Dumping entry 1
Match key:
* hdr.ipv4.dstAddr    : LPM       0a050202/32
Action entry: MyIngress.ipv4_forward - 80a00,3,

[01:16:19.408] [bmv2] [D] [thread 53274] Entry 2 added to table 'MyIngress.ipv4_ef'
[01:16:19.408] [bmv2] [D] [thread 53274] Dumping entry 2
Match key:
* hdr.ipv4.dstAddr    : LPM       0a060302/32
Action entry: MyIngress.ipv4_forward - 80a00,3,

[01:16:19.418] [bmv2] [D] [thread 53289] Entry 3 added to table 'MyIngress.ipv4_ef'
[01:16:19.418] [bmv2] [D] [thread 53289] Dumping entry 3
Match key:
* hdr.ipv4.dstAddr    : LPM       0a0a0402/32
Action entry: MyIngress.ipv4_forward - a0a0402,1,

[01:16:25.091] [bmv2] [D] [thread 53281] [12.0] [cxt 0] Processing packet received on port 3
[01:16:25.091] [bmv2] [D] [thread 53281] [12.0] [cxt 0] Parser 'parser': start
[01:16:25.091] [bmv2] [D] [thread 53281] [12.0] [cxt 0] Parser 'parser' entering state 'start'
[01:16:25.091] [bmv2] [D] [thread 53281] [12.0] [cxt 0] Extracting header 'ethernet'
[01:16:25.091] [bmv2] [D] [thread 53281] [12.0] [cxt 0] Parser state 'start': key is 8847
[01:16:25.091] [bmv2] [T] [thread 53281] [12.0] [cxt 0] Bytes parsed: 14
[01:16:25.091] [bmv2] [D] [thread 53281] [12.0] [cxt 0] Parser 'parser' entering state 'parse_mpls'
[01:16:25.091] [bmv2] [D] [thread 53281] [12.0] [cxt 0] Extracting header 'mpls'
[01:16:25.091] [bmv2] [D] [thread 53281] [12.0] [cxt 0] Parser state 'parse_mpls' has no switch, going to default next state
[01:16:25.091] [bmv2] [T] [thread 53281] [12.0] [cxt 0] Bytes parsed: 18
[01:16:25.091] [bmv2] [D] [thread 53281] [12.0] [cxt 0] Parser 'parser' entering state 'parse_ipv4'
[01:16:25.091] [bmv2] [D] [thread 53281] [12.0] [cxt 0] Extracting header 'ipv4'
[01:16:25.091] [bmv2] [D] [thread 53281] [12.0] [cxt 0] Parser state 'parse_ipv4' has no switch, going to default next state
[01:16:25.091] [bmv2] [T] [thread 53281] [12.0] [cxt 0] Bytes parsed: 38
[01:16:25.091] [bmv2] [D] [thread 53281] [12.0] [cxt 0] Parser 'parser': end
[01:16:25.091] [bmv2] [D] [thread 53281] [12.0] [cxt 0] Pipeline 'ingress': start
[01:16:25.091] [bmv2] [T] [thread 53281] [12.0] [cxt 0] mejora.p4(202) Condition "hdr.ipv4.isValid()" (node_2) is true
[01:16:25.091] [bmv2] [T] [thread 53281] [12.0] [cxt 0] mejora.p4(203) Condition "hdr.ipv4.protocol == 1" (node_3) is true
[01:16:25.091] [bmv2] [T] [thread 53281] [12.0] [cxt 0] Applying table 'MyIngress.check_is_ingress_border'
[01:16:25.091] [bmv2] [D] [thread 53281] [12.0] [cxt 0] Looking up key:
* standard_metadata.ingress_port: 0003

[01:16:25.091] [bmv2] [D] [thread 53281] [12.0] [cxt 0] Table 'MyIngress.check_is_ingress_border': miss
[01:16:25.091] [bmv2] [D] [thread 53281] [12.0] [cxt 0] Action entry is NoAction - 
[01:16:25.091] [bmv2] [T] [thread 53281] [12.0] [cxt 0] Action NoAction
[01:16:25.091] [bmv2] [T] [thread 53281] [12.0] [cxt 0] mejora.p4(207) Condition "meta.is_ingress_border == 1" (node_5) is false
[01:16:25.091] [bmv2] [T] [thread 53281] [12.0] [cxt 0] mejora.p4(212) Condition "hdr.mpls.isValid()" (node_7) is true
[01:16:25.091] [bmv2] [T] [thread 53281] [12.0] [cxt 0] Applying table 'MyIngress.mpls_tbl'
[01:16:25.091] [bmv2] [D] [thread 53281] [12.0] [cxt 0] Looking up key:
* hdr.mpls.label      : 000004

[01:16:25.091] [bmv2] [D] [thread 53281] [12.0] [cxt 0] Table 'MyIngress.mpls_tbl': hit with handle 3
[01:16:25.091] [bmv2] [D] [thread 53281] [12.0] [cxt 0] Dumping entry 3
Match key:
* hdr.mpls.label      : EXACT     000004
Action entry: MyIngress.mpls_forward - a0a0402,1,

[01:16:25.091] [bmv2] [D] [thread 53281] [12.0] [cxt 0] Action entry is MyIngress.mpls_forward - a0a0402,1,
[01:16:25.091] [bmv2] [T] [thread 53281] [12.0] [cxt 0] Action MyIngress.mpls_forward
[01:16:25.091] [bmv2] [T] [thread 53281] [12.0] [cxt 0] mejora.p4(149) Primitive hdr.ethernet.srcAddr = hdr.ethernet.dstAddr
[01:16:25.091] [bmv2] [T] [thread 53281] [12.0] [cxt 0] mejora.p4(150) Primitive hdr.ethernet.dstAddr = dstAddr
[01:16:25.091] [bmv2] [T] [thread 53281] [12.0] [cxt 0] mejora.p4(152) Primitive standard_metadata.egress_spec = port
[01:16:25.091] [bmv2] [T] [thread 53281] [12.0] [cxt 0] mejora.p4(153) Primitive hdr.mpls.ttl = hdr.mpls.ttl - 1
[01:16:25.091] [bmv2] [D] [thread 53281] [12.0] [cxt 0] Pipeline 'ingress': end
[01:16:25.091] [bmv2] [D] [thread 53281] [12.0] [cxt 0] Egress port is 1
[01:16:25.091] [bmv2] [D] [thread 53283] [12.0] [cxt 0] Pipeline 'egress': start
[01:16:25.091] [bmv2] [T] [thread 53283] [12.0] [cxt 0] mejora.p4(255) Condition "hdr.mpls.isValid()" (node_14) is true
[01:16:25.091] [bmv2] [T] [thread 53283] [12.0] [cxt 0] Applying table 'MyEgress.check_is_egress_border'
[01:16:25.091] [bmv2] [D] [thread 53283] [12.0] [cxt 0] Looking up key:
* standard_metadata.egress_port: 0001

[01:16:25.091] [bmv2] [D] [thread 53283] [12.0] [cxt 0] Table 'MyEgress.check_is_egress_border': hit with handle 0
[01:16:25.092] [bmv2] [D] [thread 53283] [12.0] [cxt 0] Dumping entry 0
Match key:
* standard_metadata.egress_port: EXACT     0001
Action entry: MyEgress.is_egress_border - 

[01:16:25.092] [bmv2] [D] [thread 53283] [12.0] [cxt 0] Action entry is MyEgress.is_egress_border - 
[01:16:25.092] [bmv2] [T] [thread 53283] [12.0] [cxt 0] Action MyEgress.is_egress_border
[01:16:25.092] [bmv2] [T] [thread 53283] [12.0] [cxt 0] mejora.p4(236) Primitive hdr.mpls.setInvalid()
[01:16:25.092] [bmv2] [T] [thread 53283] [12.0] [cxt 0] mejora.p4(5) Primitive 0x800; ...
[01:16:25.092] [bmv2] [T] [thread 53283] [12.0] [cxt 0] mejora.p4(238) Primitive hdr.ipv4.ttl = hdr.ipv4.ttl - 1
[01:16:25.092] [bmv2] [D] [thread 53283] [12.0] [cxt 0] Pipeline 'egress': end
[01:16:25.092] [bmv2] [D] [thread 53283] [12.0] [cxt 0] Deparser 'deparser': start
[01:16:25.092] [bmv2] [D] [thread 53283] [12.0] [cxt 0] Updating checksum 'cksum'
[01:16:25.092] [bmv2] [D] [thread 53283] [12.0] [cxt 0] Deparsing header 'ethernet'
[01:16:25.092] [bmv2] [D] [thread 53283] [12.0] [cxt 0] Deparsing header 'ipv4'
[01:16:25.092] [bmv2] [D] [thread 53283] [12.0] [cxt 0] Deparser 'deparser': end
[01:16:25.092] [bmv2] [D] [thread 53286] [12.0] [cxt 0] Transmitting packet of size 98 out of port 1
[01:16:25.092] [bmv2] [D] [thread 53281] [13.0] [cxt 0] Processing packet received on port 1
[01:16:25.092] [bmv2] [D] [thread 53281] [13.0] [cxt 0] Parser 'parser': start
[01:16:25.092] [bmv2] [D] [thread 53281] [13.0] [cxt 0] Parser 'parser' entering state 'start'
[01:16:25.092] [bmv2] [D] [thread 53281] [13.0] [cxt 0] Extracting header 'ethernet'
[01:16:25.092] [bmv2] [D] [thread 53281] [13.0] [cxt 0] Parser state 'start': key is 0800
[01:16:25.092] [bmv2] [T] [thread 53281] [13.0] [cxt 0] Bytes parsed: 14
[01:16:25.092] [bmv2] [D] [thread 53281] [13.0] [cxt 0] Parser 'parser' entering state 'parse_ipv4'
[01:16:25.092] [bmv2] [D] [thread 53281] [13.0] [cxt 0] Extracting header 'ipv4'
[01:16:25.092] [bmv2] [D] [thread 53281] [13.0] [cxt 0] Parser state 'parse_ipv4' has no switch, going to default next state
[01:16:25.092] [bmv2] [T] [thread 53281] [13.0] [cxt 0] Bytes parsed: 34
[01:16:25.092] [bmv2] [D] [thread 53281] [13.0] [cxt 0] Parser 'parser': end
[01:16:25.092] [bmv2] [D] [thread 53281] [13.0] [cxt 0] Pipeline 'ingress': start
[01:16:25.092] [bmv2] [T] [thread 53281] [13.0] [cxt 0] mejora.p4(202) Condition "hdr.ipv4.isValid()" (node_2) is true
[01:16:25.092] [bmv2] [T] [thread 53281] [13.0] [cxt 0] mejora.p4(203) Condition "hdr.ipv4.protocol == 1" (node_3) is true
[01:16:25.092] [bmv2] [T] [thread 53281] [13.0] [cxt 0] Applying table 'MyIngress.check_is_ingress_border'
[01:16:25.092] [bmv2] [D] [thread 53281] [13.0] [cxt 0] Looking up key:
* standard_metadata.ingress_port: 0001

[01:16:25.092] [bmv2] [D] [thread 53281] [13.0] [cxt 0] Table 'MyIngress.check_is_ingress_border': hit with handle 0
[01:16:25.092] [bmv2] [D] [thread 53281] [13.0] [cxt 0] Dumping entry 0
Match key:
* standard_metadata.ingress_port: EXACT     0001
Action entry: MyIngress.set_is_ingress_border - 

[01:16:25.092] [bmv2] [D] [thread 53281] [13.0] [cxt 0] Action entry is MyIngress.set_is_ingress_border - 
[01:16:25.092] [bmv2] [T] [thread 53281] [13.0] [cxt 0] Action MyIngress.set_is_ingress_border
[01:16:25.092] [bmv2] [T] [thread 53281] [13.0] [cxt 0] mejora.p4(113) Primitive meta.is_ingress_border = (bit<1>)1
[01:16:25.092] [bmv2] [T] [thread 53281] [13.0] [cxt 0] mejora.p4(207) Condition "meta.is_ingress_border == 1" (node_5) is true
[01:16:25.092] [bmv2] [T] [thread 53281] [13.0] [cxt 0] Applying table 'MyIngress.fec_to_label'
[01:16:25.092] [bmv2] [D] [thread 53281] [13.0] [cxt 0] Looking up key:
* hdr.ipv4.dstAddr    : 0a010102

[01:16:25.092] [bmv2] [D] [thread 53281] [13.0] [cxt 0] Table 'MyIngress.fec_to_label': hit with handle 0
[01:16:25.092] [bmv2] [D] [thread 53281] [13.0] [cxt 0] Dumping entry 0
Match key:
* hdr.ipv4.dstAddr    : LPM       0a010102/32
Action entry: MyIngress.add_mpls_header - 1,

[01:16:25.092] [bmv2] [D] [thread 53281] [13.0] [cxt 0] Action entry is MyIngress.add_mpls_header - 1,
[01:16:25.092] [bmv2] [T] [thread 53281] [13.0] [cxt 0] Action MyIngress.add_mpls_header
[01:16:25.092] [bmv2] [T] [thread 53281] [13.0] [cxt 0] mejora.p4(129) Primitive hdr.mpls.setValid()
[01:16:25.092] [bmv2] [T] [thread 53281] [13.0] [cxt 0] mejora.p4(130) Primitive hdr.mpls.label = tag
[01:16:25.092] [bmv2] [T] [thread 53281] [13.0] [cxt 0] mejora.p4(131) Primitive hdr.mpls.s = 0
[01:16:25.092] [bmv2] [T] [thread 53281] [13.0] [cxt 0] mejora.p4(132) Primitive hdr.mpls.ttl = 255
[01:16:25.092] [bmv2] [T] [thread 53281] [13.0] [cxt 0] mejora.p4(6) Primitive 0x8847; ...
[01:16:25.092] [bmv2] [T] [thread 53281] [13.0] [cxt 0] mejora.p4(212) Condition "hdr.mpls.isValid()" (node_7) is true
[01:16:25.092] [bmv2] [T] [thread 53281] [13.0] [cxt 0] Applying table 'MyIngress.mpls_tbl'
[01:16:25.092] [bmv2] [D] [thread 53281] [13.0] [cxt 0] Looking up key:
* hdr.mpls.label      : 000001

[01:16:25.092] [bmv2] [D] [thread 53281] [13.0] [cxt 0] Table 'MyIngress.mpls_tbl': hit with handle 0
[01:16:25.092] [bmv2] [D] [thread 53281] [13.0] [cxt 0] Dumping entry 0
Match key:
* hdr.mpls.label      : EXACT     000001
Action entry: MyIngress.mpls_forward - 80a00,3,

[01:16:25.092] [bmv2] [D] [thread 53281] [13.0] [cxt 0] Action entry is MyIngress.mpls_forward - 80a00,3,
[01:16:25.092] [bmv2] [T] [thread 53281] [13.0] [cxt 0] Action MyIngress.mpls_forward
[01:16:25.092] [bmv2] [T] [thread 53281] [13.0] [cxt 0] mejora.p4(149) Primitive hdr.ethernet.srcAddr = hdr.ethernet.dstAddr
[01:16:25.092] [bmv2] [T] [thread 53281] [13.0] [cxt 0] mejora.p4(150) Primitive hdr.ethernet.dstAddr = dstAddr
[01:16:25.092] [bmv2] [T] [thread 53281] [13.0] [cxt 0] mejora.p4(152) Primitive standard_metadata.egress_spec = port
[01:16:25.092] [bmv2] [T] [thread 53281] [13.0] [cxt 0] mejora.p4(153) Primitive hdr.mpls.ttl = hdr.mpls.ttl - 1
[01:16:25.092] [bmv2] [D] [thread 53281] [13.0] [cxt 0] Pipeline 'ingress': end
[01:16:25.092] [bmv2] [D] [thread 53281] [13.0] [cxt 0] Egress port is 3
[01:16:25.092] [bmv2] [D] [thread 53285] [13.0] [cxt 0] Pipeline 'egress': start
[01:16:25.092] [bmv2] [T] [thread 53285] [13.0] [cxt 0] mejora.p4(255) Condition "hdr.mpls.isValid()" (node_14) is true
[01:16:25.092] [bmv2] [T] [thread 53285] [13.0] [cxt 0] Applying table 'MyEgress.check_is_egress_border'
[01:16:25.092] [bmv2] [D] [thread 53285] [13.0] [cxt 0] Looking up key:
* standard_metadata.egress_port: 0003

[01:16:25.092] [bmv2] [D] [thread 53285] [13.0] [cxt 0] Table 'MyEgress.check_is_egress_border': miss
[01:16:25.092] [bmv2] [D] [thread 53285] [13.0] [cxt 0] Action entry is NoAction - 
[01:16:25.092] [bmv2] [T] [thread 53285] [13.0] [cxt 0] Action NoAction
[01:16:25.092] [bmv2] [D] [thread 53285] [13.0] [cxt 0] Pipeline 'egress': end
[01:16:25.092] [bmv2] [D] [thread 53285] [13.0] [cxt 0] Deparser 'deparser': start
[01:16:25.092] [bmv2] [D] [thread 53285] [13.0] [cxt 0] Updating checksum 'cksum'
[01:16:25.092] [bmv2] [D] [thread 53285] [13.0] [cxt 0] Deparsing header 'ethernet'
[01:16:25.092] [bmv2] [D] [thread 53285] [13.0] [cxt 0] Deparsing header 'mpls'
[01:16:25.092] [bmv2] [D] [thread 53285] [13.0] [cxt 0] Deparsing header 'ipv4'
[01:16:25.092] [bmv2] [D] [thread 53285] [13.0] [cxt 0] Deparser 'deparser': end
[01:16:25.092] [bmv2] [D] [thread 53286] [13.0] [cxt 0] Transmitting packet of size 102 out of port 3
[01:16:25.133] [bmv2] [D] [thread 53281] [14.0] [cxt 0] Processing packet received on port 3
[01:16:25.133] [bmv2] [D] [thread 53281] [14.0] [cxt 0] Parser 'parser': start
[01:16:25.133] [bmv2] [D] [thread 53281] [14.0] [cxt 0] Parser 'parser' entering state 'start'
[01:16:25.133] [bmv2] [D] [thread 53281] [14.0] [cxt 0] Extracting header 'ethernet'
[01:16:25.134] [bmv2] [D] [thread 53281] [14.0] [cxt 0] Parser state 'start': key is 8847
[01:16:25.134] [bmv2] [T] [thread 53281] [14.0] [cxt 0] Bytes parsed: 14
[01:16:25.134] [bmv2] [D] [thread 53281] [14.0] [cxt 0] Parser 'parser' entering state 'parse_mpls'
[01:16:25.134] [bmv2] [D] [thread 53281] [14.0] [cxt 0] Extracting header 'mpls'
[01:16:25.134] [bmv2] [D] [thread 53281] [14.0] [cxt 0] Parser state 'parse_mpls' has no switch, going to default next state
[01:16:25.134] [bmv2] [T] [thread 53281] [14.0] [cxt 0] Bytes parsed: 18
[01:16:25.134] [bmv2] [D] [thread 53281] [14.0] [cxt 0] Parser 'parser' entering state 'parse_ipv4'
[01:16:25.134] [bmv2] [D] [thread 53281] [14.0] [cxt 0] Extracting header 'ipv4'
[01:16:25.134] [bmv2] [D] [thread 53281] [14.0] [cxt 0] Parser state 'parse_ipv4' has no switch, going to default next state
[01:16:25.134] [bmv2] [T] [thread 53281] [14.0] [cxt 0] Bytes parsed: 38
[01:16:25.134] [bmv2] [D] [thread 53281] [14.0] [cxt 0] Parser 'parser': end
[01:16:25.134] [bmv2] [D] [thread 53281] [14.0] [cxt 0] Pipeline 'ingress': start
[01:16:25.134] [bmv2] [T] [thread 53281] [14.0] [cxt 0] mejora.p4(202) Condition "hdr.ipv4.isValid()" (node_2) is true
[01:16:25.134] [bmv2] [T] [thread 53281] [14.0] [cxt 0] mejora.p4(203) Condition "hdr.ipv4.protocol == 1" (node_3) is true
[01:16:25.134] [bmv2] [T] [thread 53281] [14.0] [cxt 0] Applying table 'MyIngress.check_is_ingress_border'
[01:16:25.134] [bmv2] [D] [thread 53281] [14.0] [cxt 0] Looking up key:
* standard_metadata.ingress_port: 0003

[01:16:25.134] [bmv2] [D] [thread 53281] [14.0] [cxt 0] Table 'MyIngress.check_is_ingress_border': miss
[01:16:25.134] [bmv2] [D] [thread 53281] [14.0] [cxt 0] Action entry is NoAction - 
[01:16:25.134] [bmv2] [T] [thread 53281] [14.0] [cxt 0] Action NoAction
[01:16:25.134] [bmv2] [T] [thread 53281] [14.0] [cxt 0] mejora.p4(207) Condition "meta.is_ingress_border == 1" (node_5) is false
[01:16:25.134] [bmv2] [T] [thread 53281] [14.0] [cxt 0] mejora.p4(212) Condition "hdr.mpls.isValid()" (node_7) is true
[01:16:25.134] [bmv2] [T] [thread 53281] [14.0] [cxt 0] Applying table 'MyIngress.mpls_tbl'
[01:16:25.134] [bmv2] [D] [thread 53281] [14.0] [cxt 0] Looking up key:
* hdr.mpls.label      : 000004

[01:16:25.134] [bmv2] [D] [thread 53281] [14.0] [cxt 0] Table 'MyIngress.mpls_tbl': hit with handle 3
[01:16:25.134] [bmv2] [D] [thread 53281] [14.0] [cxt 0] Dumping entry 3
Match key:
* hdr.mpls.label      : EXACT     000004
Action entry: MyIngress.mpls_forward - a0a0402,1,

[01:16:25.134] [bmv2] [D] [thread 53281] [14.0] [cxt 0] Action entry is MyIngress.mpls_forward - a0a0402,1,
[01:16:25.134] [bmv2] [T] [thread 53281] [14.0] [cxt 0] Action MyIngress.mpls_forward
[01:16:25.134] [bmv2] [T] [thread 53281] [14.0] [cxt 0] mejora.p4(149) Primitive hdr.ethernet.srcAddr = hdr.ethernet.dstAddr
[01:16:25.134] [bmv2] [T] [thread 53281] [14.0] [cxt 0] mejora.p4(150) Primitive hdr.ethernet.dstAddr = dstAddr
[01:16:25.134] [bmv2] [T] [thread 53281] [14.0] [cxt 0] mejora.p4(152) Primitive standard_metadata.egress_spec = port
[01:16:25.134] [bmv2] [T] [thread 53281] [14.0] [cxt 0] mejora.p4(153) Primitive hdr.mpls.ttl = hdr.mpls.ttl - 1
[01:16:25.134] [bmv2] [D] [thread 53281] [14.0] [cxt 0] Pipeline 'ingress': end
[01:16:25.134] [bmv2] [D] [thread 53281] [14.0] [cxt 0] Egress port is 1
[01:16:25.134] [bmv2] [D] [thread 53283] [14.0] [cxt 0] Pipeline 'egress': start
[01:16:25.134] [bmv2] [T] [thread 53283] [14.0] [cxt 0] mejora.p4(255) Condition "hdr.mpls.isValid()" (node_14) is true
[01:16:25.134] [bmv2] [T] [thread 53283] [14.0] [cxt 0] Applying table 'MyEgress.check_is_egress_border'
[01:16:25.134] [bmv2] [D] [thread 53283] [14.0] [cxt 0] Looking up key:
* standard_metadata.egress_port: 0001

[01:16:25.134] [bmv2] [D] [thread 53283] [14.0] [cxt 0] Table 'MyEgress.check_is_egress_border': hit with handle 0
[01:16:25.134] [bmv2] [D] [thread 53283] [14.0] [cxt 0] Dumping entry 0
Match key:
* standard_metadata.egress_port: EXACT     0001
Action entry: MyEgress.is_egress_border - 

[01:16:25.134] [bmv2] [D] [thread 53283] [14.0] [cxt 0] Action entry is MyEgress.is_egress_border - 
[01:16:25.134] [bmv2] [T] [thread 53283] [14.0] [cxt 0] Action MyEgress.is_egress_border
[01:16:25.134] [bmv2] [T] [thread 53283] [14.0] [cxt 0] mejora.p4(236) Primitive hdr.mpls.setInvalid()
[01:16:25.134] [bmv2] [T] [thread 53283] [14.0] [cxt 0] mejora.p4(5) Primitive 0x800; ...
[01:16:25.134] [bmv2] [T] [thread 53283] [14.0] [cxt 0] mejora.p4(238) Primitive hdr.ipv4.ttl = hdr.ipv4.ttl - 1
[01:16:25.134] [bmv2] [D] [thread 53283] [14.0] [cxt 0] Pipeline 'egress': end
[01:16:25.134] [bmv2] [D] [thread 53283] [14.0] [cxt 0] Deparser 'deparser': start
[01:16:25.134] [bmv2] [D] [thread 53283] [14.0] [cxt 0] Updating checksum 'cksum'
[01:16:25.134] [bmv2] [D] [thread 53283] [14.0] [cxt 0] Deparsing header 'ethernet'
[01:16:25.134] [bmv2] [D] [thread 53283] [14.0] [cxt 0] Deparsing header 'ipv4'
[01:16:25.134] [bmv2] [D] [thread 53283] [14.0] [cxt 0] Deparser 'deparser': end
[01:16:25.134] [bmv2] [D] [thread 53286] [14.0] [cxt 0] Transmitting packet of size 98 out of port 1
[01:16:25.134] [bmv2] [D] [thread 53281] [15.0] [cxt 0] Processing packet received on port 1
[01:16:25.134] [bmv2] [D] [thread 53281] [15.0] [cxt 0] Parser 'parser': start
[01:16:25.134] [bmv2] [D] [thread 53281] [15.0] [cxt 0] Parser 'parser' entering state 'start'
[01:16:25.134] [bmv2] [D] [thread 53281] [15.0] [cxt 0] Extracting header 'ethernet'
[01:16:25.134] [bmv2] [D] [thread 53281] [15.0] [cxt 0] Parser state 'start': key is 0800
[01:16:25.134] [bmv2] [T] [thread 53281] [15.0] [cxt 0] Bytes parsed: 14
[01:16:25.134] [bmv2] [D] [thread 53281] [15.0] [cxt 0] Parser 'parser' entering state 'parse_ipv4'
[01:16:25.134] [bmv2] [D] [thread 53281] [15.0] [cxt 0] Extracting header 'ipv4'
[01:16:25.134] [bmv2] [D] [thread 53281] [15.0] [cxt 0] Parser state 'parse_ipv4' has no switch, going to default next state
[01:16:25.134] [bmv2] [T] [thread 53281] [15.0] [cxt 0] Bytes parsed: 34
[01:16:25.134] [bmv2] [D] [thread 53281] [15.0] [cxt 0] Parser 'parser': end
[01:16:25.134] [bmv2] [D] [thread 53281] [15.0] [cxt 0] Pipeline 'ingress': start
[01:16:25.134] [bmv2] [T] [thread 53281] [15.0] [cxt 0] mejora.p4(202) Condition "hdr.ipv4.isValid()" (node_2) is true
[01:16:25.134] [bmv2] [T] [thread 53281] [15.0] [cxt 0] mejora.p4(203) Condition "hdr.ipv4.protocol == 1" (node_3) is true
[01:16:25.134] [bmv2] [T] [thread 53281] [15.0] [cxt 0] Applying table 'MyIngress.check_is_ingress_border'
[01:16:25.134] [bmv2] [D] [thread 53281] [15.0] [cxt 0] Looking up key:
* standard_metadata.ingress_port: 0001

[01:16:25.134] [bmv2] [D] [thread 53281] [15.0] [cxt 0] Table 'MyIngress.check_is_ingress_border': hit with handle 0
[01:16:25.134] [bmv2] [D] [thread 53281] [15.0] [cxt 0] Dumping entry 0
Match key:
* standard_metadata.ingress_port: EXACT     0001
Action entry: MyIngress.set_is_ingress_border - 

[01:16:25.134] [bmv2] [D] [thread 53281] [15.0] [cxt 0] Action entry is MyIngress.set_is_ingress_border - 
[01:16:25.134] [bmv2] [T] [thread 53281] [15.0] [cxt 0] Action MyIngress.set_is_ingress_border
[01:16:25.134] [bmv2] [T] [thread 53281] [15.0] [cxt 0] mejora.p4(113) Primitive meta.is_ingress_border = (bit<1>)1
[01:16:25.134] [bmv2] [T] [thread 53281] [15.0] [cxt 0] mejora.p4(207) Condition "meta.is_ingress_border == 1" (node_5) is true
[01:16:25.134] [bmv2] [T] [thread 53281] [15.0] [cxt 0] Applying table 'MyIngress.fec_to_label'
[01:16:25.134] [bmv2] [D] [thread 53281] [15.0] [cxt 0] Looking up key:
* hdr.ipv4.dstAddr    : 0a050202

[01:16:25.134] [bmv2] [D] [thread 53281] [15.0] [cxt 0] Table 'MyIngress.fec_to_label': hit with handle 1
[01:16:25.134] [bmv2] [D] [thread 53281] [15.0] [cxt 0] Dumping entry 1
Match key:
* hdr.ipv4.dstAddr    : LPM       0a050202/32
Action entry: MyIngress.add_mpls_header - 2,

[01:16:25.134] [bmv2] [D] [thread 53281] [15.0] [cxt 0] Action entry is MyIngress.add_mpls_header - 2,
[01:16:25.134] [bmv2] [T] [thread 53281] [15.0] [cxt 0] Action MyIngress.add_mpls_header
[01:16:25.134] [bmv2] [T] [thread 53281] [15.0] [cxt 0] mejora.p4(129) Primitive hdr.mpls.setValid()
[01:16:25.134] [bmv2] [T] [thread 53281] [15.0] [cxt 0] mejora.p4(130) Primitive hdr.mpls.label = tag
[01:16:25.134] [bmv2] [T] [thread 53281] [15.0] [cxt 0] mejora.p4(131) Primitive hdr.mpls.s = 0
[01:16:25.134] [bmv2] [T] [thread 53281] [15.0] [cxt 0] mejora.p4(132) Primitive hdr.mpls.ttl = 255
[01:16:25.134] [bmv2] [T] [thread 53281] [15.0] [cxt 0] mejora.p4(6) Primitive 0x8847; ...
[01:16:25.135] [bmv2] [T] [thread 53281] [15.0] [cxt 0] mejora.p4(212) Condition "hdr.mpls.isValid()" (node_7) is true
[01:16:25.135] [bmv2] [T] [thread 53281] [15.0] [cxt 0] Applying table 'MyIngress.mpls_tbl'
[01:16:25.135] [bmv2] [D] [thread 53281] [15.0] [cxt 0] Looking up key:
* hdr.mpls.label      : 000002

[01:16:25.135] [bmv2] [D] [thread 53281] [15.0] [cxt 0] Table 'MyIngress.mpls_tbl': hit with handle 1
[01:16:25.135] [bmv2] [D] [thread 53281] [15.0] [cxt 0] Dumping entry 1
Match key:
* hdr.mpls.label      : EXACT     000002
Action entry: MyIngress.mpls_forward - 70a00,2,

[01:16:25.135] [bmv2] [D] [thread 53281] [15.0] [cxt 0] Action entry is MyIngress.mpls_forward - 70a00,2,
[01:16:25.135] [bmv2] [T] [thread 53281] [15.0] [cxt 0] Action MyIngress.mpls_forward
[01:16:25.135] [bmv2] [T] [thread 53281] [15.0] [cxt 0] mejora.p4(149) Primitive hdr.ethernet.srcAddr = hdr.ethernet.dstAddr
[01:16:25.135] [bmv2] [T] [thread 53281] [15.0] [cxt 0] mejora.p4(150) Primitive hdr.ethernet.dstAddr = dstAddr
[01:16:25.135] [bmv2] [T] [thread 53281] [15.0] [cxt 0] mejora.p4(152) Primitive standard_metadata.egress_spec = port
[01:16:25.135] [bmv2] [T] [thread 53281] [15.0] [cxt 0] mejora.p4(153) Primitive hdr.mpls.ttl = hdr.mpls.ttl - 1
[01:16:25.135] [bmv2] [D] [thread 53281] [15.0] [cxt 0] Pipeline 'ingress': end
[01:16:25.135] [bmv2] [D] [thread 53281] [15.0] [cxt 0] Egress port is 2
[01:16:25.135] [bmv2] [D] [thread 53284] [15.0] [cxt 0] Pipeline 'egress': start
[01:16:25.135] [bmv2] [T] [thread 53284] [15.0] [cxt 0] mejora.p4(255) Condition "hdr.mpls.isValid()" (node_14) is true
[01:16:25.135] [bmv2] [T] [thread 53284] [15.0] [cxt 0] Applying table 'MyEgress.check_is_egress_border'
[01:16:25.136] [bmv2] [D] [thread 53284] [15.0] [cxt 0] Looking up key:
* standard_metadata.egress_port: 0002

[01:16:25.136] [bmv2] [D] [thread 53284] [15.0] [cxt 0] Table 'MyEgress.check_is_egress_border': miss
[01:16:25.136] [bmv2] [D] [thread 53284] [15.0] [cxt 0] Action entry is NoAction - 
[01:16:25.136] [bmv2] [T] [thread 53284] [15.0] [cxt 0] Action NoAction
[01:16:25.136] [bmv2] [D] [thread 53284] [15.0] [cxt 0] Pipeline 'egress': end
[01:16:25.136] [bmv2] [D] [thread 53284] [15.0] [cxt 0] Deparser 'deparser': start
[01:16:25.136] [bmv2] [D] [thread 53284] [15.0] [cxt 0] Updating checksum 'cksum'
[01:16:25.136] [bmv2] [D] [thread 53284] [15.0] [cxt 0] Deparsing header 'ethernet'
[01:16:25.136] [bmv2] [D] [thread 53284] [15.0] [cxt 0] Deparsing header 'mpls'
[01:16:25.136] [bmv2] [D] [thread 53284] [15.0] [cxt 0] Deparsing header 'ipv4'
[01:16:25.136] [bmv2] [D] [thread 53284] [15.0] [cxt 0] Deparser 'deparser': end
[01:16:25.136] [bmv2] [D] [thread 53286] [15.0] [cxt 0] Transmitting packet of size 102 out of port 2
[01:16:25.181] [bmv2] [D] [thread 53281] [16.0] [cxt 0] Processing packet received on port 3
[01:16:25.181] [bmv2] [D] [thread 53281] [16.0] [cxt 0] Parser 'parser': start
[01:16:25.181] [bmv2] [D] [thread 53281] [16.0] [cxt 0] Parser 'parser' entering state 'start'
[01:16:25.181] [bmv2] [D] [thread 53281] [16.0] [cxt 0] Extracting header 'ethernet'
[01:16:25.181] [bmv2] [D] [thread 53281] [16.0] [cxt 0] Parser state 'start': key is 8847
[01:16:25.181] [bmv2] [T] [thread 53281] [16.0] [cxt 0] Bytes parsed: 14
[01:16:25.181] [bmv2] [D] [thread 53281] [16.0] [cxt 0] Parser 'parser' entering state 'parse_mpls'
[01:16:25.181] [bmv2] [D] [thread 53281] [16.0] [cxt 0] Extracting header 'mpls'
[01:16:25.181] [bmv2] [D] [thread 53281] [16.0] [cxt 0] Parser state 'parse_mpls' has no switch, going to default next state
[01:16:25.181] [bmv2] [T] [thread 53281] [16.0] [cxt 0] Bytes parsed: 18
[01:16:25.181] [bmv2] [D] [thread 53281] [16.0] [cxt 0] Parser 'parser' entering state 'parse_ipv4'
[01:16:25.181] [bmv2] [D] [thread 53281] [16.0] [cxt 0] Extracting header 'ipv4'
[01:16:25.181] [bmv2] [D] [thread 53281] [16.0] [cxt 0] Parser state 'parse_ipv4' has no switch, going to default next state
[01:16:25.181] [bmv2] [T] [thread 53281] [16.0] [cxt 0] Bytes parsed: 38
[01:16:25.181] [bmv2] [D] [thread 53281] [16.0] [cxt 0] Parser 'parser': end
[01:16:25.181] [bmv2] [D] [thread 53281] [16.0] [cxt 0] Pipeline 'ingress': start
[01:16:25.181] [bmv2] [T] [thread 53281] [16.0] [cxt 0] mejora.p4(202) Condition "hdr.ipv4.isValid()" (node_2) is true
[01:16:25.181] [bmv2] [T] [thread 53281] [16.0] [cxt 0] mejora.p4(203) Condition "hdr.ipv4.protocol == 1" (node_3) is true
[01:16:25.181] [bmv2] [T] [thread 53281] [16.0] [cxt 0] Applying table 'MyIngress.check_is_ingress_border'
[01:16:25.181] [bmv2] [D] [thread 53281] [16.0] [cxt 0] Looking up key:
* standard_metadata.ingress_port: 0003

[01:16:25.181] [bmv2] [D] [thread 53281] [16.0] [cxt 0] Table 'MyIngress.check_is_ingress_border': miss
[01:16:25.181] [bmv2] [D] [thread 53281] [16.0] [cxt 0] Action entry is NoAction - 
[01:16:25.181] [bmv2] [T] [thread 53281] [16.0] [cxt 0] Action NoAction
[01:16:25.181] [bmv2] [T] [thread 53281] [16.0] [cxt 0] mejora.p4(207) Condition "meta.is_ingress_border == 1" (node_5) is false
[01:16:25.181] [bmv2] [T] [thread 53281] [16.0] [cxt 0] mejora.p4(212) Condition "hdr.mpls.isValid()" (node_7) is true
[01:16:25.181] [bmv2] [T] [thread 53281] [16.0] [cxt 0] Applying table 'MyIngress.mpls_tbl'
[01:16:25.181] [bmv2] [D] [thread 53281] [16.0] [cxt 0] Looking up key:
* hdr.mpls.label      : 000004

[01:16:25.181] [bmv2] [D] [thread 53281] [16.0] [cxt 0] Table 'MyIngress.mpls_tbl': hit with handle 3
[01:16:25.181] [bmv2] [D] [thread 53281] [16.0] [cxt 0] Dumping entry 3
Match key:
* hdr.mpls.label      : EXACT     000004
Action entry: MyIngress.mpls_forward - a0a0402,1,

[01:16:25.181] [bmv2] [D] [thread 53281] [16.0] [cxt 0] Action entry is MyIngress.mpls_forward - a0a0402,1,
[01:16:25.181] [bmv2] [T] [thread 53281] [16.0] [cxt 0] Action MyIngress.mpls_forward
[01:16:25.181] [bmv2] [T] [thread 53281] [16.0] [cxt 0] mejora.p4(149) Primitive hdr.ethernet.srcAddr = hdr.ethernet.dstAddr
[01:16:25.181] [bmv2] [T] [thread 53281] [16.0] [cxt 0] mejora.p4(150) Primitive hdr.ethernet.dstAddr = dstAddr
[01:16:25.181] [bmv2] [T] [thread 53281] [16.0] [cxt 0] mejora.p4(152) Primitive standard_metadata.egress_spec = port
[01:16:25.181] [bmv2] [T] [thread 53281] [16.0] [cxt 0] mejora.p4(153) Primitive hdr.mpls.ttl = hdr.mpls.ttl - 1
[01:16:25.181] [bmv2] [D] [thread 53281] [16.0] [cxt 0] Pipeline 'ingress': end
[01:16:25.181] [bmv2] [D] [thread 53281] [16.0] [cxt 0] Egress port is 1
[01:16:25.181] [bmv2] [D] [thread 53283] [16.0] [cxt 0] Pipeline 'egress': start
[01:16:25.181] [bmv2] [T] [thread 53283] [16.0] [cxt 0] mejora.p4(255) Condition "hdr.mpls.isValid()" (node_14) is true
[01:16:25.181] [bmv2] [T] [thread 53283] [16.0] [cxt 0] Applying table 'MyEgress.check_is_egress_border'
[01:16:25.181] [bmv2] [D] [thread 53283] [16.0] [cxt 0] Looking up key:
* standard_metadata.egress_port: 0001

[01:16:25.181] [bmv2] [D] [thread 53283] [16.0] [cxt 0] Table 'MyEgress.check_is_egress_border': hit with handle 0
[01:16:25.181] [bmv2] [D] [thread 53283] [16.0] [cxt 0] Dumping entry 0
Match key:
* standard_metadata.egress_port: EXACT     0001
Action entry: MyEgress.is_egress_border - 

[01:16:25.181] [bmv2] [D] [thread 53283] [16.0] [cxt 0] Action entry is MyEgress.is_egress_border - 
[01:16:25.181] [bmv2] [T] [thread 53283] [16.0] [cxt 0] Action MyEgress.is_egress_border
[01:16:25.181] [bmv2] [T] [thread 53283] [16.0] [cxt 0] mejora.p4(236) Primitive hdr.mpls.setInvalid()
[01:16:25.181] [bmv2] [T] [thread 53283] [16.0] [cxt 0] mejora.p4(5) Primitive 0x800; ...
[01:16:25.181] [bmv2] [T] [thread 53283] [16.0] [cxt 0] mejora.p4(238) Primitive hdr.ipv4.ttl = hdr.ipv4.ttl - 1
[01:16:25.181] [bmv2] [D] [thread 53283] [16.0] [cxt 0] Pipeline 'egress': end
[01:16:25.181] [bmv2] [D] [thread 53283] [16.0] [cxt 0] Deparser 'deparser': start
[01:16:25.181] [bmv2] [D] [thread 53283] [16.0] [cxt 0] Updating checksum 'cksum'
[01:16:25.181] [bmv2] [D] [thread 53283] [16.0] [cxt 0] Deparsing header 'ethernet'
[01:16:25.181] [bmv2] [D] [thread 53283] [16.0] [cxt 0] Deparsing header 'ipv4'
[01:16:25.181] [bmv2] [D] [thread 53283] [16.0] [cxt 0] Deparser 'deparser': end
[01:16:25.181] [bmv2] [D] [thread 53286] [16.0] [cxt 0] Transmitting packet of size 98 out of port 1
[01:16:25.182] [bmv2] [D] [thread 53281] [17.0] [cxt 0] Processing packet received on port 1
[01:16:25.182] [bmv2] [D] [thread 53281] [17.0] [cxt 0] Parser 'parser': start
[01:16:25.182] [bmv2] [D] [thread 53281] [17.0] [cxt 0] Parser 'parser' entering state 'start'
[01:16:25.182] [bmv2] [D] [thread 53281] [17.0] [cxt 0] Extracting header 'ethernet'
[01:16:25.182] [bmv2] [D] [thread 53281] [17.0] [cxt 0] Parser state 'start': key is 0800
[01:16:25.182] [bmv2] [T] [thread 53281] [17.0] [cxt 0] Bytes parsed: 14
[01:16:25.182] [bmv2] [D] [thread 53281] [17.0] [cxt 0] Parser 'parser' entering state 'parse_ipv4'
[01:16:25.182] [bmv2] [D] [thread 53281] [17.0] [cxt 0] Extracting header 'ipv4'
[01:16:25.182] [bmv2] [D] [thread 53281] [17.0] [cxt 0] Parser state 'parse_ipv4' has no switch, going to default next state
[01:16:25.182] [bmv2] [T] [thread 53281] [17.0] [cxt 0] Bytes parsed: 34
[01:16:25.182] [bmv2] [D] [thread 53281] [17.0] [cxt 0] Parser 'parser': end
[01:16:25.182] [bmv2] [D] [thread 53281] [17.0] [cxt 0] Pipeline 'ingress': start
[01:16:25.182] [bmv2] [T] [thread 53281] [17.0] [cxt 0] mejora.p4(202) Condition "hdr.ipv4.isValid()" (node_2) is true
[01:16:25.182] [bmv2] [T] [thread 53281] [17.0] [cxt 0] mejora.p4(203) Condition "hdr.ipv4.protocol == 1" (node_3) is true
[01:16:25.182] [bmv2] [T] [thread 53281] [17.0] [cxt 0] Applying table 'MyIngress.check_is_ingress_border'
[01:16:25.182] [bmv2] [D] [thread 53281] [17.0] [cxt 0] Looking up key:
* standard_metadata.ingress_port: 0001

[01:16:25.182] [bmv2] [D] [thread 53281] [17.0] [cxt 0] Table 'MyIngress.check_is_ingress_border': hit with handle 0
[01:16:25.182] [bmv2] [D] [thread 53281] [17.0] [cxt 0] Dumping entry 0
Match key:
* standard_metadata.ingress_port: EXACT     0001
Action entry: MyIngress.set_is_ingress_border - 

[01:16:25.182] [bmv2] [D] [thread 53281] [17.0] [cxt 0] Action entry is MyIngress.set_is_ingress_border - 
[01:16:25.182] [bmv2] [T] [thread 53281] [17.0] [cxt 0] Action MyIngress.set_is_ingress_border
[01:16:25.182] [bmv2] [T] [thread 53281] [17.0] [cxt 0] mejora.p4(113) Primitive meta.is_ingress_border = (bit<1>)1
[01:16:25.182] [bmv2] [T] [thread 53281] [17.0] [cxt 0] mejora.p4(207) Condition "meta.is_ingress_border == 1" (node_5) is true
[01:16:25.182] [bmv2] [T] [thread 53281] [17.0] [cxt 0] Applying table 'MyIngress.fec_to_label'
[01:16:25.182] [bmv2] [D] [thread 53281] [17.0] [cxt 0] Looking up key:
* hdr.ipv4.dstAddr    : 0a060302

[01:16:25.182] [bmv2] [D] [thread 53281] [17.0] [cxt 0] Table 'MyIngress.fec_to_label': hit with handle 2
[01:16:25.182] [bmv2] [D] [thread 53281] [17.0] [cxt 0] Dumping entry 2
Match key:
* hdr.ipv4.dstAddr    : LPM       0a060302/32
Action entry: MyIngress.add_mpls_header - 3,

[01:16:25.182] [bmv2] [D] [thread 53281] [17.0] [cxt 0] Action entry is MyIngress.add_mpls_header - 3,
[01:16:25.182] [bmv2] [T] [thread 53281] [17.0] [cxt 0] Action MyIngress.add_mpls_header
[01:16:25.182] [bmv2] [T] [thread 53281] [17.0] [cxt 0] mejora.p4(129) Primitive hdr.mpls.setValid()
[01:16:25.182] [bmv2] [T] [thread 53281] [17.0] [cxt 0] mejora.p4(130) Primitive hdr.mpls.label = tag
[01:16:25.182] [bmv2] [T] [thread 53281] [17.0] [cxt 0] mejora.p4(131) Primitive hdr.mpls.s = 0
[01:16:25.182] [bmv2] [T] [thread 53281] [17.0] [cxt 0] mejora.p4(132) Primitive hdr.mpls.ttl = 255
[01:16:25.182] [bmv2] [T] [thread 53281] [17.0] [cxt 0] mejora.p4(6) Primitive 0x8847; ...
[01:16:25.182] [bmv2] [T] [thread 53281] [17.0] [cxt 0] mejora.p4(212) Condition "hdr.mpls.isValid()" (node_7) is true
[01:16:25.182] [bmv2] [T] [thread 53281] [17.0] [cxt 0] Applying table 'MyIngress.mpls_tbl'
[01:16:25.182] [bmv2] [D] [thread 53281] [17.0] [cxt 0] Looking up key:
* hdr.mpls.label      : 000003

[01:16:25.182] [bmv2] [D] [thread 53281] [17.0] [cxt 0] Table 'MyIngress.mpls_tbl': hit with handle 2
[01:16:25.182] [bmv2] [D] [thread 53281] [17.0] [cxt 0] Dumping entry 2
Match key:
* hdr.mpls.label      : EXACT     000003
Action entry: MyIngress.mpls_forward - 90a00,4,

[01:16:25.182] [bmv2] [D] [thread 53281] [17.0] [cxt 0] Action entry is MyIngress.mpls_forward - 90a00,4,
[01:16:25.182] [bmv2] [T] [thread 53281] [17.0] [cxt 0] Action MyIngress.mpls_forward
[01:16:25.182] [bmv2] [T] [thread 53281] [17.0] [cxt 0] mejora.p4(149) Primitive hdr.ethernet.srcAddr = hdr.ethernet.dstAddr
[01:16:25.182] [bmv2] [T] [thread 53281] [17.0] [cxt 0] mejora.p4(150) Primitive hdr.ethernet.dstAddr = dstAddr
[01:16:25.182] [bmv2] [T] [thread 53281] [17.0] [cxt 0] mejora.p4(152) Primitive standard_metadata.egress_spec = port
[01:16:25.182] [bmv2] [T] [thread 53281] [17.0] [cxt 0] mejora.p4(153) Primitive hdr.mpls.ttl = hdr.mpls.ttl - 1
[01:16:25.182] [bmv2] [D] [thread 53281] [17.0] [cxt 0] Pipeline 'ingress': end
[01:16:25.182] [bmv2] [D] [thread 53281] [17.0] [cxt 0] Egress port is 4
[01:16:25.182] [bmv2] [D] [thread 53282] [17.0] [cxt 0] Pipeline 'egress': start
[01:16:25.182] [bmv2] [T] [thread 53282] [17.0] [cxt 0] mejora.p4(255) Condition "hdr.mpls.isValid()" (node_14) is true
[01:16:25.182] [bmv2] [T] [thread 53282] [17.0] [cxt 0] Applying table 'MyEgress.check_is_egress_border'
[01:16:25.182] [bmv2] [D] [thread 53282] [17.0] [cxt 0] Looking up key:
* standard_metadata.egress_port: 0004

[01:16:25.182] [bmv2] [D] [thread 53282] [17.0] [cxt 0] Table 'MyEgress.check_is_egress_border': miss
[01:16:25.182] [bmv2] [D] [thread 53282] [17.0] [cxt 0] Action entry is NoAction - 
[01:16:25.182] [bmv2] [T] [thread 53282] [17.0] [cxt 0] Action NoAction
[01:16:25.182] [bmv2] [D] [thread 53282] [17.0] [cxt 0] Pipeline 'egress': end
[01:16:25.182] [bmv2] [D] [thread 53282] [17.0] [cxt 0] Deparser 'deparser': start
[01:16:25.182] [bmv2] [D] [thread 53282] [17.0] [cxt 0] Updating checksum 'cksum'
[01:16:25.182] [bmv2] [D] [thread 53282] [17.0] [cxt 0] Deparsing header 'ethernet'
[01:16:25.182] [bmv2] [D] [thread 53282] [17.0] [cxt 0] Deparsing header 'mpls'
[01:16:25.182] [bmv2] [D] [thread 53282] [17.0] [cxt 0] Deparsing header 'ipv4'
[01:16:25.182] [bmv2] [D] [thread 53282] [17.0] [cxt 0] Deparser 'deparser': end
[01:16:25.182] [bmv2] [D] [thread 53286] [17.0] [cxt 0] Transmitting packet of size 102 out of port 4
[01:16:25.191] [bmv2] [D] [thread 53281] [18.0] [cxt 0] Processing packet received on port 1
[01:16:25.191] [bmv2] [D] [thread 53281] [18.0] [cxt 0] Parser 'parser': start
[01:16:25.191] [bmv2] [D] [thread 53281] [18.0] [cxt 0] Parser 'parser' entering state 'start'
[01:16:25.191] [bmv2] [D] [thread 53281] [18.0] [cxt 0] Extracting header 'ethernet'
[01:16:25.191] [bmv2] [D] [thread 53281] [18.0] [cxt 0] Parser state 'start': key is 0800
[01:16:25.191] [bmv2] [T] [thread 53281] [18.0] [cxt 0] Bytes parsed: 14
[01:16:25.191] [bmv2] [D] [thread 53281] [18.0] [cxt 0] Parser 'parser' entering state 'parse_ipv4'
[01:16:25.191] [bmv2] [D] [thread 53281] [18.0] [cxt 0] Extracting header 'ipv4'
[01:16:25.191] [bmv2] [D] [thread 53281] [18.0] [cxt 0] Parser state 'parse_ipv4' has no switch, going to default next state
[01:16:25.191] [bmv2] [T] [thread 53281] [18.0] [cxt 0] Bytes parsed: 34
[01:16:25.191] [bmv2] [D] [thread 53281] [18.0] [cxt 0] Parser 'parser': end
[01:16:25.191] [bmv2] [D] [thread 53281] [18.0] [cxt 0] Pipeline 'ingress': start
[01:16:25.191] [bmv2] [T] [thread 53281] [18.0] [cxt 0] mejora.p4(202) Condition "hdr.ipv4.isValid()" (node_2) is true
[01:16:25.191] [bmv2] [T] [thread 53281] [18.0] [cxt 0] mejora.p4(203) Condition "hdr.ipv4.protocol == 1" (node_3) is true
[01:16:25.191] [bmv2] [T] [thread 53281] [18.0] [cxt 0] Applying table 'MyIngress.check_is_ingress_border'
[01:16:25.191] [bmv2] [D] [thread 53281] [18.0] [cxt 0] Looking up key:
* standard_metadata.ingress_port: 0001

[01:16:25.191] [bmv2] [D] [thread 53281] [18.0] [cxt 0] Table 'MyIngress.check_is_ingress_border': hit with handle 0
[01:16:25.191] [bmv2] [D] [thread 53281] [18.0] [cxt 0] Dumping entry 0
Match key:
* standard_metadata.ingress_port: EXACT     0001
Action entry: MyIngress.set_is_ingress_border - 

[01:16:25.191] [bmv2] [D] [thread 53281] [18.0] [cxt 0] Action entry is MyIngress.set_is_ingress_border - 
[01:16:25.191] [bmv2] [T] [thread 53281] [18.0] [cxt 0] Action MyIngress.set_is_ingress_border
[01:16:25.191] [bmv2] [T] [thread 53281] [18.0] [cxt 0] mejora.p4(113) Primitive meta.is_ingress_border = (bit<1>)1
[01:16:25.191] [bmv2] [T] [thread 53281] [18.0] [cxt 0] mejora.p4(207) Condition "meta.is_ingress_border == 1" (node_5) is true
[01:16:25.191] [bmv2] [T] [thread 53281] [18.0] [cxt 0] Applying table 'MyIngress.fec_to_label'
[01:16:25.191] [bmv2] [D] [thread 53281] [18.0] [cxt 0] Looking up key:
* hdr.ipv4.dstAddr    : 0a010102

[01:16:25.191] [bmv2] [D] [thread 53281] [18.0] [cxt 0] Table 'MyIngress.fec_to_label': hit with handle 0
[01:16:25.191] [bmv2] [D] [thread 53281] [18.0] [cxt 0] Dumping entry 0
Match key:
* hdr.ipv4.dstAddr    : LPM       0a010102/32
Action entry: MyIngress.add_mpls_header - 1,

[01:16:25.191] [bmv2] [D] [thread 53281] [18.0] [cxt 0] Action entry is MyIngress.add_mpls_header - 1,
[01:16:25.191] [bmv2] [T] [thread 53281] [18.0] [cxt 0] Action MyIngress.add_mpls_header
[01:16:25.191] [bmv2] [T] [thread 53281] [18.0] [cxt 0] mejora.p4(129) Primitive hdr.mpls.setValid()
[01:16:25.191] [bmv2] [T] [thread 53281] [18.0] [cxt 0] mejora.p4(130) Primitive hdr.mpls.label = tag
[01:16:25.191] [bmv2] [T] [thread 53281] [18.0] [cxt 0] mejora.p4(131) Primitive hdr.mpls.s = 0
[01:16:25.191] [bmv2] [T] [thread 53281] [18.0] [cxt 0] mejora.p4(132) Primitive hdr.mpls.ttl = 255
[01:16:25.191] [bmv2] [T] [thread 53281] [18.0] [cxt 0] mejora.p4(6) Primitive 0x8847; ...
[01:16:25.191] [bmv2] [T] [thread 53281] [18.0] [cxt 0] mejora.p4(212) Condition "hdr.mpls.isValid()" (node_7) is true
[01:16:25.191] [bmv2] [T] [thread 53281] [18.0] [cxt 0] Applying table 'MyIngress.mpls_tbl'
[01:16:25.191] [bmv2] [D] [thread 53281] [18.0] [cxt 0] Looking up key:
* hdr.mpls.label      : 000001

[01:16:25.191] [bmv2] [D] [thread 53281] [18.0] [cxt 0] Table 'MyIngress.mpls_tbl': hit with handle 0
[01:16:25.191] [bmv2] [D] [thread 53281] [18.0] [cxt 0] Dumping entry 0
Match key:
* hdr.mpls.label      : EXACT     000001
Action entry: MyIngress.mpls_forward - 80a00,3,

[01:16:25.191] [bmv2] [D] [thread 53281] [18.0] [cxt 0] Action entry is MyIngress.mpls_forward - 80a00,3,
[01:16:25.191] [bmv2] [T] [thread 53281] [18.0] [cxt 0] Action MyIngress.mpls_forward
[01:16:25.191] [bmv2] [T] [thread 53281] [18.0] [cxt 0] mejora.p4(149) Primitive hdr.ethernet.srcAddr = hdr.ethernet.dstAddr
[01:16:25.192] [bmv2] [T] [thread 53281] [18.0] [cxt 0] mejora.p4(150) Primitive hdr.ethernet.dstAddr = dstAddr
[01:16:25.192] [bmv2] [T] [thread 53281] [18.0] [cxt 0] mejora.p4(152) Primitive standard_metadata.egress_spec = port
[01:16:25.192] [bmv2] [T] [thread 53281] [18.0] [cxt 0] mejora.p4(153) Primitive hdr.mpls.ttl = hdr.mpls.ttl - 1
[01:16:25.192] [bmv2] [D] [thread 53281] [18.0] [cxt 0] Pipeline 'ingress': end
[01:16:25.192] [bmv2] [D] [thread 53281] [18.0] [cxt 0] Egress port is 3
[01:16:25.192] [bmv2] [D] [thread 53285] [18.0] [cxt 0] Pipeline 'egress': start
[01:16:25.192] [bmv2] [T] [thread 53285] [18.0] [cxt 0] mejora.p4(255) Condition "hdr.mpls.isValid()" (node_14) is true
[01:16:25.192] [bmv2] [T] [thread 53285] [18.0] [cxt 0] Applying table 'MyEgress.check_is_egress_border'
[01:16:25.192] [bmv2] [D] [thread 53285] [18.0] [cxt 0] Looking up key:
* standard_metadata.egress_port: 0003

[01:16:25.192] [bmv2] [D] [thread 53285] [18.0] [cxt 0] Table 'MyEgress.check_is_egress_border': miss
[01:16:25.192] [bmv2] [D] [thread 53285] [18.0] [cxt 0] Action entry is NoAction - 
[01:16:25.192] [bmv2] [T] [thread 53285] [18.0] [cxt 0] Action NoAction
[01:16:25.192] [bmv2] [D] [thread 53285] [18.0] [cxt 0] Pipeline 'egress': end
[01:16:25.192] [bmv2] [D] [thread 53285] [18.0] [cxt 0] Deparser 'deparser': start
[01:16:25.192] [bmv2] [D] [thread 53285] [18.0] [cxt 0] Updating checksum 'cksum'
[01:16:25.192] [bmv2] [D] [thread 53285] [18.0] [cxt 0] Deparsing header 'ethernet'
[01:16:25.192] [bmv2] [D] [thread 53285] [18.0] [cxt 0] Deparsing header 'mpls'
[01:16:25.192] [bmv2] [D] [thread 53285] [18.0] [cxt 0] Deparsing header 'ipv4'
[01:16:25.192] [bmv2] [D] [thread 53285] [18.0] [cxt 0] Deparser 'deparser': end
[01:16:25.192] [bmv2] [D] [thread 53286] [18.0] [cxt 0] Transmitting packet of size 102 out of port 3
[01:16:25.200] [bmv2] [D] [thread 53281] [19.0] [cxt 0] Processing packet received on port 3
[01:16:25.200] [bmv2] [D] [thread 53281] [19.0] [cxt 0] Parser 'parser': start
[01:16:25.200] [bmv2] [D] [thread 53281] [19.0] [cxt 0] Parser 'parser' entering state 'start'
[01:16:25.200] [bmv2] [D] [thread 53281] [19.0] [cxt 0] Extracting header 'ethernet'
[01:16:25.200] [bmv2] [D] [thread 53281] [19.0] [cxt 0] Parser state 'start': key is 8847
[01:16:25.200] [bmv2] [T] [thread 53281] [19.0] [cxt 0] Bytes parsed: 14
[01:16:25.200] [bmv2] [D] [thread 53281] [19.0] [cxt 0] Parser 'parser' entering state 'parse_mpls'
[01:16:25.200] [bmv2] [D] [thread 53281] [19.0] [cxt 0] Extracting header 'mpls'
[01:16:25.200] [bmv2] [D] [thread 53281] [19.0] [cxt 0] Parser state 'parse_mpls' has no switch, going to default next state
[01:16:25.200] [bmv2] [T] [thread 53281] [19.0] [cxt 0] Bytes parsed: 18
[01:16:25.200] [bmv2] [D] [thread 53281] [19.0] [cxt 0] Parser 'parser' entering state 'parse_ipv4'
[01:16:25.200] [bmv2] [D] [thread 53281] [19.0] [cxt 0] Extracting header 'ipv4'
[01:16:25.200] [bmv2] [D] [thread 53281] [19.0] [cxt 0] Parser state 'parse_ipv4' has no switch, going to default next state
[01:16:25.200] [bmv2] [T] [thread 53281] [19.0] [cxt 0] Bytes parsed: 38
[01:16:25.200] [bmv2] [D] [thread 53281] [19.0] [cxt 0] Parser 'parser': end
[01:16:25.200] [bmv2] [D] [thread 53281] [19.0] [cxt 0] Pipeline 'ingress': start
[01:16:25.200] [bmv2] [T] [thread 53281] [19.0] [cxt 0] mejora.p4(202) Condition "hdr.ipv4.isValid()" (node_2) is true
[01:16:25.200] [bmv2] [T] [thread 53281] [19.0] [cxt 0] mejora.p4(203) Condition "hdr.ipv4.protocol == 1" (node_3) is true
[01:16:25.200] [bmv2] [T] [thread 53281] [19.0] [cxt 0] Applying table 'MyIngress.check_is_ingress_border'
[01:16:25.200] [bmv2] [D] [thread 53281] [19.0] [cxt 0] Looking up key:
* standard_metadata.ingress_port: 0003

[01:16:25.200] [bmv2] [D] [thread 53281] [19.0] [cxt 0] Table 'MyIngress.check_is_ingress_border': miss
[01:16:25.200] [bmv2] [D] [thread 53281] [19.0] [cxt 0] Action entry is NoAction - 
[01:16:25.200] [bmv2] [T] [thread 53281] [19.0] [cxt 0] Action NoAction
[01:16:25.200] [bmv2] [T] [thread 53281] [19.0] [cxt 0] mejora.p4(207) Condition "meta.is_ingress_border == 1" (node_5) is false
[01:16:25.200] [bmv2] [T] [thread 53281] [19.0] [cxt 0] mejora.p4(212) Condition "hdr.mpls.isValid()" (node_7) is true
[01:16:25.200] [bmv2] [T] [thread 53281] [19.0] [cxt 0] Applying table 'MyIngress.mpls_tbl'
[01:16:25.200] [bmv2] [D] [thread 53281] [19.0] [cxt 0] Looking up key:
* hdr.mpls.label      : 000004

[01:16:25.200] [bmv2] [D] [thread 53281] [19.0] [cxt 0] Table 'MyIngress.mpls_tbl': hit with handle 3
[01:16:25.200] [bmv2] [D] [thread 53281] [19.0] [cxt 0] Dumping entry 3
Match key:
* hdr.mpls.label      : EXACT     000004
Action entry: MyIngress.mpls_forward - a0a0402,1,

[01:16:25.200] [bmv2] [D] [thread 53281] [19.0] [cxt 0] Action entry is MyIngress.mpls_forward - a0a0402,1,
[01:16:25.200] [bmv2] [T] [thread 53281] [19.0] [cxt 0] Action MyIngress.mpls_forward
[01:16:25.200] [bmv2] [T] [thread 53281] [19.0] [cxt 0] mejora.p4(149) Primitive hdr.ethernet.srcAddr = hdr.ethernet.dstAddr
[01:16:25.200] [bmv2] [T] [thread 53281] [19.0] [cxt 0] mejora.p4(150) Primitive hdr.ethernet.dstAddr = dstAddr
[01:16:25.200] [bmv2] [T] [thread 53281] [19.0] [cxt 0] mejora.p4(152) Primitive standard_metadata.egress_spec = port
[01:16:25.200] [bmv2] [T] [thread 53281] [19.0] [cxt 0] mejora.p4(153) Primitive hdr.mpls.ttl = hdr.mpls.ttl - 1
[01:16:25.200] [bmv2] [D] [thread 53281] [19.0] [cxt 0] Pipeline 'ingress': end
[01:16:25.200] [bmv2] [D] [thread 53281] [19.0] [cxt 0] Egress port is 1
[01:16:25.200] [bmv2] [D] [thread 53283] [19.0] [cxt 0] Pipeline 'egress': start
[01:16:25.200] [bmv2] [T] [thread 53283] [19.0] [cxt 0] mejora.p4(255) Condition "hdr.mpls.isValid()" (node_14) is true
[01:16:25.200] [bmv2] [T] [thread 53283] [19.0] [cxt 0] Applying table 'MyEgress.check_is_egress_border'
[01:16:25.200] [bmv2] [D] [thread 53283] [19.0] [cxt 0] Looking up key:
* standard_metadata.egress_port: 0001

[01:16:25.200] [bmv2] [D] [thread 53283] [19.0] [cxt 0] Table 'MyEgress.check_is_egress_border': hit with handle 0
[01:16:25.200] [bmv2] [D] [thread 53283] [19.0] [cxt 0] Dumping entry 0
Match key:
* standard_metadata.egress_port: EXACT     0001
Action entry: MyEgress.is_egress_border - 

[01:16:25.200] [bmv2] [D] [thread 53283] [19.0] [cxt 0] Action entry is MyEgress.is_egress_border - 
[01:16:25.200] [bmv2] [T] [thread 53283] [19.0] [cxt 0] Action MyEgress.is_egress_border
[01:16:25.200] [bmv2] [T] [thread 53283] [19.0] [cxt 0] mejora.p4(236) Primitive hdr.mpls.setInvalid()
[01:16:25.200] [bmv2] [T] [thread 53283] [19.0] [cxt 0] mejora.p4(5) Primitive 0x800; ...
[01:16:25.200] [bmv2] [T] [thread 53283] [19.0] [cxt 0] mejora.p4(238) Primitive hdr.ipv4.ttl = hdr.ipv4.ttl - 1
[01:16:25.200] [bmv2] [D] [thread 53283] [19.0] [cxt 0] Pipeline 'egress': end
[01:16:25.200] [bmv2] [D] [thread 53283] [19.0] [cxt 0] Deparser 'deparser': start
[01:16:25.200] [bmv2] [D] [thread 53283] [19.0] [cxt 0] Updating checksum 'cksum'
[01:16:25.200] [bmv2] [D] [thread 53283] [19.0] [cxt 0] Deparsing header 'ethernet'
[01:16:25.200] [bmv2] [D] [thread 53283] [19.0] [cxt 0] Deparsing header 'ipv4'
[01:16:25.200] [bmv2] [D] [thread 53283] [19.0] [cxt 0] Deparser 'deparser': end
[01:16:25.200] [bmv2] [D] [thread 53286] [19.0] [cxt 0] Transmitting packet of size 98 out of port 1
[01:16:25.212] [bmv2] [D] [thread 53281] [20.0] [cxt 0] Processing packet received on port 1
[01:16:25.212] [bmv2] [D] [thread 53281] [20.0] [cxt 0] Parser 'parser': start
[01:16:25.212] [bmv2] [D] [thread 53281] [20.0] [cxt 0] Parser 'parser' entering state 'start'
[01:16:25.212] [bmv2] [D] [thread 53281] [20.0] [cxt 0] Extracting header 'ethernet'
[01:16:25.212] [bmv2] [D] [thread 53281] [20.0] [cxt 0] Parser state 'start': key is 0800
[01:16:25.212] [bmv2] [T] [thread 53281] [20.0] [cxt 0] Bytes parsed: 14
[01:16:25.212] [bmv2] [D] [thread 53281] [20.0] [cxt 0] Parser 'parser' entering state 'parse_ipv4'
[01:16:25.212] [bmv2] [D] [thread 53281] [20.0] [cxt 0] Extracting header 'ipv4'
[01:16:25.212] [bmv2] [D] [thread 53281] [20.0] [cxt 0] Parser state 'parse_ipv4' has no switch, going to default next state
[01:16:25.212] [bmv2] [T] [thread 53281] [20.0] [cxt 0] Bytes parsed: 34
[01:16:25.212] [bmv2] [D] [thread 53281] [20.0] [cxt 0] Parser 'parser': end
[01:16:25.212] [bmv2] [D] [thread 53281] [20.0] [cxt 0] Pipeline 'ingress': start
[01:16:25.212] [bmv2] [T] [thread 53281] [20.0] [cxt 0] mejora.p4(202) Condition "hdr.ipv4.isValid()" (node_2) is true
[01:16:25.212] [bmv2] [T] [thread 53281] [20.0] [cxt 0] mejora.p4(203) Condition "hdr.ipv4.protocol == 1" (node_3) is true
[01:16:25.212] [bmv2] [T] [thread 53281] [20.0] [cxt 0] Applying table 'MyIngress.check_is_ingress_border'
[01:16:25.212] [bmv2] [D] [thread 53281] [20.0] [cxt 0] Looking up key:
* standard_metadata.ingress_port: 0001

[01:16:25.212] [bmv2] [D] [thread 53281] [20.0] [cxt 0] Table 'MyIngress.check_is_ingress_border': hit with handle 0
[01:16:25.212] [bmv2] [D] [thread 53281] [20.0] [cxt 0] Dumping entry 0
Match key:
* standard_metadata.ingress_port: EXACT     0001
Action entry: MyIngress.set_is_ingress_border - 

[01:16:25.212] [bmv2] [D] [thread 53281] [20.0] [cxt 0] Action entry is MyIngress.set_is_ingress_border - 
[01:16:25.212] [bmv2] [T] [thread 53281] [20.0] [cxt 0] Action MyIngress.set_is_ingress_border
[01:16:25.212] [bmv2] [T] [thread 53281] [20.0] [cxt 0] mejora.p4(113) Primitive meta.is_ingress_border = (bit<1>)1
[01:16:25.212] [bmv2] [T] [thread 53281] [20.0] [cxt 0] mejora.p4(207) Condition "meta.is_ingress_border == 1" (node_5) is true
[01:16:25.212] [bmv2] [T] [thread 53281] [20.0] [cxt 0] Applying table 'MyIngress.fec_to_label'
[01:16:25.212] [bmv2] [D] [thread 53281] [20.0] [cxt 0] Looking up key:
* hdr.ipv4.dstAddr    : 0a050202

[01:16:25.212] [bmv2] [D] [thread 53281] [20.0] [cxt 0] Table 'MyIngress.fec_to_label': hit with handle 1
[01:16:25.212] [bmv2] [D] [thread 53281] [20.0] [cxt 0] Dumping entry 1
Match key:
* hdr.ipv4.dstAddr    : LPM       0a050202/32
Action entry: MyIngress.add_mpls_header - 2,

[01:16:25.212] [bmv2] [D] [thread 53281] [20.0] [cxt 0] Action entry is MyIngress.add_mpls_header - 2,
[01:16:25.212] [bmv2] [T] [thread 53281] [20.0] [cxt 0] Action MyIngress.add_mpls_header
[01:16:25.212] [bmv2] [T] [thread 53281] [20.0] [cxt 0] mejora.p4(129) Primitive hdr.mpls.setValid()
[01:16:25.212] [bmv2] [T] [thread 53281] [20.0] [cxt 0] mejora.p4(130) Primitive hdr.mpls.label = tag
[01:16:25.212] [bmv2] [T] [thread 53281] [20.0] [cxt 0] mejora.p4(131) Primitive hdr.mpls.s = 0
[01:16:25.212] [bmv2] [T] [thread 53281] [20.0] [cxt 0] mejora.p4(132) Primitive hdr.mpls.ttl = 255
[01:16:25.212] [bmv2] [T] [thread 53281] [20.0] [cxt 0] mejora.p4(6) Primitive 0x8847; ...
[01:16:25.212] [bmv2] [T] [thread 53281] [20.0] [cxt 0] mejora.p4(212) Condition "hdr.mpls.isValid()" (node_7) is true
[01:16:25.212] [bmv2] [T] [thread 53281] [20.0] [cxt 0] Applying table 'MyIngress.mpls_tbl'
[01:16:25.212] [bmv2] [D] [thread 53281] [20.0] [cxt 0] Looking up key:
* hdr.mpls.label      : 000002

[01:16:25.212] [bmv2] [D] [thread 53281] [20.0] [cxt 0] Table 'MyIngress.mpls_tbl': hit with handle 1
[01:16:25.212] [bmv2] [D] [thread 53281] [20.0] [cxt 0] Dumping entry 1
Match key:
* hdr.mpls.label      : EXACT     000002
Action entry: MyIngress.mpls_forward - 70a00,2,

[01:16:25.212] [bmv2] [D] [thread 53281] [20.0] [cxt 0] Action entry is MyIngress.mpls_forward - 70a00,2,
[01:16:25.212] [bmv2] [T] [thread 53281] [20.0] [cxt 0] Action MyIngress.mpls_forward
[01:16:25.212] [bmv2] [T] [thread 53281] [20.0] [cxt 0] mejora.p4(149) Primitive hdr.ethernet.srcAddr = hdr.ethernet.dstAddr
[01:16:25.212] [bmv2] [T] [thread 53281] [20.0] [cxt 0] mejora.p4(150) Primitive hdr.ethernet.dstAddr = dstAddr
[01:16:25.212] [bmv2] [T] [thread 53281] [20.0] [cxt 0] mejora.p4(152) Primitive standard_metadata.egress_spec = port
[01:16:25.212] [bmv2] [T] [thread 53281] [20.0] [cxt 0] mejora.p4(153) Primitive hdr.mpls.ttl = hdr.mpls.ttl - 1
[01:16:25.212] [bmv2] [D] [thread 53281] [20.0] [cxt 0] Pipeline 'ingress': end
[01:16:25.212] [bmv2] [D] [thread 53281] [20.0] [cxt 0] Egress port is 2
[01:16:25.212] [bmv2] [D] [thread 53284] [20.0] [cxt 0] Pipeline 'egress': start
[01:16:25.212] [bmv2] [T] [thread 53284] [20.0] [cxt 0] mejora.p4(255) Condition "hdr.mpls.isValid()" (node_14) is true
[01:16:25.212] [bmv2] [T] [thread 53284] [20.0] [cxt 0] Applying table 'MyEgress.check_is_egress_border'
[01:16:25.212] [bmv2] [D] [thread 53284] [20.0] [cxt 0] Looking up key:
* standard_metadata.egress_port: 0002

[01:16:25.212] [bmv2] [D] [thread 53284] [20.0] [cxt 0] Table 'MyEgress.check_is_egress_border': miss
[01:16:25.212] [bmv2] [D] [thread 53284] [20.0] [cxt 0] Action entry is NoAction - 
[01:16:25.212] [bmv2] [T] [thread 53284] [20.0] [cxt 0] Action NoAction
[01:16:25.212] [bmv2] [D] [thread 53284] [20.0] [cxt 0] Pipeline 'egress': end
[01:16:25.212] [bmv2] [D] [thread 53284] [20.0] [cxt 0] Deparser 'deparser': start
[01:16:25.212] [bmv2] [D] [thread 53284] [20.0] [cxt 0] Updating checksum 'cksum'
[01:16:25.212] [bmv2] [D] [thread 53284] [20.0] [cxt 0] Deparsing header 'ethernet'
[01:16:25.212] [bmv2] [D] [thread 53284] [20.0] [cxt 0] Deparsing header 'mpls'
[01:16:25.212] [bmv2] [D] [thread 53284] [20.0] [cxt 0] Deparsing header 'ipv4'
[01:16:25.212] [bmv2] [D] [thread 53284] [20.0] [cxt 0] Deparser 'deparser': end
[01:16:25.212] [bmv2] [D] [thread 53286] [20.0] [cxt 0] Transmitting packet of size 102 out of port 2
[01:16:25.216] [bmv2] [D] [thread 53281] [21.0] [cxt 0] Processing packet received on port 3
[01:16:25.216] [bmv2] [D] [thread 53281] [21.0] [cxt 0] Parser 'parser': start
[01:16:25.216] [bmv2] [D] [thread 53281] [21.0] [cxt 0] Parser 'parser' entering state 'start'
[01:16:25.216] [bmv2] [D] [thread 53281] [21.0] [cxt 0] Extracting header 'ethernet'
[01:16:25.216] [bmv2] [D] [thread 53281] [21.0] [cxt 0] Parser state 'start': key is 8847
[01:16:25.216] [bmv2] [T] [thread 53281] [21.0] [cxt 0] Bytes parsed: 14
[01:16:25.216] [bmv2] [D] [thread 53281] [21.0] [cxt 0] Parser 'parser' entering state 'parse_mpls'
[01:16:25.216] [bmv2] [D] [thread 53281] [21.0] [cxt 0] Extracting header 'mpls'
[01:16:25.216] [bmv2] [D] [thread 53281] [21.0] [cxt 0] Parser state 'parse_mpls' has no switch, going to default next state
[01:16:25.216] [bmv2] [T] [thread 53281] [21.0] [cxt 0] Bytes parsed: 18
[01:16:25.216] [bmv2] [D] [thread 53281] [21.0] [cxt 0] Parser 'parser' entering state 'parse_ipv4'
[01:16:25.216] [bmv2] [D] [thread 53281] [21.0] [cxt 0] Extracting header 'ipv4'
[01:16:25.216] [bmv2] [D] [thread 53281] [21.0] [cxt 0] Parser state 'parse_ipv4' has no switch, going to default next state
[01:16:25.216] [bmv2] [T] [thread 53281] [21.0] [cxt 0] Bytes parsed: 38
[01:16:25.216] [bmv2] [D] [thread 53281] [21.0] [cxt 0] Parser 'parser': end
[01:16:25.216] [bmv2] [D] [thread 53281] [21.0] [cxt 0] Pipeline 'ingress': start
[01:16:25.216] [bmv2] [T] [thread 53281] [21.0] [cxt 0] mejora.p4(202) Condition "hdr.ipv4.isValid()" (node_2) is true
[01:16:25.216] [bmv2] [T] [thread 53281] [21.0] [cxt 0] mejora.p4(203) Condition "hdr.ipv4.protocol == 1" (node_3) is true
[01:16:25.216] [bmv2] [T] [thread 53281] [21.0] [cxt 0] Applying table 'MyIngress.check_is_ingress_border'
[01:16:25.216] [bmv2] [D] [thread 53281] [21.0] [cxt 0] Looking up key:
* standard_metadata.ingress_port: 0003

[01:16:25.216] [bmv2] [D] [thread 53281] [21.0] [cxt 0] Table 'MyIngress.check_is_ingress_border': miss
[01:16:25.216] [bmv2] [D] [thread 53281] [21.0] [cxt 0] Action entry is NoAction - 
[01:16:25.216] [bmv2] [T] [thread 53281] [21.0] [cxt 0] Action NoAction
[01:16:25.216] [bmv2] [T] [thread 53281] [21.0] [cxt 0] mejora.p4(207) Condition "meta.is_ingress_border == 1" (node_5) is false
[01:16:25.216] [bmv2] [T] [thread 53281] [21.0] [cxt 0] mejora.p4(212) Condition "hdr.mpls.isValid()" (node_7) is true
[01:16:25.216] [bmv2] [T] [thread 53281] [21.0] [cxt 0] Applying table 'MyIngress.mpls_tbl'
[01:16:25.216] [bmv2] [D] [thread 53281] [21.0] [cxt 0] Looking up key:
* hdr.mpls.label      : 000004

[01:16:25.216] [bmv2] [D] [thread 53281] [21.0] [cxt 0] Table 'MyIngress.mpls_tbl': hit with handle 3
[01:16:25.216] [bmv2] [D] [thread 53281] [21.0] [cxt 0] Dumping entry 3
Match key:
* hdr.mpls.label      : EXACT     000004
Action entry: MyIngress.mpls_forward - a0a0402,1,

[01:16:25.216] [bmv2] [D] [thread 53281] [21.0] [cxt 0] Action entry is MyIngress.mpls_forward - a0a0402,1,
[01:16:25.216] [bmv2] [T] [thread 53281] [21.0] [cxt 0] Action MyIngress.mpls_forward
[01:16:25.216] [bmv2] [T] [thread 53281] [21.0] [cxt 0] mejora.p4(149) Primitive hdr.ethernet.srcAddr = hdr.ethernet.dstAddr
[01:16:25.216] [bmv2] [T] [thread 53281] [21.0] [cxt 0] mejora.p4(150) Primitive hdr.ethernet.dstAddr = dstAddr
[01:16:25.216] [bmv2] [T] [thread 53281] [21.0] [cxt 0] mejora.p4(152) Primitive standard_metadata.egress_spec = port
[01:16:25.216] [bmv2] [T] [thread 53281] [21.0] [cxt 0] mejora.p4(153) Primitive hdr.mpls.ttl = hdr.mpls.ttl - 1
[01:16:25.216] [bmv2] [D] [thread 53281] [21.0] [cxt 0] Pipeline 'ingress': end
[01:16:25.216] [bmv2] [D] [thread 53281] [21.0] [cxt 0] Egress port is 1
[01:16:25.216] [bmv2] [D] [thread 53283] [21.0] [cxt 0] Pipeline 'egress': start
[01:16:25.216] [bmv2] [T] [thread 53283] [21.0] [cxt 0] mejora.p4(255) Condition "hdr.mpls.isValid()" (node_14) is true
[01:16:25.216] [bmv2] [T] [thread 53283] [21.0] [cxt 0] Applying table 'MyEgress.check_is_egress_border'
[01:16:25.216] [bmv2] [D] [thread 53283] [21.0] [cxt 0] Looking up key:
* standard_metadata.egress_port: 0001

[01:16:25.216] [bmv2] [D] [thread 53283] [21.0] [cxt 0] Table 'MyEgress.check_is_egress_border': hit with handle 0
[01:16:25.216] [bmv2] [D] [thread 53283] [21.0] [cxt 0] Dumping entry 0
Match key:
* standard_metadata.egress_port: EXACT     0001
Action entry: MyEgress.is_egress_border - 

[01:16:25.216] [bmv2] [D] [thread 53283] [21.0] [cxt 0] Action entry is MyEgress.is_egress_border - 
[01:16:25.216] [bmv2] [T] [thread 53283] [21.0] [cxt 0] Action MyEgress.is_egress_border
[01:16:25.216] [bmv2] [T] [thread 53283] [21.0] [cxt 0] mejora.p4(236) Primitive hdr.mpls.setInvalid()
[01:16:25.216] [bmv2] [T] [thread 53283] [21.0] [cxt 0] mejora.p4(5) Primitive 0x800; ...
[01:16:25.216] [bmv2] [T] [thread 53283] [21.0] [cxt 0] mejora.p4(238) Primitive hdr.ipv4.ttl = hdr.ipv4.ttl - 1
[01:16:25.216] [bmv2] [D] [thread 53283] [21.0] [cxt 0] Pipeline 'egress': end
[01:16:25.216] [bmv2] [D] [thread 53283] [21.0] [cxt 0] Deparser 'deparser': start
[01:16:25.216] [bmv2] [D] [thread 53283] [21.0] [cxt 0] Updating checksum 'cksum'
[01:16:25.216] [bmv2] [D] [thread 53283] [21.0] [cxt 0] Deparsing header 'ethernet'
[01:16:25.216] [bmv2] [D] [thread 53283] [21.0] [cxt 0] Deparsing header 'ipv4'
[01:16:25.216] [bmv2] [D] [thread 53283] [21.0] [cxt 0] Deparser 'deparser': end
[01:16:25.216] [bmv2] [D] [thread 53286] [21.0] [cxt 0] Transmitting packet of size 98 out of port 1
[01:16:25.228] [bmv2] [D] [thread 53281] [22.0] [cxt 0] Processing packet received on port 1
[01:16:25.228] [bmv2] [D] [thread 53281] [22.0] [cxt 0] Parser 'parser': start
[01:16:25.228] [bmv2] [D] [thread 53281] [22.0] [cxt 0] Parser 'parser' entering state 'start'
[01:16:25.228] [bmv2] [D] [thread 53281] [22.0] [cxt 0] Extracting header 'ethernet'
[01:16:25.228] [bmv2] [D] [thread 53281] [22.0] [cxt 0] Parser state 'start': key is 0800
[01:16:25.228] [bmv2] [T] [thread 53281] [22.0] [cxt 0] Bytes parsed: 14
[01:16:25.228] [bmv2] [D] [thread 53281] [22.0] [cxt 0] Parser 'parser' entering state 'parse_ipv4'
[01:16:25.228] [bmv2] [D] [thread 53281] [22.0] [cxt 0] Extracting header 'ipv4'
[01:16:25.228] [bmv2] [D] [thread 53281] [22.0] [cxt 0] Parser state 'parse_ipv4' has no switch, going to default next state
[01:16:25.228] [bmv2] [T] [thread 53281] [22.0] [cxt 0] Bytes parsed: 34
[01:16:25.228] [bmv2] [D] [thread 53281] [22.0] [cxt 0] Parser 'parser': end
[01:16:25.228] [bmv2] [D] [thread 53281] [22.0] [cxt 0] Pipeline 'ingress': start
[01:16:25.228] [bmv2] [T] [thread 53281] [22.0] [cxt 0] mejora.p4(202) Condition "hdr.ipv4.isValid()" (node_2) is true
[01:16:25.228] [bmv2] [T] [thread 53281] [22.0] [cxt 0] mejora.p4(203) Condition "hdr.ipv4.protocol == 1" (node_3) is true
[01:16:25.228] [bmv2] [T] [thread 53281] [22.0] [cxt 0] Applying table 'MyIngress.check_is_ingress_border'
[01:16:25.228] [bmv2] [D] [thread 53281] [22.0] [cxt 0] Looking up key:
* standard_metadata.ingress_port: 0001

[01:16:25.228] [bmv2] [D] [thread 53281] [22.0] [cxt 0] Table 'MyIngress.check_is_ingress_border': hit with handle 0
[01:16:25.228] [bmv2] [D] [thread 53281] [22.0] [cxt 0] Dumping entry 0
Match key:
* standard_metadata.ingress_port: EXACT     0001
Action entry: MyIngress.set_is_ingress_border - 

[01:16:25.228] [bmv2] [D] [thread 53281] [22.0] [cxt 0] Action entry is MyIngress.set_is_ingress_border - 
[01:16:25.228] [bmv2] [T] [thread 53281] [22.0] [cxt 0] Action MyIngress.set_is_ingress_border
[01:16:25.228] [bmv2] [T] [thread 53281] [22.0] [cxt 0] mejora.p4(113) Primitive meta.is_ingress_border = (bit<1>)1
[01:16:25.228] [bmv2] [T] [thread 53281] [22.0] [cxt 0] mejora.p4(207) Condition "meta.is_ingress_border == 1" (node_5) is true
[01:16:25.228] [bmv2] [T] [thread 53281] [22.0] [cxt 0] Applying table 'MyIngress.fec_to_label'
[01:16:25.228] [bmv2] [D] [thread 53281] [22.0] [cxt 0] Looking up key:
* hdr.ipv4.dstAddr    : 0a060302

[01:16:25.228] [bmv2] [D] [thread 53281] [22.0] [cxt 0] Table 'MyIngress.fec_to_label': hit with handle 2
[01:16:25.228] [bmv2] [D] [thread 53281] [22.0] [cxt 0] Dumping entry 2
Match key:
* hdr.ipv4.dstAddr    : LPM       0a060302/32
Action entry: MyIngress.add_mpls_header - 3,

[01:16:25.228] [bmv2] [D] [thread 53281] [22.0] [cxt 0] Action entry is MyIngress.add_mpls_header - 3,
[01:16:25.228] [bmv2] [T] [thread 53281] [22.0] [cxt 0] Action MyIngress.add_mpls_header
[01:16:25.228] [bmv2] [T] [thread 53281] [22.0] [cxt 0] mejora.p4(129) Primitive hdr.mpls.setValid()
[01:16:25.228] [bmv2] [T] [thread 53281] [22.0] [cxt 0] mejora.p4(130) Primitive hdr.mpls.label = tag
[01:16:25.228] [bmv2] [T] [thread 53281] [22.0] [cxt 0] mejora.p4(131) Primitive hdr.mpls.s = 0
[01:16:25.228] [bmv2] [T] [thread 53281] [22.0] [cxt 0] mejora.p4(132) Primitive hdr.mpls.ttl = 255
[01:16:25.228] [bmv2] [T] [thread 53281] [22.0] [cxt 0] mejora.p4(6) Primitive 0x8847; ...
[01:16:25.228] [bmv2] [T] [thread 53281] [22.0] [cxt 0] mejora.p4(212) Condition "hdr.mpls.isValid()" (node_7) is true
[01:16:25.228] [bmv2] [T] [thread 53281] [22.0] [cxt 0] Applying table 'MyIngress.mpls_tbl'
[01:16:25.228] [bmv2] [D] [thread 53281] [22.0] [cxt 0] Looking up key:
* hdr.mpls.label      : 000003

[01:16:25.228] [bmv2] [D] [thread 53281] [22.0] [cxt 0] Table 'MyIngress.mpls_tbl': hit with handle 2
[01:16:25.228] [bmv2] [D] [thread 53281] [22.0] [cxt 0] Dumping entry 2
Match key:
* hdr.mpls.label      : EXACT     000003
Action entry: MyIngress.mpls_forward - 90a00,4,

[01:16:25.228] [bmv2] [D] [thread 53281] [22.0] [cxt 0] Action entry is MyIngress.mpls_forward - 90a00,4,
[01:16:25.228] [bmv2] [T] [thread 53281] [22.0] [cxt 0] Action MyIngress.mpls_forward
[01:16:25.228] [bmv2] [T] [thread 53281] [22.0] [cxt 0] mejora.p4(149) Primitive hdr.ethernet.srcAddr = hdr.ethernet.dstAddr
[01:16:25.228] [bmv2] [T] [thread 53281] [22.0] [cxt 0] mejora.p4(150) Primitive hdr.ethernet.dstAddr = dstAddr
[01:16:25.228] [bmv2] [T] [thread 53281] [22.0] [cxt 0] mejora.p4(152) Primitive standard_metadata.egress_spec = port
[01:16:25.228] [bmv2] [T] [thread 53281] [22.0] [cxt 0] mejora.p4(153) Primitive hdr.mpls.ttl = hdr.mpls.ttl - 1
[01:16:25.228] [bmv2] [D] [thread 53281] [22.0] [cxt 0] Pipeline 'ingress': end
[01:16:25.228] [bmv2] [D] [thread 53281] [22.0] [cxt 0] Egress port is 4
[01:16:25.228] [bmv2] [D] [thread 53282] [22.0] [cxt 0] Pipeline 'egress': start
[01:16:25.228] [bmv2] [T] [thread 53282] [22.0] [cxt 0] mejora.p4(255) Condition "hdr.mpls.isValid()" (node_14) is true
[01:16:25.228] [bmv2] [T] [thread 53282] [22.0] [cxt 0] Applying table 'MyEgress.check_is_egress_border'
[01:16:25.228] [bmv2] [D] [thread 53282] [22.0] [cxt 0] Looking up key:
* standard_metadata.egress_port: 0004

[01:16:25.228] [bmv2] [D] [thread 53282] [22.0] [cxt 0] Table 'MyEgress.check_is_egress_border': miss
[01:16:25.228] [bmv2] [D] [thread 53282] [22.0] [cxt 0] Action entry is NoAction - 
[01:16:25.228] [bmv2] [T] [thread 53282] [22.0] [cxt 0] Action NoAction
[01:16:25.228] [bmv2] [D] [thread 53282] [22.0] [cxt 0] Pipeline 'egress': end
[01:16:25.228] [bmv2] [D] [thread 53282] [22.0] [cxt 0] Deparser 'deparser': start
[01:16:25.229] [bmv2] [D] [thread 53282] [22.0] [cxt 0] Updating checksum 'cksum'
[01:16:25.229] [bmv2] [D] [thread 53282] [22.0] [cxt 0] Deparsing header 'ethernet'
[01:16:25.229] [bmv2] [D] [thread 53282] [22.0] [cxt 0] Deparsing header 'mpls'
[01:16:25.229] [bmv2] [D] [thread 53282] [22.0] [cxt 0] Deparsing header 'ipv4'
[01:16:25.229] [bmv2] [D] [thread 53282] [22.0] [cxt 0] Deparser 'deparser': end
[01:16:25.229] [bmv2] [D] [thread 53286] [22.0] [cxt 0] Transmitting packet of size 102 out of port 4
[01:16:25.233] [bmv2] [D] [thread 53281] [23.0] [cxt 0] Processing packet received on port 3
[01:16:25.233] [bmv2] [D] [thread 53281] [23.0] [cxt 0] Parser 'parser': start
[01:16:25.233] [bmv2] [D] [thread 53281] [23.0] [cxt 0] Parser 'parser' entering state 'start'
[01:16:25.233] [bmv2] [D] [thread 53281] [23.0] [cxt 0] Extracting header 'ethernet'
[01:16:25.233] [bmv2] [D] [thread 53281] [23.0] [cxt 0] Parser state 'start': key is 8847
[01:16:25.233] [bmv2] [T] [thread 53281] [23.0] [cxt 0] Bytes parsed: 14
[01:16:25.233] [bmv2] [D] [thread 53281] [23.0] [cxt 0] Parser 'parser' entering state 'parse_mpls'
[01:16:25.233] [bmv2] [D] [thread 53281] [23.0] [cxt 0] Extracting header 'mpls'
[01:16:25.233] [bmv2] [D] [thread 53281] [23.0] [cxt 0] Parser state 'parse_mpls' has no switch, going to default next state
[01:16:25.233] [bmv2] [T] [thread 53281] [23.0] [cxt 0] Bytes parsed: 18
[01:16:25.233] [bmv2] [D] [thread 53281] [23.0] [cxt 0] Parser 'parser' entering state 'parse_ipv4'
[01:16:25.233] [bmv2] [D] [thread 53281] [23.0] [cxt 0] Extracting header 'ipv4'
[01:16:25.233] [bmv2] [D] [thread 53281] [23.0] [cxt 0] Parser state 'parse_ipv4' has no switch, going to default next state
[01:16:25.233] [bmv2] [T] [thread 53281] [23.0] [cxt 0] Bytes parsed: 38
[01:16:25.233] [bmv2] [D] [thread 53281] [23.0] [cxt 0] Parser 'parser': end
[01:16:25.233] [bmv2] [D] [thread 53281] [23.0] [cxt 0] Pipeline 'ingress': start
[01:16:25.233] [bmv2] [T] [thread 53281] [23.0] [cxt 0] mejora.p4(202) Condition "hdr.ipv4.isValid()" (node_2) is true
[01:16:25.233] [bmv2] [T] [thread 53281] [23.0] [cxt 0] mejora.p4(203) Condition "hdr.ipv4.protocol == 1" (node_3) is true
[01:16:25.233] [bmv2] [T] [thread 53281] [23.0] [cxt 0] Applying table 'MyIngress.check_is_ingress_border'
[01:16:25.233] [bmv2] [D] [thread 53281] [23.0] [cxt 0] Looking up key:
* standard_metadata.ingress_port: 0003

[01:16:25.233] [bmv2] [D] [thread 53281] [23.0] [cxt 0] Table 'MyIngress.check_is_ingress_border': miss
[01:16:25.233] [bmv2] [D] [thread 53281] [23.0] [cxt 0] Action entry is NoAction - 
[01:16:25.233] [bmv2] [T] [thread 53281] [23.0] [cxt 0] Action NoAction
[01:16:25.233] [bmv2] [T] [thread 53281] [23.0] [cxt 0] mejora.p4(207) Condition "meta.is_ingress_border == 1" (node_5) is false
[01:16:25.233] [bmv2] [T] [thread 53281] [23.0] [cxt 0] mejora.p4(212) Condition "hdr.mpls.isValid()" (node_7) is true
[01:16:25.233] [bmv2] [T] [thread 53281] [23.0] [cxt 0] Applying table 'MyIngress.mpls_tbl'
[01:16:25.233] [bmv2] [D] [thread 53281] [23.0] [cxt 0] Looking up key:
* hdr.mpls.label      : 000004

[01:16:25.233] [bmv2] [D] [thread 53281] [23.0] [cxt 0] Table 'MyIngress.mpls_tbl': hit with handle 3
[01:16:25.233] [bmv2] [D] [thread 53281] [23.0] [cxt 0] Dumping entry 3
Match key:
* hdr.mpls.label      : EXACT     000004
Action entry: MyIngress.mpls_forward - a0a0402,1,

[01:16:25.233] [bmv2] [D] [thread 53281] [23.0] [cxt 0] Action entry is MyIngress.mpls_forward - a0a0402,1,
[01:16:25.233] [bmv2] [T] [thread 53281] [23.0] [cxt 0] Action MyIngress.mpls_forward
[01:16:25.233] [bmv2] [T] [thread 53281] [23.0] [cxt 0] mejora.p4(149) Primitive hdr.ethernet.srcAddr = hdr.ethernet.dstAddr
[01:16:25.233] [bmv2] [T] [thread 53281] [23.0] [cxt 0] mejora.p4(150) Primitive hdr.ethernet.dstAddr = dstAddr
[01:16:25.233] [bmv2] [T] [thread 53281] [23.0] [cxt 0] mejora.p4(152) Primitive standard_metadata.egress_spec = port
[01:16:25.233] [bmv2] [T] [thread 53281] [23.0] [cxt 0] mejora.p4(153) Primitive hdr.mpls.ttl = hdr.mpls.ttl - 1
[01:16:25.233] [bmv2] [D] [thread 53281] [23.0] [cxt 0] Pipeline 'ingress': end
[01:16:25.233] [bmv2] [D] [thread 53281] [23.0] [cxt 0] Egress port is 1
[01:16:25.233] [bmv2] [D] [thread 53283] [23.0] [cxt 0] Pipeline 'egress': start
[01:16:25.233] [bmv2] [T] [thread 53283] [23.0] [cxt 0] mejora.p4(255) Condition "hdr.mpls.isValid()" (node_14) is true
[01:16:25.233] [bmv2] [T] [thread 53283] [23.0] [cxt 0] Applying table 'MyEgress.check_is_egress_border'
[01:16:25.233] [bmv2] [D] [thread 53283] [23.0] [cxt 0] Looking up key:
* standard_metadata.egress_port: 0001

[01:16:25.233] [bmv2] [D] [thread 53283] [23.0] [cxt 0] Table 'MyEgress.check_is_egress_border': hit with handle 0
[01:16:25.233] [bmv2] [D] [thread 53283] [23.0] [cxt 0] Dumping entry 0
Match key:
* standard_metadata.egress_port: EXACT     0001
Action entry: MyEgress.is_egress_border - 

[01:16:25.233] [bmv2] [D] [thread 53283] [23.0] [cxt 0] Action entry is MyEgress.is_egress_border - 
[01:16:25.233] [bmv2] [T] [thread 53283] [23.0] [cxt 0] Action MyEgress.is_egress_border
[01:16:25.233] [bmv2] [T] [thread 53283] [23.0] [cxt 0] mejora.p4(236) Primitive hdr.mpls.setInvalid()
[01:16:25.233] [bmv2] [T] [thread 53283] [23.0] [cxt 0] mejora.p4(5) Primitive 0x800; ...
[01:16:25.233] [bmv2] [T] [thread 53283] [23.0] [cxt 0] mejora.p4(238) Primitive hdr.ipv4.ttl = hdr.ipv4.ttl - 1
[01:16:25.233] [bmv2] [D] [thread 53283] [23.0] [cxt 0] Pipeline 'egress': end
[01:16:25.233] [bmv2] [D] [thread 53283] [23.0] [cxt 0] Deparser 'deparser': start
[01:16:25.233] [bmv2] [D] [thread 53283] [23.0] [cxt 0] Updating checksum 'cksum'
[01:16:25.233] [bmv2] [D] [thread 53283] [23.0] [cxt 0] Deparsing header 'ethernet'
[01:16:25.233] [bmv2] [D] [thread 53283] [23.0] [cxt 0] Deparsing header 'ipv4'
[01:16:25.233] [bmv2] [D] [thread 53283] [23.0] [cxt 0] Deparser 'deparser': end
[01:16:25.233] [bmv2] [D] [thread 53286] [23.0] [cxt 0] Transmitting packet of size 98 out of port 1
