Calling target program-options parser
Adding interface s2-eth1 as port 1
[01:16:07.483] [bmv2] [D] [thread 52534] Adding interface s2-eth1 as port 1
Adding interface s2-eth2 as port 2
[01:16:07.508] [bmv2] [D] [thread 52534] Adding interface s2-eth2 as port 2
Server listening on 0.0.0.0:9560
[01:16:07.518] [bmv2] [I] [thread 52534] Starting Thrift server on port 9091
[01:16:07.530] [bmv2] [I] [thread 52534] Thrift server was started
[01:16:18.114] [bmv2] [D] [thread 53064] Set default default entry for table 'MyIngress.check_is_ingress_border': NoAction - 
[01:16:18.114] [bmv2] [D] [thread 53064] Set default default entry for table 'MyIngress.fec_to_label': NoAction - 
[01:16:18.114] [bmv2] [D] [thread 53064] Set default default entry for table 'MyIngress.mpls_tbl': MyIngress.drop - 
[01:16:18.115] [bmv2] [D] [thread 53064] Set default default entry for table 'MyIngress.ipv4_ef': MyIngress.drop - 
[01:16:18.115] [bmv2] [D] [thread 53064] Set default default entry for table 'MyIngress.ipv4_any': MyIngress.drop - 
[01:16:18.115] [bmv2] [D] [thread 53064] Set default default entry for table 'MyEgress.check_is_egress_border': NoAction - 
[01:16:18.120] [bmv2] [D] [thread 53064] simple_switch target has been notified of a config swap
[01:16:18.139] [bmv2] [D] [thread 53079] [0.0] [cxt 0] Processing packet received on port 1
[01:16:18.139] [bmv2] [D] [thread 53079] [0.0] [cxt 0] Parser 'parser': start
[01:16:18.139] [bmv2] [D] [thread 53079] [0.0] [cxt 0] Parser 'parser' entering state 'start'
[01:16:18.139] [bmv2] [D] [thread 53079] [0.0] [cxt 0] Extracting header 'ethernet'
[01:16:18.139] [bmv2] [D] [thread 53079] [0.0] [cxt 0] Parser state 'start': key is 86dd
[01:16:18.139] [bmv2] [T] [thread 53079] [0.0] [cxt 0] Bytes parsed: 14
[01:16:18.139] [bmv2] [D] [thread 53079] [0.0] [cxt 0] Parser 'parser': end
[01:16:18.139] [bmv2] [D] [thread 53079] [0.0] [cxt 0] Pipeline 'ingress': start
[01:16:18.139] [bmv2] [T] [thread 53079] [0.0] [cxt 0] mejora.p4(202) Condition "hdr.ipv4.isValid()" (node_2) is false
[01:16:18.139] [bmv2] [D] [thread 53079] [0.0] [cxt 0] Pipeline 'ingress': end
[01:16:18.139] [bmv2] [D] [thread 53079] [0.0] [cxt 0] Egress port is 0
[01:16:18.140] [bmv2] [D] [thread 53079] [1.0] [cxt 0] Processing packet received on port 2
[01:16:18.140] [bmv2] [D] [thread 53079] [1.0] [cxt 0] Parser 'parser': start
[01:16:18.140] [bmv2] [D] [thread 53079] [1.0] [cxt 0] Parser 'parser' entering state 'start'
[01:16:18.140] [bmv2] [D] [thread 53079] [1.0] [cxt 0] Extracting header 'ethernet'
[01:16:18.140] [bmv2] [D] [thread 53079] [1.0] [cxt 0] Parser state 'start': key is 86dd
[01:16:18.140] [bmv2] [T] [thread 53079] [1.0] [cxt 0] Bytes parsed: 14
[01:16:18.140] [bmv2] [D] [thread 53079] [1.0] [cxt 0] Parser 'parser': end
[01:16:18.140] [bmv2] [D] [thread 53079] [1.0] [cxt 0] Pipeline 'ingress': start
[01:16:18.140] [bmv2] [T] [thread 53079] [1.0] [cxt 0] mejora.p4(202) Condition "hdr.ipv4.isValid()" (node_2) is false
[01:16:18.140] [bmv2] [D] [thread 53079] [1.0] [cxt 0] Pipeline 'ingress': end
[01:16:18.140] [bmv2] [D] [thread 53079] [1.0] [cxt 0] Egress port is 0
[01:16:18.140] [bmv2] [D] [thread 53079] [2.0] [cxt 0] Processing packet received on port 1
[01:16:18.140] [bmv2] [D] [thread 53079] [2.0] [cxt 0] Parser 'parser': start
[01:16:18.140] [bmv2] [D] [thread 53079] [2.0] [cxt 0] Parser 'parser' entering state 'start'
[01:16:18.140] [bmv2] [D] [thread 53079] [2.0] [cxt 0] Extracting header 'ethernet'
[01:16:18.140] [bmv2] [D] [thread 53079] [2.0] [cxt 0] Parser state 'start': key is 86dd
[01:16:18.140] [bmv2] [T] [thread 53079] [2.0] [cxt 0] Bytes parsed: 14
[01:16:18.140] [bmv2] [D] [thread 53079] [2.0] [cxt 0] Parser 'parser': end
[01:16:18.140] [bmv2] [D] [thread 53079] [2.0] [cxt 0] Pipeline 'ingress': start
[01:16:18.140] [bmv2] [T] [thread 53079] [2.0] [cxt 0] mejora.p4(202) Condition "hdr.ipv4.isValid()" (node_2) is false
[01:16:18.140] [bmv2] [D] [thread 53079] [2.0] [cxt 0] Pipeline 'ingress': end
[01:16:18.140] [bmv2] [D] [thread 53079] [2.0] [cxt 0] Egress port is 0
[01:16:18.140] [bmv2] [D] [thread 53079] [3.0] [cxt 0] Processing packet received on port 2
[01:16:18.140] [bmv2] [D] [thread 53079] [3.0] [cxt 0] Parser 'parser': start
[01:16:18.140] [bmv2] [D] [thread 53079] [3.0] [cxt 0] Parser 'parser' entering state 'start'
[01:16:18.140] [bmv2] [D] [thread 53079] [3.0] [cxt 0] Extracting header 'ethernet'
[01:16:18.140] [bmv2] [D] [thread 53079] [3.0] [cxt 0] Parser state 'start': key is 86dd
[01:16:18.140] [bmv2] [T] [thread 53079] [3.0] [cxt 0] Bytes parsed: 14
[01:16:18.140] [bmv2] [D] [thread 53079] [3.0] [cxt 0] Parser 'parser': end
[01:16:18.140] [bmv2] [D] [thread 53079] [3.0] [cxt 0] Pipeline 'ingress': start
[01:16:18.140] [bmv2] [T] [thread 53079] [3.0] [cxt 0] mejora.p4(202) Condition "hdr.ipv4.isValid()" (node_2) is false
[01:16:18.140] [bmv2] [D] [thread 53079] [3.0] [cxt 0] Pipeline 'ingress': end
[01:16:18.140] [bmv2] [D] [thread 53079] [3.0] [cxt 0] Egress port is 0
[01:16:18.140] [bmv2] [D] [thread 53079] [4.0] [cxt 0] Processing packet received on port 1
[01:16:18.140] [bmv2] [D] [thread 53079] [4.0] [cxt 0] Parser 'parser': start
[01:16:18.140] [bmv2] [D] [thread 53079] [4.0] [cxt 0] Parser 'parser' entering state 'start'
[01:16:18.140] [bmv2] [D] [thread 53079] [4.0] [cxt 0] Extracting header 'ethernet'
[01:16:18.140] [bmv2] [D] [thread 53079] [4.0] [cxt 0] Parser state 'start': key is 86dd
[01:16:18.140] [bmv2] [T] [thread 53079] [4.0] [cxt 0] Bytes parsed: 14
[01:16:18.140] [bmv2] [D] [thread 53079] [4.0] [cxt 0] Parser 'parser': end
[01:16:18.140] [bmv2] [D] [thread 53079] [4.0] [cxt 0] Pipeline 'ingress': start
[01:16:18.140] [bmv2] [T] [thread 53079] [4.0] [cxt 0] mejora.p4(202) Condition "hdr.ipv4.isValid()" (node_2) is false
[01:16:18.140] [bmv2] [D] [thread 53079] [4.0] [cxt 0] Pipeline 'ingress': end
[01:16:18.140] [bmv2] [D] [thread 53079] [4.0] [cxt 0] Egress port is 0
[01:16:18.140] [bmv2] [D] [thread 53079] [5.0] [cxt 0] Processing packet received on port 2
[01:16:18.140] [bmv2] [D] [thread 53079] [5.0] [cxt 0] Parser 'parser': start
[01:16:18.140] [bmv2] [D] [thread 53079] [5.0] [cxt 0] Parser 'parser' entering state 'start'
[01:16:18.140] [bmv2] [D] [thread 53079] [5.0] [cxt 0] Extracting header 'ethernet'
[01:16:18.140] [bmv2] [D] [thread 53079] [5.0] [cxt 0] Parser state 'start': key is 86dd
[01:16:18.140] [bmv2] [T] [thread 53079] [5.0] [cxt 0] Bytes parsed: 14
[01:16:18.140] [bmv2] [D] [thread 53079] [5.0] [cxt 0] Parser 'parser': end
[01:16:18.140] [bmv2] [D] [thread 53079] [5.0] [cxt 0] Pipeline 'ingress': start
[01:16:18.140] [bmv2] [T] [thread 53079] [5.0] [cxt 0] mejora.p4(202) Condition "hdr.ipv4.isValid()" (node_2) is false
[01:16:18.140] [bmv2] [D] [thread 53079] [5.0] [cxt 0] Pipeline 'ingress': end
[01:16:18.140] [bmv2] [D] [thread 53079] [5.0] [cxt 0] Egress port is 0
[01:16:18.140] [bmv2] [D] [thread 53079] [6.0] [cxt 0] Processing packet received on port 1
[01:16:18.140] [bmv2] [D] [thread 53079] [6.0] [cxt 0] Parser 'parser': start
[01:16:18.140] [bmv2] [D] [thread 53079] [6.0] [cxt 0] Parser 'parser' entering state 'start'
[01:16:18.140] [bmv2] [D] [thread 53079] [6.0] [cxt 0] Extracting header 'ethernet'
[01:16:18.140] [bmv2] [D] [thread 53079] [6.0] [cxt 0] Parser state 'start': key is 86dd
[01:16:18.140] [bmv2] [T] [thread 53079] [6.0] [cxt 0] Bytes parsed: 14
[01:16:18.140] [bmv2] [D] [thread 53079] [6.0] [cxt 0] Parser 'parser': end
[01:16:18.140] [bmv2] [D] [thread 53079] [6.0] [cxt 0] Pipeline 'ingress': start
[01:16:18.140] [bmv2] [T] [thread 53079] [6.0] [cxt 0] mejora.p4(202) Condition "hdr.ipv4.isValid()" (node_2) is false
[01:16:18.140] [bmv2] [D] [thread 53079] [6.0] [cxt 0] Pipeline 'ingress': end
[01:16:18.140] [bmv2] [D] [thread 53079] [6.0] [cxt 0] Egress port is 0
[01:16:18.140] [bmv2] [D] [thread 53079] [7.0] [cxt 0] Processing packet received on port 2
[01:16:18.140] [bmv2] [D] [thread 53079] [7.0] [cxt 0] Parser 'parser': start
[01:16:18.140] [bmv2] [D] [thread 53079] [7.0] [cxt 0] Parser 'parser' entering state 'start'
[01:16:18.140] [bmv2] [D] [thread 53079] [7.0] [cxt 0] Extracting header 'ethernet'
[01:16:18.140] [bmv2] [D] [thread 53079] [7.0] [cxt 0] Parser state 'start': key is 86dd
[01:16:18.140] [bmv2] [T] [thread 53079] [7.0] [cxt 0] Bytes parsed: 14
[01:16:18.140] [bmv2] [D] [thread 53079] [7.0] [cxt 0] Parser 'parser': end
[01:16:18.140] [bmv2] [D] [thread 53079] [7.0] [cxt 0] Pipeline 'ingress': start
[01:16:18.140] [bmv2] [T] [thread 53079] [7.0] [cxt 0] mejora.p4(202) Condition "hdr.ipv4.isValid()" (node_2) is false
[01:16:18.140] [bmv2] [D] [thread 53079] [7.0] [cxt 0] Pipeline 'ingress': end
[01:16:18.140] [bmv2] [D] [thread 53079] [7.0] [cxt 0] Egress port is 0
[01:16:18.140] [bmv2] [D] [thread 53079] [8.0] [cxt 0] Processing packet received on port 1
[01:16:18.140] [bmv2] [D] [thread 53079] [8.0] [cxt 0] Parser 'parser': start
[01:16:18.140] [bmv2] [D] [thread 53079] [8.0] [cxt 0] Parser 'parser' entering state 'start'
[01:16:18.140] [bmv2] [D] [thread 53079] [8.0] [cxt 0] Extracting header 'ethernet'
[01:16:18.140] [bmv2] [D] [thread 53079] [8.0] [cxt 0] Parser state 'start': key is 86dd
[01:16:18.140] [bmv2] [T] [thread 53079] [8.0] [cxt 0] Bytes parsed: 14
[01:16:18.140] [bmv2] [D] [thread 53079] [8.0] [cxt 0] Parser 'parser': end
[01:16:18.140] [bmv2] [D] [thread 53079] [8.0] [cxt 0] Pipeline 'ingress': start
[01:16:18.140] [bmv2] [T] [thread 53079] [8.0] [cxt 0] mejora.p4(202) Condition "hdr.ipv4.isValid()" (node_2) is false
[01:16:18.140] [bmv2] [D] [thread 53079] [8.0] [cxt 0] Pipeline 'ingress': end
[01:16:18.140] [bmv2] [D] [thread 53079] [8.0] [cxt 0] Egress port is 0
[01:16:18.140] [bmv2] [D] [thread 53079] [9.0] [cxt 0] Processing packet received on port 2
[01:16:18.140] [bmv2] [D] [thread 53079] [9.0] [cxt 0] Parser 'parser': start
[01:16:18.140] [bmv2] [D] [thread 53079] [9.0] [cxt 0] Parser 'parser' entering state 'start'
[01:16:18.140] [bmv2] [D] [thread 53079] [9.0] [cxt 0] Extracting header 'ethernet'
[01:16:18.140] [bmv2] [D] [thread 53079] [9.0] [cxt 0] Parser state 'start': key is 86dd
[01:16:18.140] [bmv2] [T] [thread 53079] [9.0] [cxt 0] Bytes parsed: 14
[01:16:18.140] [bmv2] [D] [thread 53079] [9.0] [cxt 0] Parser 'parser': end
[01:16:18.140] [bmv2] [D] [thread 53079] [9.0] [cxt 0] Pipeline 'ingress': start
[01:16:18.140] [bmv2] [T] [thread 53079] [9.0] [cxt 0] mejora.p4(202) Condition "hdr.ipv4.isValid()" (node_2) is false
[01:16:18.140] [bmv2] [D] [thread 53079] [9.0] [cxt 0] Pipeline 'ingress': end
[01:16:18.140] [bmv2] [D] [thread 53079] [9.0] [cxt 0] Egress port is 0
[01:16:18.140] [bmv2] [D] [thread 53079] [10.0] [cxt 0] Processing packet received on port 1
[01:16:18.141] [bmv2] [D] [thread 53079] [10.0] [cxt 0] Parser 'parser': start
[01:16:18.141] [bmv2] [D] [thread 53079] [10.0] [cxt 0] Parser 'parser' entering state 'start'
[01:16:18.141] [bmv2] [D] [thread 53079] [10.0] [cxt 0] Extracting header 'ethernet'
[01:16:18.141] [bmv2] [D] [thread 53079] [10.0] [cxt 0] Parser state 'start': key is 86dd
[01:16:18.141] [bmv2] [T] [thread 53079] [10.0] [cxt 0] Bytes parsed: 14
[01:16:18.141] [bmv2] [D] [thread 53079] [10.0] [cxt 0] Parser 'parser': end
[01:16:18.141] [bmv2] [D] [thread 53079] [10.0] [cxt 0] Pipeline 'ingress': start
[01:16:18.141] [bmv2] [T] [thread 53079] [10.0] [cxt 0] mejora.p4(202) Condition "hdr.ipv4.isValid()" (node_2) is false
[01:16:18.141] [bmv2] [D] [thread 53079] [10.0] [cxt 0] Pipeline 'ingress': end
[01:16:18.141] [bmv2] [D] [thread 53079] [10.0] [cxt 0] Egress port is 0
[01:16:18.141] [bmv2] [D] [thread 53079] [11.0] [cxt 0] Processing packet received on port 2
[01:16:18.141] [bmv2] [D] [thread 53079] [11.0] [cxt 0] Parser 'parser': start
[01:16:18.141] [bmv2] [D] [thread 53079] [11.0] [cxt 0] Parser 'parser' entering state 'start'
[01:16:18.141] [bmv2] [D] [thread 53079] [11.0] [cxt 0] Extracting header 'ethernet'
[01:16:18.141] [bmv2] [D] [thread 53079] [11.0] [cxt 0] Parser state 'start': key is 86dd
[01:16:18.141] [bmv2] [T] [thread 53079] [11.0] [cxt 0] Bytes parsed: 14
[01:16:18.141] [bmv2] [D] [thread 53079] [11.0] [cxt 0] Parser 'parser': end
[01:16:18.141] [bmv2] [D] [thread 53079] [11.0] [cxt 0] Pipeline 'ingress': start
[01:16:18.141] [bmv2] [T] [thread 53079] [11.0] [cxt 0] mejora.p4(202) Condition "hdr.ipv4.isValid()" (node_2) is false
[01:16:18.141] [bmv2] [D] [thread 53079] [11.0] [cxt 0] Pipeline 'ingress': end
[01:16:18.141] [bmv2] [D] [thread 53079] [11.0] [cxt 0] Egress port is 0
[01:16:18.141] [bmv2] [D] [thread 53079] [12.0] [cxt 0] Processing packet received on port 2
[01:16:18.141] [bmv2] [D] [thread 53079] [12.0] [cxt 0] Parser 'parser': start
[01:16:18.141] [bmv2] [D] [thread 53079] [12.0] [cxt 0] Parser 'parser' entering state 'start'
[01:16:18.141] [bmv2] [D] [thread 53079] [12.0] [cxt 0] Extracting header 'ethernet'
[01:16:18.141] [bmv2] [D] [thread 53079] [12.0] [cxt 0] Parser state 'start': key is 86dd
[01:16:18.141] [bmv2] [T] [thread 53079] [12.0] [cxt 0] Bytes parsed: 14
[01:16:18.141] [bmv2] [D] [thread 53079] [12.0] [cxt 0] Parser 'parser': end
[01:16:18.141] [bmv2] [D] [thread 53079] [12.0] [cxt 0] Pipeline 'ingress': start
[01:16:18.141] [bmv2] [T] [thread 53079] [12.0] [cxt 0] mejora.p4(202) Condition "hdr.ipv4.isValid()" (node_2) is false
[01:16:18.141] [bmv2] [D] [thread 53079] [12.0] [cxt 0] Pipeline 'ingress': end
[01:16:18.141] [bmv2] [D] [thread 53079] [12.0] [cxt 0] Egress port is 0
[01:16:18.141] [bmv2] [D] [thread 53079] [13.0] [cxt 0] Processing packet received on port 2
[01:16:18.141] [bmv2] [D] [thread 53079] [13.0] [cxt 0] Parser 'parser': start
[01:16:18.141] [bmv2] [D] [thread 53079] [13.0] [cxt 0] Parser 'parser' entering state 'start'
[01:16:18.141] [bmv2] [D] [thread 53079] [13.0] [cxt 0] Extracting header 'ethernet'
[01:16:18.141] [bmv2] [D] [thread 53079] [13.0] [cxt 0] Parser state 'start': key is 86dd
[01:16:18.141] [bmv2] [T] [thread 53079] [13.0] [cxt 0] Bytes parsed: 14
[01:16:18.141] [bmv2] [D] [thread 53079] [13.0] [cxt 0] Parser 'parser': end
[01:16:18.141] [bmv2] [D] [thread 53079] [13.0] [cxt 0] Pipeline 'ingress': start
[01:16:18.141] [bmv2] [T] [thread 53079] [13.0] [cxt 0] mejora.p4(202) Condition "hdr.ipv4.isValid()" (node_2) is false
[01:16:18.141] [bmv2] [D] [thread 53079] [13.0] [cxt 0] Pipeline 'ingress': end
[01:16:18.141] [bmv2] [D] [thread 53079] [13.0] [cxt 0] Egress port is 0
[01:16:18.147] [bmv2] [D] [thread 53080] [0.0] [cxt 0] Pipeline 'egress': start
[01:16:18.147] [bmv2] [T] [thread 53080] [0.0] [cxt 0] mejora.p4(255) Condition "hdr.mpls.isValid()" (node_14) is false
[01:16:18.147] [bmv2] [D] [thread 53080] [0.0] [cxt 0] Pipeline 'egress': end
[01:16:18.147] [bmv2] [D] [thread 53080] [0.0] [cxt 0] Deparser 'deparser': start
[01:16:18.147] [bmv2] [T] [thread 53080] [0.0] [cxt 0] Skipping checksum 'cksum' update because condition not met
[01:16:18.147] [bmv2] [D] [thread 53080] [0.0] [cxt 0] Deparsing header 'ethernet'
[01:16:18.147] [bmv2] [D] [thread 53080] [0.0] [cxt 0] Deparser 'deparser': end
[01:16:18.147] [bmv2] [D] [thread 53080] [1.0] [cxt 0] Pipeline 'egress': start
[01:16:18.147] [bmv2] [T] [thread 53080] [1.0] [cxt 0] mejora.p4(255) Condition "hdr.mpls.isValid()" (node_14) is false
[01:16:18.147] [bmv2] [D] [thread 53080] [1.0] [cxt 0] Pipeline 'egress': end
[01:16:18.147] [bmv2] [D] [thread 53080] [1.0] [cxt 0] Deparser 'deparser': start
[01:16:18.147] [bmv2] [T] [thread 53080] [1.0] [cxt 0] Skipping checksum 'cksum' update because condition not met
[01:16:18.147] [bmv2] [D] [thread 53080] [1.0] [cxt 0] Deparsing header 'ethernet'
[01:16:18.147] [bmv2] [D] [thread 53080] [1.0] [cxt 0] Deparser 'deparser': end
[01:16:18.147] [bmv2] [D] [thread 53080] [2.0] [cxt 0] Pipeline 'egress': start
[01:16:18.147] [bmv2] [T] [thread 53080] [2.0] [cxt 0] mejora.p4(255) Condition "hdr.mpls.isValid()" (node_14) is false
[01:16:18.147] [bmv2] [D] [thread 53080] [2.0] [cxt 0] Pipeline 'egress': end
[01:16:18.147] [bmv2] [D] [thread 53080] [2.0] [cxt 0] Deparser 'deparser': start
[01:16:18.147] [bmv2] [T] [thread 53080] [2.0] [cxt 0] Skipping checksum 'cksum' update because condition not met
[01:16:18.147] [bmv2] [D] [thread 53080] [2.0] [cxt 0] Deparsing header 'ethernet'
[01:16:18.147] [bmv2] [D] [thread 53080] [2.0] [cxt 0] Deparser 'deparser': end
[01:16:18.147] [bmv2] [D] [thread 53080] [3.0] [cxt 0] Pipeline 'egress': start
[01:16:18.147] [bmv2] [T] [thread 53080] [3.0] [cxt 0] mejora.p4(255) Condition "hdr.mpls.isValid()" (node_14) is false
[01:16:18.147] [bmv2] [D] [thread 53080] [3.0] [cxt 0] Pipeline 'egress': end
[01:16:18.147] [bmv2] [D] [thread 53080] [3.0] [cxt 0] Deparser 'deparser': start
[01:16:18.147] [bmv2] [T] [thread 53080] [3.0] [cxt 0] Skipping checksum 'cksum' update because condition not met
[01:16:18.147] [bmv2] [D] [thread 53080] [3.0] [cxt 0] Deparsing header 'ethernet'
[01:16:18.147] [bmv2] [D] [thread 53080] [3.0] [cxt 0] Deparser 'deparser': end
[01:16:18.147] [bmv2] [D] [thread 53080] [4.0] [cxt 0] Pipeline 'egress': start
[01:16:18.147] [bmv2] [T] [thread 53080] [4.0] [cxt 0] mejora.p4(255) Condition "hdr.mpls.isValid()" (node_14) is false
[01:16:18.147] [bmv2] [D] [thread 53080] [4.0] [cxt 0] Pipeline 'egress': end
[01:16:18.147] [bmv2] [D] [thread 53080] [4.0] [cxt 0] Deparser 'deparser': start
[01:16:18.147] [bmv2] [T] [thread 53080] [4.0] [cxt 0] Skipping checksum 'cksum' update because condition not met
[01:16:18.147] [bmv2] [D] [thread 53080] [4.0] [cxt 0] Deparsing header 'ethernet'
[01:16:18.147] [bmv2] [D] [thread 53080] [4.0] [cxt 0] Deparser 'deparser': end
[01:16:18.148] [bmv2] [D] [thread 53080] [5.0] [cxt 0] Pipeline 'egress': start
[01:16:18.148] [bmv2] [T] [thread 53080] [5.0] [cxt 0] mejora.p4(255) Condition "hdr.mpls.isValid()" (node_14) is false
[01:16:18.148] [bmv2] [D] [thread 53080] [5.0] [cxt 0] Pipeline 'egress': end
[01:16:18.148] [bmv2] [D] [thread 53080] [5.0] [cxt 0] Deparser 'deparser': start
[01:16:18.148] [bmv2] [T] [thread 53080] [5.0] [cxt 0] Skipping checksum 'cksum' update because condition not met
[01:16:18.148] [bmv2] [D] [thread 53080] [5.0] [cxt 0] Deparsing header 'ethernet'
[01:16:18.148] [bmv2] [D] [thread 53080] [5.0] [cxt 0] Deparser 'deparser': end
[01:16:18.148] [bmv2] [D] [thread 53080] [6.0] [cxt 0] Pipeline 'egress': start
[01:16:18.148] [bmv2] [T] [thread 53080] [6.0] [cxt 0] mejora.p4(255) Condition "hdr.mpls.isValid()" (node_14) is false
[01:16:18.148] [bmv2] [D] [thread 53080] [6.0] [cxt 0] Pipeline 'egress': end
[01:16:18.148] [bmv2] [D] [thread 53080] [6.0] [cxt 0] Deparser 'deparser': start
[01:16:18.148] [bmv2] [T] [thread 53080] [6.0] [cxt 0] Skipping checksum 'cksum' update because condition not met
[01:16:18.148] [bmv2] [D] [thread 53080] [6.0] [cxt 0] Deparsing header 'ethernet'
[01:16:18.148] [bmv2] [D] [thread 53080] [6.0] [cxt 0] Deparser 'deparser': end
[01:16:18.148] [bmv2] [D] [thread 53080] [7.0] [cxt 0] Pipeline 'egress': start
[01:16:18.148] [bmv2] [T] [thread 53080] [7.0] [cxt 0] mejora.p4(255) Condition "hdr.mpls.isValid()" (node_14) is false
[01:16:18.148] [bmv2] [D] [thread 53080] [7.0] [cxt 0] Pipeline 'egress': end
[01:16:18.148] [bmv2] [D] [thread 53080] [7.0] [cxt 0] Deparser 'deparser': start
[01:16:18.148] [bmv2] [T] [thread 53080] [7.0] [cxt 0] Skipping checksum 'cksum' update because condition not met
[01:16:18.148] [bmv2] [D] [thread 53080] [7.0] [cxt 0] Deparsing header 'ethernet'
[01:16:18.148] [bmv2] [D] [thread 53080] [7.0] [cxt 0] Deparser 'deparser': end
[01:16:18.148] [bmv2] [D] [thread 53080] [8.0] [cxt 0] Pipeline 'egress': start
[01:16:18.148] [bmv2] [T] [thread 53080] [8.0] [cxt 0] mejora.p4(255) Condition "hdr.mpls.isValid()" (node_14) is false
[01:16:18.148] [bmv2] [D] [thread 53080] [8.0] [cxt 0] Pipeline 'egress': end
[01:16:18.148] [bmv2] [D] [thread 53080] [8.0] [cxt 0] Deparser 'deparser': start
[01:16:18.148] [bmv2] [T] [thread 53080] [8.0] [cxt 0] Skipping checksum 'cksum' update because condition not met
[01:16:18.148] [bmv2] [D] [thread 53080] [8.0] [cxt 0] Deparsing header 'ethernet'
[01:16:18.148] [bmv2] [D] [thread 53080] [8.0] [cxt 0] Deparser 'deparser': end
[01:16:18.148] [bmv2] [D] [thread 53080] [9.0] [cxt 0] Pipeline 'egress': start
[01:16:18.148] [bmv2] [T] [thread 53080] [9.0] [cxt 0] mejora.p4(255) Condition "hdr.mpls.isValid()" (node_14) is false
[01:16:18.148] [bmv2] [D] [thread 53080] [9.0] [cxt 0] Pipeline 'egress': end
[01:16:18.148] [bmv2] [D] [thread 53080] [9.0] [cxt 0] Deparser 'deparser': start
[01:16:18.148] [bmv2] [T] [thread 53080] [9.0] [cxt 0] Skipping checksum 'cksum' update because condition not met
[01:16:18.148] [bmv2] [D] [thread 53080] [9.0] [cxt 0] Deparsing header 'ethernet'
[01:16:18.148] [bmv2] [D] [thread 53080] [9.0] [cxt 0] Deparser 'deparser': end
[01:16:18.148] [bmv2] [D] [thread 53080] [10.0] [cxt 0] Pipeline 'egress': start
[01:16:18.148] [bmv2] [T] [thread 53080] [10.0] [cxt 0] mejora.p4(255) Condition "hdr.mpls.isValid()" (node_14) is false
[01:16:18.148] [bmv2] [D] [thread 53080] [10.0] [cxt 0] Pipeline 'egress': end
[01:16:18.148] [bmv2] [D] [thread 53080] [10.0] [cxt 0] Deparser 'deparser': start
[01:16:18.148] [bmv2] [T] [thread 53080] [10.0] [cxt 0] Skipping checksum 'cksum' update because condition not met
[01:16:18.148] [bmv2] [D] [thread 53080] [10.0] [cxt 0] Deparsing header 'ethernet'
[01:16:18.148] [bmv2] [D] [thread 53080] [10.0] [cxt 0] Deparser 'deparser': end
[01:16:18.148] [bmv2] [D] [thread 53080] [11.0] [cxt 0] Pipeline 'egress': start
[01:16:18.148] [bmv2] [T] [thread 53080] [11.0] [cxt 0] mejora.p4(255) Condition "hdr.mpls.isValid()" (node_14) is false
[01:16:18.148] [bmv2] [D] [thread 53080] [11.0] [cxt 0] Pipeline 'egress': end
[01:16:18.148] [bmv2] [D] [thread 53080] [11.0] [cxt 0] Deparser 'deparser': start
[01:16:18.148] [bmv2] [T] [thread 53080] [11.0] [cxt 0] Skipping checksum 'cksum' update because condition not met
[01:16:18.148] [bmv2] [D] [thread 53080] [11.0] [cxt 0] Deparsing header 'ethernet'
[01:16:18.148] [bmv2] [D] [thread 53080] [11.0] [cxt 0] Deparser 'deparser': end
[01:16:18.148] [bmv2] [D] [thread 53080] [12.0] [cxt 0] Pipeline 'egress': start
[01:16:18.148] [bmv2] [T] [thread 53080] [12.0] [cxt 0] mejora.p4(255) Condition "hdr.mpls.isValid()" (node_14) is false
[01:16:18.148] [bmv2] [D] [thread 53080] [12.0] [cxt 0] Pipeline 'egress': end
[01:16:18.148] [bmv2] [D] [thread 53080] [12.0] [cxt 0] Deparser 'deparser': start
[01:16:18.148] [bmv2] [T] [thread 53080] [12.0] [cxt 0] Skipping checksum 'cksum' update because condition not met
[01:16:18.148] [bmv2] [D] [thread 53080] [12.0] [cxt 0] Deparsing header 'ethernet'
[01:16:18.148] [bmv2] [D] [thread 53080] [12.0] [cxt 0] Deparser 'deparser': end
[01:16:18.148] [bmv2] [D] [thread 53080] [13.0] [cxt 0] Pipeline 'egress': start
[01:16:18.148] [bmv2] [T] [thread 53080] [13.0] [cxt 0] mejora.p4(255) Condition "hdr.mpls.isValid()" (node_14) is false
[01:16:18.148] [bmv2] [D] [thread 53080] [13.0] [cxt 0] Pipeline 'egress': end
[01:16:18.148] [bmv2] [D] [thread 53080] [13.0] [cxt 0] Deparser 'deparser': start
[01:16:18.148] [bmv2] [T] [thread 53080] [13.0] [cxt 0] Skipping checksum 'cksum' update because condition not met
[01:16:18.148] [bmv2] [D] [thread 53080] [13.0] [cxt 0] Deparsing header 'ethernet'
[01:16:18.148] [bmv2] [D] [thread 53080] [13.0] [cxt 0] Deparser 'deparser': end
[01:16:18.148] [bmv2] [D] [thread 53084] [0.0] [cxt 0] Transmitting packet of size 203 out of port 0
[01:16:18.148] [bmv2] [D] [thread 53084] [1.0] [cxt 0] Transmitting packet of size 210 out of port 0
[01:16:18.148] [bmv2] [D] [thread 53084] [2.0] [cxt 0] Transmitting packet of size 203 out of port 0
[01:16:18.148] [bmv2] [D] [thread 53084] [3.0] [cxt 0] Transmitting packet of size 210 out of port 0
[01:16:18.148] [bmv2] [D] [thread 53084] [4.0] [cxt 0] Transmitting packet of size 70 out of port 0
[01:16:18.148] [bmv2] [D] [thread 53084] [5.0] [cxt 0] Transmitting packet of size 203 out of port 0
[01:16:18.148] [bmv2] [D] [thread 53084] [6.0] [cxt 0] Transmitting packet of size 210 out of port 0
[01:16:18.148] [bmv2] [D] [thread 53084] [7.0] [cxt 0] Transmitting packet of size 203 out of port 0
[01:16:18.148] [bmv2] [D] [thread 53084] [8.0] [cxt 0] Transmitting packet of size 210 out of port 0
[01:16:18.148] [bmv2] [D] [thread 53084] [9.0] [cxt 0] Transmitting packet of size 70 out of port 0
[01:16:18.148] [bmv2] [D] [thread 53084] [10.0] [cxt 0] Transmitting packet of size 70 out of port 0
[01:16:18.148] [bmv2] [D] [thread 53084] [11.0] [cxt 0] Transmitting packet of size 210 out of port 0
[01:16:18.148] [bmv2] [D] [thread 53084] [12.0] [cxt 0] Transmitting packet of size 210 out of port 0
[01:16:18.148] [bmv2] [D] [thread 53084] [13.0] [cxt 0] Transmitting packet of size 70 out of port 0
[01:16:18.842] [bmv2] [D] [thread 53071] Entry 0 added to table 'MyIngress.mpls_tbl'
[01:16:18.842] [bmv2] [D] [thread 53071] Dumping entry 0
Match key:
* hdr.mpls.label      : EXACT     000002
Action entry: MyIngress.mpls_forward - 50200,2,

[01:16:18.849] [bmv2] [D] [thread 53071] Entry 0 added to table 'MyIngress.ipv4_any'
[01:16:18.849] [bmv2] [D] [thread 53071] Dumping entry 0
Match key:
* hdr.ipv4.dstAddr    : LPM       0a050202/32
Action entry: MyIngress.ipv4_forward - 50200,2,

[01:16:18.860] [bmv2] [D] [thread 53086] Entry 0 added to table 'MyIngress.ipv4_ef'
[01:16:18.861] [bmv2] [D] [thread 53086] Dumping entry 0
Match key:
* hdr.ipv4.dstAddr    : LPM       0a010102/32
Action entry: MyIngress.ipv4_forward - 10200,1,

[01:16:25.053] [bmv2] [D] [thread 53079] [14.0] [cxt 0] Processing packet received on port 1
[01:16:25.053] [bmv2] [D] [thread 53079] [14.0] [cxt 0] Parser 'parser': start
[01:16:25.053] [bmv2] [D] [thread 53079] [14.0] [cxt 0] Parser 'parser' entering state 'start'
[01:16:25.053] [bmv2] [D] [thread 53079] [14.0] [cxt 0] Extracting header 'ethernet'
[01:16:25.053] [bmv2] [D] [thread 53079] [14.0] [cxt 0] Parser state 'start': key is 8847
[01:16:25.053] [bmv2] [T] [thread 53079] [14.0] [cxt 0] Bytes parsed: 14
[01:16:25.053] [bmv2] [D] [thread 53079] [14.0] [cxt 0] Parser 'parser' entering state 'parse_mpls'
[01:16:25.053] [bmv2] [D] [thread 53079] [14.0] [cxt 0] Extracting header 'mpls'
[01:16:25.053] [bmv2] [D] [thread 53079] [14.0] [cxt 0] Parser state 'parse_mpls' has no switch, going to default next state
[01:16:25.053] [bmv2] [T] [thread 53079] [14.0] [cxt 0] Bytes parsed: 18
[01:16:25.053] [bmv2] [D] [thread 53079] [14.0] [cxt 0] Parser 'parser' entering state 'parse_ipv4'
[01:16:25.053] [bmv2] [D] [thread 53079] [14.0] [cxt 0] Extracting header 'ipv4'
[01:16:25.053] [bmv2] [D] [thread 53079] [14.0] [cxt 0] Parser state 'parse_ipv4' has no switch, going to default next state
[01:16:25.053] [bmv2] [T] [thread 53079] [14.0] [cxt 0] Bytes parsed: 38
[01:16:25.053] [bmv2] [D] [thread 53079] [14.0] [cxt 0] Parser 'parser': end
[01:16:25.053] [bmv2] [D] [thread 53079] [14.0] [cxt 0] Pipeline 'ingress': start
[01:16:25.053] [bmv2] [T] [thread 53079] [14.0] [cxt 0] mejora.p4(202) Condition "hdr.ipv4.isValid()" (node_2) is true
[01:16:25.053] [bmv2] [T] [thread 53079] [14.0] [cxt 0] mejora.p4(203) Condition "hdr.ipv4.protocol == 1" (node_3) is true
[01:16:25.053] [bmv2] [T] [thread 53079] [14.0] [cxt 0] Applying table 'MyIngress.check_is_ingress_border'
[01:16:25.053] [bmv2] [D] [thread 53079] [14.0] [cxt 0] Looking up key:
* standard_metadata.ingress_port: 0001

[01:16:25.053] [bmv2] [D] [thread 53079] [14.0] [cxt 0] Table 'MyIngress.check_is_ingress_border': miss
[01:16:25.053] [bmv2] [D] [thread 53079] [14.0] [cxt 0] Action entry is NoAction - 
[01:16:25.053] [bmv2] [T] [thread 53079] [14.0] [cxt 0] Action NoAction
[01:16:25.053] [bmv2] [T] [thread 53079] [14.0] [cxt 0] mejora.p4(207) Condition "meta.is_ingress_border == 1" (node_5) is false
[01:16:25.053] [bmv2] [T] [thread 53079] [14.0] [cxt 0] mejora.p4(212) Condition "hdr.mpls.isValid()" (node_7) is true
[01:16:25.053] [bmv2] [T] [thread 53079] [14.0] [cxt 0] Applying table 'MyIngress.mpls_tbl'
[01:16:25.053] [bmv2] [D] [thread 53079] [14.0] [cxt 0] Looking up key:
* hdr.mpls.label      : 000002

[01:16:25.053] [bmv2] [D] [thread 53079] [14.0] [cxt 0] Table 'MyIngress.mpls_tbl': hit with handle 0
[01:16:25.053] [bmv2] [D] [thread 53079] [14.0] [cxt 0] Dumping entry 0
Match key:
* hdr.mpls.label      : EXACT     000002
Action entry: MyIngress.mpls_forward - 50200,2,

[01:16:25.053] [bmv2] [D] [thread 53079] [14.0] [cxt 0] Action entry is MyIngress.mpls_forward - 50200,2,
[01:16:25.053] [bmv2] [T] [thread 53079] [14.0] [cxt 0] Action MyIngress.mpls_forward
[01:16:25.053] [bmv2] [T] [thread 53079] [14.0] [cxt 0] mejora.p4(149) Primitive hdr.ethernet.srcAddr = hdr.ethernet.dstAddr
[01:16:25.053] [bmv2] [T] [thread 53079] [14.0] [cxt 0] mejora.p4(150) Primitive hdr.ethernet.dstAddr = dstAddr
[01:16:25.053] [bmv2] [T] [thread 53079] [14.0] [cxt 0] mejora.p4(152) Primitive standard_metadata.egress_spec = port
[01:16:25.053] [bmv2] [T] [thread 53079] [14.0] [cxt 0] mejora.p4(153) Primitive hdr.mpls.ttl = hdr.mpls.ttl - 1
[01:16:25.053] [bmv2] [D] [thread 53079] [14.0] [cxt 0] Pipeline 'ingress': end
[01:16:25.053] [bmv2] [D] [thread 53079] [14.0] [cxt 0] Egress port is 2
[01:16:25.053] [bmv2] [D] [thread 53082] [14.0] [cxt 0] Pipeline 'egress': start
[01:16:25.053] [bmv2] [T] [thread 53082] [14.0] [cxt 0] mejora.p4(255) Condition "hdr.mpls.isValid()" (node_14) is true
[01:16:25.053] [bmv2] [T] [thread 53082] [14.0] [cxt 0] Applying table 'MyEgress.check_is_egress_border'
[01:16:25.053] [bmv2] [D] [thread 53082] [14.0] [cxt 0] Looking up key:
* standard_metadata.egress_port: 0002

[01:16:25.053] [bmv2] [D] [thread 53082] [14.0] [cxt 0] Table 'MyEgress.check_is_egress_border': miss
[01:16:25.053] [bmv2] [D] [thread 53082] [14.0] [cxt 0] Action entry is NoAction - 
[01:16:25.053] [bmv2] [T] [thread 53082] [14.0] [cxt 0] Action NoAction
[01:16:25.053] [bmv2] [D] [thread 53082] [14.0] [cxt 0] Pipeline 'egress': end
[01:16:25.053] [bmv2] [D] [thread 53082] [14.0] [cxt 0] Deparser 'deparser': start
[01:16:25.053] [bmv2] [D] [thread 53082] [14.0] [cxt 0] Updating checksum 'cksum'
[01:16:25.053] [bmv2] [D] [thread 53082] [14.0] [cxt 0] Deparsing header 'ethernet'
[01:16:25.053] [bmv2] [D] [thread 53082] [14.0] [cxt 0] Deparsing header 'mpls'
[01:16:25.053] [bmv2] [D] [thread 53082] [14.0] [cxt 0] Deparsing header 'ipv4'
[01:16:25.053] [bmv2] [D] [thread 53082] [14.0] [cxt 0] Deparser 'deparser': end
[01:16:25.053] [bmv2] [D] [thread 53084] [14.0] [cxt 0] Transmitting packet of size 102 out of port 2
[01:16:25.104] [bmv2] [D] [thread 53079] [15.0] [cxt 0] Processing packet received on port 1
[01:16:25.104] [bmv2] [D] [thread 53079] [15.0] [cxt 0] Parser 'parser': start
[01:16:25.104] [bmv2] [D] [thread 53079] [15.0] [cxt 0] Parser 'parser' entering state 'start'
[01:16:25.104] [bmv2] [D] [thread 53079] [15.0] [cxt 0] Extracting header 'ethernet'
[01:16:25.104] [bmv2] [D] [thread 53079] [15.0] [cxt 0] Parser state 'start': key is 8847
[01:16:25.104] [bmv2] [T] [thread 53079] [15.0] [cxt 0] Bytes parsed: 14
[01:16:25.104] [bmv2] [D] [thread 53079] [15.0] [cxt 0] Parser 'parser' entering state 'parse_mpls'
[01:16:25.104] [bmv2] [D] [thread 53079] [15.0] [cxt 0] Extracting header 'mpls'
[01:16:25.104] [bmv2] [D] [thread 53079] [15.0] [cxt 0] Parser state 'parse_mpls' has no switch, going to default next state
[01:16:25.104] [bmv2] [T] [thread 53079] [15.0] [cxt 0] Bytes parsed: 18
[01:16:25.104] [bmv2] [D] [thread 53079] [15.0] [cxt 0] Parser 'parser' entering state 'parse_ipv4'
[01:16:25.104] [bmv2] [D] [thread 53079] [15.0] [cxt 0] Extracting header 'ipv4'
[01:16:25.104] [bmv2] [D] [thread 53079] [15.0] [cxt 0] Parser state 'parse_ipv4' has no switch, going to default next state
[01:16:25.104] [bmv2] [T] [thread 53079] [15.0] [cxt 0] Bytes parsed: 38
[01:16:25.104] [bmv2] [D] [thread 53079] [15.0] [cxt 0] Parser 'parser': end
[01:16:25.104] [bmv2] [D] [thread 53079] [15.0] [cxt 0] Pipeline 'ingress': start
[01:16:25.104] [bmv2] [T] [thread 53079] [15.0] [cxt 0] mejora.p4(202) Condition "hdr.ipv4.isValid()" (node_2) is true
[01:16:25.104] [bmv2] [T] [thread 53079] [15.0] [cxt 0] mejora.p4(203) Condition "hdr.ipv4.protocol == 1" (node_3) is true
[01:16:25.104] [bmv2] [T] [thread 53079] [15.0] [cxt 0] Applying table 'MyIngress.check_is_ingress_border'
[01:16:25.104] [bmv2] [D] [thread 53079] [15.0] [cxt 0] Looking up key:
* standard_metadata.ingress_port: 0001

[01:16:25.104] [bmv2] [D] [thread 53079] [15.0] [cxt 0] Table 'MyIngress.check_is_ingress_border': miss
[01:16:25.104] [bmv2] [D] [thread 53079] [15.0] [cxt 0] Action entry is NoAction - 
[01:16:25.104] [bmv2] [T] [thread 53079] [15.0] [cxt 0] Action NoAction
[01:16:25.104] [bmv2] [T] [thread 53079] [15.0] [cxt 0] mejora.p4(207) Condition "meta.is_ingress_border == 1" (node_5) is false
[01:16:25.104] [bmv2] [T] [thread 53079] [15.0] [cxt 0] mejora.p4(212) Condition "hdr.mpls.isValid()" (node_7) is true
[01:16:25.104] [bmv2] [T] [thread 53079] [15.0] [cxt 0] Applying table 'MyIngress.mpls_tbl'
[01:16:25.104] [bmv2] [D] [thread 53079] [15.0] [cxt 0] Looking up key:
* hdr.mpls.label      : 000002

[01:16:25.104] [bmv2] [D] [thread 53079] [15.0] [cxt 0] Table 'MyIngress.mpls_tbl': hit with handle 0
[01:16:25.104] [bmv2] [D] [thread 53079] [15.0] [cxt 0] Dumping entry 0
Match key:
* hdr.mpls.label      : EXACT     000002
Action entry: MyIngress.mpls_forward - 50200,2,

[01:16:25.105] [bmv2] [D] [thread 53079] [15.0] [cxt 0] Action entry is MyIngress.mpls_forward - 50200,2,
[01:16:25.105] [bmv2] [T] [thread 53079] [15.0] [cxt 0] Action MyIngress.mpls_forward
[01:16:25.105] [bmv2] [T] [thread 53079] [15.0] [cxt 0] mejora.p4(149) Primitive hdr.ethernet.srcAddr = hdr.ethernet.dstAddr
[01:16:25.105] [bmv2] [T] [thread 53079] [15.0] [cxt 0] mejora.p4(150) Primitive hdr.ethernet.dstAddr = dstAddr
[01:16:25.105] [bmv2] [T] [thread 53079] [15.0] [cxt 0] mejora.p4(152) Primitive standard_metadata.egress_spec = port
[01:16:25.105] [bmv2] [T] [thread 53079] [15.0] [cxt 0] mejora.p4(153) Primitive hdr.mpls.ttl = hdr.mpls.ttl - 1
[01:16:25.105] [bmv2] [D] [thread 53079] [15.0] [cxt 0] Pipeline 'ingress': end
[01:16:25.105] [bmv2] [D] [thread 53079] [15.0] [cxt 0] Egress port is 2
[01:16:25.105] [bmv2] [D] [thread 53082] [15.0] [cxt 0] Pipeline 'egress': start
[01:16:25.105] [bmv2] [T] [thread 53082] [15.0] [cxt 0] mejora.p4(255) Condition "hdr.mpls.isValid()" (node_14) is true
[01:16:25.105] [bmv2] [T] [thread 53082] [15.0] [cxt 0] Applying table 'MyEgress.check_is_egress_border'
[01:16:25.105] [bmv2] [D] [thread 53082] [15.0] [cxt 0] Looking up key:
* standard_metadata.egress_port: 0002

[01:16:25.105] [bmv2] [D] [thread 53082] [15.0] [cxt 0] Table 'MyEgress.check_is_egress_border': miss
[01:16:25.105] [bmv2] [D] [thread 53082] [15.0] [cxt 0] Action entry is NoAction - 
[01:16:25.105] [bmv2] [T] [thread 53082] [15.0] [cxt 0] Action NoAction
[01:16:25.105] [bmv2] [D] [thread 53082] [15.0] [cxt 0] Pipeline 'egress': end
[01:16:25.105] [bmv2] [D] [thread 53082] [15.0] [cxt 0] Deparser 'deparser': start
[01:16:25.105] [bmv2] [D] [thread 53082] [15.0] [cxt 0] Updating checksum 'cksum'
[01:16:25.105] [bmv2] [D] [thread 53082] [15.0] [cxt 0] Deparsing header 'ethernet'
[01:16:25.105] [bmv2] [D] [thread 53082] [15.0] [cxt 0] Deparsing header 'mpls'
[01:16:25.105] [bmv2] [D] [thread 53082] [15.0] [cxt 0] Deparsing header 'ipv4'
[01:16:25.105] [bmv2] [D] [thread 53082] [15.0] [cxt 0] Deparser 'deparser': end
[01:16:25.105] [bmv2] [D] [thread 53084] [15.0] [cxt 0] Transmitting packet of size 102 out of port 2
