Calling target program-options parser
Adding interface s4-eth1 as port 1
[22:42:07.746] [bmv2] [D] [thread 72790] Adding interface s4-eth1 as port 1
Adding interface s4-eth2 as port 2
[22:42:07.762] [bmv2] [D] [thread 72790] Adding interface s4-eth2 as port 2
Server listening on 0.0.0.0:9562
[22:42:07.779] [bmv2] [I] [thread 72790] Starting Thrift server on port 9093
[22:42:07.785] [bmv2] [I] [thread 72790] Thrift server was started
[22:42:59.738] [bmv2] [D] [thread 73088] Set default default entry for table 'MyIngress.check_is_ingress_border': NoAction - 
[22:42:59.739] [bmv2] [D] [thread 73088] Set default default entry for table 'MyIngress.fec_to_label': NoAction - 
[22:42:59.739] [bmv2] [D] [thread 73088] Set default default entry for table 'MyIngress.mpls_tbl': MyIngress.drop - 
[22:42:59.739] [bmv2] [D] [thread 73088] Set default default entry for table 'MyIngress.ipv4_ef': MyIngress.drop - 
[22:42:59.739] [bmv2] [D] [thread 73088] Set default default entry for table 'MyIngress.ipv4_any': MyIngress.drop - 
[22:42:59.739] [bmv2] [D] [thread 73088] Set default default entry for table 'MyEgress.check_is_egress_border': NoAction - 
[22:42:59.740] [bmv2] [D] [thread 73088] simple_switch target has been notified of a config swap
[22:42:59.751] [bmv2] [D] [thread 73099] [0.0] [cxt 0] Processing packet received on port 1
[22:42:59.751] [bmv2] [D] [thread 73099] [0.0] [cxt 0] Parser 'parser': start
[22:42:59.751] [bmv2] [D] [thread 73099] [0.0] [cxt 0] Parser 'parser' entering state 'start'
[22:42:59.751] [bmv2] [D] [thread 73099] [0.0] [cxt 0] Extracting header 'ethernet'
[22:42:59.751] [bmv2] [D] [thread 73099] [0.0] [cxt 0] Parser state 'start': key is 86dd
[22:42:59.751] [bmv2] [T] [thread 73099] [0.0] [cxt 0] Bytes parsed: 14
[22:42:59.751] [bmv2] [D] [thread 73099] [0.0] [cxt 0] Parser 'parser': end
[22:42:59.751] [bmv2] [D] [thread 73099] [0.0] [cxt 0] Pipeline 'ingress': start
[22:42:59.751] [bmv2] [T] [thread 73099] [0.0] [cxt 0] mejora.p4(202) Condition "hdr.ipv4.isValid()" (node_2) is false
[22:42:59.751] [bmv2] [D] [thread 73099] [0.0] [cxt 0] Pipeline 'ingress': end
[22:42:59.751] [bmv2] [D] [thread 73099] [0.0] [cxt 0] Egress port is 0
[22:42:59.751] [bmv2] [D] [thread 73099] [1.0] [cxt 0] Processing packet received on port 2
[22:42:59.751] [bmv2] [D] [thread 73099] [1.0] [cxt 0] Parser 'parser': start
[22:42:59.751] [bmv2] [D] [thread 73099] [1.0] [cxt 0] Parser 'parser' entering state 'start'
[22:42:59.751] [bmv2] [D] [thread 73099] [1.0] [cxt 0] Extracting header 'ethernet'
[22:42:59.751] [bmv2] [D] [thread 73099] [1.0] [cxt 0] Parser state 'start': key is 86dd
[22:42:59.751] [bmv2] [T] [thread 73099] [1.0] [cxt 0] Bytes parsed: 14
[22:42:59.751] [bmv2] [D] [thread 73099] [1.0] [cxt 0] Parser 'parser': end
[22:42:59.751] [bmv2] [D] [thread 73099] [1.0] [cxt 0] Pipeline 'ingress': start
[22:42:59.751] [bmv2] [T] [thread 73099] [1.0] [cxt 0] mejora.p4(202) Condition "hdr.ipv4.isValid()" (node_2) is false
[22:42:59.751] [bmv2] [D] [thread 73099] [1.0] [cxt 0] Pipeline 'ingress': end
[22:42:59.751] [bmv2] [D] [thread 73099] [1.0] [cxt 0] Egress port is 0
[22:42:59.751] [bmv2] [D] [thread 73099] [2.0] [cxt 0] Processing packet received on port 1
[22:42:59.751] [bmv2] [D] [thread 73099] [2.0] [cxt 0] Parser 'parser': start
[22:42:59.751] [bmv2] [D] [thread 73099] [2.0] [cxt 0] Parser 'parser' entering state 'start'
[22:42:59.751] [bmv2] [D] [thread 73099] [2.0] [cxt 0] Extracting header 'ethernet'
[22:42:59.751] [bmv2] [D] [thread 73099] [2.0] [cxt 0] Parser state 'start': key is 86dd
[22:42:59.751] [bmv2] [T] [thread 73099] [2.0] [cxt 0] Bytes parsed: 14
[22:42:59.751] [bmv2] [D] [thread 73099] [2.0] [cxt 0] Parser 'parser': end
[22:42:59.751] [bmv2] [D] [thread 73099] [2.0] [cxt 0] Pipeline 'ingress': start
[22:42:59.751] [bmv2] [T] [thread 73099] [2.0] [cxt 0] mejora.p4(202) Condition "hdr.ipv4.isValid()" (node_2) is false
[22:42:59.751] [bmv2] [D] [thread 73099] [2.0] [cxt 0] Pipeline 'ingress': end
[22:42:59.751] [bmv2] [D] [thread 73099] [2.0] [cxt 0] Egress port is 0
[22:42:59.751] [bmv2] [D] [thread 73099] [3.0] [cxt 0] Processing packet received on port 2
[22:42:59.751] [bmv2] [D] [thread 73099] [3.0] [cxt 0] Parser 'parser': start
[22:42:59.751] [bmv2] [D] [thread 73099] [3.0] [cxt 0] Parser 'parser' entering state 'start'
[22:42:59.751] [bmv2] [D] [thread 73099] [3.0] [cxt 0] Extracting header 'ethernet'
[22:42:59.751] [bmv2] [D] [thread 73099] [3.0] [cxt 0] Parser state 'start': key is 86dd
[22:42:59.751] [bmv2] [T] [thread 73099] [3.0] [cxt 0] Bytes parsed: 14
[22:42:59.751] [bmv2] [D] [thread 73099] [3.0] [cxt 0] Parser 'parser': end
[22:42:59.751] [bmv2] [D] [thread 73099] [3.0] [cxt 0] Pipeline 'ingress': start
[22:42:59.751] [bmv2] [T] [thread 73099] [3.0] [cxt 0] mejora.p4(202) Condition "hdr.ipv4.isValid()" (node_2) is false
[22:42:59.751] [bmv2] [D] [thread 73099] [3.0] [cxt 0] Pipeline 'ingress': end
[22:42:59.751] [bmv2] [D] [thread 73099] [3.0] [cxt 0] Egress port is 0
[22:42:59.751] [bmv2] [D] [thread 73099] [4.0] [cxt 0] Processing packet received on port 1
[22:42:59.751] [bmv2] [D] [thread 73099] [4.0] [cxt 0] Parser 'parser': start
[22:42:59.751] [bmv2] [D] [thread 73099] [4.0] [cxt 0] Parser 'parser' entering state 'start'
[22:42:59.751] [bmv2] [D] [thread 73099] [4.0] [cxt 0] Extracting header 'ethernet'
[22:42:59.751] [bmv2] [D] [thread 73099] [4.0] [cxt 0] Parser state 'start': key is 86dd
[22:42:59.751] [bmv2] [T] [thread 73099] [4.0] [cxt 0] Bytes parsed: 14
[22:42:59.751] [bmv2] [D] [thread 73099] [4.0] [cxt 0] Parser 'parser': end
[22:42:59.751] [bmv2] [D] [thread 73099] [4.0] [cxt 0] Pipeline 'ingress': start
[22:42:59.751] [bmv2] [T] [thread 73099] [4.0] [cxt 0] mejora.p4(202) Condition "hdr.ipv4.isValid()" (node_2) is false
[22:42:59.751] [bmv2] [D] [thread 73099] [4.0] [cxt 0] Pipeline 'ingress': end
[22:42:59.751] [bmv2] [D] [thread 73099] [4.0] [cxt 0] Egress port is 0
[22:42:59.751] [bmv2] [D] [thread 73099] [5.0] [cxt 0] Processing packet received on port 2
[22:42:59.751] [bmv2] [D] [thread 73099] [5.0] [cxt 0] Parser 'parser': start
[22:42:59.751] [bmv2] [D] [thread 73099] [5.0] [cxt 0] Parser 'parser' entering state 'start'
[22:42:59.751] [bmv2] [D] [thread 73099] [5.0] [cxt 0] Extracting header 'ethernet'
[22:42:59.751] [bmv2] [D] [thread 73099] [5.0] [cxt 0] Parser state 'start': key is 86dd
[22:42:59.751] [bmv2] [T] [thread 73099] [5.0] [cxt 0] Bytes parsed: 14
[22:42:59.751] [bmv2] [D] [thread 73099] [5.0] [cxt 0] Parser 'parser': end
[22:42:59.751] [bmv2] [D] [thread 73099] [5.0] [cxt 0] Pipeline 'ingress': start
[22:42:59.751] [bmv2] [T] [thread 73099] [5.0] [cxt 0] mejora.p4(202) Condition "hdr.ipv4.isValid()" (node_2) is false
[22:42:59.751] [bmv2] [D] [thread 73099] [5.0] [cxt 0] Pipeline 'ingress': end
[22:42:59.751] [bmv2] [D] [thread 73099] [5.0] [cxt 0] Egress port is 0
[22:42:59.751] [bmv2] [D] [thread 73099] [6.0] [cxt 0] Processing packet received on port 1
[22:42:59.751] [bmv2] [D] [thread 73099] [6.0] [cxt 0] Parser 'parser': start
[22:42:59.751] [bmv2] [D] [thread 73099] [6.0] [cxt 0] Parser 'parser' entering state 'start'
[22:42:59.752] [bmv2] [D] [thread 73099] [6.0] [cxt 0] Extracting header 'ethernet'
[22:42:59.752] [bmv2] [D] [thread 73099] [6.0] [cxt 0] Parser state 'start': key is 86dd
[22:42:59.752] [bmv2] [T] [thread 73099] [6.0] [cxt 0] Bytes parsed: 14
[22:42:59.752] [bmv2] [D] [thread 73099] [6.0] [cxt 0] Parser 'parser': end
[22:42:59.752] [bmv2] [D] [thread 73099] [6.0] [cxt 0] Pipeline 'ingress': start
[22:42:59.752] [bmv2] [T] [thread 73099] [6.0] [cxt 0] mejora.p4(202) Condition "hdr.ipv4.isValid()" (node_2) is false
[22:42:59.752] [bmv2] [D] [thread 73099] [6.0] [cxt 0] Pipeline 'ingress': end
[22:42:59.752] [bmv2] [D] [thread 73099] [6.0] [cxt 0] Egress port is 0
[22:42:59.752] [bmv2] [D] [thread 73099] [7.0] [cxt 0] Processing packet received on port 2
[22:42:59.752] [bmv2] [D] [thread 73099] [7.0] [cxt 0] Parser 'parser': start
[22:42:59.752] [bmv2] [D] [thread 73099] [7.0] [cxt 0] Parser 'parser' entering state 'start'
[22:42:59.752] [bmv2] [D] [thread 73099] [7.0] [cxt 0] Extracting header 'ethernet'
[22:42:59.752] [bmv2] [D] [thread 73099] [7.0] [cxt 0] Parser state 'start': key is 86dd
[22:42:59.752] [bmv2] [T] [thread 73099] [7.0] [cxt 0] Bytes parsed: 14
[22:42:59.752] [bmv2] [D] [thread 73099] [7.0] [cxt 0] Parser 'parser': end
[22:42:59.752] [bmv2] [D] [thread 73099] [7.0] [cxt 0] Pipeline 'ingress': start
[22:42:59.752] [bmv2] [T] [thread 73099] [7.0] [cxt 0] mejora.p4(202) Condition "hdr.ipv4.isValid()" (node_2) is false
[22:42:59.752] [bmv2] [D] [thread 73099] [7.0] [cxt 0] Pipeline 'ingress': end
[22:42:59.752] [bmv2] [D] [thread 73099] [7.0] [cxt 0] Egress port is 0
[22:42:59.752] [bmv2] [D] [thread 73099] [8.0] [cxt 0] Processing packet received on port 1
[22:42:59.752] [bmv2] [D] [thread 73099] [8.0] [cxt 0] Parser 'parser': start
[22:42:59.752] [bmv2] [D] [thread 73099] [8.0] [cxt 0] Parser 'parser' entering state 'start'
[22:42:59.752] [bmv2] [D] [thread 73099] [8.0] [cxt 0] Extracting header 'ethernet'
[22:42:59.752] [bmv2] [D] [thread 73099] [8.0] [cxt 0] Parser state 'start': key is 86dd
[22:42:59.752] [bmv2] [T] [thread 73099] [8.0] [cxt 0] Bytes parsed: 14
[22:42:59.752] [bmv2] [D] [thread 73099] [8.0] [cxt 0] Parser 'parser': end
[22:42:59.752] [bmv2] [D] [thread 73099] [8.0] [cxt 0] Pipeline 'ingress': start
[22:42:59.752] [bmv2] [T] [thread 73099] [8.0] [cxt 0] mejora.p4(202) Condition "hdr.ipv4.isValid()" (node_2) is false
[22:42:59.752] [bmv2] [D] [thread 73099] [8.0] [cxt 0] Pipeline 'ingress': end
[22:42:59.752] [bmv2] [D] [thread 73099] [8.0] [cxt 0] Egress port is 0
[22:42:59.752] [bmv2] [D] [thread 73099] [9.0] [cxt 0] Processing packet received on port 2
[22:42:59.752] [bmv2] [D] [thread 73099] [9.0] [cxt 0] Parser 'parser': start
[22:42:59.752] [bmv2] [D] [thread 73099] [9.0] [cxt 0] Parser 'parser' entering state 'start'
[22:42:59.752] [bmv2] [D] [thread 73099] [9.0] [cxt 0] Extracting header 'ethernet'
[22:42:59.752] [bmv2] [D] [thread 73099] [9.0] [cxt 0] Parser state 'start': key is 86dd
[22:42:59.752] [bmv2] [T] [thread 73099] [9.0] [cxt 0] Bytes parsed: 14
[22:42:59.752] [bmv2] [D] [thread 73099] [9.0] [cxt 0] Parser 'parser': end
[22:42:59.752] [bmv2] [D] [thread 73099] [9.0] [cxt 0] Pipeline 'ingress': start
[22:42:59.752] [bmv2] [T] [thread 73099] [9.0] [cxt 0] mejora.p4(202) Condition "hdr.ipv4.isValid()" (node_2) is false
[22:42:59.752] [bmv2] [D] [thread 73099] [9.0] [cxt 0] Pipeline 'ingress': end
[22:42:59.752] [bmv2] [D] [thread 73099] [9.0] [cxt 0] Egress port is 0
[22:42:59.752] [bmv2] [D] [thread 73099] [10.0] [cxt 0] Processing packet received on port 2
[22:42:59.752] [bmv2] [D] [thread 73099] [10.0] [cxt 0] Parser 'parser': start
[22:42:59.752] [bmv2] [D] [thread 73099] [10.0] [cxt 0] Parser 'parser' entering state 'start'
[22:42:59.752] [bmv2] [D] [thread 73099] [10.0] [cxt 0] Extracting header 'ethernet'
[22:42:59.752] [bmv2] [D] [thread 73099] [10.0] [cxt 0] Parser state 'start': key is 86dd
[22:42:59.752] [bmv2] [T] [thread 73099] [10.0] [cxt 0] Bytes parsed: 14
[22:42:59.752] [bmv2] [D] [thread 73099] [10.0] [cxt 0] Parser 'parser': end
[22:42:59.752] [bmv2] [D] [thread 73099] [10.0] [cxt 0] Pipeline 'ingress': start
[22:42:59.752] [bmv2] [T] [thread 73099] [10.0] [cxt 0] mejora.p4(202) Condition "hdr.ipv4.isValid()" (node_2) is false
[22:42:59.752] [bmv2] [D] [thread 73099] [10.0] [cxt 0] Pipeline 'ingress': end
[22:42:59.752] [bmv2] [D] [thread 73099] [10.0] [cxt 0] Egress port is 0
[22:42:59.754] [bmv2] [D] [thread 73100] [0.0] [cxt 0] Pipeline 'egress': start
[22:42:59.754] [bmv2] [T] [thread 73100] [0.0] [cxt 0] mejora.p4(255) Condition "hdr.mpls.isValid()" (node_14) is false
[22:42:59.754] [bmv2] [D] [thread 73100] [0.0] [cxt 0] Pipeline 'egress': end
[22:42:59.754] [bmv2] [D] [thread 73100] [0.0] [cxt 0] Deparser 'deparser': start
[22:42:59.754] [bmv2] [T] [thread 73100] [0.0] [cxt 0] Skipping checksum 'cksum' update because condition not met
[22:42:59.755] [bmv2] [D] [thread 73100] [0.0] [cxt 0] Deparsing header 'ethernet'
[22:42:59.755] [bmv2] [D] [thread 73100] [0.0] [cxt 0] Deparser 'deparser': end
[22:42:59.755] [bmv2] [D] [thread 73100] [1.0] [cxt 0] Pipeline 'egress': start
[22:42:59.755] [bmv2] [T] [thread 73100] [1.0] [cxt 0] mejora.p4(255) Condition "hdr.mpls.isValid()" (node_14) is false
[22:42:59.755] [bmv2] [D] [thread 73100] [1.0] [cxt 0] Pipeline 'egress': end
[22:42:59.755] [bmv2] [D] [thread 73100] [1.0] [cxt 0] Deparser 'deparser': start
[22:42:59.755] [bmv2] [T] [thread 73100] [1.0] [cxt 0] Skipping checksum 'cksum' update because condition not met
[22:42:59.755] [bmv2] [D] [thread 73100] [1.0] [cxt 0] Deparsing header 'ethernet'
[22:42:59.755] [bmv2] [D] [thread 73100] [1.0] [cxt 0] Deparser 'deparser': end
[22:42:59.755] [bmv2] [D] [thread 73100] [2.0] [cxt 0] Pipeline 'egress': start
[22:42:59.755] [bmv2] [T] [thread 73100] [2.0] [cxt 0] mejora.p4(255) Condition "hdr.mpls.isValid()" (node_14) is false
[22:42:59.755] [bmv2] [D] [thread 73100] [2.0] [cxt 0] Pipeline 'egress': end
[22:42:59.755] [bmv2] [D] [thread 73100] [2.0] [cxt 0] Deparser 'deparser': start
[22:42:59.755] [bmv2] [T] [thread 73100] [2.0] [cxt 0] Skipping checksum 'cksum' update because condition not met
[22:42:59.755] [bmv2] [D] [thread 73100] [2.0] [cxt 0] Deparsing header 'ethernet'
[22:42:59.755] [bmv2] [D] [thread 73100] [2.0] [cxt 0] Deparser 'deparser': end
[22:42:59.755] [bmv2] [D] [thread 73100] [3.0] [cxt 0] Pipeline 'egress': start
[22:42:59.755] [bmv2] [T] [thread 73100] [3.0] [cxt 0] mejora.p4(255) Condition "hdr.mpls.isValid()" (node_14) is false
[22:42:59.755] [bmv2] [D] [thread 73100] [3.0] [cxt 0] Pipeline 'egress': end
[22:42:59.755] [bmv2] [D] [thread 73100] [3.0] [cxt 0] Deparser 'deparser': start
[22:42:59.755] [bmv2] [T] [thread 73100] [3.0] [cxt 0] Skipping checksum 'cksum' update because condition not met
[22:42:59.755] [bmv2] [D] [thread 73100] [3.0] [cxt 0] Deparsing header 'ethernet'
[22:42:59.755] [bmv2] [D] [thread 73100] [3.0] [cxt 0] Deparser 'deparser': end
[22:42:59.755] [bmv2] [D] [thread 73100] [4.0] [cxt 0] Pipeline 'egress': start
[22:42:59.755] [bmv2] [T] [thread 73100] [4.0] [cxt 0] mejora.p4(255) Condition "hdr.mpls.isValid()" (node_14) is false
[22:42:59.755] [bmv2] [D] [thread 73100] [4.0] [cxt 0] Pipeline 'egress': end
[22:42:59.755] [bmv2] [D] [thread 73100] [4.0] [cxt 0] Deparser 'deparser': start
[22:42:59.755] [bmv2] [T] [thread 73100] [4.0] [cxt 0] Skipping checksum 'cksum' update because condition not met
[22:42:59.755] [bmv2] [D] [thread 73100] [4.0] [cxt 0] Deparsing header 'ethernet'
[22:42:59.755] [bmv2] [D] [thread 73100] [4.0] [cxt 0] Deparser 'deparser': end
[22:42:59.755] [bmv2] [D] [thread 73100] [5.0] [cxt 0] Pipeline 'egress': start
[22:42:59.755] [bmv2] [T] [thread 73100] [5.0] [cxt 0] mejora.p4(255) Condition "hdr.mpls.isValid()" (node_14) is false
[22:42:59.755] [bmv2] [D] [thread 73100] [5.0] [cxt 0] Pipeline 'egress': end
[22:42:59.755] [bmv2] [D] [thread 73100] [5.0] [cxt 0] Deparser 'deparser': start
[22:42:59.755] [bmv2] [T] [thread 73100] [5.0] [cxt 0] Skipping checksum 'cksum' update because condition not met
[22:42:59.755] [bmv2] [D] [thread 73100] [5.0] [cxt 0] Deparsing header 'ethernet'
[22:42:59.755] [bmv2] [D] [thread 73100] [5.0] [cxt 0] Deparser 'deparser': end
[22:42:59.755] [bmv2] [D] [thread 73100] [6.0] [cxt 0] Pipeline 'egress': start
[22:42:59.755] [bmv2] [T] [thread 73100] [6.0] [cxt 0] mejora.p4(255) Condition "hdr.mpls.isValid()" (node_14) is false
[22:42:59.755] [bmv2] [D] [thread 73100] [6.0] [cxt 0] Pipeline 'egress': end
[22:42:59.755] [bmv2] [D] [thread 73100] [6.0] [cxt 0] Deparser 'deparser': start
[22:42:59.755] [bmv2] [T] [thread 73100] [6.0] [cxt 0] Skipping checksum 'cksum' update because condition not met
[22:42:59.755] [bmv2] [D] [thread 73100] [6.0] [cxt 0] Deparsing header 'ethernet'
[22:42:59.755] [bmv2] [D] [thread 73100] [6.0] [cxt 0] Deparser 'deparser': end
[22:42:59.755] [bmv2] [D] [thread 73100] [7.0] [cxt 0] Pipeline 'egress': start
[22:42:59.755] [bmv2] [T] [thread 73100] [7.0] [cxt 0] mejora.p4(255) Condition "hdr.mpls.isValid()" (node_14) is false
[22:42:59.755] [bmv2] [D] [thread 73100] [7.0] [cxt 0] Pipeline 'egress': end
[22:42:59.755] [bmv2] [D] [thread 73100] [7.0] [cxt 0] Deparser 'deparser': start
[22:42:59.755] [bmv2] [T] [thread 73100] [7.0] [cxt 0] Skipping checksum 'cksum' update because condition not met
[22:42:59.755] [bmv2] [D] [thread 73100] [7.0] [cxt 0] Deparsing header 'ethernet'
[22:42:59.755] [bmv2] [D] [thread 73100] [7.0] [cxt 0] Deparser 'deparser': end
[22:42:59.755] [bmv2] [D] [thread 73100] [8.0] [cxt 0] Pipeline 'egress': start
[22:42:59.755] [bmv2] [T] [thread 73100] [8.0] [cxt 0] mejora.p4(255) Condition "hdr.mpls.isValid()" (node_14) is false
[22:42:59.755] [bmv2] [D] [thread 73100] [8.0] [cxt 0] Pipeline 'egress': end
[22:42:59.755] [bmv2] [D] [thread 73100] [8.0] [cxt 0] Deparser 'deparser': start
[22:42:59.755] [bmv2] [T] [thread 73100] [8.0] [cxt 0] Skipping checksum 'cksum' update because condition not met
[22:42:59.755] [bmv2] [D] [thread 73100] [8.0] [cxt 0] Deparsing header 'ethernet'
[22:42:59.755] [bmv2] [D] [thread 73100] [8.0] [cxt 0] Deparser 'deparser': end
[22:42:59.755] [bmv2] [D] [thread 73100] [9.0] [cxt 0] Pipeline 'egress': start
[22:42:59.755] [bmv2] [T] [thread 73100] [9.0] [cxt 0] mejora.p4(255) Condition "hdr.mpls.isValid()" (node_14) is false
[22:42:59.755] [bmv2] [D] [thread 73100] [9.0] [cxt 0] Pipeline 'egress': end
[22:42:59.755] [bmv2] [D] [thread 73100] [9.0] [cxt 0] Deparser 'deparser': start
[22:42:59.755] [bmv2] [T] [thread 73100] [9.0] [cxt 0] Skipping checksum 'cksum' update because condition not met
[22:42:59.755] [bmv2] [D] [thread 73100] [9.0] [cxt 0] Deparsing header 'ethernet'
[22:42:59.755] [bmv2] [D] [thread 73100] [9.0] [cxt 0] Deparser 'deparser': end
[22:42:59.755] [bmv2] [D] [thread 73100] [10.0] [cxt 0] Pipeline 'egress': start
[22:42:59.755] [bmv2] [T] [thread 73100] [10.0] [cxt 0] mejora.p4(255) Condition "hdr.mpls.isValid()" (node_14) is false
[22:42:59.755] [bmv2] [D] [thread 73100] [10.0] [cxt 0] Pipeline 'egress': end
[22:42:59.755] [bmv2] [D] [thread 73100] [10.0] [cxt 0] Deparser 'deparser': start
[22:42:59.755] [bmv2] [T] [thread 73100] [10.0] [cxt 0] Skipping checksum 'cksum' update because condition not met
[22:42:59.755] [bmv2] [D] [thread 73100] [10.0] [cxt 0] Deparsing header 'ethernet'
[22:42:59.755] [bmv2] [D] [thread 73100] [10.0] [cxt 0] Deparser 'deparser': end
[22:42:59.755] [bmv2] [D] [thread 73104] [0.0] [cxt 0] Transmitting packet of size 203 out of port 0
[22:42:59.755] [bmv2] [D] [thread 73104] [1.0] [cxt 0] Transmitting packet of size 203 out of port 0
[22:42:59.755] [bmv2] [D] [thread 73104] [2.0] [cxt 0] Transmitting packet of size 70 out of port 0
[22:42:59.755] [bmv2] [D] [thread 73104] [3.0] [cxt 0] Transmitting packet of size 203 out of port 0
[22:42:59.755] [bmv2] [D] [thread 73104] [4.0] [cxt 0] Transmitting packet of size 210 out of port 0
[22:42:59.755] [bmv2] [D] [thread 73104] [5.0] [cxt 0] Transmitting packet of size 70 out of port 0
[22:42:59.755] [bmv2] [D] [thread 73104] [6.0] [cxt 0] Transmitting packet of size 70 out of port 0
[22:42:59.755] [bmv2] [D] [thread 73104] [7.0] [cxt 0] Transmitting packet of size 70 out of port 0
[22:42:59.755] [bmv2] [D] [thread 73104] [8.0] [cxt 0] Transmitting packet of size 210 out of port 0
[22:42:59.755] [bmv2] [D] [thread 73104] [9.0] [cxt 0] Transmitting packet of size 210 out of port 0
[22:42:59.755] [bmv2] [D] [thread 73104] [10.0] [cxt 0] Transmitting packet of size 210 out of port 0
[22:43:00.215] [bmv2] [D] [thread 73092] Entry 0 added to table 'MyIngress.mpls_tbl'
[22:43:00.215] [bmv2] [D] [thread 73092] Dumping entry 0
Match key:
* hdr.mpls.label      : EXACT     00012c
Action entry: MyIngress.mpls_forward - 60400,2,

[22:43:00.221] [bmv2] [D] [thread 73092] Entry 0 added to table 'MyIngress.ipv4_any'
[22:43:00.221] [bmv2] [D] [thread 73092] Dumping entry 0
Match key:
* hdr.ipv4.dstAddr    : LPM       0a060302/32
Action entry: MyIngress.ipv4_forward - 60400,2,

[22:43:00.227] [bmv2] [D] [thread 73106] Entry 0 added to table 'MyIngress.ipv4_ef'
[22:43:00.227] [bmv2] [D] [thread 73106] Dumping entry 0
Match key:
* hdr.ipv4.dstAddr    : LPM       0a010102/32
Action entry: MyIngress.ipv4_forward - 10400,1,

[22:43:26.727] [bmv2] [D] [thread 73099] [11.0] [cxt 0] Processing packet received on port 1
[22:43:26.727] [bmv2] [D] [thread 73099] [11.0] [cxt 0] Parser 'parser': start
[22:43:26.727] [bmv2] [D] [thread 73099] [11.0] [cxt 0] Parser 'parser' entering state 'start'
[22:43:26.727] [bmv2] [D] [thread 73099] [11.0] [cxt 0] Extracting header 'ethernet'
[22:43:26.727] [bmv2] [D] [thread 73099] [11.0] [cxt 0] Parser state 'start': key is 8847
[22:43:26.727] [bmv2] [T] [thread 73099] [11.0] [cxt 0] Bytes parsed: 14
[22:43:26.727] [bmv2] [D] [thread 73099] [11.0] [cxt 0] Parser 'parser' entering state 'parse_mpls'
[22:43:26.727] [bmv2] [D] [thread 73099] [11.0] [cxt 0] Extracting header 'mpls'
[22:43:26.728] [bmv2] [D] [thread 73099] [11.0] [cxt 0] Parser state 'parse_mpls' has no switch, going to default next state
[22:43:26.728] [bmv2] [T] [thread 73099] [11.0] [cxt 0] Bytes parsed: 18
[22:43:26.728] [bmv2] [D] [thread 73099] [11.0] [cxt 0] Parser 'parser' entering state 'parse_ipv4'
[22:43:26.728] [bmv2] [D] [thread 73099] [11.0] [cxt 0] Extracting header 'ipv4'
[22:43:26.728] [bmv2] [D] [thread 73099] [11.0] [cxt 0] Parser state 'parse_ipv4' has no switch, going to default next state
[22:43:26.728] [bmv2] [T] [thread 73099] [11.0] [cxt 0] Bytes parsed: 38
[22:43:26.728] [bmv2] [D] [thread 73099] [11.0] [cxt 0] Parser 'parser': end
[22:43:26.728] [bmv2] [D] [thread 73099] [11.0] [cxt 0] Pipeline 'ingress': start
[22:43:26.728] [bmv2] [T] [thread 73099] [11.0] [cxt 0] mejora.p4(202) Condition "hdr.ipv4.isValid()" (node_2) is true
[22:43:26.728] [bmv2] [T] [thread 73099] [11.0] [cxt 0] mejora.p4(203) Condition "hdr.ipv4.protocol == 1" (node_3) is true
[22:43:26.728] [bmv2] [T] [thread 73099] [11.0] [cxt 0] Applying table 'MyIngress.check_is_ingress_border'
[22:43:26.728] [bmv2] [D] [thread 73099] [11.0] [cxt 0] Looking up key:
* standard_metadata.ingress_port: 0001

[22:43:26.728] [bmv2] [D] [thread 73099] [11.0] [cxt 0] Table 'MyIngress.check_is_ingress_border': miss
[22:43:26.728] [bmv2] [D] [thread 73099] [11.0] [cxt 0] Action entry is NoAction - 
[22:43:26.728] [bmv2] [T] [thread 73099] [11.0] [cxt 0] Action NoAction
[22:43:26.728] [bmv2] [T] [thread 73099] [11.0] [cxt 0] mejora.p4(207) Condition "meta.is_ingress_border == 1" (node_5) is false
[22:43:26.728] [bmv2] [T] [thread 73099] [11.0] [cxt 0] mejora.p4(212) Condition "hdr.mpls.isValid()" (node_7) is true
[22:43:26.728] [bmv2] [T] [thread 73099] [11.0] [cxt 0] Applying table 'MyIngress.mpls_tbl'
[22:43:26.728] [bmv2] [D] [thread 73099] [11.0] [cxt 0] Looking up key:
* hdr.mpls.label      : 00012c

[22:43:26.728] [bmv2] [D] [thread 73099] [11.0] [cxt 0] Table 'MyIngress.mpls_tbl': hit with handle 0
[22:43:26.728] [bmv2] [D] [thread 73099] [11.0] [cxt 0] Dumping entry 0
Match key:
* hdr.mpls.label      : EXACT     00012c
Action entry: MyIngress.mpls_forward - 60400,2,

[22:43:26.728] [bmv2] [D] [thread 73099] [11.0] [cxt 0] Action entry is MyIngress.mpls_forward - 60400,2,
[22:43:26.728] [bmv2] [T] [thread 73099] [11.0] [cxt 0] Action MyIngress.mpls_forward
[22:43:26.728] [bmv2] [T] [thread 73099] [11.0] [cxt 0] mejora.p4(149) Primitive hdr.ethernet.srcAddr = hdr.ethernet.dstAddr
[22:43:26.728] [bmv2] [T] [thread 73099] [11.0] [cxt 0] mejora.p4(150) Primitive hdr.ethernet.dstAddr = dstAddr
[22:43:26.728] [bmv2] [T] [thread 73099] [11.0] [cxt 0] mejora.p4(152) Primitive standard_metadata.egress_spec = port
[22:43:26.728] [bmv2] [T] [thread 73099] [11.0] [cxt 0] mejora.p4(153) Primitive hdr.mpls.ttl = hdr.mpls.ttl - 1
[22:43:26.728] [bmv2] [D] [thread 73099] [11.0] [cxt 0] Pipeline 'ingress': end
[22:43:26.728] [bmv2] [D] [thread 73099] [11.0] [cxt 0] Egress port is 2
[22:43:26.728] [bmv2] [D] [thread 73102] [11.0] [cxt 0] Pipeline 'egress': start
[22:43:26.728] [bmv2] [T] [thread 73102] [11.0] [cxt 0] mejora.p4(255) Condition "hdr.mpls.isValid()" (node_14) is true
[22:43:26.728] [bmv2] [T] [thread 73102] [11.0] [cxt 0] Applying table 'MyEgress.check_is_egress_border'
[22:43:26.728] [bmv2] [D] [thread 73102] [11.0] [cxt 0] Looking up key:
* standard_metadata.egress_port: 0002

[22:43:26.728] [bmv2] [D] [thread 73102] [11.0] [cxt 0] Table 'MyEgress.check_is_egress_border': miss
[22:43:26.728] [bmv2] [D] [thread 73102] [11.0] [cxt 0] Action entry is NoAction - 
[22:43:26.728] [bmv2] [T] [thread 73102] [11.0] [cxt 0] Action NoAction
[22:43:26.728] [bmv2] [D] [thread 73102] [11.0] [cxt 0] Pipeline 'egress': end
[22:43:26.728] [bmv2] [D] [thread 73102] [11.0] [cxt 0] Deparser 'deparser': start
[22:43:26.728] [bmv2] [D] [thread 73102] [11.0] [cxt 0] Updating checksum 'cksum'
[22:43:26.728] [bmv2] [D] [thread 73102] [11.0] [cxt 0] Deparsing header 'ethernet'
[22:43:26.728] [bmv2] [D] [thread 73102] [11.0] [cxt 0] Deparsing header 'mpls'
[22:43:26.728] [bmv2] [D] [thread 73102] [11.0] [cxt 0] Deparsing header 'ipv4'
[22:43:26.728] [bmv2] [D] [thread 73102] [11.0] [cxt 0] Deparser 'deparser': end
[22:43:26.728] [bmv2] [D] [thread 73104] [11.0] [cxt 0] Transmitting packet of size 102 out of port 2
[22:43:26.819] [bmv2] [D] [thread 73099] [12.0] [cxt 0] Processing packet received on port 1
[22:43:26.819] [bmv2] [D] [thread 73099] [12.0] [cxt 0] Parser 'parser': start
[22:43:26.819] [bmv2] [D] [thread 73099] [12.0] [cxt 0] Parser 'parser' entering state 'start'
[22:43:26.819] [bmv2] [D] [thread 73099] [12.0] [cxt 0] Extracting header 'ethernet'
[22:43:26.819] [bmv2] [D] [thread 73099] [12.0] [cxt 0] Parser state 'start': key is 8847
[22:43:26.819] [bmv2] [T] [thread 73099] [12.0] [cxt 0] Bytes parsed: 14
[22:43:26.819] [bmv2] [D] [thread 73099] [12.0] [cxt 0] Parser 'parser' entering state 'parse_mpls'
[22:43:26.819] [bmv2] [D] [thread 73099] [12.0] [cxt 0] Extracting header 'mpls'
[22:43:26.819] [bmv2] [D] [thread 73099] [12.0] [cxt 0] Parser state 'parse_mpls' has no switch, going to default next state
[22:43:26.819] [bmv2] [T] [thread 73099] [12.0] [cxt 0] Bytes parsed: 18
[22:43:26.819] [bmv2] [D] [thread 73099] [12.0] [cxt 0] Parser 'parser' entering state 'parse_ipv4'
[22:43:26.819] [bmv2] [D] [thread 73099] [12.0] [cxt 0] Extracting header 'ipv4'
[22:43:26.819] [bmv2] [D] [thread 73099] [12.0] [cxt 0] Parser state 'parse_ipv4' has no switch, going to default next state
[22:43:26.819] [bmv2] [T] [thread 73099] [12.0] [cxt 0] Bytes parsed: 38
[22:43:26.819] [bmv2] [D] [thread 73099] [12.0] [cxt 0] Parser 'parser': end
[22:43:26.819] [bmv2] [D] [thread 73099] [12.0] [cxt 0] Pipeline 'ingress': start
[22:43:26.819] [bmv2] [T] [thread 73099] [12.0] [cxt 0] mejora.p4(202) Condition "hdr.ipv4.isValid()" (node_2) is true
[22:43:26.819] [bmv2] [T] [thread 73099] [12.0] [cxt 0] mejora.p4(203) Condition "hdr.ipv4.protocol == 1" (node_3) is true
[22:43:26.819] [bmv2] [T] [thread 73099] [12.0] [cxt 0] Applying table 'MyIngress.check_is_ingress_border'
[22:43:26.819] [bmv2] [D] [thread 73099] [12.0] [cxt 0] Looking up key:
* standard_metadata.ingress_port: 0001

[22:43:26.819] [bmv2] [D] [thread 73099] [12.0] [cxt 0] Table 'MyIngress.check_is_ingress_border': miss
[22:43:26.819] [bmv2] [D] [thread 73099] [12.0] [cxt 0] Action entry is NoAction - 
[22:43:26.819] [bmv2] [T] [thread 73099] [12.0] [cxt 0] Action NoAction
[22:43:26.819] [bmv2] [T] [thread 73099] [12.0] [cxt 0] mejora.p4(207) Condition "meta.is_ingress_border == 1" (node_5) is false
[22:43:26.819] [bmv2] [T] [thread 73099] [12.0] [cxt 0] mejora.p4(212) Condition "hdr.mpls.isValid()" (node_7) is true
[22:43:26.819] [bmv2] [T] [thread 73099] [12.0] [cxt 0] Applying table 'MyIngress.mpls_tbl'
[22:43:26.819] [bmv2] [D] [thread 73099] [12.0] [cxt 0] Looking up key:
* hdr.mpls.label      : 00012c

[22:43:26.819] [bmv2] [D] [thread 73099] [12.0] [cxt 0] Table 'MyIngress.mpls_tbl': hit with handle 0
[22:43:26.819] [bmv2] [D] [thread 73099] [12.0] [cxt 0] Dumping entry 0
Match key:
* hdr.mpls.label      : EXACT     00012c
Action entry: MyIngress.mpls_forward - 60400,2,

[22:43:26.819] [bmv2] [D] [thread 73099] [12.0] [cxt 0] Action entry is MyIngress.mpls_forward - 60400,2,
[22:43:26.819] [bmv2] [T] [thread 73099] [12.0] [cxt 0] Action MyIngress.mpls_forward
[22:43:26.819] [bmv2] [T] [thread 73099] [12.0] [cxt 0] mejora.p4(149) Primitive hdr.ethernet.srcAddr = hdr.ethernet.dstAddr
[22:43:26.819] [bmv2] [T] [thread 73099] [12.0] [cxt 0] mejora.p4(150) Primitive hdr.ethernet.dstAddr = dstAddr
[22:43:26.819] [bmv2] [T] [thread 73099] [12.0] [cxt 0] mejora.p4(152) Primitive standard_metadata.egress_spec = port
[22:43:26.819] [bmv2] [T] [thread 73099] [12.0] [cxt 0] mejora.p4(153) Primitive hdr.mpls.ttl = hdr.mpls.ttl - 1
[22:43:26.819] [bmv2] [D] [thread 73099] [12.0] [cxt 0] Pipeline 'ingress': end
[22:43:26.819] [bmv2] [D] [thread 73099] [12.0] [cxt 0] Egress port is 2
[22:43:26.819] [bmv2] [D] [thread 73102] [12.0] [cxt 0] Pipeline 'egress': start
[22:43:26.819] [bmv2] [T] [thread 73102] [12.0] [cxt 0] mejora.p4(255) Condition "hdr.mpls.isValid()" (node_14) is true
[22:43:26.819] [bmv2] [T] [thread 73102] [12.0] [cxt 0] Applying table 'MyEgress.check_is_egress_border'
[22:43:26.819] [bmv2] [D] [thread 73102] [12.0] [cxt 0] Looking up key:
* standard_metadata.egress_port: 0002

[22:43:26.819] [bmv2] [D] [thread 73102] [12.0] [cxt 0] Table 'MyEgress.check_is_egress_border': miss
[22:43:26.819] [bmv2] [D] [thread 73102] [12.0] [cxt 0] Action entry is NoAction - 
[22:43:26.819] [bmv2] [T] [thread 73102] [12.0] [cxt 0] Action NoAction
[22:43:26.819] [bmv2] [D] [thread 73102] [12.0] [cxt 0] Pipeline 'egress': end
[22:43:26.819] [bmv2] [D] [thread 73102] [12.0] [cxt 0] Deparser 'deparser': start
[22:43:26.819] [bmv2] [D] [thread 73102] [12.0] [cxt 0] Updating checksum 'cksum'
[22:43:26.820] [bmv2] [D] [thread 73102] [12.0] [cxt 0] Deparsing header 'ethernet'
[22:43:26.820] [bmv2] [D] [thread 73102] [12.0] [cxt 0] Deparsing header 'mpls'
[22:43:26.820] [bmv2] [D] [thread 73102] [12.0] [cxt 0] Deparsing header 'ipv4'
[22:43:26.820] [bmv2] [D] [thread 73102] [12.0] [cxt 0] Deparser 'deparser': end
[22:43:26.820] [bmv2] [D] [thread 73104] [12.0] [cxt 0] Transmitting packet of size 102 out of port 2
open: No such file or directory
open: No such file or directory
open: No such file or directory
open: No such file or directory
open: No such file or directory
open: No such file or directory
open: No such file or directory
open: No such file or directory
open: No such file or directory
open: No such file or directory
open: No such file or directory
open: No such file or directory
