Calling target program-options parser
Adding interface s7-eth1 as port 1
[01:16:09.702] [bmv2] [D] [thread 52616] Adding interface s7-eth1 as port 1
Adding interface s7-eth2 as port 2
[01:16:09.723] [bmv2] [D] [thread 52616] Adding interface s7-eth2 as port 2
Server listening on 0.0.0.0:9565
[01:16:09.737] [bmv2] [I] [thread 52616] Starting Thrift server on port 9096
[01:16:09.744] [bmv2] [I] [thread 52616] Thrift server was started
[01:16:18.466] [bmv2] [D] [thread 53192] Set default default entry for table 'MyIngress.check_is_ingress_border': NoAction - 
[01:16:18.466] [bmv2] [D] [thread 53192] Set default default entry for table 'MyIngress.fec_to_label': NoAction - 
[01:16:18.466] [bmv2] [D] [thread 53192] Set default default entry for table 'MyIngress.mpls_tbl': MyIngress.drop - 
[01:16:18.466] [bmv2] [D] [thread 53192] Set default default entry for table 'MyIngress.ipv4_ef': MyIngress.drop - 
[01:16:18.466] [bmv2] [D] [thread 53192] Set default default entry for table 'MyIngress.ipv4_any': MyIngress.drop - 
[01:16:18.466] [bmv2] [D] [thread 53192] Set default default entry for table 'MyEgress.check_is_egress_border': NoAction - 
[01:16:18.472] [bmv2] [D] [thread 53192] simple_switch target has been notified of a config swap
[01:16:18.489] [bmv2] [D] [thread 53205] [0.0] [cxt 0] Processing packet received on port 1
[01:16:18.489] [bmv2] [D] [thread 53205] [0.0] [cxt 0] Parser 'parser': start
[01:16:18.489] [bmv2] [D] [thread 53205] [0.0] [cxt 0] Parser 'parser' entering state 'start'
[01:16:18.489] [bmv2] [D] [thread 53205] [0.0] [cxt 0] Extracting header 'ethernet'
[01:16:18.489] [bmv2] [D] [thread 53205] [0.0] [cxt 0] Parser state 'start': key is 86dd
[01:16:18.489] [bmv2] [T] [thread 53205] [0.0] [cxt 0] Bytes parsed: 14
[01:16:18.489] [bmv2] [D] [thread 53205] [0.0] [cxt 0] Parser 'parser': end
[01:16:18.489] [bmv2] [D] [thread 53205] [0.0] [cxt 0] Pipeline 'ingress': start
[01:16:18.489] [bmv2] [T] [thread 53205] [0.0] [cxt 0] mejora.p4(202) Condition "hdr.ipv4.isValid()" (node_2) is false
[01:16:18.489] [bmv2] [D] [thread 53205] [0.0] [cxt 0] Pipeline 'ingress': end
[01:16:18.489] [bmv2] [D] [thread 53205] [0.0] [cxt 0] Egress port is 0
[01:16:18.489] [bmv2] [D] [thread 53205] [1.0] [cxt 0] Processing packet received on port 2
[01:16:18.489] [bmv2] [D] [thread 53205] [1.0] [cxt 0] Parser 'parser': start
[01:16:18.489] [bmv2] [D] [thread 53205] [1.0] [cxt 0] Parser 'parser' entering state 'start'
[01:16:18.489] [bmv2] [D] [thread 53205] [1.0] [cxt 0] Extracting header 'ethernet'
[01:16:18.489] [bmv2] [D] [thread 53205] [1.0] [cxt 0] Parser state 'start': key is 86dd
[01:16:18.489] [bmv2] [T] [thread 53205] [1.0] [cxt 0] Bytes parsed: 14
[01:16:18.489] [bmv2] [D] [thread 53205] [1.0] [cxt 0] Parser 'parser': end
[01:16:18.489] [bmv2] [D] [thread 53205] [1.0] [cxt 0] Pipeline 'ingress': start
[01:16:18.489] [bmv2] [T] [thread 53205] [1.0] [cxt 0] mejora.p4(202) Condition "hdr.ipv4.isValid()" (node_2) is false
[01:16:18.489] [bmv2] [D] [thread 53205] [1.0] [cxt 0] Pipeline 'ingress': end
[01:16:18.489] [bmv2] [D] [thread 53205] [1.0] [cxt 0] Egress port is 0
[01:16:18.489] [bmv2] [D] [thread 53205] [2.0] [cxt 0] Processing packet received on port 1
[01:16:18.489] [bmv2] [D] [thread 53205] [2.0] [cxt 0] Parser 'parser': start
[01:16:18.489] [bmv2] [D] [thread 53205] [2.0] [cxt 0] Parser 'parser' entering state 'start'
[01:16:18.489] [bmv2] [D] [thread 53205] [2.0] [cxt 0] Extracting header 'ethernet'
[01:16:18.489] [bmv2] [D] [thread 53205] [2.0] [cxt 0] Parser state 'start': key is 86dd
[01:16:18.490] [bmv2] [T] [thread 53205] [2.0] [cxt 0] Bytes parsed: 14
[01:16:18.490] [bmv2] [D] [thread 53205] [2.0] [cxt 0] Parser 'parser': end
[01:16:18.490] [bmv2] [D] [thread 53205] [2.0] [cxt 0] Pipeline 'ingress': start
[01:16:18.490] [bmv2] [T] [thread 53205] [2.0] [cxt 0] mejora.p4(202) Condition "hdr.ipv4.isValid()" (node_2) is false
[01:16:18.490] [bmv2] [D] [thread 53205] [2.0] [cxt 0] Pipeline 'ingress': end
[01:16:18.490] [bmv2] [D] [thread 53205] [2.0] [cxt 0] Egress port is 0
[01:16:18.490] [bmv2] [D] [thread 53205] [3.0] [cxt 0] Processing packet received on port 2
[01:16:18.490] [bmv2] [D] [thread 53205] [3.0] [cxt 0] Parser 'parser': start
[01:16:18.490] [bmv2] [D] [thread 53205] [3.0] [cxt 0] Parser 'parser' entering state 'start'
[01:16:18.490] [bmv2] [D] [thread 53205] [3.0] [cxt 0] Extracting header 'ethernet'
[01:16:18.490] [bmv2] [D] [thread 53205] [3.0] [cxt 0] Parser state 'start': key is 86dd
[01:16:18.490] [bmv2] [T] [thread 53205] [3.0] [cxt 0] Bytes parsed: 14
[01:16:18.490] [bmv2] [D] [thread 53205] [3.0] [cxt 0] Parser 'parser': end
[01:16:18.490] [bmv2] [D] [thread 53205] [3.0] [cxt 0] Pipeline 'ingress': start
[01:16:18.490] [bmv2] [T] [thread 53205] [3.0] [cxt 0] mejora.p4(202) Condition "hdr.ipv4.isValid()" (node_2) is false
[01:16:18.490] [bmv2] [D] [thread 53205] [3.0] [cxt 0] Pipeline 'ingress': end
[01:16:18.490] [bmv2] [D] [thread 53205] [3.0] [cxt 0] Egress port is 0
[01:16:18.490] [bmv2] [D] [thread 53205] [4.0] [cxt 0] Processing packet received on port 1
[01:16:18.490] [bmv2] [D] [thread 53205] [4.0] [cxt 0] Parser 'parser': start
[01:16:18.490] [bmv2] [D] [thread 53205] [4.0] [cxt 0] Parser 'parser' entering state 'start'
[01:16:18.490] [bmv2] [D] [thread 53205] [4.0] [cxt 0] Extracting header 'ethernet'
[01:16:18.490] [bmv2] [D] [thread 53205] [4.0] [cxt 0] Parser state 'start': key is 86dd
[01:16:18.490] [bmv2] [T] [thread 53205] [4.0] [cxt 0] Bytes parsed: 14
[01:16:18.490] [bmv2] [D] [thread 53205] [4.0] [cxt 0] Parser 'parser': end
[01:16:18.490] [bmv2] [D] [thread 53205] [4.0] [cxt 0] Pipeline 'ingress': start
[01:16:18.490] [bmv2] [T] [thread 53205] [4.0] [cxt 0] mejora.p4(202) Condition "hdr.ipv4.isValid()" (node_2) is false
[01:16:18.490] [bmv2] [D] [thread 53205] [4.0] [cxt 0] Pipeline 'ingress': end
[01:16:18.490] [bmv2] [D] [thread 53205] [4.0] [cxt 0] Egress port is 0
[01:16:18.490] [bmv2] [D] [thread 53205] [5.0] [cxt 0] Processing packet received on port 2
[01:16:18.490] [bmv2] [D] [thread 53205] [5.0] [cxt 0] Parser 'parser': start
[01:16:18.490] [bmv2] [D] [thread 53205] [5.0] [cxt 0] Parser 'parser' entering state 'start'
[01:16:18.490] [bmv2] [D] [thread 53205] [5.0] [cxt 0] Extracting header 'ethernet'
[01:16:18.490] [bmv2] [D] [thread 53205] [5.0] [cxt 0] Parser state 'start': key is 86dd
[01:16:18.490] [bmv2] [T] [thread 53205] [5.0] [cxt 0] Bytes parsed: 14
[01:16:18.490] [bmv2] [D] [thread 53205] [5.0] [cxt 0] Parser 'parser': end
[01:16:18.490] [bmv2] [D] [thread 53205] [5.0] [cxt 0] Pipeline 'ingress': start
[01:16:18.490] [bmv2] [T] [thread 53205] [5.0] [cxt 0] mejora.p4(202) Condition "hdr.ipv4.isValid()" (node_2) is false
[01:16:18.490] [bmv2] [D] [thread 53205] [5.0] [cxt 0] Pipeline 'ingress': end
[01:16:18.490] [bmv2] [D] [thread 53205] [5.0] [cxt 0] Egress port is 0
[01:16:18.490] [bmv2] [D] [thread 53205] [6.0] [cxt 0] Processing packet received on port 1
[01:16:18.490] [bmv2] [D] [thread 53205] [6.0] [cxt 0] Parser 'parser': start
[01:16:18.490] [bmv2] [D] [thread 53205] [6.0] [cxt 0] Parser 'parser' entering state 'start'
[01:16:18.490] [bmv2] [D] [thread 53205] [6.0] [cxt 0] Extracting header 'ethernet'
[01:16:18.490] [bmv2] [D] [thread 53205] [6.0] [cxt 0] Parser state 'start': key is 86dd
[01:16:18.490] [bmv2] [T] [thread 53205] [6.0] [cxt 0] Bytes parsed: 14
[01:16:18.490] [bmv2] [D] [thread 53205] [6.0] [cxt 0] Parser 'parser': end
[01:16:18.490] [bmv2] [D] [thread 53205] [6.0] [cxt 0] Pipeline 'ingress': start
[01:16:18.490] [bmv2] [T] [thread 53205] [6.0] [cxt 0] mejora.p4(202) Condition "hdr.ipv4.isValid()" (node_2) is false
[01:16:18.490] [bmv2] [D] [thread 53205] [6.0] [cxt 0] Pipeline 'ingress': end
[01:16:18.490] [bmv2] [D] [thread 53205] [6.0] [cxt 0] Egress port is 0
[01:16:18.490] [bmv2] [D] [thread 53205] [7.0] [cxt 0] Processing packet received on port 2
[01:16:18.490] [bmv2] [D] [thread 53205] [7.0] [cxt 0] Parser 'parser': start
[01:16:18.490] [bmv2] [D] [thread 53205] [7.0] [cxt 0] Parser 'parser' entering state 'start'
[01:16:18.490] [bmv2] [D] [thread 53205] [7.0] [cxt 0] Extracting header 'ethernet'
[01:16:18.490] [bmv2] [D] [thread 53205] [7.0] [cxt 0] Parser state 'start': key is 86dd
[01:16:18.490] [bmv2] [T] [thread 53205] [7.0] [cxt 0] Bytes parsed: 14
[01:16:18.490] [bmv2] [D] [thread 53205] [7.0] [cxt 0] Parser 'parser': end
[01:16:18.490] [bmv2] [D] [thread 53205] [7.0] [cxt 0] Pipeline 'ingress': start
[01:16:18.490] [bmv2] [T] [thread 53205] [7.0] [cxt 0] mejora.p4(202) Condition "hdr.ipv4.isValid()" (node_2) is false
[01:16:18.490] [bmv2] [D] [thread 53205] [7.0] [cxt 0] Pipeline 'ingress': end
[01:16:18.490] [bmv2] [D] [thread 53205] [7.0] [cxt 0] Egress port is 0
[01:16:18.490] [bmv2] [D] [thread 53205] [8.0] [cxt 0] Processing packet received on port 1
[01:16:18.490] [bmv2] [D] [thread 53205] [8.0] [cxt 0] Parser 'parser': start
[01:16:18.490] [bmv2] [D] [thread 53205] [8.0] [cxt 0] Parser 'parser' entering state 'start'
[01:16:18.490] [bmv2] [D] [thread 53205] [8.0] [cxt 0] Extracting header 'ethernet'
[01:16:18.490] [bmv2] [D] [thread 53205] [8.0] [cxt 0] Parser state 'start': key is 86dd
[01:16:18.490] [bmv2] [T] [thread 53205] [8.0] [cxt 0] Bytes parsed: 14
[01:16:18.490] [bmv2] [D] [thread 53205] [8.0] [cxt 0] Parser 'parser': end
[01:16:18.490] [bmv2] [D] [thread 53205] [8.0] [cxt 0] Pipeline 'ingress': start
[01:16:18.490] [bmv2] [T] [thread 53205] [8.0] [cxt 0] mejora.p4(202) Condition "hdr.ipv4.isValid()" (node_2) is false
[01:16:18.490] [bmv2] [D] [thread 53205] [8.0] [cxt 0] Pipeline 'ingress': end
[01:16:18.490] [bmv2] [D] [thread 53205] [8.0] [cxt 0] Egress port is 0
[01:16:18.490] [bmv2] [D] [thread 53205] [9.0] [cxt 0] Processing packet received on port 2
[01:16:18.490] [bmv2] [D] [thread 53205] [9.0] [cxt 0] Parser 'parser': start
[01:16:18.490] [bmv2] [D] [thread 53205] [9.0] [cxt 0] Parser 'parser' entering state 'start'
[01:16:18.490] [bmv2] [D] [thread 53205] [9.0] [cxt 0] Extracting header 'ethernet'
[01:16:18.490] [bmv2] [D] [thread 53205] [9.0] [cxt 0] Parser state 'start': key is 86dd
[01:16:18.490] [bmv2] [T] [thread 53205] [9.0] [cxt 0] Bytes parsed: 14
[01:16:18.490] [bmv2] [D] [thread 53205] [9.0] [cxt 0] Parser 'parser': end
[01:16:18.490] [bmv2] [D] [thread 53205] [9.0] [cxt 0] Pipeline 'ingress': start
[01:16:18.490] [bmv2] [T] [thread 53205] [9.0] [cxt 0] mejora.p4(202) Condition "hdr.ipv4.isValid()" (node_2) is false
[01:16:18.490] [bmv2] [D] [thread 53205] [9.0] [cxt 0] Pipeline 'ingress': end
[01:16:18.490] [bmv2] [D] [thread 53205] [9.0] [cxt 0] Egress port is 0
[01:16:18.501] [bmv2] [D] [thread 53206] [0.0] [cxt 0] Pipeline 'egress': start
[01:16:18.501] [bmv2] [T] [thread 53206] [0.0] [cxt 0] mejora.p4(255) Condition "hdr.mpls.isValid()" (node_14) is false
[01:16:18.501] [bmv2] [D] [thread 53206] [0.0] [cxt 0] Pipeline 'egress': end
[01:16:18.501] [bmv2] [D] [thread 53206] [0.0] [cxt 0] Deparser 'deparser': start
[01:16:18.501] [bmv2] [T] [thread 53206] [0.0] [cxt 0] Skipping checksum 'cksum' update because condition not met
[01:16:18.501] [bmv2] [D] [thread 53206] [0.0] [cxt 0] Deparsing header 'ethernet'
[01:16:18.501] [bmv2] [D] [thread 53206] [0.0] [cxt 0] Deparser 'deparser': end
[01:16:18.501] [bmv2] [D] [thread 53206] [1.0] [cxt 0] Pipeline 'egress': start
[01:16:18.501] [bmv2] [T] [thread 53206] [1.0] [cxt 0] mejora.p4(255) Condition "hdr.mpls.isValid()" (node_14) is false
[01:16:18.501] [bmv2] [D] [thread 53206] [1.0] [cxt 0] Pipeline 'egress': end
[01:16:18.501] [bmv2] [D] [thread 53206] [1.0] [cxt 0] Deparser 'deparser': start
[01:16:18.501] [bmv2] [T] [thread 53206] [1.0] [cxt 0] Skipping checksum 'cksum' update because condition not met
[01:16:18.501] [bmv2] [D] [thread 53206] [1.0] [cxt 0] Deparsing header 'ethernet'
[01:16:18.501] [bmv2] [D] [thread 53206] [1.0] [cxt 0] Deparser 'deparser': end
[01:16:18.501] [bmv2] [D] [thread 53206] [2.0] [cxt 0] Pipeline 'egress': start
[01:16:18.501] [bmv2] [T] [thread 53206] [2.0] [cxt 0] mejora.p4(255) Condition "hdr.mpls.isValid()" (node_14) is false
[01:16:18.501] [bmv2] [D] [thread 53206] [2.0] [cxt 0] Pipeline 'egress': end
[01:16:18.501] [bmv2] [D] [thread 53206] [2.0] [cxt 0] Deparser 'deparser': start
[01:16:18.501] [bmv2] [T] [thread 53206] [2.0] [cxt 0] Skipping checksum 'cksum' update because condition not met
[01:16:18.501] [bmv2] [D] [thread 53206] [2.0] [cxt 0] Deparsing header 'ethernet'
[01:16:18.501] [bmv2] [D] [thread 53206] [2.0] [cxt 0] Deparser 'deparser': end
[01:16:18.501] [bmv2] [D] [thread 53206] [3.0] [cxt 0] Pipeline 'egress': start
[01:16:18.501] [bmv2] [T] [thread 53206] [3.0] [cxt 0] mejora.p4(255) Condition "hdr.mpls.isValid()" (node_14) is false
[01:16:18.501] [bmv2] [D] [thread 53206] [3.0] [cxt 0] Pipeline 'egress': end
[01:16:18.501] [bmv2] [D] [thread 53206] [3.0] [cxt 0] Deparser 'deparser': start
[01:16:18.501] [bmv2] [T] [thread 53206] [3.0] [cxt 0] Skipping checksum 'cksum' update because condition not met
[01:16:18.501] [bmv2] [D] [thread 53206] [3.0] [cxt 0] Deparsing header 'ethernet'
[01:16:18.501] [bmv2] [D] [thread 53206] [3.0] [cxt 0] Deparser 'deparser': end
[01:16:18.501] [bmv2] [D] [thread 53206] [4.0] [cxt 0] Pipeline 'egress': start
[01:16:18.501] [bmv2] [T] [thread 53206] [4.0] [cxt 0] mejora.p4(255) Condition "hdr.mpls.isValid()" (node_14) is false
[01:16:18.501] [bmv2] [D] [thread 53206] [4.0] [cxt 0] Pipeline 'egress': end
[01:16:18.501] [bmv2] [D] [thread 53206] [4.0] [cxt 0] Deparser 'deparser': start
[01:16:18.501] [bmv2] [T] [thread 53206] [4.0] [cxt 0] Skipping checksum 'cksum' update because condition not met
[01:16:18.501] [bmv2] [D] [thread 53206] [4.0] [cxt 0] Deparsing header 'ethernet'
[01:16:18.501] [bmv2] [D] [thread 53206] [4.0] [cxt 0] Deparser 'deparser': end
[01:16:18.501] [bmv2] [D] [thread 53206] [5.0] [cxt 0] Pipeline 'egress': start
[01:16:18.501] [bmv2] [T] [thread 53206] [5.0] [cxt 0] mejora.p4(255) Condition "hdr.mpls.isValid()" (node_14) is false
[01:16:18.501] [bmv2] [D] [thread 53206] [5.0] [cxt 0] Pipeline 'egress': end
[01:16:18.501] [bmv2] [D] [thread 53206] [5.0] [cxt 0] Deparser 'deparser': start
[01:16:18.501] [bmv2] [T] [thread 53206] [5.0] [cxt 0] Skipping checksum 'cksum' update because condition not met
[01:16:18.501] [bmv2] [D] [thread 53206] [5.0] [cxt 0] Deparsing header 'ethernet'
[01:16:18.501] [bmv2] [D] [thread 53206] [5.0] [cxt 0] Deparser 'deparser': end
[01:16:18.501] [bmv2] [D] [thread 53206] [6.0] [cxt 0] Pipeline 'egress': start
[01:16:18.501] [bmv2] [T] [thread 53206] [6.0] [cxt 0] mejora.p4(255) Condition "hdr.mpls.isValid()" (node_14) is false
[01:16:18.501] [bmv2] [D] [thread 53206] [6.0] [cxt 0] Pipeline 'egress': end
[01:16:18.501] [bmv2] [D] [thread 53206] [6.0] [cxt 0] Deparser 'deparser': start
[01:16:18.501] [bmv2] [T] [thread 53206] [6.0] [cxt 0] Skipping checksum 'cksum' update because condition not met
[01:16:18.501] [bmv2] [D] [thread 53206] [6.0] [cxt 0] Deparsing header 'ethernet'
[01:16:18.501] [bmv2] [D] [thread 53206] [6.0] [cxt 0] Deparser 'deparser': end
[01:16:18.501] [bmv2] [D] [thread 53206] [7.0] [cxt 0] Pipeline 'egress': start
[01:16:18.501] [bmv2] [T] [thread 53206] [7.0] [cxt 0] mejora.p4(255) Condition "hdr.mpls.isValid()" (node_14) is false
[01:16:18.501] [bmv2] [D] [thread 53206] [7.0] [cxt 0] Pipeline 'egress': end
[01:16:18.501] [bmv2] [D] [thread 53206] [7.0] [cxt 0] Deparser 'deparser': start
[01:16:18.501] [bmv2] [T] [thread 53206] [7.0] [cxt 0] Skipping checksum 'cksum' update because condition not met
[01:16:18.501] [bmv2] [D] [thread 53206] [7.0] [cxt 0] Deparsing header 'ethernet'
[01:16:18.501] [bmv2] [D] [thread 53206] [7.0] [cxt 0] Deparser 'deparser': end
[01:16:18.501] [bmv2] [D] [thread 53206] [8.0] [cxt 0] Pipeline 'egress': start
[01:16:18.501] [bmv2] [T] [thread 53206] [8.0] [cxt 0] mejora.p4(255) Condition "hdr.mpls.isValid()" (node_14) is false
[01:16:18.501] [bmv2] [D] [thread 53206] [8.0] [cxt 0] Pipeline 'egress': end
[01:16:18.501] [bmv2] [D] [thread 53206] [8.0] [cxt 0] Deparser 'deparser': start
[01:16:18.502] [bmv2] [T] [thread 53206] [8.0] [cxt 0] Skipping checksum 'cksum' update because condition not met
[01:16:18.502] [bmv2] [D] [thread 53206] [8.0] [cxt 0] Deparsing header 'ethernet'
[01:16:18.502] [bmv2] [D] [thread 53206] [8.0] [cxt 0] Deparser 'deparser': end
[01:16:18.502] [bmv2] [D] [thread 53206] [9.0] [cxt 0] Pipeline 'egress': start
[01:16:18.502] [bmv2] [T] [thread 53206] [9.0] [cxt 0] mejora.p4(255) Condition "hdr.mpls.isValid()" (node_14) is false
[01:16:18.502] [bmv2] [D] [thread 53206] [9.0] [cxt 0] Pipeline 'egress': end
[01:16:18.502] [bmv2] [D] [thread 53206] [9.0] [cxt 0] Deparser 'deparser': start
[01:16:18.502] [bmv2] [T] [thread 53206] [9.0] [cxt 0] Skipping checksum 'cksum' update because condition not met
[01:16:18.502] [bmv2] [D] [thread 53206] [9.0] [cxt 0] Deparsing header 'ethernet'
[01:16:18.502] [bmv2] [D] [thread 53206] [9.0] [cxt 0] Deparser 'deparser': end
[01:16:18.502] [bmv2] [D] [thread 53210] [0.0] [cxt 0] Transmitting packet of size 203 out of port 0
[01:16:18.502] [bmv2] [D] [thread 53210] [1.0] [cxt 0] Transmitting packet of size 203 out of port 0
[01:16:18.502] [bmv2] [D] [thread 53210] [2.0] [cxt 0] Transmitting packet of size 70 out of port 0
[01:16:18.502] [bmv2] [D] [thread 53210] [3.0] [cxt 0] Transmitting packet of size 210 out of port 0
[01:16:18.502] [bmv2] [D] [thread 53210] [4.0] [cxt 0] Transmitting packet of size 210 out of port 0
[01:16:18.502] [bmv2] [D] [thread 53210] [5.0] [cxt 0] Transmitting packet of size 210 out of port 0
[01:16:18.502] [bmv2] [D] [thread 53210] [6.0] [cxt 0] Transmitting packet of size 210 out of port 0
[01:16:18.502] [bmv2] [D] [thread 53210] [7.0] [cxt 0] Transmitting packet of size 70 out of port 0
[01:16:18.502] [bmv2] [D] [thread 53210] [8.0] [cxt 0] Transmitting packet of size 70 out of port 0
[01:16:18.502] [bmv2] [D] [thread 53210] [9.0] [cxt 0] Transmitting packet of size 70 out of port 0
[01:16:19.197] [bmv2] [D] [thread 53198] Entry 0 added to table 'MyIngress.mpls_tbl'
[01:16:19.197] [bmv2] [D] [thread 53198] Dumping entry 0
Match key:
* hdr.mpls.label      : EXACT     000002
Action entry: MyIngress.mpls_forward - 50700,2,

[01:16:19.203] [bmv2] [D] [thread 53198] Entry 0 added to table 'MyIngress.ipv4_any'
[01:16:19.203] [bmv2] [D] [thread 53198] Dumping entry 0
Match key:
* hdr.ipv4.dstAddr    : LPM       0a050202/32
Action entry: MyIngress.ipv4_forward - 50700,2,

[01:16:19.212] [bmv2] [D] [thread 53212] Entry 0 added to table 'MyIngress.ipv4_ef'
[01:16:19.212] [bmv2] [D] [thread 53212] Dumping entry 0
Match key:
* hdr.ipv4.dstAddr    : LPM       0a0a0402/32
Action entry: MyIngress.ipv4_forward - a0700,1,

[01:16:25.136] [bmv2] [D] [thread 53205] [10.0] [cxt 0] Processing packet received on port 1
[01:16:25.136] [bmv2] [D] [thread 53205] [10.0] [cxt 0] Parser 'parser': start
[01:16:25.136] [bmv2] [D] [thread 53205] [10.0] [cxt 0] Parser 'parser' entering state 'start'
[01:16:25.136] [bmv2] [D] [thread 53205] [10.0] [cxt 0] Extracting header 'ethernet'
[01:16:25.136] [bmv2] [D] [thread 53205] [10.0] [cxt 0] Parser state 'start': key is 8847
[01:16:25.136] [bmv2] [T] [thread 53205] [10.0] [cxt 0] Bytes parsed: 14
[01:16:25.136] [bmv2] [D] [thread 53205] [10.0] [cxt 0] Parser 'parser' entering state 'parse_mpls'
[01:16:25.136] [bmv2] [D] [thread 53205] [10.0] [cxt 0] Extracting header 'mpls'
[01:16:25.136] [bmv2] [D] [thread 53205] [10.0] [cxt 0] Parser state 'parse_mpls' has no switch, going to default next state
[01:16:25.136] [bmv2] [T] [thread 53205] [10.0] [cxt 0] Bytes parsed: 18
[01:16:25.136] [bmv2] [D] [thread 53205] [10.0] [cxt 0] Parser 'parser' entering state 'parse_ipv4'
[01:16:25.136] [bmv2] [D] [thread 53205] [10.0] [cxt 0] Extracting header 'ipv4'
[01:16:25.136] [bmv2] [D] [thread 53205] [10.0] [cxt 0] Parser state 'parse_ipv4' has no switch, going to default next state
[01:16:25.136] [bmv2] [T] [thread 53205] [10.0] [cxt 0] Bytes parsed: 38
[01:16:25.136] [bmv2] [D] [thread 53205] [10.0] [cxt 0] Parser 'parser': end
[01:16:25.136] [bmv2] [D] [thread 53205] [10.0] [cxt 0] Pipeline 'ingress': start
[01:16:25.136] [bmv2] [T] [thread 53205] [10.0] [cxt 0] mejora.p4(202) Condition "hdr.ipv4.isValid()" (node_2) is true
[01:16:25.136] [bmv2] [T] [thread 53205] [10.0] [cxt 0] mejora.p4(203) Condition "hdr.ipv4.protocol == 1" (node_3) is true
[01:16:25.136] [bmv2] [T] [thread 53205] [10.0] [cxt 0] Applying table 'MyIngress.check_is_ingress_border'
[01:16:25.136] [bmv2] [D] [thread 53205] [10.0] [cxt 0] Looking up key:
* standard_metadata.ingress_port: 0001

[01:16:25.136] [bmv2] [D] [thread 53205] [10.0] [cxt 0] Table 'MyIngress.check_is_ingress_border': miss
[01:16:25.136] [bmv2] [D] [thread 53205] [10.0] [cxt 0] Action entry is NoAction - 
[01:16:25.136] [bmv2] [T] [thread 53205] [10.0] [cxt 0] Action NoAction
[01:16:25.136] [bmv2] [T] [thread 53205] [10.0] [cxt 0] mejora.p4(207) Condition "meta.is_ingress_border == 1" (node_5) is false
[01:16:25.136] [bmv2] [T] [thread 53205] [10.0] [cxt 0] mejora.p4(212) Condition "hdr.mpls.isValid()" (node_7) is true
[01:16:25.136] [bmv2] [T] [thread 53205] [10.0] [cxt 0] Applying table 'MyIngress.mpls_tbl'
[01:16:25.136] [bmv2] [D] [thread 53205] [10.0] [cxt 0] Looking up key:
* hdr.mpls.label      : 000002

[01:16:25.136] [bmv2] [D] [thread 53205] [10.0] [cxt 0] Table 'MyIngress.mpls_tbl': hit with handle 0
[01:16:25.136] [bmv2] [D] [thread 53205] [10.0] [cxt 0] Dumping entry 0
Match key:
* hdr.mpls.label      : EXACT     000002
Action entry: MyIngress.mpls_forward - 50700,2,

[01:16:25.136] [bmv2] [D] [thread 53205] [10.0] [cxt 0] Action entry is MyIngress.mpls_forward - 50700,2,
[01:16:25.136] [bmv2] [T] [thread 53205] [10.0] [cxt 0] Action MyIngress.mpls_forward
[01:16:25.136] [bmv2] [T] [thread 53205] [10.0] [cxt 0] mejora.p4(149) Primitive hdr.ethernet.srcAddr = hdr.ethernet.dstAddr
[01:16:25.136] [bmv2] [T] [thread 53205] [10.0] [cxt 0] mejora.p4(150) Primitive hdr.ethernet.dstAddr = dstAddr
[01:16:25.136] [bmv2] [T] [thread 53205] [10.0] [cxt 0] mejora.p4(152) Primitive standard_metadata.egress_spec = port
[01:16:25.136] [bmv2] [T] [thread 53205] [10.0] [cxt 0] mejora.p4(153) Primitive hdr.mpls.ttl = hdr.mpls.ttl - 1
[01:16:25.136] [bmv2] [D] [thread 53205] [10.0] [cxt 0] Pipeline 'ingress': end
[01:16:25.136] [bmv2] [D] [thread 53205] [10.0] [cxt 0] Egress port is 2
[01:16:25.136] [bmv2] [D] [thread 53208] [10.0] [cxt 0] Pipeline 'egress': start
[01:16:25.136] [bmv2] [T] [thread 53208] [10.0] [cxt 0] mejora.p4(255) Condition "hdr.mpls.isValid()" (node_14) is true
[01:16:25.136] [bmv2] [T] [thread 53208] [10.0] [cxt 0] Applying table 'MyEgress.check_is_egress_border'
[01:16:25.136] [bmv2] [D] [thread 53208] [10.0] [cxt 0] Looking up key:
* standard_metadata.egress_port: 0002

[01:16:25.136] [bmv2] [D] [thread 53208] [10.0] [cxt 0] Table 'MyEgress.check_is_egress_border': miss
[01:16:25.136] [bmv2] [D] [thread 53208] [10.0] [cxt 0] Action entry is NoAction - 
[01:16:25.136] [bmv2] [T] [thread 53208] [10.0] [cxt 0] Action NoAction
[01:16:25.136] [bmv2] [D] [thread 53208] [10.0] [cxt 0] Pipeline 'egress': end
[01:16:25.136] [bmv2] [D] [thread 53208] [10.0] [cxt 0] Deparser 'deparser': start
[01:16:25.136] [bmv2] [D] [thread 53208] [10.0] [cxt 0] Updating checksum 'cksum'
[01:16:25.136] [bmv2] [D] [thread 53208] [10.0] [cxt 0] Deparsing header 'ethernet'
[01:16:25.136] [bmv2] [D] [thread 53208] [10.0] [cxt 0] Deparsing header 'mpls'
[01:16:25.136] [bmv2] [D] [thread 53208] [10.0] [cxt 0] Deparsing header 'ipv4'
[01:16:25.137] [bmv2] [D] [thread 53208] [10.0] [cxt 0] Deparser 'deparser': end
[01:16:25.137] [bmv2] [D] [thread 53210] [10.0] [cxt 0] Transmitting packet of size 102 out of port 2
[01:16:25.212] [bmv2] [D] [thread 53205] [11.0] [cxt 0] Processing packet received on port 1
[01:16:25.213] [bmv2] [D] [thread 53205] [11.0] [cxt 0] Parser 'parser': start
[01:16:25.213] [bmv2] [D] [thread 53205] [11.0] [cxt 0] Parser 'parser' entering state 'start'
[01:16:25.213] [bmv2] [D] [thread 53205] [11.0] [cxt 0] Extracting header 'ethernet'
[01:16:25.213] [bmv2] [D] [thread 53205] [11.0] [cxt 0] Parser state 'start': key is 8847
[01:16:25.213] [bmv2] [T] [thread 53205] [11.0] [cxt 0] Bytes parsed: 14
[01:16:25.213] [bmv2] [D] [thread 53205] [11.0] [cxt 0] Parser 'parser' entering state 'parse_mpls'
[01:16:25.213] [bmv2] [D] [thread 53205] [11.0] [cxt 0] Extracting header 'mpls'
[01:16:25.213] [bmv2] [D] [thread 53205] [11.0] [cxt 0] Parser state 'parse_mpls' has no switch, going to default next state
[01:16:25.213] [bmv2] [T] [thread 53205] [11.0] [cxt 0] Bytes parsed: 18
[01:16:25.213] [bmv2] [D] [thread 53205] [11.0] [cxt 0] Parser 'parser' entering state 'parse_ipv4'
[01:16:25.213] [bmv2] [D] [thread 53205] [11.0] [cxt 0] Extracting header 'ipv4'
[01:16:25.213] [bmv2] [D] [thread 53205] [11.0] [cxt 0] Parser state 'parse_ipv4' has no switch, going to default next state
[01:16:25.213] [bmv2] [T] [thread 53205] [11.0] [cxt 0] Bytes parsed: 38
[01:16:25.213] [bmv2] [D] [thread 53205] [11.0] [cxt 0] Parser 'parser': end
[01:16:25.213] [bmv2] [D] [thread 53205] [11.0] [cxt 0] Pipeline 'ingress': start
[01:16:25.213] [bmv2] [T] [thread 53205] [11.0] [cxt 0] mejora.p4(202) Condition "hdr.ipv4.isValid()" (node_2) is true
[01:16:25.213] [bmv2] [T] [thread 53205] [11.0] [cxt 0] mejora.p4(203) Condition "hdr.ipv4.protocol == 1" (node_3) is true
[01:16:25.213] [bmv2] [T] [thread 53205] [11.0] [cxt 0] Applying table 'MyIngress.check_is_ingress_border'
[01:16:25.213] [bmv2] [D] [thread 53205] [11.0] [cxt 0] Looking up key:
* standard_metadata.ingress_port: 0001

[01:16:25.213] [bmv2] [D] [thread 53205] [11.0] [cxt 0] Table 'MyIngress.check_is_ingress_border': miss
[01:16:25.213] [bmv2] [D] [thread 53205] [11.0] [cxt 0] Action entry is NoAction - 
[01:16:25.213] [bmv2] [T] [thread 53205] [11.0] [cxt 0] Action NoAction
[01:16:25.213] [bmv2] [T] [thread 53205] [11.0] [cxt 0] mejora.p4(207) Condition "meta.is_ingress_border == 1" (node_5) is false
[01:16:25.213] [bmv2] [T] [thread 53205] [11.0] [cxt 0] mejora.p4(212) Condition "hdr.mpls.isValid()" (node_7) is true
[01:16:25.213] [bmv2] [T] [thread 53205] [11.0] [cxt 0] Applying table 'MyIngress.mpls_tbl'
[01:16:25.213] [bmv2] [D] [thread 53205] [11.0] [cxt 0] Looking up key:
* hdr.mpls.label      : 000002

[01:16:25.213] [bmv2] [D] [thread 53205] [11.0] [cxt 0] Table 'MyIngress.mpls_tbl': hit with handle 0
[01:16:25.213] [bmv2] [D] [thread 53205] [11.0] [cxt 0] Dumping entry 0
Match key:
* hdr.mpls.label      : EXACT     000002
Action entry: MyIngress.mpls_forward - 50700,2,

[01:16:25.213] [bmv2] [D] [thread 53205] [11.0] [cxt 0] Action entry is MyIngress.mpls_forward - 50700,2,
[01:16:25.213] [bmv2] [T] [thread 53205] [11.0] [cxt 0] Action MyIngress.mpls_forward
[01:16:25.213] [bmv2] [T] [thread 53205] [11.0] [cxt 0] mejora.p4(149) Primitive hdr.ethernet.srcAddr = hdr.ethernet.dstAddr
[01:16:25.213] [bmv2] [T] [thread 53205] [11.0] [cxt 0] mejora.p4(150) Primitive hdr.ethernet.dstAddr = dstAddr
[01:16:25.213] [bmv2] [T] [thread 53205] [11.0] [cxt 0] mejora.p4(152) Primitive standard_metadata.egress_spec = port
[01:16:25.213] [bmv2] [T] [thread 53205] [11.0] [cxt 0] mejora.p4(153) Primitive hdr.mpls.ttl = hdr.mpls.ttl - 1
[01:16:25.213] [bmv2] [D] [thread 53205] [11.0] [cxt 0] Pipeline 'ingress': end
[01:16:25.213] [bmv2] [D] [thread 53205] [11.0] [cxt 0] Egress port is 2
[01:16:25.213] [bmv2] [D] [thread 53208] [11.0] [cxt 0] Pipeline 'egress': start
[01:16:25.213] [bmv2] [T] [thread 53208] [11.0] [cxt 0] mejora.p4(255) Condition "hdr.mpls.isValid()" (node_14) is true
[01:16:25.213] [bmv2] [T] [thread 53208] [11.0] [cxt 0] Applying table 'MyEgress.check_is_egress_border'
[01:16:25.213] [bmv2] [D] [thread 53208] [11.0] [cxt 0] Looking up key:
* standard_metadata.egress_port: 0002

[01:16:25.213] [bmv2] [D] [thread 53208] [11.0] [cxt 0] Table 'MyEgress.check_is_egress_border': miss
[01:16:25.213] [bmv2] [D] [thread 53208] [11.0] [cxt 0] Action entry is NoAction - 
[01:16:25.213] [bmv2] [T] [thread 53208] [11.0] [cxt 0] Action NoAction
[01:16:25.213] [bmv2] [D] [thread 53208] [11.0] [cxt 0] Pipeline 'egress': end
[01:16:25.213] [bmv2] [D] [thread 53208] [11.0] [cxt 0] Deparser 'deparser': start
[01:16:25.213] [bmv2] [D] [thread 53208] [11.0] [cxt 0] Updating checksum 'cksum'
[01:16:25.213] [bmv2] [D] [thread 53208] [11.0] [cxt 0] Deparsing header 'ethernet'
[01:16:25.213] [bmv2] [D] [thread 53208] [11.0] [cxt 0] Deparsing header 'mpls'
[01:16:25.213] [bmv2] [D] [thread 53208] [11.0] [cxt 0] Deparsing header 'ipv4'
[01:16:25.213] [bmv2] [D] [thread 53208] [11.0] [cxt 0] Deparser 'deparser': end
[01:16:25.213] [bmv2] [D] [thread 53210] [11.0] [cxt 0] Transmitting packet of size 102 out of port 2
