Calling target program-options parser
Adding interface s2-eth1 as port 1
[17:33:37.157] [bmv2] [D] [thread 3422] Adding interface s2-eth1 as port 1
Adding interface s2-eth2 as port 2
[17:33:37.237] [bmv2] [D] [thread 3422] Adding interface s2-eth2 as port 2
Server listening on 0.0.0.0:9560
[17:33:37.299] [bmv2] [I] [thread 3422] Starting Thrift server on port 9091
[17:33:37.300] [bmv2] [I] [thread 3422] Thrift server was started
[17:33:47.407] [bmv2] [D] [thread 3555] Set default default entry for table 'MyIngress.ipv4_lpm': MyIngress.drop - 
[17:33:47.408] [bmv2] [D] [thread 3555] simple_switch target has been notified of a config swap
[17:33:47.422] [bmv2] [D] [thread 3561] Set default entry for table 'MyIngress.ipv4_lpm': MyIngress.drop - 
[17:33:47.428] [bmv2] [D] [thread 3568] [0.0] [cxt 0] Processing packet received on port 2
[17:33:47.428] [bmv2] [D] [thread 3568] [0.0] [cxt 0] Parser 'parser': start
[17:33:47.428] [bmv2] [D] [thread 3568] [0.0] [cxt 0] Parser 'parser' entering state 'start'
[17:33:47.428] [bmv2] [D] [thread 3568] [0.0] [cxt 0] Extracting header 'ethernet'
[17:33:47.428] [bmv2] [D] [thread 3568] [0.0] [cxt 0] Parser state 'start': key is 86dd
[17:33:47.428] [bmv2] [T] [thread 3568] [0.0] [cxt 0] Bytes parsed: 14
[17:33:47.428] [bmv2] [D] [thread 3568] [0.0] [cxt 0] Parser 'parser': end
[17:33:47.428] [bmv2] [D] [thread 3568] [0.0] [cxt 0] Pipeline 'ingress': start
[17:33:47.428] [bmv2] [T] [thread 3568] [0.0] [cxt 0] basico.p4(114) Condition "hdr.ipv4.isValid()" (node_2) is false
[17:33:47.428] [bmv2] [D] [thread 3568] [0.0] [cxt 0] Pipeline 'ingress': end
[17:33:47.428] [bmv2] [D] [thread 3568] [0.0] [cxt 0] Egress port is 0
[17:33:47.428] [bmv2] [D] [thread 3568] [1.0] [cxt 0] Processing packet received on port 2
[17:33:47.428] [bmv2] [D] [thread 3568] [1.0] [cxt 0] Parser 'parser': start
[17:33:47.428] [bmv2] [D] [thread 3568] [1.0] [cxt 0] Parser 'parser' entering state 'start'
[17:33:47.428] [bmv2] [D] [thread 3568] [1.0] [cxt 0] Extracting header 'ethernet'
[17:33:47.428] [bmv2] [D] [thread 3568] [1.0] [cxt 0] Parser state 'start': key is 86dd
[17:33:47.428] [bmv2] [T] [thread 3568] [1.0] [cxt 0] Bytes parsed: 14
[17:33:47.428] [bmv2] [D] [thread 3568] [1.0] [cxt 0] Parser 'parser': end
[17:33:47.428] [bmv2] [D] [thread 3568] [1.0] [cxt 0] Pipeline 'ingress': start
[17:33:47.428] [bmv2] [T] [thread 3568] [1.0] [cxt 0] basico.p4(114) Condition "hdr.ipv4.isValid()" (node_2) is false
[17:33:47.428] [bmv2] [D] [thread 3568] [1.0] [cxt 0] Pipeline 'ingress': end
[17:33:47.428] [bmv2] [D] [thread 3568] [1.0] [cxt 0] Egress port is 0
[17:33:47.428] [bmv2] [D] [thread 3568] [2.0] [cxt 0] Processing packet received on port 2
[17:33:47.428] [bmv2] [D] [thread 3568] [2.0] [cxt 0] Parser 'parser': start
[17:33:47.428] [bmv2] [D] [thread 3568] [2.0] [cxt 0] Parser 'parser' entering state 'start'
[17:33:47.428] [bmv2] [D] [thread 3568] [2.0] [cxt 0] Extracting header 'ethernet'
[17:33:47.428] [bmv2] [D] [thread 3568] [2.0] [cxt 0] Parser state 'start': key is 86dd
[17:33:47.428] [bmv2] [T] [thread 3568] [2.0] [cxt 0] Bytes parsed: 14
[17:33:47.430] [bmv2] [D] [thread 3561] Entry 0 added to table 'MyIngress.ipv4_lpm'
[17:33:47.430] [bmv2] [D] [thread 3561] Dumping entry 0
Match key:
* hdr.ipv4.dstAddr    : LPM       0a000100/24
Action entry: MyIngress.ipv4_forward - 10200,2,

[17:33:47.430] [bmv2] [D] [thread 3569] [0.0] [cxt 0] Pipeline 'egress': start
[17:33:47.430] [bmv2] [D] [thread 3569] [0.0] [cxt 0] Pipeline 'egress': end
[17:33:47.430] [bmv2] [D] [thread 3569] [0.0] [cxt 0] Deparser 'deparser': start
[17:33:47.430] [bmv2] [T] [thread 3569] [0.0] [cxt 0] Skipping checksum 'cksum' update because condition not met
[17:33:47.430] [bmv2] [D] [thread 3569] [0.0] [cxt 0] Deparsing header 'ethernet'
[17:33:47.430] [bmv2] [D] [thread 3569] [0.0] [cxt 0] Deparser 'deparser': end
[17:33:47.430] [bmv2] [D] [thread 3569] [1.0] [cxt 0] Pipeline 'egress': start
[17:33:47.430] [bmv2] [D] [thread 3569] [1.0] [cxt 0] Pipeline 'egress': end
[17:33:47.430] [bmv2] [D] [thread 3569] [1.0] [cxt 0] Deparser 'deparser': start
[17:33:47.430] [bmv2] [T] [thread 3569] [1.0] [cxt 0] Skipping checksum 'cksum' update because condition not met
[17:33:47.430] [bmv2] [D] [thread 3569] [1.0] [cxt 0] Deparsing header 'ethernet'
[17:33:47.431] [bmv2] [D] [thread 3569] [1.0] [cxt 0] Deparser 'deparser': end
[17:33:47.431] [bmv2] [D] [thread 3573] [0.0] [cxt 0] Transmitting packet of size 222 out of port 0
[17:33:47.431] [bmv2] [D] [thread 3573] [1.0] [cxt 0] Transmitting packet of size 222 out of port 0
[17:33:47.431] [bmv2] [D] [thread 3568] [2.0] [cxt 0] Parser 'parser': end
[17:33:47.431] [bmv2] [D] [thread 3568] [2.0] [cxt 0] Pipeline 'ingress': start
[17:33:47.431] [bmv2] [T] [thread 3568] [2.0] [cxt 0] basico.p4(114) Condition "hdr.ipv4.isValid()" (node_2) is false
[17:33:47.431] [bmv2] [D] [thread 3568] [2.0] [cxt 0] Pipeline 'ingress': end
[17:33:47.431] [bmv2] [D] [thread 3568] [2.0] [cxt 0] Egress port is 0
[17:33:47.431] [bmv2] [D] [thread 3568] [3.0] [cxt 0] Processing packet received on port 2
[17:33:47.431] [bmv2] [D] [thread 3568] [3.0] [cxt 0] Parser 'parser': start
[17:33:47.431] [bmv2] [D] [thread 3568] [3.0] [cxt 0] Parser 'parser' entering state 'start'
[17:33:47.431] [bmv2] [D] [thread 3568] [3.0] [cxt 0] Extracting header 'ethernet'
[17:33:47.431] [bmv2] [D] [thread 3568] [3.0] [cxt 0] Parser state 'start': key is 86dd
[17:33:47.431] [bmv2] [T] [thread 3568] [3.0] [cxt 0] Bytes parsed: 14
[17:33:47.431] [bmv2] [D] [thread 3568] [3.0] [cxt 0] Parser 'parser': end
[17:33:47.431] [bmv2] [D] [thread 3568] [3.0] [cxt 0] Pipeline 'ingress': start
[17:33:47.431] [bmv2] [T] [thread 3568] [3.0] [cxt 0] basico.p4(114) Condition "hdr.ipv4.isValid()" (node_2) is false
[17:33:47.431] [bmv2] [D] [thread 3568] [3.0] [cxt 0] Pipeline 'ingress': end
[17:33:47.431] [bmv2] [D] [thread 3568] [3.0] [cxt 0] Egress port is 0
[17:33:47.431] [bmv2] [D] [thread 3568] [4.0] [cxt 0] Processing packet received on port 2
[17:33:47.431] [bmv2] [D] [thread 3568] [4.0] [cxt 0] Parser 'parser': start
[17:33:47.431] [bmv2] [D] [thread 3568] [4.0] [cxt 0] Parser 'parser' entering state 'start'
[17:33:47.431] [bmv2] [D] [thread 3568] [4.0] [cxt 0] Extracting header 'ethernet'
[17:33:47.431] [bmv2] [D] [thread 3568] [4.0] [cxt 0] Parser state 'start': key is 86dd
[17:33:47.431] [bmv2] [T] [thread 3568] [4.0] [cxt 0] Bytes parsed: 14
[17:33:47.431] [bmv2] [D] [thread 3568] [4.0] [cxt 0] Parser 'parser': end
[17:33:47.431] [bmv2] [D] [thread 3568] [4.0] [cxt 0] Pipeline 'ingress': start
[17:33:47.431] [bmv2] [T] [thread 3568] [4.0] [cxt 0] basico.p4(114) Condition "hdr.ipv4.isValid()" (node_2) is false
[17:33:47.431] [bmv2] [D] [thread 3568] [4.0] [cxt 0] Pipeline 'ingress': end
[17:33:47.431] [bmv2] [D] [thread 3568] [4.0] [cxt 0] Egress port is 0
[17:33:47.431] [bmv2] [D] [thread 3568] [5.0] [cxt 0] Processing packet received on port 2
[17:33:47.431] [bmv2] [D] [thread 3568] [5.0] [cxt 0] Parser 'parser': start
[17:33:47.431] [bmv2] [D] [thread 3568] [5.0] [cxt 0] Parser 'parser' entering state 'start'
[17:33:47.431] [bmv2] [D] [thread 3568] [5.0] [cxt 0] Extracting header 'ethernet'
[17:33:47.431] [bmv2] [D] [thread 3568] [5.0] [cxt 0] Parser state 'start': key is 86dd
[17:33:47.431] [bmv2] [T] [thread 3568] [5.0] [cxt 0] Bytes parsed: 14
[17:33:47.431] [bmv2] [D] [thread 3568] [5.0] [cxt 0] Parser 'parser': end
[17:33:47.431] [bmv2] [D] [thread 3568] [5.0] [cxt 0] Pipeline 'ingress': start
[17:33:47.431] [bmv2] [T] [thread 3568] [5.0] [cxt 0] basico.p4(114) Condition "hdr.ipv4.isValid()" (node_2) is false
[17:33:47.431] [bmv2] [D] [thread 3568] [5.0] [cxt 0] Pipeline 'ingress': end
[17:33:47.431] [bmv2] [D] [thread 3568] [5.0] [cxt 0] Egress port is 0
[17:33:47.431] [bmv2] [D] [thread 3568] [6.0] [cxt 0] Processing packet received on port 2
[17:33:47.431] [bmv2] [D] [thread 3568] [6.0] [cxt 0] Parser 'parser': start
[17:33:47.431] [bmv2] [D] [thread 3568] [6.0] [cxt 0] Parser 'parser' entering state 'start'
[17:33:47.431] [bmv2] [D] [thread 3568] [6.0] [cxt 0] Extracting header 'ethernet'
[17:33:47.431] [bmv2] [D] [thread 3568] [6.0] [cxt 0] Parser state 'start': key is 86dd
[17:33:47.431] [bmv2] [T] [thread 3568] [6.0] [cxt 0] Bytes parsed: 14
[17:33:47.431] [bmv2] [D] [thread 3568] [6.0] [cxt 0] Parser 'parser': end
[17:33:47.431] [bmv2] [D] [thread 3568] [6.0] [cxt 0] Pipeline 'ingress': start
[17:33:47.431] [bmv2] [T] [thread 3568] [6.0] [cxt 0] basico.p4(114) Condition "hdr.ipv4.isValid()" (node_2) is false
[17:33:47.431] [bmv2] [D] [thread 3568] [6.0] [cxt 0] Pipeline 'ingress': end
[17:33:47.431] [bmv2] [D] [thread 3568] [6.0] [cxt 0] Egress port is 0
[17:33:47.441] [bmv2] [D] [thread 3569] [2.0] [cxt 0] Pipeline 'egress': start
[17:33:47.441] [bmv2] [D] [thread 3569] [2.0] [cxt 0] Pipeline 'egress': end
[17:33:47.441] [bmv2] [D] [thread 3569] [2.0] [cxt 0] Deparser 'deparser': start
[17:33:47.441] [bmv2] [T] [thread 3569] [2.0] [cxt 0] Skipping checksum 'cksum' update because condition not met
[17:33:47.441] [bmv2] [D] [thread 3569] [2.0] [cxt 0] Deparsing header 'ethernet'
[17:33:47.441] [bmv2] [D] [thread 3569] [2.0] [cxt 0] Deparser 'deparser': end
[17:33:47.441] [bmv2] [D] [thread 3569] [3.0] [cxt 0] Pipeline 'egress': start
[17:33:47.441] [bmv2] [D] [thread 3569] [3.0] [cxt 0] Pipeline 'egress': end
[17:33:47.441] [bmv2] [D] [thread 3569] [3.0] [cxt 0] Deparser 'deparser': start
[17:33:47.441] [bmv2] [T] [thread 3569] [3.0] [cxt 0] Skipping checksum 'cksum' update because condition not met
[17:33:47.441] [bmv2] [D] [thread 3569] [3.0] [cxt 0] Deparsing header 'ethernet'
[17:33:47.441] [bmv2] [D] [thread 3569] [3.0] [cxt 0] Deparser 'deparser': end
[17:33:47.441] [bmv2] [D] [thread 3569] [4.0] [cxt 0] Pipeline 'egress': start
[17:33:47.441] [bmv2] [D] [thread 3569] [4.0] [cxt 0] Pipeline 'egress': end
[17:33:47.441] [bmv2] [D] [thread 3569] [4.0] [cxt 0] Deparser 'deparser': start
[17:33:47.441] [bmv2] [T] [thread 3569] [4.0] [cxt 0] Skipping checksum 'cksum' update because condition not met
[17:33:47.441] [bmv2] [D] [thread 3569] [4.0] [cxt 0] Deparsing header 'ethernet'
[17:33:47.441] [bmv2] [D] [thread 3569] [4.0] [cxt 0] Deparser 'deparser': end
[17:33:47.441] [bmv2] [D] [thread 3569] [5.0] [cxt 0] Pipeline 'egress': start
[17:33:47.441] [bmv2] [D] [thread 3569] [5.0] [cxt 0] Pipeline 'egress': end
[17:33:47.441] [bmv2] [D] [thread 3569] [5.0] [cxt 0] Deparser 'deparser': start
[17:33:47.441] [bmv2] [T] [thread 3569] [5.0] [cxt 0] Skipping checksum 'cksum' update because condition not met
[17:33:47.441] [bmv2] [D] [thread 3569] [5.0] [cxt 0] Deparsing header 'ethernet'
[17:33:47.441] [bmv2] [D] [thread 3569] [5.0] [cxt 0] Deparser 'deparser': end
[17:33:47.441] [bmv2] [D] [thread 3569] [6.0] [cxt 0] Pipeline 'egress': start
[17:33:47.441] [bmv2] [D] [thread 3569] [6.0] [cxt 0] Pipeline 'egress': end
[17:33:47.441] [bmv2] [D] [thread 3569] [6.0] [cxt 0] Deparser 'deparser': start
[17:33:47.441] [bmv2] [T] [thread 3569] [6.0] [cxt 0] Skipping checksum 'cksum' update because condition not met
[17:33:47.441] [bmv2] [D] [thread 3569] [6.0] [cxt 0] Deparsing header 'ethernet'
[17:33:47.441] [bmv2] [D] [thread 3569] [6.0] [cxt 0] Deparser 'deparser': end
[17:33:47.441] [bmv2] [D] [thread 3573] [2.0] [cxt 0] Transmitting packet of size 210 out of port 0
[17:33:47.441] [bmv2] [D] [thread 3573] [3.0] [cxt 0] Transmitting packet of size 107 out of port 0
[17:33:47.441] [bmv2] [D] [thread 3573] [4.0] [cxt 0] Transmitting packet of size 222 out of port 0
[17:33:47.441] [bmv2] [D] [thread 3573] [5.0] [cxt 0] Transmitting packet of size 110 out of port 0
[17:33:47.441] [bmv2] [D] [thread 3573] [6.0] [cxt 0] Transmitting packet of size 222 out of port 0
[17:33:47.464] [bmv2] [D] [thread 3575] Entry 1 added to table 'MyIngress.ipv4_lpm'
[17:33:47.464] [bmv2] [D] [thread 3575] Dumping entry 1
Match key:
* hdr.ipv4.dstAddr    : LPM       0a000202/32
Action entry: MyIngress.ipv4_forward - a000202,1,

[17:33:47.473] [bmv2] [D] [thread 3561] Entry 2 added to table 'MyIngress.ipv4_lpm'
[17:33:47.473] [bmv2] [D] [thread 3561] Dumping entry 2
Match key:
* hdr.ipv4.dstAddr    : LPM       0a000300/24
Action entry: MyIngress.ipv4_forward - 10200,2,

[17:34:00.910] [bmv2] [D] [thread 3568] [7.0] [cxt 0] Processing packet received on port 2
[17:34:00.910] [bmv2] [D] [thread 3568] [7.0] [cxt 0] Parser 'parser': start
[17:34:00.910] [bmv2] [D] [thread 3568] [7.0] [cxt 0] Parser 'parser' entering state 'start'
[17:34:00.910] [bmv2] [D] [thread 3568] [7.0] [cxt 0] Extracting header 'ethernet'
[17:34:00.910] [bmv2] [D] [thread 3568] [7.0] [cxt 0] Parser state 'start': key is 0800
[17:34:00.910] [bmv2] [T] [thread 3568] [7.0] [cxt 0] Bytes parsed: 14
[17:34:00.910] [bmv2] [D] [thread 3568] [7.0] [cxt 0] Parser 'parser' entering state 'parse_ipv4'
[17:34:00.910] [bmv2] [D] [thread 3568] [7.0] [cxt 0] Extracting header 'ipv4'
[17:34:00.910] [bmv2] [D] [thread 3568] [7.0] [cxt 0] Parser state 'parse_ipv4' has no switch, going to default next state
[17:34:00.910] [bmv2] [T] [thread 3568] [7.0] [cxt 0] Bytes parsed: 34
[17:34:00.910] [bmv2] [D] [thread 3568] [7.0] [cxt 0] Parser 'parser': end
[17:34:00.910] [bmv2] [D] [thread 3568] [7.0] [cxt 0] Pipeline 'ingress': start
[17:34:00.910] [bmv2] [T] [thread 3568] [7.0] [cxt 0] basico.p4(114) Condition "hdr.ipv4.isValid()" (node_2) is true
[17:34:00.910] [bmv2] [T] [thread 3568] [7.0] [cxt 0] Applying table 'MyIngress.ipv4_lpm'
[17:34:00.910] [bmv2] [D] [thread 3568] [7.0] [cxt 0] Looking up key:
* hdr.ipv4.dstAddr    : 0a000202

[17:34:00.910] [bmv2] [D] [thread 3568] [7.0] [cxt 0] Table 'MyIngress.ipv4_lpm': hit with handle 1
[17:34:00.910] [bmv2] [D] [thread 3568] [7.0] [cxt 0] Dumping entry 1
Match key:
* hdr.ipv4.dstAddr    : LPM       0a000202/32
Action entry: MyIngress.ipv4_forward - a000202,1,

[17:34:00.910] [bmv2] [D] [thread 3568] [7.0] [cxt 0] Action entry is MyIngress.ipv4_forward - a000202,1,
[17:34:00.910] [bmv2] [T] [thread 3568] [7.0] [cxt 0] Action MyIngress.ipv4_forward
[17:34:00.910] [bmv2] [T] [thread 3568] [7.0] [cxt 0] basico.p4(94) Primitive standard_metadata.egress_spec = port
[17:34:00.910] [bmv2] [T] [thread 3568] [7.0] [cxt 0] basico.p4(95) Primitive hdr.ethernet.srcAddr = hdr.ethernet.dstAddr
[17:34:00.910] [bmv2] [T] [thread 3568] [7.0] [cxt 0] basico.p4(96) Primitive hdr.ethernet.dstAddr = dstAddr
[17:34:00.910] [bmv2] [T] [thread 3568] [7.0] [cxt 0] basico.p4(97) Primitive hdr.ipv4.ttl = hdr.ipv4.ttl - 1
[17:34:00.910] [bmv2] [D] [thread 3568] [7.0] [cxt 0] Pipeline 'ingress': end
[17:34:00.910] [bmv2] [D] [thread 3568] [7.0] [cxt 0] Egress port is 1
[17:34:00.910] [bmv2] [D] [thread 3570] [7.0] [cxt 0] Pipeline 'egress': start
[17:34:00.910] [bmv2] [D] [thread 3570] [7.0] [cxt 0] Pipeline 'egress': end
[17:34:00.910] [bmv2] [D] [thread 3570] [7.0] [cxt 0] Deparser 'deparser': start
[17:34:00.910] [bmv2] [D] [thread 3570] [7.0] [cxt 0] Updating checksum 'cksum'
[17:34:00.910] [bmv2] [D] [thread 3570] [7.0] [cxt 0] Deparsing header 'ethernet'
[17:34:00.910] [bmv2] [D] [thread 3570] [7.0] [cxt 0] Deparsing header 'ipv4'
[17:34:00.910] [bmv2] [D] [thread 3570] [7.0] [cxt 0] Deparser 'deparser': end
[17:34:00.910] [bmv2] [D] [thread 3573] [7.0] [cxt 0] Transmitting packet of size 98 out of port 1
[17:34:00.910] [bmv2] [D] [thread 3568] [8.0] [cxt 0] Processing packet received on port 1
[17:34:00.911] [bmv2] [D] [thread 3568] [8.0] [cxt 0] Parser 'parser': start
[17:34:00.911] [bmv2] [D] [thread 3568] [8.0] [cxt 0] Parser 'parser' entering state 'start'
[17:34:00.911] [bmv2] [D] [thread 3568] [8.0] [cxt 0] Extracting header 'ethernet'
[17:34:00.911] [bmv2] [D] [thread 3568] [8.0] [cxt 0] Parser state 'start': key is 0800
[17:34:00.911] [bmv2] [T] [thread 3568] [8.0] [cxt 0] Bytes parsed: 14
[17:34:00.911] [bmv2] [D] [thread 3568] [8.0] [cxt 0] Parser 'parser' entering state 'parse_ipv4'
[17:34:00.911] [bmv2] [D] [thread 3568] [8.0] [cxt 0] Extracting header 'ipv4'
[17:34:00.911] [bmv2] [D] [thread 3568] [8.0] [cxt 0] Parser state 'parse_ipv4' has no switch, going to default next state
[17:34:00.911] [bmv2] [T] [thread 3568] [8.0] [cxt 0] Bytes parsed: 34
[17:34:00.911] [bmv2] [D] [thread 3568] [8.0] [cxt 0] Parser 'parser': end
[17:34:00.911] [bmv2] [D] [thread 3568] [8.0] [cxt 0] Pipeline 'ingress': start
[17:34:00.911] [bmv2] [T] [thread 3568] [8.0] [cxt 0] basico.p4(114) Condition "hdr.ipv4.isValid()" (node_2) is true
[17:34:00.911] [bmv2] [T] [thread 3568] [8.0] [cxt 0] Applying table 'MyIngress.ipv4_lpm'
[17:34:00.911] [bmv2] [D] [thread 3568] [8.0] [cxt 0] Looking up key:
* hdr.ipv4.dstAddr    : 0a000101

[17:34:00.911] [bmv2] [D] [thread 3568] [8.0] [cxt 0] Table 'MyIngress.ipv4_lpm': hit with handle 0
[17:34:00.911] [bmv2] [D] [thread 3568] [8.0] [cxt 0] Dumping entry 0
Match key:
* hdr.ipv4.dstAddr    : LPM       0a000100/24
Action entry: MyIngress.ipv4_forward - 10200,2,

[17:34:00.911] [bmv2] [D] [thread 3568] [8.0] [cxt 0] Action entry is MyIngress.ipv4_forward - 10200,2,
[17:34:00.911] [bmv2] [T] [thread 3568] [8.0] [cxt 0] Action MyIngress.ipv4_forward
[17:34:00.911] [bmv2] [T] [thread 3568] [8.0] [cxt 0] basico.p4(94) Primitive standard_metadata.egress_spec = port
[17:34:00.911] [bmv2] [T] [thread 3568] [8.0] [cxt 0] basico.p4(95) Primitive hdr.ethernet.srcAddr = hdr.ethernet.dstAddr
[17:34:00.911] [bmv2] [T] [thread 3568] [8.0] [cxt 0] basico.p4(96) Primitive hdr.ethernet.dstAddr = dstAddr
[17:34:00.911] [bmv2] [T] [thread 3568] [8.0] [cxt 0] basico.p4(97) Primitive hdr.ipv4.ttl = hdr.ipv4.ttl - 1
[17:34:00.911] [bmv2] [D] [thread 3568] [8.0] [cxt 0] Pipeline 'ingress': end
[17:34:00.911] [bmv2] [D] [thread 3568] [8.0] [cxt 0] Egress port is 2
[17:34:00.911] [bmv2] [D] [thread 3571] [8.0] [cxt 0] Pipeline 'egress': start
[17:34:00.911] [bmv2] [D] [thread 3571] [8.0] [cxt 0] Pipeline 'egress': end
[17:34:00.911] [bmv2] [D] [thread 3571] [8.0] [cxt 0] Deparser 'deparser': start
[17:34:00.911] [bmv2] [D] [thread 3571] [8.0] [cxt 0] Updating checksum 'cksum'
[17:34:00.911] [bmv2] [D] [thread 3571] [8.0] [cxt 0] Deparsing header 'ethernet'
[17:34:00.911] [bmv2] [D] [thread 3571] [8.0] [cxt 0] Deparsing header 'ipv4'
[17:34:00.911] [bmv2] [D] [thread 3571] [8.0] [cxt 0] Deparser 'deparser': end
[17:34:00.911] [bmv2] [D] [thread 3573] [8.0] [cxt 0] Transmitting packet of size 98 out of port 2
[17:34:00.940] [bmv2] [D] [thread 3568] [9.0] [cxt 0] Processing packet received on port 1
[17:34:00.941] [bmv2] [D] [thread 3568] [9.0] [cxt 0] Parser 'parser': start
[17:34:00.941] [bmv2] [D] [thread 3568] [9.0] [cxt 0] Parser 'parser' entering state 'start'
[17:34:00.941] [bmv2] [D] [thread 3568] [9.0] [cxt 0] Extracting header 'ethernet'
[17:34:00.941] [bmv2] [D] [thread 3568] [9.0] [cxt 0] Parser state 'start': key is 0800
[17:34:00.941] [bmv2] [T] [thread 3568] [9.0] [cxt 0] Bytes parsed: 14
[17:34:00.941] [bmv2] [D] [thread 3568] [9.0] [cxt 0] Parser 'parser' entering state 'parse_ipv4'
[17:34:00.941] [bmv2] [D] [thread 3568] [9.0] [cxt 0] Extracting header 'ipv4'
[17:34:00.941] [bmv2] [D] [thread 3568] [9.0] [cxt 0] Parser state 'parse_ipv4' has no switch, going to default next state
[17:34:00.941] [bmv2] [T] [thread 3568] [9.0] [cxt 0] Bytes parsed: 34
[17:34:00.941] [bmv2] [D] [thread 3568] [9.0] [cxt 0] Parser 'parser': end
[17:34:00.941] [bmv2] [D] [thread 3568] [9.0] [cxt 0] Pipeline 'ingress': start
[17:34:00.941] [bmv2] [T] [thread 3568] [9.0] [cxt 0] basico.p4(114) Condition "hdr.ipv4.isValid()" (node_2) is true
[17:34:00.941] [bmv2] [T] [thread 3568] [9.0] [cxt 0] Applying table 'MyIngress.ipv4_lpm'
[17:34:00.941] [bmv2] [D] [thread 3568] [9.0] [cxt 0] Looking up key:
* hdr.ipv4.dstAddr    : 0a000101

[17:34:00.941] [bmv2] [D] [thread 3568] [9.0] [cxt 0] Table 'MyIngress.ipv4_lpm': hit with handle 0
[17:34:00.941] [bmv2] [D] [thread 3568] [9.0] [cxt 0] Dumping entry 0
Match key:
* hdr.ipv4.dstAddr    : LPM       0a000100/24
Action entry: MyIngress.ipv4_forward - 10200,2,

[17:34:00.941] [bmv2] [D] [thread 3568] [9.0] [cxt 0] Action entry is MyIngress.ipv4_forward - 10200,2,
[17:34:00.941] [bmv2] [T] [thread 3568] [9.0] [cxt 0] Action MyIngress.ipv4_forward
[17:34:00.941] [bmv2] [T] [thread 3568] [9.0] [cxt 0] basico.p4(94) Primitive standard_metadata.egress_spec = port
[17:34:00.941] [bmv2] [T] [thread 3568] [9.0] [cxt 0] basico.p4(95) Primitive hdr.ethernet.srcAddr = hdr.ethernet.dstAddr
[17:34:00.941] [bmv2] [T] [thread 3568] [9.0] [cxt 0] basico.p4(96) Primitive hdr.ethernet.dstAddr = dstAddr
[17:34:00.941] [bmv2] [T] [thread 3568] [9.0] [cxt 0] basico.p4(97) Primitive hdr.ipv4.ttl = hdr.ipv4.ttl - 1
[17:34:00.941] [bmv2] [D] [thread 3568] [9.0] [cxt 0] Pipeline 'ingress': end
[17:34:00.941] [bmv2] [D] [thread 3568] [9.0] [cxt 0] Egress port is 2
[17:34:00.941] [bmv2] [D] [thread 3571] [9.0] [cxt 0] Pipeline 'egress': start
[17:34:00.941] [bmv2] [D] [thread 3571] [9.0] [cxt 0] Pipeline 'egress': end
[17:34:00.941] [bmv2] [D] [thread 3571] [9.0] [cxt 0] Deparser 'deparser': start
[17:34:00.941] [bmv2] [D] [thread 3571] [9.0] [cxt 0] Updating checksum 'cksum'
[17:34:00.941] [bmv2] [D] [thread 3571] [9.0] [cxt 0] Deparsing header 'ethernet'
[17:34:00.941] [bmv2] [D] [thread 3571] [9.0] [cxt 0] Deparsing header 'ipv4'
[17:34:00.941] [bmv2] [D] [thread 3571] [9.0] [cxt 0] Deparser 'deparser': end
[17:34:00.941] [bmv2] [D] [thread 3573] [9.0] [cxt 0] Transmitting packet of size 98 out of port 2
[17:34:00.942] [bmv2] [D] [thread 3568] [10.0] [cxt 0] Processing packet received on port 2
[17:34:00.942] [bmv2] [D] [thread 3568] [10.0] [cxt 0] Parser 'parser': start
[17:34:00.942] [bmv2] [D] [thread 3568] [10.0] [cxt 0] Parser 'parser' entering state 'start'
[17:34:00.942] [bmv2] [D] [thread 3568] [10.0] [cxt 0] Extracting header 'ethernet'
[17:34:00.942] [bmv2] [D] [thread 3568] [10.0] [cxt 0] Parser state 'start': key is 0800
[17:34:00.942] [bmv2] [T] [thread 3568] [10.0] [cxt 0] Bytes parsed: 14
[17:34:00.942] [bmv2] [D] [thread 3568] [10.0] [cxt 0] Parser 'parser' entering state 'parse_ipv4'
[17:34:00.942] [bmv2] [D] [thread 3568] [10.0] [cxt 0] Extracting header 'ipv4'
[17:34:00.942] [bmv2] [D] [thread 3568] [10.0] [cxt 0] Parser state 'parse_ipv4' has no switch, going to default next state
[17:34:00.942] [bmv2] [T] [thread 3568] [10.0] [cxt 0] Bytes parsed: 34
[17:34:00.942] [bmv2] [D] [thread 3568] [10.0] [cxt 0] Parser 'parser': end
[17:34:00.942] [bmv2] [D] [thread 3568] [10.0] [cxt 0] Pipeline 'ingress': start
[17:34:00.942] [bmv2] [T] [thread 3568] [10.0] [cxt 0] basico.p4(114) Condition "hdr.ipv4.isValid()" (node_2) is true
[17:34:00.942] [bmv2] [T] [thread 3568] [10.0] [cxt 0] Applying table 'MyIngress.ipv4_lpm'
[17:34:00.942] [bmv2] [D] [thread 3568] [10.0] [cxt 0] Looking up key:
* hdr.ipv4.dstAddr    : 0a000202

[17:34:00.942] [bmv2] [D] [thread 3568] [10.0] [cxt 0] Table 'MyIngress.ipv4_lpm': hit with handle 1
[17:34:00.942] [bmv2] [D] [thread 3568] [10.0] [cxt 0] Dumping entry 1
Match key:
* hdr.ipv4.dstAddr    : LPM       0a000202/32
Action entry: MyIngress.ipv4_forward - a000202,1,

[17:34:00.942] [bmv2] [D] [thread 3568] [10.0] [cxt 0] Action entry is MyIngress.ipv4_forward - a000202,1,
[17:34:00.942] [bmv2] [T] [thread 3568] [10.0] [cxt 0] Action MyIngress.ipv4_forward
[17:34:00.942] [bmv2] [T] [thread 3568] [10.0] [cxt 0] basico.p4(94) Primitive standard_metadata.egress_spec = port
[17:34:00.942] [bmv2] [T] [thread 3568] [10.0] [cxt 0] basico.p4(95) Primitive hdr.ethernet.srcAddr = hdr.ethernet.dstAddr
[17:34:00.942] [bmv2] [T] [thread 3568] [10.0] [cxt 0] basico.p4(96) Primitive hdr.ethernet.dstAddr = dstAddr
[17:34:00.942] [bmv2] [T] [thread 3568] [10.0] [cxt 0] basico.p4(97) Primitive hdr.ipv4.ttl = hdr.ipv4.ttl - 1
[17:34:00.942] [bmv2] [D] [thread 3568] [10.0] [cxt 0] Pipeline 'ingress': end
[17:34:00.942] [bmv2] [D] [thread 3568] [10.0] [cxt 0] Egress port is 1
[17:34:00.942] [bmv2] [D] [thread 3570] [10.0] [cxt 0] Pipeline 'egress': start
[17:34:00.942] [bmv2] [D] [thread 3570] [10.0] [cxt 0] Pipeline 'egress': end
[17:34:00.942] [bmv2] [D] [thread 3570] [10.0] [cxt 0] Deparser 'deparser': start
[17:34:00.942] [bmv2] [D] [thread 3570] [10.0] [cxt 0] Updating checksum 'cksum'
[17:34:00.942] [bmv2] [D] [thread 3570] [10.0] [cxt 0] Deparsing header 'ethernet'
[17:34:00.942] [bmv2] [D] [thread 3570] [10.0] [cxt 0] Deparsing header 'ipv4'
[17:34:00.942] [bmv2] [D] [thread 3570] [10.0] [cxt 0] Deparser 'deparser': end
[17:34:00.942] [bmv2] [D] [thread 3573] [10.0] [cxt 0] Transmitting packet of size 98 out of port 1
[17:34:00.953] [bmv2] [D] [thread 3568] [11.0] [cxt 0] Processing packet received on port 1
[17:34:00.953] [bmv2] [D] [thread 3568] [11.0] [cxt 0] Parser 'parser': start
[17:34:00.953] [bmv2] [D] [thread 3568] [11.0] [cxt 0] Parser 'parser' entering state 'start'
[17:34:00.953] [bmv2] [D] [thread 3568] [11.0] [cxt 0] Extracting header 'ethernet'
[17:34:00.953] [bmv2] [D] [thread 3568] [11.0] [cxt 0] Parser state 'start': key is 0800
[17:34:00.953] [bmv2] [T] [thread 3568] [11.0] [cxt 0] Bytes parsed: 14
[17:34:00.953] [bmv2] [D] [thread 3568] [11.0] [cxt 0] Parser 'parser' entering state 'parse_ipv4'
[17:34:00.953] [bmv2] [D] [thread 3568] [11.0] [cxt 0] Extracting header 'ipv4'
[17:34:00.953] [bmv2] [D] [thread 3568] [11.0] [cxt 0] Parser state 'parse_ipv4' has no switch, going to default next state
[17:34:00.953] [bmv2] [T] [thread 3568] [11.0] [cxt 0] Bytes parsed: 34
[17:34:00.953] [bmv2] [D] [thread 3568] [11.0] [cxt 0] Parser 'parser': end
[17:34:00.953] [bmv2] [D] [thread 3568] [11.0] [cxt 0] Pipeline 'ingress': start
[17:34:00.953] [bmv2] [T] [thread 3568] [11.0] [cxt 0] basico.p4(114) Condition "hdr.ipv4.isValid()" (node_2) is true
[17:34:00.953] [bmv2] [T] [thread 3568] [11.0] [cxt 0] Applying table 'MyIngress.ipv4_lpm'
[17:34:00.953] [bmv2] [D] [thread 3568] [11.0] [cxt 0] Looking up key:
* hdr.ipv4.dstAddr    : 0a000303

[17:34:00.953] [bmv2] [D] [thread 3568] [11.0] [cxt 0] Table 'MyIngress.ipv4_lpm': hit with handle 2
[17:34:00.953] [bmv2] [D] [thread 3568] [11.0] [cxt 0] Dumping entry 2
Match key:
* hdr.ipv4.dstAddr    : LPM       0a000300/24
Action entry: MyIngress.ipv4_forward - 10200,2,

[17:34:00.953] [bmv2] [D] [thread 3568] [11.0] [cxt 0] Action entry is MyIngress.ipv4_forward - 10200,2,
[17:34:00.953] [bmv2] [T] [thread 3568] [11.0] [cxt 0] Action MyIngress.ipv4_forward
[17:34:00.953] [bmv2] [T] [thread 3568] [11.0] [cxt 0] basico.p4(94) Primitive standard_metadata.egress_spec = port
[17:34:00.953] [bmv2] [T] [thread 3568] [11.0] [cxt 0] basico.p4(95) Primitive hdr.ethernet.srcAddr = hdr.ethernet.dstAddr
[17:34:00.953] [bmv2] [T] [thread 3568] [11.0] [cxt 0] basico.p4(96) Primitive hdr.ethernet.dstAddr = dstAddr
[17:34:00.953] [bmv2] [T] [thread 3568] [11.0] [cxt 0] basico.p4(97) Primitive hdr.ipv4.ttl = hdr.ipv4.ttl - 1
[17:34:00.953] [bmv2] [D] [thread 3568] [11.0] [cxt 0] Pipeline 'ingress': end
[17:34:00.953] [bmv2] [D] [thread 3568] [11.0] [cxt 0] Egress port is 2
[17:34:00.953] [bmv2] [D] [thread 3571] [11.0] [cxt 0] Pipeline 'egress': start
[17:34:00.953] [bmv2] [D] [thread 3571] [11.0] [cxt 0] Pipeline 'egress': end
[17:34:00.953] [bmv2] [D] [thread 3571] [11.0] [cxt 0] Deparser 'deparser': start
[17:34:00.953] [bmv2] [D] [thread 3571] [11.0] [cxt 0] Updating checksum 'cksum'
[17:34:00.953] [bmv2] [D] [thread 3571] [11.0] [cxt 0] Deparsing header 'ethernet'
[17:34:00.953] [bmv2] [D] [thread 3571] [11.0] [cxt 0] Deparsing header 'ipv4'
[17:34:00.953] [bmv2] [D] [thread 3571] [11.0] [cxt 0] Deparser 'deparser': end
[17:34:00.953] [bmv2] [D] [thread 3573] [11.0] [cxt 0] Transmitting packet of size 98 out of port 2
[17:34:00.956] [bmv2] [D] [thread 3568] [12.0] [cxt 0] Processing packet received on port 2
[17:34:00.956] [bmv2] [D] [thread 3568] [12.0] [cxt 0] Parser 'parser': start
[17:34:00.956] [bmv2] [D] [thread 3568] [12.0] [cxt 0] Parser 'parser' entering state 'start'
[17:34:00.956] [bmv2] [D] [thread 3568] [12.0] [cxt 0] Extracting header 'ethernet'
[17:34:00.956] [bmv2] [D] [thread 3568] [12.0] [cxt 0] Parser state 'start': key is 0800
[17:34:00.956] [bmv2] [T] [thread 3568] [12.0] [cxt 0] Bytes parsed: 14
[17:34:00.956] [bmv2] [D] [thread 3568] [12.0] [cxt 0] Parser 'parser' entering state 'parse_ipv4'
[17:34:00.956] [bmv2] [D] [thread 3568] [12.0] [cxt 0] Extracting header 'ipv4'
[17:34:00.956] [bmv2] [D] [thread 3568] [12.0] [cxt 0] Parser state 'parse_ipv4' has no switch, going to default next state
[17:34:00.956] [bmv2] [T] [thread 3568] [12.0] [cxt 0] Bytes parsed: 34
[17:34:00.956] [bmv2] [D] [thread 3568] [12.0] [cxt 0] Parser 'parser': end
[17:34:00.956] [bmv2] [D] [thread 3568] [12.0] [cxt 0] Pipeline 'ingress': start
[17:34:00.956] [bmv2] [T] [thread 3568] [12.0] [cxt 0] basico.p4(114) Condition "hdr.ipv4.isValid()" (node_2) is true
[17:34:00.956] [bmv2] [T] [thread 3568] [12.0] [cxt 0] Applying table 'MyIngress.ipv4_lpm'
[17:34:00.956] [bmv2] [D] [thread 3568] [12.0] [cxt 0] Looking up key:
* hdr.ipv4.dstAddr    : 0a000202

[17:34:00.956] [bmv2] [D] [thread 3568] [12.0] [cxt 0] Table 'MyIngress.ipv4_lpm': hit with handle 1
[17:34:00.956] [bmv2] [D] [thread 3568] [12.0] [cxt 0] Dumping entry 1
Match key:
* hdr.ipv4.dstAddr    : LPM       0a000202/32
Action entry: MyIngress.ipv4_forward - a000202,1,

[17:34:00.956] [bmv2] [D] [thread 3568] [12.0] [cxt 0] Action entry is MyIngress.ipv4_forward - a000202,1,
[17:34:00.956] [bmv2] [T] [thread 3568] [12.0] [cxt 0] Action MyIngress.ipv4_forward
[17:34:00.956] [bmv2] [T] [thread 3568] [12.0] [cxt 0] basico.p4(94) Primitive standard_metadata.egress_spec = port
[17:34:00.956] [bmv2] [T] [thread 3568] [12.0] [cxt 0] basico.p4(95) Primitive hdr.ethernet.srcAddr = hdr.ethernet.dstAddr
[17:34:00.956] [bmv2] [T] [thread 3568] [12.0] [cxt 0] basico.p4(96) Primitive hdr.ethernet.dstAddr = dstAddr
[17:34:00.956] [bmv2] [T] [thread 3568] [12.0] [cxt 0] basico.p4(97) Primitive hdr.ipv4.ttl = hdr.ipv4.ttl - 1
[17:34:00.956] [bmv2] [D] [thread 3568] [12.0] [cxt 0] Pipeline 'ingress': end
[17:34:00.956] [bmv2] [D] [thread 3568] [12.0] [cxt 0] Egress port is 1
[17:34:00.956] [bmv2] [D] [thread 3570] [12.0] [cxt 0] Pipeline 'egress': start
[17:34:00.956] [bmv2] [D] [thread 3570] [12.0] [cxt 0] Pipeline 'egress': end
[17:34:00.956] [bmv2] [D] [thread 3570] [12.0] [cxt 0] Deparser 'deparser': start
[17:34:00.956] [bmv2] [D] [thread 3570] [12.0] [cxt 0] Updating checksum 'cksum'
[17:34:00.956] [bmv2] [D] [thread 3570] [12.0] [cxt 0] Deparsing header 'ethernet'
[17:34:00.956] [bmv2] [D] [thread 3570] [12.0] [cxt 0] Deparsing header 'ipv4'
[17:34:00.956] [bmv2] [D] [thread 3570] [12.0] [cxt 0] Deparser 'deparser': end
[17:34:00.956] [bmv2] [D] [thread 3573] [12.0] [cxt 0] Transmitting packet of size 98 out of port 1
[17:34:00.970] [bmv2] [D] [thread 3568] [13.0] [cxt 0] Processing packet received on port 1
[17:34:00.970] [bmv2] [D] [thread 3568] [13.0] [cxt 0] Parser 'parser': start
[17:34:00.970] [bmv2] [D] [thread 3568] [13.0] [cxt 0] Parser 'parser' entering state 'start'
[17:34:00.970] [bmv2] [D] [thread 3568] [13.0] [cxt 0] Extracting header 'ethernet'
[17:34:00.970] [bmv2] [D] [thread 3568] [13.0] [cxt 0] Parser state 'start': key is 0800
[17:34:00.970] [bmv2] [T] [thread 3568] [13.0] [cxt 0] Bytes parsed: 14
[17:34:00.970] [bmv2] [D] [thread 3568] [13.0] [cxt 0] Parser 'parser' entering state 'parse_ipv4'
[17:34:00.970] [bmv2] [D] [thread 3568] [13.0] [cxt 0] Extracting header 'ipv4'
[17:34:00.970] [bmv2] [D] [thread 3568] [13.0] [cxt 0] Parser state 'parse_ipv4' has no switch, going to default next state
[17:34:00.970] [bmv2] [T] [thread 3568] [13.0] [cxt 0] Bytes parsed: 34
[17:34:00.970] [bmv2] [D] [thread 3568] [13.0] [cxt 0] Parser 'parser': end
[17:34:00.970] [bmv2] [D] [thread 3568] [13.0] [cxt 0] Pipeline 'ingress': start
[17:34:00.970] [bmv2] [T] [thread 3568] [13.0] [cxt 0] basico.p4(114) Condition "hdr.ipv4.isValid()" (node_2) is true
[17:34:00.970] [bmv2] [T] [thread 3568] [13.0] [cxt 0] Applying table 'MyIngress.ipv4_lpm'
[17:34:00.970] [bmv2] [D] [thread 3568] [13.0] [cxt 0] Looking up key:
* hdr.ipv4.dstAddr    : 0a000304

[17:34:00.970] [bmv2] [D] [thread 3568] [13.0] [cxt 0] Table 'MyIngress.ipv4_lpm': hit with handle 2
[17:34:00.970] [bmv2] [D] [thread 3568] [13.0] [cxt 0] Dumping entry 2
Match key:
* hdr.ipv4.dstAddr    : LPM       0a000300/24
Action entry: MyIngress.ipv4_forward - 10200,2,

[17:34:00.970] [bmv2] [D] [thread 3568] [13.0] [cxt 0] Action entry is MyIngress.ipv4_forward - 10200,2,
[17:34:00.970] [bmv2] [T] [thread 3568] [13.0] [cxt 0] Action MyIngress.ipv4_forward
[17:34:00.970] [bmv2] [T] [thread 3568] [13.0] [cxt 0] basico.p4(94) Primitive standard_metadata.egress_spec = port
[17:34:00.970] [bmv2] [T] [thread 3568] [13.0] [cxt 0] basico.p4(95) Primitive hdr.ethernet.srcAddr = hdr.ethernet.dstAddr
[17:34:00.970] [bmv2] [T] [thread 3568] [13.0] [cxt 0] basico.p4(96) Primitive hdr.ethernet.dstAddr = dstAddr
[17:34:00.970] [bmv2] [T] [thread 3568] [13.0] [cxt 0] basico.p4(97) Primitive hdr.ipv4.ttl = hdr.ipv4.ttl - 1
[17:34:00.970] [bmv2] [D] [thread 3568] [13.0] [cxt 0] Pipeline 'ingress': end
[17:34:00.970] [bmv2] [D] [thread 3568] [13.0] [cxt 0] Egress port is 2
[17:34:00.970] [bmv2] [D] [thread 3571] [13.0] [cxt 0] Pipeline 'egress': start
[17:34:00.970] [bmv2] [D] [thread 3571] [13.0] [cxt 0] Pipeline 'egress': end
[17:34:00.970] [bmv2] [D] [thread 3571] [13.0] [cxt 0] Deparser 'deparser': start
[17:34:00.970] [bmv2] [D] [thread 3571] [13.0] [cxt 0] Updating checksum 'cksum'
[17:34:00.970] [bmv2] [D] [thread 3571] [13.0] [cxt 0] Deparsing header 'ethernet'
[17:34:00.970] [bmv2] [D] [thread 3571] [13.0] [cxt 0] Deparsing header 'ipv4'
[17:34:00.970] [bmv2] [D] [thread 3571] [13.0] [cxt 0] Deparser 'deparser': end
[17:34:00.970] [bmv2] [D] [thread 3573] [13.0] [cxt 0] Transmitting packet of size 98 out of port 2
[17:34:00.973] [bmv2] [D] [thread 3568] [14.0] [cxt 0] Processing packet received on port 2
[17:34:00.973] [bmv2] [D] [thread 3568] [14.0] [cxt 0] Parser 'parser': start
[17:34:00.973] [bmv2] [D] [thread 3568] [14.0] [cxt 0] Parser 'parser' entering state 'start'
[17:34:00.973] [bmv2] [D] [thread 3568] [14.0] [cxt 0] Extracting header 'ethernet'
[17:34:00.973] [bmv2] [D] [thread 3568] [14.0] [cxt 0] Parser state 'start': key is 0800
[17:34:00.973] [bmv2] [T] [thread 3568] [14.0] [cxt 0] Bytes parsed: 14
[17:34:00.973] [bmv2] [D] [thread 3568] [14.0] [cxt 0] Parser 'parser' entering state 'parse_ipv4'
[17:34:00.973] [bmv2] [D] [thread 3568] [14.0] [cxt 0] Extracting header 'ipv4'
[17:34:00.973] [bmv2] [D] [thread 3568] [14.0] [cxt 0] Parser state 'parse_ipv4' has no switch, going to default next state
[17:34:00.973] [bmv2] [T] [thread 3568] [14.0] [cxt 0] Bytes parsed: 34
[17:34:00.973] [bmv2] [D] [thread 3568] [14.0] [cxt 0] Parser 'parser': end
[17:34:00.973] [bmv2] [D] [thread 3568] [14.0] [cxt 0] Pipeline 'ingress': start
[17:34:00.973] [bmv2] [T] [thread 3568] [14.0] [cxt 0] basico.p4(114) Condition "hdr.ipv4.isValid()" (node_2) is true
[17:34:00.973] [bmv2] [T] [thread 3568] [14.0] [cxt 0] Applying table 'MyIngress.ipv4_lpm'
[17:34:00.973] [bmv2] [D] [thread 3568] [14.0] [cxt 0] Looking up key:
* hdr.ipv4.dstAddr    : 0a000202

[17:34:00.973] [bmv2] [D] [thread 3568] [14.0] [cxt 0] Table 'MyIngress.ipv4_lpm': hit with handle 1
[17:34:00.973] [bmv2] [D] [thread 3568] [14.0] [cxt 0] Dumping entry 1
Match key:
* hdr.ipv4.dstAddr    : LPM       0a000202/32
Action entry: MyIngress.ipv4_forward - a000202,1,

[17:34:00.973] [bmv2] [D] [thread 3568] [14.0] [cxt 0] Action entry is MyIngress.ipv4_forward - a000202,1,
[17:34:00.973] [bmv2] [T] [thread 3568] [14.0] [cxt 0] Action MyIngress.ipv4_forward
[17:34:00.973] [bmv2] [T] [thread 3568] [14.0] [cxt 0] basico.p4(94) Primitive standard_metadata.egress_spec = port
[17:34:00.973] [bmv2] [T] [thread 3568] [14.0] [cxt 0] basico.p4(95) Primitive hdr.ethernet.srcAddr = hdr.ethernet.dstAddr
[17:34:00.973] [bmv2] [T] [thread 3568] [14.0] [cxt 0] basico.p4(96) Primitive hdr.ethernet.dstAddr = dstAddr
[17:34:00.973] [bmv2] [T] [thread 3568] [14.0] [cxt 0] basico.p4(97) Primitive hdr.ipv4.ttl = hdr.ipv4.ttl - 1
[17:34:00.973] [bmv2] [D] [thread 3568] [14.0] [cxt 0] Pipeline 'ingress': end
[17:34:00.973] [bmv2] [D] [thread 3568] [14.0] [cxt 0] Egress port is 1
[17:34:00.973] [bmv2] [D] [thread 3570] [14.0] [cxt 0] Pipeline 'egress': start
[17:34:00.973] [bmv2] [D] [thread 3570] [14.0] [cxt 0] Pipeline 'egress': end
[17:34:00.973] [bmv2] [D] [thread 3570] [14.0] [cxt 0] Deparser 'deparser': start
[17:34:00.973] [bmv2] [D] [thread 3570] [14.0] [cxt 0] Updating checksum 'cksum'
[17:34:00.973] [bmv2] [D] [thread 3570] [14.0] [cxt 0] Deparsing header 'ethernet'
[17:34:00.973] [bmv2] [D] [thread 3570] [14.0] [cxt 0] Deparsing header 'ipv4'
[17:34:00.973] [bmv2] [D] [thread 3570] [14.0] [cxt 0] Deparser 'deparser': end
[17:34:00.973] [bmv2] [D] [thread 3573] [14.0] [cxt 0] Transmitting packet of size 98 out of port 1
[17:34:00.999] [bmv2] [D] [thread 3568] [15.0] [cxt 0] Processing packet received on port 2
[17:34:00.999] [bmv2] [D] [thread 3568] [15.0] [cxt 0] Parser 'parser': start
[17:34:00.999] [bmv2] [D] [thread 3568] [15.0] [cxt 0] Parser 'parser' entering state 'start'
[17:34:00.999] [bmv2] [D] [thread 3568] [15.0] [cxt 0] Extracting header 'ethernet'
[17:34:00.999] [bmv2] [D] [thread 3568] [15.0] [cxt 0] Parser state 'start': key is 0800
[17:34:00.999] [bmv2] [T] [thread 3568] [15.0] [cxt 0] Bytes parsed: 14
[17:34:00.999] [bmv2] [D] [thread 3568] [15.0] [cxt 0] Parser 'parser' entering state 'parse_ipv4'
[17:34:00.999] [bmv2] [D] [thread 3568] [15.0] [cxt 0] Extracting header 'ipv4'
[17:34:00.999] [bmv2] [D] [thread 3568] [15.0] [cxt 0] Parser state 'parse_ipv4' has no switch, going to default next state
[17:34:00.999] [bmv2] [T] [thread 3568] [15.0] [cxt 0] Bytes parsed: 34
[17:34:00.999] [bmv2] [D] [thread 3568] [15.0] [cxt 0] Parser 'parser': end
[17:34:00.999] [bmv2] [D] [thread 3568] [15.0] [cxt 0] Pipeline 'ingress': start
[17:34:00.999] [bmv2] [T] [thread 3568] [15.0] [cxt 0] basico.p4(114) Condition "hdr.ipv4.isValid()" (node_2) is true
[17:34:00.999] [bmv2] [T] [thread 3568] [15.0] [cxt 0] Applying table 'MyIngress.ipv4_lpm'
[17:34:00.999] [bmv2] [D] [thread 3568] [15.0] [cxt 0] Looking up key:
* hdr.ipv4.dstAddr    : 0a000202

[17:34:00.999] [bmv2] [D] [thread 3568] [15.0] [cxt 0] Table 'MyIngress.ipv4_lpm': hit with handle 1
[17:34:00.999] [bmv2] [D] [thread 3568] [15.0] [cxt 0] Dumping entry 1
Match key:
* hdr.ipv4.dstAddr    : LPM       0a000202/32
Action entry: MyIngress.ipv4_forward - a000202,1,

[17:34:00.999] [bmv2] [D] [thread 3568] [15.0] [cxt 0] Action entry is MyIngress.ipv4_forward - a000202,1,
[17:34:00.999] [bmv2] [T] [thread 3568] [15.0] [cxt 0] Action MyIngress.ipv4_forward
[17:34:00.999] [bmv2] [T] [thread 3568] [15.0] [cxt 0] basico.p4(94) Primitive standard_metadata.egress_spec = port
[17:34:00.999] [bmv2] [T] [thread 3568] [15.0] [cxt 0] basico.p4(95) Primitive hdr.ethernet.srcAddr = hdr.ethernet.dstAddr
[17:34:00.999] [bmv2] [T] [thread 3568] [15.0] [cxt 0] basico.p4(96) Primitive hdr.ethernet.dstAddr = dstAddr
[17:34:00.999] [bmv2] [T] [thread 3568] [15.0] [cxt 0] basico.p4(97) Primitive hdr.ipv4.ttl = hdr.ipv4.ttl - 1
[17:34:00.999] [bmv2] [D] [thread 3568] [15.0] [cxt 0] Pipeline 'ingress': end
[17:34:00.999] [bmv2] [D] [thread 3568] [15.0] [cxt 0] Egress port is 1
[17:34:00.999] [bmv2] [D] [thread 3570] [15.0] [cxt 0] Pipeline 'egress': start
[17:34:00.999] [bmv2] [D] [thread 3570] [15.0] [cxt 0] Pipeline 'egress': end
[17:34:00.999] [bmv2] [D] [thread 3570] [15.0] [cxt 0] Deparser 'deparser': start
[17:34:00.999] [bmv2] [D] [thread 3570] [15.0] [cxt 0] Updating checksum 'cksum'
[17:34:00.999] [bmv2] [D] [thread 3570] [15.0] [cxt 0] Deparsing header 'ethernet'
[17:34:00.999] [bmv2] [D] [thread 3570] [15.0] [cxt 0] Deparsing header 'ipv4'
[17:34:00.999] [bmv2] [D] [thread 3570] [15.0] [cxt 0] Deparser 'deparser': end
[17:34:00.999] [bmv2] [D] [thread 3573] [15.0] [cxt 0] Transmitting packet of size 98 out of port 1
[17:34:00.999] [bmv2] [D] [thread 3568] [16.0] [cxt 0] Processing packet received on port 1
[17:34:00.999] [bmv2] [D] [thread 3568] [16.0] [cxt 0] Parser 'parser': start
[17:34:00.999] [bmv2] [D] [thread 3568] [16.0] [cxt 0] Parser 'parser' entering state 'start'
[17:34:01.000] [bmv2] [D] [thread 3568] [16.0] [cxt 0] Extracting header 'ethernet'
[17:34:01.000] [bmv2] [D] [thread 3568] [16.0] [cxt 0] Parser state 'start': key is 0800
[17:34:01.000] [bmv2] [T] [thread 3568] [16.0] [cxt 0] Bytes parsed: 14
[17:34:01.000] [bmv2] [D] [thread 3568] [16.0] [cxt 0] Parser 'parser' entering state 'parse_ipv4'
[17:34:01.000] [bmv2] [D] [thread 3568] [16.0] [cxt 0] Extracting header 'ipv4'
[17:34:01.000] [bmv2] [D] [thread 3568] [16.0] [cxt 0] Parser state 'parse_ipv4' has no switch, going to default next state
[17:34:01.000] [bmv2] [T] [thread 3568] [16.0] [cxt 0] Bytes parsed: 34
[17:34:01.000] [bmv2] [D] [thread 3568] [16.0] [cxt 0] Parser 'parser': end
[17:34:01.000] [bmv2] [D] [thread 3568] [16.0] [cxt 0] Pipeline 'ingress': start
[17:34:01.000] [bmv2] [T] [thread 3568] [16.0] [cxt 0] basico.p4(114) Condition "hdr.ipv4.isValid()" (node_2) is true
[17:34:01.000] [bmv2] [T] [thread 3568] [16.0] [cxt 0] Applying table 'MyIngress.ipv4_lpm'
[17:34:01.000] [bmv2] [D] [thread 3568] [16.0] [cxt 0] Looking up key:
* hdr.ipv4.dstAddr    : 0a000303

[17:34:01.000] [bmv2] [D] [thread 3568] [16.0] [cxt 0] Table 'MyIngress.ipv4_lpm': hit with handle 2
[17:34:01.000] [bmv2] [D] [thread 3568] [16.0] [cxt 0] Dumping entry 2
Match key:
* hdr.ipv4.dstAddr    : LPM       0a000300/24
Action entry: MyIngress.ipv4_forward - 10200,2,

[17:34:01.000] [bmv2] [D] [thread 3568] [16.0] [cxt 0] Action entry is MyIngress.ipv4_forward - 10200,2,
[17:34:01.000] [bmv2] [T] [thread 3568] [16.0] [cxt 0] Action MyIngress.ipv4_forward
[17:34:01.000] [bmv2] [T] [thread 3568] [16.0] [cxt 0] basico.p4(94) Primitive standard_metadata.egress_spec = port
[17:34:01.000] [bmv2] [T] [thread 3568] [16.0] [cxt 0] basico.p4(95) Primitive hdr.ethernet.srcAddr = hdr.ethernet.dstAddr
[17:34:01.000] [bmv2] [T] [thread 3568] [16.0] [cxt 0] basico.p4(96) Primitive hdr.ethernet.dstAddr = dstAddr
[17:34:01.000] [bmv2] [T] [thread 3568] [16.0] [cxt 0] basico.p4(97) Primitive hdr.ipv4.ttl = hdr.ipv4.ttl - 1
[17:34:01.000] [bmv2] [D] [thread 3568] [16.0] [cxt 0] Pipeline 'ingress': end
[17:34:01.000] [bmv2] [D] [thread 3568] [16.0] [cxt 0] Egress port is 2
[17:34:01.001] [bmv2] [D] [thread 3571] [16.0] [cxt 0] Pipeline 'egress': start
[17:34:01.001] [bmv2] [D] [thread 3571] [16.0] [cxt 0] Pipeline 'egress': end
[17:34:01.001] [bmv2] [D] [thread 3571] [16.0] [cxt 0] Deparser 'deparser': start
[17:34:01.001] [bmv2] [D] [thread 3571] [16.0] [cxt 0] Updating checksum 'cksum'
[17:34:01.001] [bmv2] [D] [thread 3571] [16.0] [cxt 0] Deparsing header 'ethernet'
[17:34:01.001] [bmv2] [D] [thread 3571] [16.0] [cxt 0] Deparsing header 'ipv4'
[17:34:01.001] [bmv2] [D] [thread 3571] [16.0] [cxt 0] Deparser 'deparser': end
[17:34:01.001] [bmv2] [D] [thread 3573] [16.0] [cxt 0] Transmitting packet of size 98 out of port 2
[17:34:01.034] [bmv2] [D] [thread 3568] [17.0] [cxt 0] Processing packet received on port 2
[17:34:01.034] [bmv2] [D] [thread 3568] [17.0] [cxt 0] Parser 'parser': start
[17:34:01.034] [bmv2] [D] [thread 3568] [17.0] [cxt 0] Parser 'parser' entering state 'start'
[17:34:01.034] [bmv2] [D] [thread 3568] [17.0] [cxt 0] Extracting header 'ethernet'
[17:34:01.034] [bmv2] [D] [thread 3568] [17.0] [cxt 0] Parser state 'start': key is 0800
[17:34:01.034] [bmv2] [T] [thread 3568] [17.0] [cxt 0] Bytes parsed: 14
[17:34:01.034] [bmv2] [D] [thread 3568] [17.0] [cxt 0] Parser 'parser' entering state 'parse_ipv4'
[17:34:01.034] [bmv2] [D] [thread 3568] [17.0] [cxt 0] Extracting header 'ipv4'
[17:34:01.034] [bmv2] [D] [thread 3568] [17.0] [cxt 0] Parser state 'parse_ipv4' has no switch, going to default next state
[17:34:01.034] [bmv2] [T] [thread 3568] [17.0] [cxt 0] Bytes parsed: 34
[17:34:01.034] [bmv2] [D] [thread 3568] [17.0] [cxt 0] Parser 'parser': end
[17:34:01.034] [bmv2] [D] [thread 3568] [17.0] [cxt 0] Pipeline 'ingress': start
[17:34:01.034] [bmv2] [T] [thread 3568] [17.0] [cxt 0] basico.p4(114) Condition "hdr.ipv4.isValid()" (node_2) is true
[17:34:01.034] [bmv2] [T] [thread 3568] [17.0] [cxt 0] Applying table 'MyIngress.ipv4_lpm'
[17:34:01.034] [bmv2] [D] [thread 3568] [17.0] [cxt 0] Looking up key:
* hdr.ipv4.dstAddr    : 0a000202

[17:34:01.034] [bmv2] [D] [thread 3568] [17.0] [cxt 0] Table 'MyIngress.ipv4_lpm': hit with handle 1
[17:34:01.034] [bmv2] [D] [thread 3568] [17.0] [cxt 0] Dumping entry 1
Match key:
* hdr.ipv4.dstAddr    : LPM       0a000202/32
Action entry: MyIngress.ipv4_forward - a000202,1,

[17:34:01.034] [bmv2] [D] [thread 3568] [17.0] [cxt 0] Action entry is MyIngress.ipv4_forward - a000202,1,
[17:34:01.034] [bmv2] [T] [thread 3568] [17.0] [cxt 0] Action MyIngress.ipv4_forward
[17:34:01.034] [bmv2] [T] [thread 3568] [17.0] [cxt 0] basico.p4(94) Primitive standard_metadata.egress_spec = port
[17:34:01.034] [bmv2] [T] [thread 3568] [17.0] [cxt 0] basico.p4(95) Primitive hdr.ethernet.srcAddr = hdr.ethernet.dstAddr
[17:34:01.034] [bmv2] [T] [thread 3568] [17.0] [cxt 0] basico.p4(96) Primitive hdr.ethernet.dstAddr = dstAddr
[17:34:01.034] [bmv2] [T] [thread 3568] [17.0] [cxt 0] basico.p4(97) Primitive hdr.ipv4.ttl = hdr.ipv4.ttl - 1
[17:34:01.034] [bmv2] [D] [thread 3568] [17.0] [cxt 0] Pipeline 'ingress': end
[17:34:01.034] [bmv2] [D] [thread 3568] [17.0] [cxt 0] Egress port is 1
[17:34:01.034] [bmv2] [D] [thread 3570] [17.0] [cxt 0] Pipeline 'egress': start
[17:34:01.034] [bmv2] [D] [thread 3570] [17.0] [cxt 0] Pipeline 'egress': end
[17:34:01.034] [bmv2] [D] [thread 3570] [17.0] [cxt 0] Deparser 'deparser': start
[17:34:01.034] [bmv2] [D] [thread 3570] [17.0] [cxt 0] Updating checksum 'cksum'
[17:34:01.034] [bmv2] [D] [thread 3570] [17.0] [cxt 0] Deparsing header 'ethernet'
[17:34:01.034] [bmv2] [D] [thread 3570] [17.0] [cxt 0] Deparsing header 'ipv4'
[17:34:01.034] [bmv2] [D] [thread 3570] [17.0] [cxt 0] Deparser 'deparser': end
[17:34:01.034] [bmv2] [D] [thread 3573] [17.0] [cxt 0] Transmitting packet of size 98 out of port 1
[17:34:01.034] [bmv2] [D] [thread 3568] [18.0] [cxt 0] Processing packet received on port 1
[17:34:01.034] [bmv2] [D] [thread 3568] [18.0] [cxt 0] Parser 'parser': start
[17:34:01.034] [bmv2] [D] [thread 3568] [18.0] [cxt 0] Parser 'parser' entering state 'start'
[17:34:01.034] [bmv2] [D] [thread 3568] [18.0] [cxt 0] Extracting header 'ethernet'
[17:34:01.034] [bmv2] [D] [thread 3568] [18.0] [cxt 0] Parser state 'start': key is 0800
[17:34:01.034] [bmv2] [T] [thread 3568] [18.0] [cxt 0] Bytes parsed: 14
[17:34:01.034] [bmv2] [D] [thread 3568] [18.0] [cxt 0] Parser 'parser' entering state 'parse_ipv4'
[17:34:01.034] [bmv2] [D] [thread 3568] [18.0] [cxt 0] Extracting header 'ipv4'
[17:34:01.034] [bmv2] [D] [thread 3568] [18.0] [cxt 0] Parser state 'parse_ipv4' has no switch, going to default next state
[17:34:01.034] [bmv2] [T] [thread 3568] [18.0] [cxt 0] Bytes parsed: 34
[17:34:01.034] [bmv2] [D] [thread 3568] [18.0] [cxt 0] Parser 'parser': end
[17:34:01.034] [bmv2] [D] [thread 3568] [18.0] [cxt 0] Pipeline 'ingress': start
[17:34:01.034] [bmv2] [T] [thread 3568] [18.0] [cxt 0] basico.p4(114) Condition "hdr.ipv4.isValid()" (node_2) is true
[17:34:01.034] [bmv2] [T] [thread 3568] [18.0] [cxt 0] Applying table 'MyIngress.ipv4_lpm'
[17:34:01.034] [bmv2] [D] [thread 3568] [18.0] [cxt 0] Looking up key:
* hdr.ipv4.dstAddr    : 0a000304

[17:34:01.034] [bmv2] [D] [thread 3568] [18.0] [cxt 0] Table 'MyIngress.ipv4_lpm': hit with handle 2
[17:34:01.034] [bmv2] [D] [thread 3568] [18.0] [cxt 0] Dumping entry 2
Match key:
* hdr.ipv4.dstAddr    : LPM       0a000300/24
Action entry: MyIngress.ipv4_forward - 10200,2,

[17:34:01.034] [bmv2] [D] [thread 3568] [18.0] [cxt 0] Action entry is MyIngress.ipv4_forward - 10200,2,
[17:34:01.034] [bmv2] [T] [thread 3568] [18.0] [cxt 0] Action MyIngress.ipv4_forward
[17:34:01.034] [bmv2] [T] [thread 3568] [18.0] [cxt 0] basico.p4(94) Primitive standard_metadata.egress_spec = port
[17:34:01.034] [bmv2] [T] [thread 3568] [18.0] [cxt 0] basico.p4(95) Primitive hdr.ethernet.srcAddr = hdr.ethernet.dstAddr
[17:34:01.035] [bmv2] [T] [thread 3568] [18.0] [cxt 0] basico.p4(96) Primitive hdr.ethernet.dstAddr = dstAddr
[17:34:01.035] [bmv2] [T] [thread 3568] [18.0] [cxt 0] basico.p4(97) Primitive hdr.ipv4.ttl = hdr.ipv4.ttl - 1
[17:34:01.035] [bmv2] [D] [thread 3568] [18.0] [cxt 0] Pipeline 'ingress': end
[17:34:01.035] [bmv2] [D] [thread 3568] [18.0] [cxt 0] Egress port is 2
[17:34:01.035] [bmv2] [D] [thread 3571] [18.0] [cxt 0] Pipeline 'egress': start
[17:34:01.035] [bmv2] [D] [thread 3571] [18.0] [cxt 0] Pipeline 'egress': end
[17:34:01.035] [bmv2] [D] [thread 3571] [18.0] [cxt 0] Deparser 'deparser': start
[17:34:01.035] [bmv2] [D] [thread 3571] [18.0] [cxt 0] Updating checksum 'cksum'
[17:34:01.035] [bmv2] [D] [thread 3571] [18.0] [cxt 0] Deparsing header 'ethernet'
[17:34:01.035] [bmv2] [D] [thread 3571] [18.0] [cxt 0] Deparsing header 'ipv4'
[17:34:01.035] [bmv2] [D] [thread 3571] [18.0] [cxt 0] Deparser 'deparser': end
[17:34:01.035] [bmv2] [D] [thread 3573] [18.0] [cxt 0] Transmitting packet of size 98 out of port 2
open: No such file or directory
open: No such file or directory
open: No such file or directory
