Calling target program-options parser
[20:28:27.584] [bmv2] [D] [thread 42453] Set default default entry for table 'MyIngress.check_is_ingress_border': NoAction - 
[20:28:27.584] [bmv2] [D] [thread 42453] Set default default entry for table 'MyIngress.fec_to_label': NoAction - 
[20:28:27.584] [bmv2] [D] [thread 42453] Set default default entry for table 'MyIngress.mpls_tbl': MyIngress.drop - 
[20:28:27.585] [bmv2] [D] [thread 42453] Set default default entry for table 'MyIngress.ipv4_lpm': MyIngress.drop - 
[20:28:27.585] [bmv2] [D] [thread 42453] Set default default entry for table 'MyEgress.check_is_egress_border': NoAction - 
Adding interface s8-eth1 as port 1
[20:28:27.585] [bmv2] [D] [thread 42453] Adding interface s8-eth1 as port 1
Adding interface s8-eth2 as port 2
[20:28:27.614] [bmv2] [D] [thread 42453] Adding interface s8-eth2 as port 2
Adding interface s8-eth3 as port 3
[20:28:27.623] [bmv2] [D] [thread 42453] Adding interface s8-eth3 as port 3
Server listening on 0.0.0.0:9566
[20:28:27.635] [bmv2] [I] [thread 42453] Starting Thrift server on port 9097
[20:28:27.635] [bmv2] [I] [thread 42453] Thrift server was started
[20:28:27.727] [bmv2] [D] [thread 42466] [0.0] [cxt 0] Processing packet received on port 1
[20:28:27.727] [bmv2] [D] [thread 42466] [0.0] [cxt 0] Parser 'parser': start
[20:28:27.727] [bmv2] [D] [thread 42466] [0.0] [cxt 0] Parser 'parser' entering state 'start'
[20:28:27.727] [bmv2] [D] [thread 42466] [0.0] [cxt 0] Extracting header 'ethernet'
[20:28:27.727] [bmv2] [D] [thread 42466] [0.0] [cxt 0] Parser state 'start': key is 86dd
[20:28:27.727] [bmv2] [T] [thread 42466] [0.0] [cxt 0] Bytes parsed: 14
[20:28:27.727] [bmv2] [D] [thread 42466] [0.0] [cxt 0] Parser 'parser': end
[20:28:27.727] [bmv2] [D] [thread 42466] [0.0] [cxt 0] Pipeline 'ingress': start
[20:28:27.727] [bmv2] [T] [thread 42466] [0.0] [cxt 0] Applying table 'MyIngress.check_is_ingress_border'
[20:28:27.727] [bmv2] [D] [thread 42466] [0.0] [cxt 0] Looking up key:
* standard_metadata.ingress_port: 0001

[20:28:27.727] [bmv2] [D] [thread 42466] [0.0] [cxt 0] Table 'MyIngress.check_is_ingress_border': miss
[20:28:27.727] [bmv2] [D] [thread 42466] [0.0] [cxt 0] Action entry is NoAction - 
[20:28:27.727] [bmv2] [T] [thread 42466] [0.0] [cxt 0] Action NoAction
[20:28:27.727] [bmv2] [T] [thread 42466] [0.0] [cxt 0] /home/mario/Escritorio/TFG/p4-utils/escenarios/MPLS/mpls.p4(193) Condition "meta.is_ingress_border == 1" (node_3) is false
[20:28:27.727] [bmv2] [T] [thread 42466] [0.0] [cxt 0] /home/mario/Escritorio/TFG/p4-utils/escenarios/MPLS/mpls.p4(204) Condition "hdr.mpls.isValid()" (node_6) is false
[20:28:27.727] [bmv2] [T] [thread 42466] [0.0] [cxt 0] /home/mario/Escritorio/TFG/p4-utils/escenarios/MPLS/mpls.p4(209) Condition "hdr.ipv4.isValid()" (node_8) is false
[20:28:27.727] [bmv2] [D] [thread 42466] [0.0] [cxt 0] Pipeline 'ingress': end
[20:28:27.727] [bmv2] [D] [thread 42466] [0.0] [cxt 0] Egress port is 0
[20:28:27.727] [bmv2] [D] [thread 42466] [1.0] [cxt 0] Processing packet received on port 3
[20:28:27.727] [bmv2] [D] [thread 42466] [1.0] [cxt 0] Parser 'parser': start
[20:28:27.727] [bmv2] [D] [thread 42466] [1.0] [cxt 0] Parser 'parser' entering state 'start'
[20:28:27.727] [bmv2] [D] [thread 42466] [1.0] [cxt 0] Extracting header 'ethernet'
[20:28:27.727] [bmv2] [D] [thread 42466] [1.0] [cxt 0] Parser state 'start': key is 86dd
[20:28:27.727] [bmv2] [T] [thread 42466] [1.0] [cxt 0] Bytes parsed: 14
[20:28:27.727] [bmv2] [D] [thread 42466] [1.0] [cxt 0] Parser 'parser': end
[20:28:27.727] [bmv2] [D] [thread 42466] [1.0] [cxt 0] Pipeline 'ingress': start
[20:28:27.727] [bmv2] [T] [thread 42466] [1.0] [cxt 0] Applying table 'MyIngress.check_is_ingress_border'
[20:28:27.727] [bmv2] [D] [thread 42466] [1.0] [cxt 0] Looking up key:
* standard_metadata.ingress_port: 0003

[20:28:27.727] [bmv2] [D] [thread 42466] [1.0] [cxt 0] Table 'MyIngress.check_is_ingress_border': miss
[20:28:27.727] [bmv2] [D] [thread 42466] [1.0] [cxt 0] Action entry is NoAction - 
[20:28:27.727] [bmv2] [T] [thread 42466] [1.0] [cxt 0] Action NoAction
[20:28:27.727] [bmv2] [T] [thread 42466] [1.0] [cxt 0] /home/mario/Escritorio/TFG/p4-utils/escenarios/MPLS/mpls.p4(193) Condition "meta.is_ingress_border == 1" (node_3) is false
[20:28:27.727] [bmv2] [T] [thread 42466] [1.0] [cxt 0] /home/mario/Escritorio/TFG/p4-utils/escenarios/MPLS/mpls.p4(204) Condition "hdr.mpls.isValid()" (node_6) is false
[20:28:27.727] [bmv2] [T] [thread 42466] [1.0] [cxt 0] /home/mario/Escritorio/TFG/p4-utils/escenarios/MPLS/mpls.p4(209) Condition "hdr.ipv4.isValid()" (node_8) is false
[20:28:27.727] [bmv2] [D] [thread 42466] [1.0] [cxt 0] Pipeline 'ingress': end
[20:28:27.727] [bmv2] [D] [thread 42466] [1.0] [cxt 0] Egress port is 0
[20:28:27.730] [bmv2] [D] [thread 42467] [0.0] [cxt 0] Pipeline 'egress': start
[20:28:27.730] [bmv2] [T] [thread 42467] [0.0] [cxt 0] /home/mario/Escritorio/TFG/p4-utils/escenarios/MPLS/mpls.p4(247) Condition "hdr.mpls.isValid()" (node_12) is false
[20:28:27.730] [bmv2] [D] [thread 42467] [0.0] [cxt 0] Pipeline 'egress': end
[20:28:27.730] [bmv2] [D] [thread 42467] [0.0] [cxt 0] Deparser 'deparser': start
[20:28:27.730] [bmv2] [T] [thread 42467] [0.0] [cxt 0] Skipping checksum 'cksum' update because condition not met
[20:28:27.730] [bmv2] [D] [thread 42467] [0.0] [cxt 0] Deparsing header 'ethernet'
[20:28:27.730] [bmv2] [D] [thread 42467] [0.0] [cxt 0] Deparser 'deparser': end
[20:28:27.731] [bmv2] [D] [thread 42467] [1.0] [cxt 0] Pipeline 'egress': start
[20:28:27.731] [bmv2] [T] [thread 42467] [1.0] [cxt 0] /home/mario/Escritorio/TFG/p4-utils/escenarios/MPLS/mpls.p4(247) Condition "hdr.mpls.isValid()" (node_12) is false
[20:28:27.731] [bmv2] [D] [thread 42467] [1.0] [cxt 0] Pipeline 'egress': end
[20:28:27.731] [bmv2] [D] [thread 42467] [1.0] [cxt 0] Deparser 'deparser': start
[20:28:27.731] [bmv2] [T] [thread 42467] [1.0] [cxt 0] Skipping checksum 'cksum' update because condition not met
[20:28:27.731] [bmv2] [D] [thread 42467] [1.0] [cxt 0] Deparsing header 'ethernet'
[20:28:27.731] [bmv2] [D] [thread 42467] [1.0] [cxt 0] Deparser 'deparser': end
[20:28:27.731] [bmv2] [D] [thread 42471] [0.0] [cxt 0] Transmitting packet of size 70 out of port 0
[20:28:27.731] [bmv2] [D] [thread 42471] [1.0] [cxt 0] Transmitting packet of size 70 out of port 0
[20:28:27.762] [bmv2] [D] [thread 42466] [2.0] [cxt 0] Processing packet received on port 2
[20:28:27.762] [bmv2] [D] [thread 42466] [2.0] [cxt 0] Parser 'parser': start
[20:28:27.762] [bmv2] [D] [thread 42466] [2.0] [cxt 0] Parser 'parser' entering state 'start'
[20:28:27.762] [bmv2] [D] [thread 42466] [2.0] [cxt 0] Extracting header 'ethernet'
[20:28:27.762] [bmv2] [D] [thread 42466] [2.0] [cxt 0] Parser state 'start': key is 86dd
[20:28:27.762] [bmv2] [T] [thread 42466] [2.0] [cxt 0] Bytes parsed: 14
[20:28:27.762] [bmv2] [D] [thread 42466] [2.0] [cxt 0] Parser 'parser': end
[20:28:27.762] [bmv2] [D] [thread 42466] [2.0] [cxt 0] Pipeline 'ingress': start
[20:28:27.762] [bmv2] [T] [thread 42466] [2.0] [cxt 0] Applying table 'MyIngress.check_is_ingress_border'
[20:28:27.762] [bmv2] [D] [thread 42466] [2.0] [cxt 0] Looking up key:
* standard_metadata.ingress_port: 0002

[20:28:27.762] [bmv2] [D] [thread 42466] [2.0] [cxt 0] Table 'MyIngress.check_is_ingress_border': miss
[20:28:27.762] [bmv2] [D] [thread 42466] [2.0] [cxt 0] Action entry is NoAction - 
[20:28:27.762] [bmv2] [T] [thread 42466] [2.0] [cxt 0] Action NoAction
[20:28:27.762] [bmv2] [T] [thread 42466] [2.0] [cxt 0] /home/mario/Escritorio/TFG/p4-utils/escenarios/MPLS/mpls.p4(193) Condition "meta.is_ingress_border == 1" (node_3) is false
[20:28:27.762] [bmv2] [T] [thread 42466] [2.0] [cxt 0] /home/mario/Escritorio/TFG/p4-utils/escenarios/MPLS/mpls.p4(204) Condition "hdr.mpls.isValid()" (node_6) is false
[20:28:27.762] [bmv2] [T] [thread 42466] [2.0] [cxt 0] /home/mario/Escritorio/TFG/p4-utils/escenarios/MPLS/mpls.p4(209) Condition "hdr.ipv4.isValid()" (node_8) is false
[20:28:27.762] [bmv2] [D] [thread 42466] [2.0] [cxt 0] Pipeline 'ingress': end
[20:28:27.762] [bmv2] [D] [thread 42466] [2.0] [cxt 0] Egress port is 0
[20:28:27.762] [bmv2] [D] [thread 42467] [2.0] [cxt 0] Pipeline 'egress': start
[20:28:27.762] [bmv2] [T] [thread 42467] [2.0] [cxt 0] /home/mario/Escritorio/TFG/p4-utils/escenarios/MPLS/mpls.p4(247) Condition "hdr.mpls.isValid()" (node_12) is false
[20:28:27.762] [bmv2] [D] [thread 42467] [2.0] [cxt 0] Pipeline 'egress': end
[20:28:27.762] [bmv2] [D] [thread 42467] [2.0] [cxt 0] Deparser 'deparser': start
[20:28:27.762] [bmv2] [T] [thread 42467] [2.0] [cxt 0] Skipping checksum 'cksum' update because condition not met
[20:28:27.762] [bmv2] [D] [thread 42467] [2.0] [cxt 0] Deparsing header 'ethernet'
[20:28:27.762] [bmv2] [D] [thread 42467] [2.0] [cxt 0] Deparser 'deparser': end
[20:28:27.762] [bmv2] [D] [thread 42471] [2.0] [cxt 0] Transmitting packet of size 210 out of port 0
[20:28:27.982] [bmv2] [D] [thread 42466] [3.0] [cxt 0] Processing packet received on port 2
[20:28:27.982] [bmv2] [D] [thread 42466] [3.0] [cxt 0] Parser 'parser': start
[20:28:27.982] [bmv2] [D] [thread 42466] [3.0] [cxt 0] Parser 'parser' entering state 'start'
[20:28:27.982] [bmv2] [D] [thread 42466] [3.0] [cxt 0] Extracting header 'ethernet'
[20:28:27.982] [bmv2] [D] [thread 42466] [3.0] [cxt 0] Parser state 'start': key is 86dd
[20:28:27.982] [bmv2] [T] [thread 42466] [3.0] [cxt 0] Bytes parsed: 14
[20:28:27.982] [bmv2] [D] [thread 42466] [3.0] [cxt 0] Parser 'parser': end
[20:28:27.982] [bmv2] [D] [thread 42466] [3.0] [cxt 0] Pipeline 'ingress': start
[20:28:27.982] [bmv2] [T] [thread 42466] [3.0] [cxt 0] Applying table 'MyIngress.check_is_ingress_border'
[20:28:27.982] [bmv2] [D] [thread 42466] [3.0] [cxt 0] Looking up key:
* standard_metadata.ingress_port: 0002

[20:28:27.982] [bmv2] [D] [thread 42466] [3.0] [cxt 0] Table 'MyIngress.check_is_ingress_border': miss
[20:28:27.982] [bmv2] [D] [thread 42466] [3.0] [cxt 0] Action entry is NoAction - 
[20:28:27.982] [bmv2] [T] [thread 42466] [3.0] [cxt 0] Action NoAction
[20:28:27.982] [bmv2] [T] [thread 42466] [3.0] [cxt 0] /home/mario/Escritorio/TFG/p4-utils/escenarios/MPLS/mpls.p4(193) Condition "meta.is_ingress_border == 1" (node_3) is false
[20:28:27.982] [bmv2] [T] [thread 42466] [3.0] [cxt 0] /home/mario/Escritorio/TFG/p4-utils/escenarios/MPLS/mpls.p4(204) Condition "hdr.mpls.isValid()" (node_6) is false
[20:28:27.982] [bmv2] [T] [thread 42466] [3.0] [cxt 0] /home/mario/Escritorio/TFG/p4-utils/escenarios/MPLS/mpls.p4(209) Condition "hdr.ipv4.isValid()" (node_8) is false
[20:28:27.982] [bmv2] [D] [thread 42466] [3.0] [cxt 0] Pipeline 'ingress': end
[20:28:27.982] [bmv2] [D] [thread 42466] [3.0] [cxt 0] Egress port is 0
[20:28:27.982] [bmv2] [D] [thread 42467] [3.0] [cxt 0] Pipeline 'egress': start
[20:28:27.982] [bmv2] [T] [thread 42467] [3.0] [cxt 0] /home/mario/Escritorio/TFG/p4-utils/escenarios/MPLS/mpls.p4(247) Condition "hdr.mpls.isValid()" (node_12) is false
[20:28:27.982] [bmv2] [D] [thread 42467] [3.0] [cxt 0] Pipeline 'egress': end
[20:28:27.982] [bmv2] [D] [thread 42467] [3.0] [cxt 0] Deparser 'deparser': start
[20:28:27.982] [bmv2] [T] [thread 42467] [3.0] [cxt 0] Skipping checksum 'cksum' update because condition not met
[20:28:27.982] [bmv2] [D] [thread 42467] [3.0] [cxt 0] Deparsing header 'ethernet'
[20:28:27.982] [bmv2] [D] [thread 42467] [3.0] [cxt 0] Deparser 'deparser': end
[20:28:27.982] [bmv2] [D] [thread 42471] [3.0] [cxt 0] Transmitting packet of size 70 out of port 0
[20:28:27.988] [bmv2] [D] [thread 42466] [4.0] [cxt 0] Processing packet received on port 3
[20:28:27.988] [bmv2] [D] [thread 42466] [4.0] [cxt 0] Parser 'parser': start
[20:28:27.988] [bmv2] [D] [thread 42466] [4.0] [cxt 0] Parser 'parser' entering state 'start'
[20:28:27.988] [bmv2] [D] [thread 42466] [4.0] [cxt 0] Extracting header 'ethernet'
[20:28:27.988] [bmv2] [D] [thread 42466] [4.0] [cxt 0] Parser state 'start': key is 86dd
[20:28:27.988] [bmv2] [T] [thread 42466] [4.0] [cxt 0] Bytes parsed: 14
[20:28:27.988] [bmv2] [D] [thread 42466] [4.0] [cxt 0] Parser 'parser': end
[20:28:27.988] [bmv2] [D] [thread 42466] [4.0] [cxt 0] Pipeline 'ingress': start
[20:28:27.988] [bmv2] [T] [thread 42466] [4.0] [cxt 0] Applying table 'MyIngress.check_is_ingress_border'
[20:28:27.988] [bmv2] [D] [thread 42466] [4.0] [cxt 0] Looking up key:
* standard_metadata.ingress_port: 0003

[20:28:27.988] [bmv2] [D] [thread 42466] [4.0] [cxt 0] Table 'MyIngress.check_is_ingress_border': miss
[20:28:27.988] [bmv2] [D] [thread 42466] [4.0] [cxt 0] Action entry is NoAction - 
[20:28:27.988] [bmv2] [T] [thread 42466] [4.0] [cxt 0] Action NoAction
[20:28:27.988] [bmv2] [T] [thread 42466] [4.0] [cxt 0] /home/mario/Escritorio/TFG/p4-utils/escenarios/MPLS/mpls.p4(193) Condition "meta.is_ingress_border == 1" (node_3) is false
[20:28:27.988] [bmv2] [T] [thread 42466] [4.0] [cxt 0] /home/mario/Escritorio/TFG/p4-utils/escenarios/MPLS/mpls.p4(204) Condition "hdr.mpls.isValid()" (node_6) is false
[20:28:27.988] [bmv2] [T] [thread 42466] [4.0] [cxt 0] /home/mario/Escritorio/TFG/p4-utils/escenarios/MPLS/mpls.p4(209) Condition "hdr.ipv4.isValid()" (node_8) is false
[20:28:27.988] [bmv2] [D] [thread 42466] [4.0] [cxt 0] Pipeline 'ingress': end
[20:28:27.988] [bmv2] [D] [thread 42466] [4.0] [cxt 0] Egress port is 0
[20:28:27.988] [bmv2] [D] [thread 42467] [4.0] [cxt 0] Pipeline 'egress': start
[20:28:27.988] [bmv2] [T] [thread 42467] [4.0] [cxt 0] /home/mario/Escritorio/TFG/p4-utils/escenarios/MPLS/mpls.p4(247) Condition "hdr.mpls.isValid()" (node_12) is false
[20:28:27.988] [bmv2] [D] [thread 42467] [4.0] [cxt 0] Pipeline 'egress': end
[20:28:27.988] [bmv2] [D] [thread 42467] [4.0] [cxt 0] Deparser 'deparser': start
[20:28:27.988] [bmv2] [T] [thread 42467] [4.0] [cxt 0] Skipping checksum 'cksum' update because condition not met
[20:28:27.988] [bmv2] [D] [thread 42467] [4.0] [cxt 0] Deparsing header 'ethernet'
[20:28:27.988] [bmv2] [D] [thread 42467] [4.0] [cxt 0] Deparser 'deparser': end
[20:28:27.988] [bmv2] [D] [thread 42471] [4.0] [cxt 0] Transmitting packet of size 210 out of port 0
[20:28:28.227] [bmv2] [D] [thread 42466] [5.0] [cxt 0] Processing packet received on port 1
[20:28:28.227] [bmv2] [D] [thread 42466] [5.0] [cxt 0] Parser 'parser': start
[20:28:28.227] [bmv2] [D] [thread 42466] [5.0] [cxt 0] Parser 'parser' entering state 'start'
[20:28:28.227] [bmv2] [D] [thread 42466] [5.0] [cxt 0] Extracting header 'ethernet'
[20:28:28.227] [bmv2] [D] [thread 42466] [5.0] [cxt 0] Parser state 'start': key is 86dd
[20:28:28.227] [bmv2] [T] [thread 42466] [5.0] [cxt 0] Bytes parsed: 14
[20:28:28.227] [bmv2] [D] [thread 42466] [5.0] [cxt 0] Parser 'parser': end
[20:28:28.227] [bmv2] [D] [thread 42466] [5.0] [cxt 0] Pipeline 'ingress': start
[20:28:28.227] [bmv2] [T] [thread 42466] [5.0] [cxt 0] Applying table 'MyIngress.check_is_ingress_border'
[20:28:28.227] [bmv2] [D] [thread 42466] [5.0] [cxt 0] Looking up key:
* standard_metadata.ingress_port: 0001

[20:28:28.228] [bmv2] [D] [thread 42466] [5.0] [cxt 0] Table 'MyIngress.check_is_ingress_border': miss
[20:28:28.228] [bmv2] [D] [thread 42466] [5.0] [cxt 0] Action entry is NoAction - 
[20:28:28.228] [bmv2] [T] [thread 42466] [5.0] [cxt 0] Action NoAction
[20:28:28.228] [bmv2] [T] [thread 42466] [5.0] [cxt 0] /home/mario/Escritorio/TFG/p4-utils/escenarios/MPLS/mpls.p4(193) Condition "meta.is_ingress_border == 1" (node_3) is false
[20:28:28.228] [bmv2] [T] [thread 42466] [5.0] [cxt 0] /home/mario/Escritorio/TFG/p4-utils/escenarios/MPLS/mpls.p4(204) Condition "hdr.mpls.isValid()" (node_6) is false
[20:28:28.228] [bmv2] [T] [thread 42466] [5.0] [cxt 0] /home/mario/Escritorio/TFG/p4-utils/escenarios/MPLS/mpls.p4(209) Condition "hdr.ipv4.isValid()" (node_8) is false
[20:28:28.228] [bmv2] [D] [thread 42466] [5.0] [cxt 0] Pipeline 'ingress': end
[20:28:28.228] [bmv2] [D] [thread 42466] [5.0] [cxt 0] Egress port is 0
[20:28:28.228] [bmv2] [D] [thread 42467] [5.0] [cxt 0] Pipeline 'egress': start
[20:28:28.228] [bmv2] [T] [thread 42467] [5.0] [cxt 0] /home/mario/Escritorio/TFG/p4-utils/escenarios/MPLS/mpls.p4(247) Condition "hdr.mpls.isValid()" (node_12) is false
[20:28:28.228] [bmv2] [D] [thread 42467] [5.0] [cxt 0] Pipeline 'egress': end
[20:28:28.228] [bmv2] [D] [thread 42467] [5.0] [cxt 0] Deparser 'deparser': start
[20:28:28.228] [bmv2] [T] [thread 42467] [5.0] [cxt 0] Skipping checksum 'cksum' update because condition not met
[20:28:28.228] [bmv2] [D] [thread 42467] [5.0] [cxt 0] Deparsing header 'ethernet'
[20:28:28.228] [bmv2] [D] [thread 42467] [5.0] [cxt 0] Deparser 'deparser': end
[20:28:28.228] [bmv2] [D] [thread 42471] [5.0] [cxt 0] Transmitting packet of size 210 out of port 0
[20:28:28.228] [bmv2] [D] [thread 42466] [6.0] [cxt 0] Processing packet received on port 1
[20:28:28.228] [bmv2] [D] [thread 42466] [6.0] [cxt 0] Parser 'parser': start
[20:28:28.228] [bmv2] [D] [thread 42466] [6.0] [cxt 0] Parser 'parser' entering state 'start'
[20:28:28.228] [bmv2] [D] [thread 42466] [6.0] [cxt 0] Extracting header 'ethernet'
[20:28:28.228] [bmv2] [D] [thread 42466] [6.0] [cxt 0] Parser state 'start': key is 86dd
[20:28:28.228] [bmv2] [T] [thread 42466] [6.0] [cxt 0] Bytes parsed: 14
[20:28:28.228] [bmv2] [D] [thread 42466] [6.0] [cxt 0] Parser 'parser': end
[20:28:28.228] [bmv2] [D] [thread 42466] [6.0] [cxt 0] Pipeline 'ingress': start
[20:28:28.228] [bmv2] [T] [thread 42466] [6.0] [cxt 0] Applying table 'MyIngress.check_is_ingress_border'
[20:28:28.228] [bmv2] [D] [thread 42466] [6.0] [cxt 0] Looking up key:
* standard_metadata.ingress_port: 0001

[20:28:28.228] [bmv2] [D] [thread 42466] [6.0] [cxt 0] Table 'MyIngress.check_is_ingress_border': miss
[20:28:28.228] [bmv2] [D] [thread 42466] [6.0] [cxt 0] Action entry is NoAction - 
[20:28:28.228] [bmv2] [T] [thread 42466] [6.0] [cxt 0] Action NoAction
[20:28:28.228] [bmv2] [T] [thread 42466] [6.0] [cxt 0] /home/mario/Escritorio/TFG/p4-utils/escenarios/MPLS/mpls.p4(193) Condition "meta.is_ingress_border == 1" (node_3) is false
[20:28:28.228] [bmv2] [T] [thread 42466] [6.0] [cxt 0] /home/mario/Escritorio/TFG/p4-utils/escenarios/MPLS/mpls.p4(204) Condition "hdr.mpls.isValid()" (node_6) is false
[20:28:28.228] [bmv2] [T] [thread 42466] [6.0] [cxt 0] /home/mario/Escritorio/TFG/p4-utils/escenarios/MPLS/mpls.p4(209) Condition "hdr.ipv4.isValid()" (node_8) is false
[20:28:28.228] [bmv2] [D] [thread 42466] [6.0] [cxt 0] Pipeline 'ingress': end
[20:28:28.228] [bmv2] [D] [thread 42466] [6.0] [cxt 0] Egress port is 0
[20:28:28.228] [bmv2] [D] [thread 42467] [6.0] [cxt 0] Pipeline 'egress': start
[20:28:28.228] [bmv2] [T] [thread 42467] [6.0] [cxt 0] /home/mario/Escritorio/TFG/p4-utils/escenarios/MPLS/mpls.p4(247) Condition "hdr.mpls.isValid()" (node_12) is false
[20:28:28.228] [bmv2] [D] [thread 42467] [6.0] [cxt 0] Pipeline 'egress': end
[20:28:28.228] [bmv2] [D] [thread 42467] [6.0] [cxt 0] Deparser 'deparser': start
[20:28:28.228] [bmv2] [T] [thread 42467] [6.0] [cxt 0] Skipping checksum 'cksum' update because condition not met
[20:28:28.228] [bmv2] [D] [thread 42467] [6.0] [cxt 0] Deparsing header 'ethernet'
[20:28:28.228] [bmv2] [D] [thread 42467] [6.0] [cxt 0] Deparser 'deparser': end
[20:28:28.228] [bmv2] [D] [thread 42471] [6.0] [cxt 0] Transmitting packet of size 210 out of port 0
[20:28:28.241] [bmv2] [D] [thread 42466] [7.0] [cxt 0] Processing packet received on port 1
[20:28:28.241] [bmv2] [D] [thread 42466] [7.0] [cxt 0] Parser 'parser': start
[20:28:28.241] [bmv2] [D] [thread 42466] [7.0] [cxt 0] Parser 'parser' entering state 'start'
[20:28:28.241] [bmv2] [D] [thread 42466] [7.0] [cxt 0] Extracting header 'ethernet'
[20:28:28.241] [bmv2] [D] [thread 42466] [7.0] [cxt 0] Parser state 'start': key is 86dd
[20:28:28.241] [bmv2] [T] [thread 42466] [7.0] [cxt 0] Bytes parsed: 14
[20:28:28.241] [bmv2] [D] [thread 42466] [7.0] [cxt 0] Parser 'parser': end
[20:28:28.241] [bmv2] [D] [thread 42466] [7.0] [cxt 0] Pipeline 'ingress': start
[20:28:28.241] [bmv2] [T] [thread 42466] [7.0] [cxt 0] Applying table 'MyIngress.check_is_ingress_border'
[20:28:28.241] [bmv2] [D] [thread 42466] [7.0] [cxt 0] Looking up key:
* standard_metadata.ingress_port: 0001

[20:28:28.241] [bmv2] [D] [thread 42466] [7.0] [cxt 0] Table 'MyIngress.check_is_ingress_border': miss
[20:28:28.241] [bmv2] [D] [thread 42466] [7.0] [cxt 0] Action entry is NoAction - 
[20:28:28.241] [bmv2] [T] [thread 42466] [7.0] [cxt 0] Action NoAction
[20:28:28.241] [bmv2] [T] [thread 42466] [7.0] [cxt 0] /home/mario/Escritorio/TFG/p4-utils/escenarios/MPLS/mpls.p4(193) Condition "meta.is_ingress_border == 1" (node_3) is false
[20:28:28.241] [bmv2] [T] [thread 42466] [7.0] [cxt 0] /home/mario/Escritorio/TFG/p4-utils/escenarios/MPLS/mpls.p4(204) Condition "hdr.mpls.isValid()" (node_6) is false
[20:28:28.241] [bmv2] [T] [thread 42466] [7.0] [cxt 0] /home/mario/Escritorio/TFG/p4-utils/escenarios/MPLS/mpls.p4(209) Condition "hdr.ipv4.isValid()" (node_8) is false
[20:28:28.241] [bmv2] [D] [thread 42466] [7.0] [cxt 0] Pipeline 'ingress': end
[20:28:28.241] [bmv2] [D] [thread 42466] [7.0] [cxt 0] Egress port is 0
[20:28:28.241] [bmv2] [D] [thread 42467] [7.0] [cxt 0] Pipeline 'egress': start
[20:28:28.241] [bmv2] [T] [thread 42467] [7.0] [cxt 0] /home/mario/Escritorio/TFG/p4-utils/escenarios/MPLS/mpls.p4(247) Condition "hdr.mpls.isValid()" (node_12) is false
[20:28:28.241] [bmv2] [D] [thread 42467] [7.0] [cxt 0] Pipeline 'egress': end
[20:28:28.241] [bmv2] [D] [thread 42467] [7.0] [cxt 0] Deparser 'deparser': start
[20:28:28.241] [bmv2] [T] [thread 42467] [7.0] [cxt 0] Skipping checksum 'cksum' update because condition not met
[20:28:28.241] [bmv2] [D] [thread 42467] [7.0] [cxt 0] Deparsing header 'ethernet'
[20:28:28.241] [bmv2] [D] [thread 42467] [7.0] [cxt 0] Deparser 'deparser': end
[20:28:28.241] [bmv2] [D] [thread 42471] [7.0] [cxt 0] Transmitting packet of size 70 out of port 0
[20:29:10.475] [bmv2] [D] [thread 43467] Set default default entry for table 'MyIngress.check_is_ingress_border': NoAction - 
[20:29:10.475] [bmv2] [D] [thread 43467] Set default default entry for table 'MyIngress.fec_to_label': NoAction - 
[20:29:10.476] [bmv2] [D] [thread 43467] Set default default entry for table 'MyIngress.mpls_tbl': MyIngress.drop - 
[20:29:10.476] [bmv2] [D] [thread 43467] Set default default entry for table 'MyIngress.ipv4_lpm': MyIngress.drop - 
[20:29:10.476] [bmv2] [D] [thread 43467] Set default default entry for table 'MyEgress.check_is_egress_border': NoAction - 
[20:29:10.477] [bmv2] [D] [thread 43467] simple_switch target has been notified of a config swap
[20:29:10.701] [bmv2] [D] [thread 43472] Entry 0 added to table 'MyIngress.mpls_tbl'
[20:29:10.701] [bmv2] [D] [thread 43472] Dumping entry 0
Match key:
* hdr.mpls.label      : EXACT     000001
Action entry: MyIngress.mpls_forward - 60800,3,

[20:29:10.707] [bmv2] [D] [thread 43477] Entry 1 added to table 'MyIngress.mpls_tbl'
[20:29:10.707] [bmv2] [D] [thread 43477] Dumping entry 1
Match key:
* hdr.mpls.label      : EXACT     000002
Action entry: MyIngress.mpls_forward - 50800,2,

[20:29:10.711] [bmv2] [D] [thread 43472] Entry 2 added to table 'MyIngress.mpls_tbl'
[20:29:10.711] [bmv2] [D] [thread 43472] Dumping entry 2
Match key:
* hdr.mpls.label      : EXACT     000004
Action entry: MyIngress.mpls_forward - a0800,1,

open: No such file or directory
open: No such file or directory
open: No such file or directory
open: No such file or directory
open: No such file or directory
open: No such file or directory
open: No such file or directory
open: No such file or directory
open: No such file or directory
open: No such file or directory
open: No such file or directory
open: No such file or directory
open: No such file or directory
open: No such file or directory
open: No such file or directory
