Calling target program-options parser
[20:28:23.804] [bmv2] [D] [thread 42265] Set default default entry for table 'MyIngress.check_is_ingress_border': NoAction - 
[20:28:23.804] [bmv2] [D] [thread 42265] Set default default entry for table 'MyIngress.fec_to_label': NoAction - 
[20:28:23.804] [bmv2] [D] [thread 42265] Set default default entry for table 'MyIngress.mpls_tbl': MyIngress.drop - 
[20:28:23.804] [bmv2] [D] [thread 42265] Set default default entry for table 'MyIngress.ipv4_lpm': MyIngress.drop - 
[20:28:23.804] [bmv2] [D] [thread 42265] Set default default entry for table 'MyEgress.check_is_egress_border': NoAction - 
Adding interface s1-eth1 as port 1
[20:28:23.805] [bmv2] [D] [thread 42265] Adding interface s1-eth1 as port 1
Adding interface s1-eth2 as port 2
[20:28:23.887] [bmv2] [D] [thread 42265] Adding interface s1-eth2 as port 2
Adding interface s1-eth3 as port 3
[20:28:23.895] [bmv2] [D] [thread 42265] Adding interface s1-eth3 as port 3
Adding interface s1-eth4 as port 4
[20:28:23.902] [bmv2] [D] [thread 42265] Adding interface s1-eth4 as port 4
Server listening on 0.0.0.0:9559
[20:28:23.913] [bmv2] [I] [thread 42265] Starting Thrift server on port 9090
[20:28:23.926] [bmv2] [I] [thread 42265] Thrift server was started
[20:28:24.097] [bmv2] [D] [thread 42283] [0.0] [cxt 0] Processing packet received on port 4
[20:28:24.097] [bmv2] [D] [thread 42283] [0.0] [cxt 0] Parser 'parser': start
[20:28:24.097] [bmv2] [D] [thread 42283] [0.0] [cxt 0] Parser 'parser' entering state 'start'
[20:28:24.097] [bmv2] [D] [thread 42283] [0.0] [cxt 0] Extracting header 'ethernet'
[20:28:24.097] [bmv2] [D] [thread 42283] [0.0] [cxt 0] Parser state 'start': key is 86dd
[20:28:24.097] [bmv2] [T] [thread 42283] [0.0] [cxt 0] Bytes parsed: 14
[20:28:24.097] [bmv2] [D] [thread 42283] [0.0] [cxt 0] Parser 'parser': end
[20:28:24.097] [bmv2] [D] [thread 42283] [0.0] [cxt 0] Pipeline 'ingress': start
[20:28:24.098] [bmv2] [T] [thread 42283] [0.0] [cxt 0] Applying table 'MyIngress.check_is_ingress_border'
[20:28:24.098] [bmv2] [D] [thread 42283] [0.0] [cxt 0] Looking up key:
* standard_metadata.ingress_port: 0004

[20:28:24.098] [bmv2] [D] [thread 42283] [0.0] [cxt 0] Table 'MyIngress.check_is_ingress_border': miss
[20:28:24.098] [bmv2] [D] [thread 42283] [0.0] [cxt 0] Action entry is NoAction - 
[20:28:24.098] [bmv2] [T] [thread 42283] [0.0] [cxt 0] Action NoAction
[20:28:24.098] [bmv2] [T] [thread 42283] [0.0] [cxt 0] /home/mario/Escritorio/TFG/p4-utils/escenarios/MPLS/mpls.p4(193) Condition "meta.is_ingress_border == 1" (node_3) is false
[20:28:24.098] [bmv2] [T] [thread 42283] [0.0] [cxt 0] /home/mario/Escritorio/TFG/p4-utils/escenarios/MPLS/mpls.p4(204) Condition "hdr.mpls.isValid()" (node_6) is false
[20:28:24.098] [bmv2] [T] [thread 42283] [0.0] [cxt 0] /home/mario/Escritorio/TFG/p4-utils/escenarios/MPLS/mpls.p4(209) Condition "hdr.ipv4.isValid()" (node_8) is false
[20:28:24.098] [bmv2] [D] [thread 42283] [0.0] [cxt 0] Pipeline 'ingress': end
[20:28:24.098] [bmv2] [D] [thread 42283] [0.0] [cxt 0] Egress port is 0
[20:28:24.098] [bmv2] [D] [thread 42284] [0.0] [cxt 0] Pipeline 'egress': start
[20:28:24.098] [bmv2] [T] [thread 42284] [0.0] [cxt 0] /home/mario/Escritorio/TFG/p4-utils/escenarios/MPLS/mpls.p4(247) Condition "hdr.mpls.isValid()" (node_12) is false
[20:28:24.098] [bmv2] [D] [thread 42284] [0.0] [cxt 0] Pipeline 'egress': end
[20:28:24.098] [bmv2] [D] [thread 42284] [0.0] [cxt 0] Deparser 'deparser': start
[20:28:24.098] [bmv2] [T] [thread 42284] [0.0] [cxt 0] Skipping checksum 'cksum' update because condition not met
[20:28:24.098] [bmv2] [D] [thread 42284] [0.0] [cxt 0] Deparsing header 'ethernet'
[20:28:24.098] [bmv2] [D] [thread 42284] [0.0] [cxt 0] Deparser 'deparser': end
[20:28:24.098] [bmv2] [D] [thread 42288] [0.0] [cxt 0] Transmitting packet of size 210 out of port 0
[20:28:24.502] [bmv2] [D] [thread 42283] [1.0] [cxt 0] Processing packet received on port 2
[20:28:24.502] [bmv2] [D] [thread 42283] [1.0] [cxt 0] Parser 'parser': start
[20:28:24.502] [bmv2] [D] [thread 42283] [1.0] [cxt 0] Parser 'parser' entering state 'start'
[20:28:24.502] [bmv2] [D] [thread 42283] [1.0] [cxt 0] Extracting header 'ethernet'
[20:28:24.502] [bmv2] [D] [thread 42283] [1.0] [cxt 0] Parser state 'start': key is 86dd
[20:28:24.502] [bmv2] [T] [thread 42283] [1.0] [cxt 0] Bytes parsed: 14
[20:28:24.502] [bmv2] [D] [thread 42283] [1.0] [cxt 0] Parser 'parser': end
[20:28:24.502] [bmv2] [D] [thread 42283] [1.0] [cxt 0] Pipeline 'ingress': start
[20:28:24.502] [bmv2] [T] [thread 42283] [1.0] [cxt 0] Applying table 'MyIngress.check_is_ingress_border'
[20:28:24.502] [bmv2] [D] [thread 42283] [1.0] [cxt 0] Looking up key:
* standard_metadata.ingress_port: 0002

[20:28:24.502] [bmv2] [D] [thread 42283] [1.0] [cxt 0] Table 'MyIngress.check_is_ingress_border': miss
[20:28:24.502] [bmv2] [D] [thread 42283] [1.0] [cxt 0] Action entry is NoAction - 
[20:28:24.502] [bmv2] [T] [thread 42283] [1.0] [cxt 0] Action NoAction
[20:28:24.502] [bmv2] [T] [thread 42283] [1.0] [cxt 0] /home/mario/Escritorio/TFG/p4-utils/escenarios/MPLS/mpls.p4(193) Condition "meta.is_ingress_border == 1" (node_3) is false
[20:28:24.502] [bmv2] [T] [thread 42283] [1.0] [cxt 0] /home/mario/Escritorio/TFG/p4-utils/escenarios/MPLS/mpls.p4(204) Condition "hdr.mpls.isValid()" (node_6) is false
[20:28:24.502] [bmv2] [T] [thread 42283] [1.0] [cxt 0] /home/mario/Escritorio/TFG/p4-utils/escenarios/MPLS/mpls.p4(209) Condition "hdr.ipv4.isValid()" (node_8) is false
[20:28:24.502] [bmv2] [D] [thread 42283] [1.0] [cxt 0] Pipeline 'ingress': end
[20:28:24.502] [bmv2] [D] [thread 42283] [1.0] [cxt 0] Egress port is 0
[20:28:24.503] [bmv2] [D] [thread 42284] [1.0] [cxt 0] Pipeline 'egress': start
[20:28:24.503] [bmv2] [T] [thread 42284] [1.0] [cxt 0] /home/mario/Escritorio/TFG/p4-utils/escenarios/MPLS/mpls.p4(247) Condition "hdr.mpls.isValid()" (node_12) is false
[20:28:24.503] [bmv2] [D] [thread 42284] [1.0] [cxt 0] Pipeline 'egress': end
[20:28:24.503] [bmv2] [D] [thread 42284] [1.0] [cxt 0] Deparser 'deparser': start
[20:28:24.503] [bmv2] [T] [thread 42284] [1.0] [cxt 0] Skipping checksum 'cksum' update because condition not met
[20:28:24.503] [bmv2] [D] [thread 42284] [1.0] [cxt 0] Deparsing header 'ethernet'
[20:28:24.503] [bmv2] [D] [thread 42284] [1.0] [cxt 0] Deparser 'deparser': end
[20:28:24.503] [bmv2] [D] [thread 42288] [1.0] [cxt 0] Transmitting packet of size 210 out of port 0
[20:28:24.566] [bmv2] [D] [thread 42283] [2.0] [cxt 0] Processing packet received on port 3
[20:28:24.566] [bmv2] [D] [thread 42283] [2.0] [cxt 0] Parser 'parser': start
[20:28:24.566] [bmv2] [D] [thread 42283] [2.0] [cxt 0] Parser 'parser' entering state 'start'
[20:28:24.566] [bmv2] [D] [thread 42283] [2.0] [cxt 0] Extracting header 'ethernet'
[20:28:24.566] [bmv2] [D] [thread 42283] [2.0] [cxt 0] Parser state 'start': key is 86dd
[20:28:24.566] [bmv2] [T] [thread 42283] [2.0] [cxt 0] Bytes parsed: 14
[20:28:24.566] [bmv2] [D] [thread 42283] [2.0] [cxt 0] Parser 'parser': end
[20:28:24.566] [bmv2] [D] [thread 42283] [2.0] [cxt 0] Pipeline 'ingress': start
[20:28:24.566] [bmv2] [T] [thread 42283] [2.0] [cxt 0] Applying table 'MyIngress.check_is_ingress_border'
[20:28:24.566] [bmv2] [D] [thread 42283] [2.0] [cxt 0] Looking up key:
* standard_metadata.ingress_port: 0003

[20:28:24.566] [bmv2] [D] [thread 42283] [2.0] [cxt 0] Table 'MyIngress.check_is_ingress_border': miss
[20:28:24.566] [bmv2] [D] [thread 42283] [2.0] [cxt 0] Action entry is NoAction - 
[20:28:24.566] [bmv2] [T] [thread 42283] [2.0] [cxt 0] Action NoAction
[20:28:24.566] [bmv2] [T] [thread 42283] [2.0] [cxt 0] /home/mario/Escritorio/TFG/p4-utils/escenarios/MPLS/mpls.p4(193) Condition "meta.is_ingress_border == 1" (node_3) is false
[20:28:24.566] [bmv2] [T] [thread 42283] [2.0] [cxt 0] /home/mario/Escritorio/TFG/p4-utils/escenarios/MPLS/mpls.p4(204) Condition "hdr.mpls.isValid()" (node_6) is false
[20:28:24.566] [bmv2] [T] [thread 42283] [2.0] [cxt 0] /home/mario/Escritorio/TFG/p4-utils/escenarios/MPLS/mpls.p4(209) Condition "hdr.ipv4.isValid()" (node_8) is false
[20:28:24.566] [bmv2] [D] [thread 42283] [2.0] [cxt 0] Pipeline 'ingress': end
[20:28:24.566] [bmv2] [D] [thread 42283] [2.0] [cxt 0] Egress port is 0
[20:28:24.566] [bmv2] [D] [thread 42284] [2.0] [cxt 0] Pipeline 'egress': start
[20:28:24.566] [bmv2] [T] [thread 42284] [2.0] [cxt 0] /home/mario/Escritorio/TFG/p4-utils/escenarios/MPLS/mpls.p4(247) Condition "hdr.mpls.isValid()" (node_12) is false
[20:28:24.566] [bmv2] [D] [thread 42284] [2.0] [cxt 0] Pipeline 'egress': end
[20:28:24.566] [bmv2] [D] [thread 42284] [2.0] [cxt 0] Deparser 'deparser': start
[20:28:24.566] [bmv2] [T] [thread 42284] [2.0] [cxt 0] Skipping checksum 'cksum' update because condition not met
[20:28:24.566] [bmv2] [D] [thread 42284] [2.0] [cxt 0] Deparsing header 'ethernet'
[20:28:24.566] [bmv2] [D] [thread 42284] [2.0] [cxt 0] Deparser 'deparser': end
[20:28:24.566] [bmv2] [D] [thread 42288] [2.0] [cxt 0] Transmitting packet of size 210 out of port 0
[20:28:24.566] [bmv2] [D] [thread 42283] [3.0] [cxt 0] Processing packet received on port 4
[20:28:24.566] [bmv2] [D] [thread 42283] [3.0] [cxt 0] Parser 'parser': start
[20:28:24.566] [bmv2] [D] [thread 42283] [3.0] [cxt 0] Parser 'parser' entering state 'start'
[20:28:24.566] [bmv2] [D] [thread 42283] [3.0] [cxt 0] Extracting header 'ethernet'
[20:28:24.566] [bmv2] [D] [thread 42283] [3.0] [cxt 0] Parser state 'start': key is 86dd
[20:28:24.566] [bmv2] [T] [thread 42283] [3.0] [cxt 0] Bytes parsed: 14
[20:28:24.566] [bmv2] [D] [thread 42283] [3.0] [cxt 0] Parser 'parser': end
[20:28:24.566] [bmv2] [D] [thread 42283] [3.0] [cxt 0] Pipeline 'ingress': start
[20:28:24.566] [bmv2] [T] [thread 42283] [3.0] [cxt 0] Applying table 'MyIngress.check_is_ingress_border'
[20:28:24.566] [bmv2] [D] [thread 42283] [3.0] [cxt 0] Looking up key:
* standard_metadata.ingress_port: 0004

[20:28:24.566] [bmv2] [D] [thread 42283] [3.0] [cxt 0] Table 'MyIngress.check_is_ingress_border': miss
[20:28:24.566] [bmv2] [D] [thread 42283] [3.0] [cxt 0] Action entry is NoAction - 
[20:28:24.566] [bmv2] [T] [thread 42283] [3.0] [cxt 0] Action NoAction
[20:28:24.566] [bmv2] [T] [thread 42283] [3.0] [cxt 0] /home/mario/Escritorio/TFG/p4-utils/escenarios/MPLS/mpls.p4(193) Condition "meta.is_ingress_border == 1" (node_3) is false
[20:28:24.566] [bmv2] [T] [thread 42283] [3.0] [cxt 0] /home/mario/Escritorio/TFG/p4-utils/escenarios/MPLS/mpls.p4(204) Condition "hdr.mpls.isValid()" (node_6) is false
[20:28:24.566] [bmv2] [T] [thread 42283] [3.0] [cxt 0] /home/mario/Escritorio/TFG/p4-utils/escenarios/MPLS/mpls.p4(209) Condition "hdr.ipv4.isValid()" (node_8) is false
[20:28:24.566] [bmv2] [D] [thread 42283] [3.0] [cxt 0] Pipeline 'ingress': end
[20:28:24.566] [bmv2] [D] [thread 42283] [3.0] [cxt 0] Egress port is 0
[20:28:24.566] [bmv2] [D] [thread 42284] [3.0] [cxt 0] Pipeline 'egress': start
[20:28:24.566] [bmv2] [T] [thread 42284] [3.0] [cxt 0] /home/mario/Escritorio/TFG/p4-utils/escenarios/MPLS/mpls.p4(247) Condition "hdr.mpls.isValid()" (node_12) is false
[20:28:24.566] [bmv2] [D] [thread 42284] [3.0] [cxt 0] Pipeline 'egress': end
[20:28:24.566] [bmv2] [D] [thread 42284] [3.0] [cxt 0] Deparser 'deparser': start
[20:28:24.566] [bmv2] [T] [thread 42284] [3.0] [cxt 0] Skipping checksum 'cksum' update because condition not met
[20:28:24.566] [bmv2] [D] [thread 42284] [3.0] [cxt 0] Deparsing header 'ethernet'
[20:28:24.566] [bmv2] [D] [thread 42284] [3.0] [cxt 0] Deparser 'deparser': end
[20:28:24.567] [bmv2] [D] [thread 42288] [3.0] [cxt 0] Transmitting packet of size 210 out of port 0
[20:28:24.764] [bmv2] [D] [thread 42283] [4.0] [cxt 0] Processing packet received on port 3
[20:28:24.764] [bmv2] [D] [thread 42283] [4.0] [cxt 0] Parser 'parser': start
[20:28:24.764] [bmv2] [D] [thread 42283] [4.0] [cxt 0] Parser 'parser' entering state 'start'
[20:28:24.764] [bmv2] [D] [thread 42283] [4.0] [cxt 0] Extracting header 'ethernet'
[20:28:24.764] [bmv2] [D] [thread 42283] [4.0] [cxt 0] Parser state 'start': key is 86dd
[20:28:24.764] [bmv2] [T] [thread 42283] [4.0] [cxt 0] Bytes parsed: 14
[20:28:24.764] [bmv2] [D] [thread 42283] [4.0] [cxt 0] Parser 'parser': end
[20:28:24.764] [bmv2] [D] [thread 42283] [4.0] [cxt 0] Pipeline 'ingress': start
[20:28:24.764] [bmv2] [T] [thread 42283] [4.0] [cxt 0] Applying table 'MyIngress.check_is_ingress_border'
[20:28:24.764] [bmv2] [D] [thread 42283] [4.0] [cxt 0] Looking up key:
* standard_metadata.ingress_port: 0003

[20:28:24.764] [bmv2] [D] [thread 42283] [4.0] [cxt 0] Table 'MyIngress.check_is_ingress_border': miss
[20:28:24.764] [bmv2] [D] [thread 42283] [4.0] [cxt 0] Action entry is NoAction - 
[20:28:24.764] [bmv2] [T] [thread 42283] [4.0] [cxt 0] Action NoAction
[20:28:24.764] [bmv2] [T] [thread 42283] [4.0] [cxt 0] /home/mario/Escritorio/TFG/p4-utils/escenarios/MPLS/mpls.p4(193) Condition "meta.is_ingress_border == 1" (node_3) is false
[20:28:24.764] [bmv2] [T] [thread 42283] [4.0] [cxt 0] /home/mario/Escritorio/TFG/p4-utils/escenarios/MPLS/mpls.p4(204) Condition "hdr.mpls.isValid()" (node_6) is false
[20:28:24.764] [bmv2] [T] [thread 42283] [4.0] [cxt 0] /home/mario/Escritorio/TFG/p4-utils/escenarios/MPLS/mpls.p4(209) Condition "hdr.ipv4.isValid()" (node_8) is false
[20:28:24.764] [bmv2] [D] [thread 42283] [4.0] [cxt 0] Pipeline 'ingress': end
[20:28:24.764] [bmv2] [D] [thread 42283] [4.0] [cxt 0] Egress port is 0
[20:28:24.764] [bmv2] [D] [thread 42284] [4.0] [cxt 0] Pipeline 'egress': start
[20:28:24.764] [bmv2] [T] [thread 42284] [4.0] [cxt 0] /home/mario/Escritorio/TFG/p4-utils/escenarios/MPLS/mpls.p4(247) Condition "hdr.mpls.isValid()" (node_12) is false
[20:28:24.764] [bmv2] [D] [thread 42284] [4.0] [cxt 0] Pipeline 'egress': end
[20:28:24.764] [bmv2] [D] [thread 42284] [4.0] [cxt 0] Deparser 'deparser': start
[20:28:24.764] [bmv2] [T] [thread 42284] [4.0] [cxt 0] Skipping checksum 'cksum' update because condition not met
[20:28:24.764] [bmv2] [D] [thread 42284] [4.0] [cxt 0] Deparsing header 'ethernet'
[20:28:24.764] [bmv2] [D] [thread 42284] [4.0] [cxt 0] Deparser 'deparser': end
[20:28:24.764] [bmv2] [D] [thread 42288] [4.0] [cxt 0] Transmitting packet of size 210 out of port 0
[20:28:24.808] [bmv2] [D] [thread 42283] [5.0] [cxt 0] Processing packet received on port 1
[20:28:24.808] [bmv2] [D] [thread 42283] [5.0] [cxt 0] Parser 'parser': start
[20:28:24.808] [bmv2] [D] [thread 42283] [5.0] [cxt 0] Parser 'parser' entering state 'start'
[20:28:24.808] [bmv2] [D] [thread 42283] [5.0] [cxt 0] Extracting header 'ethernet'
[20:28:24.808] [bmv2] [D] [thread 42283] [5.0] [cxt 0] Parser state 'start': key is 86dd
[20:28:24.808] [bmv2] [T] [thread 42283] [5.0] [cxt 0] Bytes parsed: 14
[20:28:24.808] [bmv2] [D] [thread 42283] [5.0] [cxt 0] Parser 'parser': end
[20:28:24.808] [bmv2] [D] [thread 42283] [5.0] [cxt 0] Pipeline 'ingress': start
[20:28:24.808] [bmv2] [T] [thread 42283] [5.0] [cxt 0] Applying table 'MyIngress.check_is_ingress_border'
[20:28:24.808] [bmv2] [D] [thread 42283] [5.0] [cxt 0] Looking up key:
* standard_metadata.ingress_port: 0001

[20:28:24.808] [bmv2] [D] [thread 42283] [5.0] [cxt 0] Table 'MyIngress.check_is_ingress_border': miss
[20:28:24.808] [bmv2] [D] [thread 42283] [5.0] [cxt 0] Action entry is NoAction - 
[20:28:24.808] [bmv2] [T] [thread 42283] [5.0] [cxt 0] Action NoAction
[20:28:24.808] [bmv2] [T] [thread 42283] [5.0] [cxt 0] /home/mario/Escritorio/TFG/p4-utils/escenarios/MPLS/mpls.p4(193) Condition "meta.is_ingress_border == 1" (node_3) is false
[20:28:24.808] [bmv2] [T] [thread 42283] [5.0] [cxt 0] /home/mario/Escritorio/TFG/p4-utils/escenarios/MPLS/mpls.p4(204) Condition "hdr.mpls.isValid()" (node_6) is false
[20:28:24.808] [bmv2] [T] [thread 42283] [5.0] [cxt 0] /home/mario/Escritorio/TFG/p4-utils/escenarios/MPLS/mpls.p4(209) Condition "hdr.ipv4.isValid()" (node_8) is false
[20:28:24.808] [bmv2] [D] [thread 42283] [5.0] [cxt 0] Pipeline 'ingress': end
[20:28:24.808] [bmv2] [D] [thread 42283] [5.0] [cxt 0] Egress port is 0
[20:28:24.808] [bmv2] [D] [thread 42284] [5.0] [cxt 0] Pipeline 'egress': start
[20:28:24.808] [bmv2] [T] [thread 42284] [5.0] [cxt 0] /home/mario/Escritorio/TFG/p4-utils/escenarios/MPLS/mpls.p4(247) Condition "hdr.mpls.isValid()" (node_12) is false
[20:28:24.808] [bmv2] [D] [thread 42284] [5.0] [cxt 0] Pipeline 'egress': end
[20:28:24.808] [bmv2] [D] [thread 42284] [5.0] [cxt 0] Deparser 'deparser': start
[20:28:24.808] [bmv2] [T] [thread 42284] [5.0] [cxt 0] Skipping checksum 'cksum' update because condition not met
[20:28:24.808] [bmv2] [D] [thread 42284] [5.0] [cxt 0] Deparsing header 'ethernet'
[20:28:24.808] [bmv2] [D] [thread 42284] [5.0] [cxt 0] Deparser 'deparser': end
[20:28:24.808] [bmv2] [D] [thread 42288] [5.0] [cxt 0] Transmitting packet of size 203 out of port 0
[20:28:24.844] [bmv2] [D] [thread 42283] [6.0] [cxt 0] Processing packet received on port 2
[20:28:24.844] [bmv2] [D] [thread 42283] [6.0] [cxt 0] Parser 'parser': start
[20:28:24.844] [bmv2] [D] [thread 42283] [6.0] [cxt 0] Parser 'parser' entering state 'start'
[20:28:24.844] [bmv2] [D] [thread 42283] [6.0] [cxt 0] Extracting header 'ethernet'
[20:28:24.844] [bmv2] [D] [thread 42283] [6.0] [cxt 0] Parser state 'start': key is 86dd
[20:28:24.844] [bmv2] [T] [thread 42283] [6.0] [cxt 0] Bytes parsed: 14
[20:28:24.844] [bmv2] [D] [thread 42283] [6.0] [cxt 0] Parser 'parser': end
[20:28:24.844] [bmv2] [D] [thread 42283] [6.0] [cxt 0] Pipeline 'ingress': start
[20:28:24.844] [bmv2] [T] [thread 42283] [6.0] [cxt 0] Applying table 'MyIngress.check_is_ingress_border'
[20:28:24.844] [bmv2] [D] [thread 42283] [6.0] [cxt 0] Looking up key:
* standard_metadata.ingress_port: 0002

[20:28:24.844] [bmv2] [D] [thread 42283] [6.0] [cxt 0] Table 'MyIngress.check_is_ingress_border': miss
[20:28:24.844] [bmv2] [D] [thread 42283] [6.0] [cxt 0] Action entry is NoAction - 
[20:28:24.844] [bmv2] [T] [thread 42283] [6.0] [cxt 0] Action NoAction
[20:28:24.844] [bmv2] [T] [thread 42283] [6.0] [cxt 0] /home/mario/Escritorio/TFG/p4-utils/escenarios/MPLS/mpls.p4(193) Condition "meta.is_ingress_border == 1" (node_3) is false
[20:28:24.844] [bmv2] [T] [thread 42283] [6.0] [cxt 0] /home/mario/Escritorio/TFG/p4-utils/escenarios/MPLS/mpls.p4(204) Condition "hdr.mpls.isValid()" (node_6) is false
[20:28:24.844] [bmv2] [T] [thread 42283] [6.0] [cxt 0] /home/mario/Escritorio/TFG/p4-utils/escenarios/MPLS/mpls.p4(209) Condition "hdr.ipv4.isValid()" (node_8) is false
[20:28:24.844] [bmv2] [D] [thread 42283] [6.0] [cxt 0] Pipeline 'ingress': end
[20:28:24.844] [bmv2] [D] [thread 42283] [6.0] [cxt 0] Egress port is 0
[20:28:24.844] [bmv2] [D] [thread 42284] [6.0] [cxt 0] Pipeline 'egress': start
[20:28:24.844] [bmv2] [T] [thread 42284] [6.0] [cxt 0] /home/mario/Escritorio/TFG/p4-utils/escenarios/MPLS/mpls.p4(247) Condition "hdr.mpls.isValid()" (node_12) is false
[20:28:24.844] [bmv2] [D] [thread 42284] [6.0] [cxt 0] Pipeline 'egress': end
[20:28:24.844] [bmv2] [D] [thread 42284] [6.0] [cxt 0] Deparser 'deparser': start
[20:28:24.844] [bmv2] [T] [thread 42284] [6.0] [cxt 0] Skipping checksum 'cksum' update because condition not met
[20:28:24.844] [bmv2] [D] [thread 42284] [6.0] [cxt 0] Deparsing header 'ethernet'
[20:28:24.844] [bmv2] [D] [thread 42284] [6.0] [cxt 0] Deparser 'deparser': end
[20:28:24.844] [bmv2] [D] [thread 42288] [6.0] [cxt 0] Transmitting packet of size 203 out of port 0
[20:28:25.043] [bmv2] [D] [thread 42283] [7.0] [cxt 0] Processing packet received on port 4
[20:28:25.043] [bmv2] [D] [thread 42283] [7.0] [cxt 0] Parser 'parser': start
[20:28:25.043] [bmv2] [D] [thread 42283] [7.0] [cxt 0] Parser 'parser' entering state 'start'
[20:28:25.043] [bmv2] [D] [thread 42283] [7.0] [cxt 0] Extracting header 'ethernet'
[20:28:25.044] [bmv2] [D] [thread 42283] [7.0] [cxt 0] Parser state 'start': key is 86dd
[20:28:25.044] [bmv2] [T] [thread 42283] [7.0] [cxt 0] Bytes parsed: 14
[20:28:25.044] [bmv2] [D] [thread 42283] [7.0] [cxt 0] Parser 'parser': end
[20:28:25.044] [bmv2] [D] [thread 42283] [7.0] [cxt 0] Pipeline 'ingress': start
[20:28:25.044] [bmv2] [T] [thread 42283] [7.0] [cxt 0] Applying table 'MyIngress.check_is_ingress_border'
[20:28:25.044] [bmv2] [D] [thread 42283] [7.0] [cxt 0] Looking up key:
* standard_metadata.ingress_port: 0004

[20:28:25.044] [bmv2] [D] [thread 42283] [7.0] [cxt 0] Table 'MyIngress.check_is_ingress_border': miss
[20:28:25.044] [bmv2] [D] [thread 42283] [7.0] [cxt 0] Action entry is NoAction - 
[20:28:25.044] [bmv2] [T] [thread 42283] [7.0] [cxt 0] Action NoAction
[20:28:25.044] [bmv2] [T] [thread 42283] [7.0] [cxt 0] /home/mario/Escritorio/TFG/p4-utils/escenarios/MPLS/mpls.p4(193) Condition "meta.is_ingress_border == 1" (node_3) is false
[20:28:25.044] [bmv2] [T] [thread 42283] [7.0] [cxt 0] /home/mario/Escritorio/TFG/p4-utils/escenarios/MPLS/mpls.p4(204) Condition "hdr.mpls.isValid()" (node_6) is false
[20:28:25.044] [bmv2] [T] [thread 42283] [7.0] [cxt 0] /home/mario/Escritorio/TFG/p4-utils/escenarios/MPLS/mpls.p4(209) Condition "hdr.ipv4.isValid()" (node_8) is false
[20:28:25.044] [bmv2] [D] [thread 42283] [7.0] [cxt 0] Pipeline 'ingress': end
[20:28:25.044] [bmv2] [D] [thread 42283] [7.0] [cxt 0] Egress port is 0
[20:28:25.044] [bmv2] [D] [thread 42284] [7.0] [cxt 0] Pipeline 'egress': start
[20:28:25.044] [bmv2] [T] [thread 42284] [7.0] [cxt 0] /home/mario/Escritorio/TFG/p4-utils/escenarios/MPLS/mpls.p4(247) Condition "hdr.mpls.isValid()" (node_12) is false
[20:28:25.044] [bmv2] [D] [thread 42284] [7.0] [cxt 0] Pipeline 'egress': end
[20:28:25.044] [bmv2] [D] [thread 42284] [7.0] [cxt 0] Deparser 'deparser': start
[20:28:25.044] [bmv2] [T] [thread 42284] [7.0] [cxt 0] Skipping checksum 'cksum' update because condition not met
[20:28:25.044] [bmv2] [D] [thread 42284] [7.0] [cxt 0] Deparsing header 'ethernet'
[20:28:25.044] [bmv2] [D] [thread 42284] [7.0] [cxt 0] Deparser 'deparser': end
[20:28:25.044] [bmv2] [D] [thread 42288] [7.0] [cxt 0] Transmitting packet of size 203 out of port 0
[20:28:25.455] [bmv2] [D] [thread 42283] [8.0] [cxt 0] Processing packet received on port 2
[20:28:25.455] [bmv2] [D] [thread 42283] [8.0] [cxt 0] Parser 'parser': start
[20:28:25.455] [bmv2] [D] [thread 42283] [8.0] [cxt 0] Parser 'parser' entering state 'start'
[20:28:25.455] [bmv2] [D] [thread 42283] [8.0] [cxt 0] Extracting header 'ethernet'
[20:28:25.455] [bmv2] [D] [thread 42283] [8.0] [cxt 0] Parser state 'start': key is 86dd
[20:28:25.455] [bmv2] [T] [thread 42283] [8.0] [cxt 0] Bytes parsed: 14
[20:28:25.455] [bmv2] [D] [thread 42283] [8.0] [cxt 0] Parser 'parser': end
[20:28:25.455] [bmv2] [D] [thread 42283] [8.0] [cxt 0] Pipeline 'ingress': start
[20:28:25.455] [bmv2] [T] [thread 42283] [8.0] [cxt 0] Applying table 'MyIngress.check_is_ingress_border'
[20:28:25.455] [bmv2] [D] [thread 42283] [8.0] [cxt 0] Looking up key:
* standard_metadata.ingress_port: 0002

[20:28:25.455] [bmv2] [D] [thread 42283] [8.0] [cxt 0] Table 'MyIngress.check_is_ingress_border': miss
[20:28:25.455] [bmv2] [D] [thread 42283] [8.0] [cxt 0] Action entry is NoAction - 
[20:28:25.455] [bmv2] [T] [thread 42283] [8.0] [cxt 0] Action NoAction
[20:28:25.455] [bmv2] [T] [thread 42283] [8.0] [cxt 0] /home/mario/Escritorio/TFG/p4-utils/escenarios/MPLS/mpls.p4(193) Condition "meta.is_ingress_border == 1" (node_3) is false
[20:28:25.455] [bmv2] [T] [thread 42283] [8.0] [cxt 0] /home/mario/Escritorio/TFG/p4-utils/escenarios/MPLS/mpls.p4(204) Condition "hdr.mpls.isValid()" (node_6) is false
[20:28:25.455] [bmv2] [T] [thread 42283] [8.0] [cxt 0] /home/mario/Escritorio/TFG/p4-utils/escenarios/MPLS/mpls.p4(209) Condition "hdr.ipv4.isValid()" (node_8) is false
[20:28:25.455] [bmv2] [D] [thread 42283] [8.0] [cxt 0] Pipeline 'ingress': end
[20:28:25.455] [bmv2] [D] [thread 42283] [8.0] [cxt 0] Egress port is 0
[20:28:25.455] [bmv2] [D] [thread 42284] [8.0] [cxt 0] Pipeline 'egress': start
[20:28:25.455] [bmv2] [T] [thread 42284] [8.0] [cxt 0] /home/mario/Escritorio/TFG/p4-utils/escenarios/MPLS/mpls.p4(247) Condition "hdr.mpls.isValid()" (node_12) is false
[20:28:25.455] [bmv2] [D] [thread 42284] [8.0] [cxt 0] Pipeline 'egress': end
[20:28:25.455] [bmv2] [D] [thread 42284] [8.0] [cxt 0] Deparser 'deparser': start
[20:28:25.455] [bmv2] [T] [thread 42284] [8.0] [cxt 0] Skipping checksum 'cksum' update because condition not met
[20:28:25.455] [bmv2] [D] [thread 42284] [8.0] [cxt 0] Deparsing header 'ethernet'
[20:28:25.455] [bmv2] [D] [thread 42284] [8.0] [cxt 0] Deparser 'deparser': end
[20:28:25.455] [bmv2] [D] [thread 42288] [8.0] [cxt 0] Transmitting packet of size 203 out of port 0
[20:28:25.520] [bmv2] [D] [thread 42283] [9.0] [cxt 0] Processing packet received on port 3
[20:28:25.520] [bmv2] [D] [thread 42283] [9.0] [cxt 0] Parser 'parser': start
[20:28:25.520] [bmv2] [D] [thread 42283] [9.0] [cxt 0] Parser 'parser' entering state 'start'
[20:28:25.520] [bmv2] [D] [thread 42283] [9.0] [cxt 0] Extracting header 'ethernet'
[20:28:25.520] [bmv2] [D] [thread 42283] [9.0] [cxt 0] Parser state 'start': key is 86dd
[20:28:25.520] [bmv2] [T] [thread 42283] [9.0] [cxt 0] Bytes parsed: 14
[20:28:25.520] [bmv2] [D] [thread 42283] [9.0] [cxt 0] Parser 'parser': end
[20:28:25.520] [bmv2] [D] [thread 42283] [9.0] [cxt 0] Pipeline 'ingress': start
[20:28:25.520] [bmv2] [T] [thread 42283] [9.0] [cxt 0] Applying table 'MyIngress.check_is_ingress_border'
[20:28:25.520] [bmv2] [D] [thread 42283] [9.0] [cxt 0] Looking up key:
* standard_metadata.ingress_port: 0003

[20:28:25.520] [bmv2] [D] [thread 42283] [9.0] [cxt 0] Table 'MyIngress.check_is_ingress_border': miss
[20:28:25.520] [bmv2] [D] [thread 42283] [9.0] [cxt 0] Action entry is NoAction - 
[20:28:25.520] [bmv2] [T] [thread 42283] [9.0] [cxt 0] Action NoAction
[20:28:25.520] [bmv2] [T] [thread 42283] [9.0] [cxt 0] /home/mario/Escritorio/TFG/p4-utils/escenarios/MPLS/mpls.p4(193) Condition "meta.is_ingress_border == 1" (node_3) is false
[20:28:25.520] [bmv2] [T] [thread 42283] [9.0] [cxt 0] /home/mario/Escritorio/TFG/p4-utils/escenarios/MPLS/mpls.p4(204) Condition "hdr.mpls.isValid()" (node_6) is false
[20:28:25.520] [bmv2] [T] [thread 42283] [9.0] [cxt 0] /home/mario/Escritorio/TFG/p4-utils/escenarios/MPLS/mpls.p4(209) Condition "hdr.ipv4.isValid()" (node_8) is false
[20:28:25.520] [bmv2] [D] [thread 42283] [9.0] [cxt 0] Pipeline 'ingress': end
[20:28:25.520] [bmv2] [D] [thread 42283] [9.0] [cxt 0] Egress port is 0
[20:28:25.520] [bmv2] [D] [thread 42284] [9.0] [cxt 0] Pipeline 'egress': start
[20:28:25.520] [bmv2] [T] [thread 42284] [9.0] [cxt 0] /home/mario/Escritorio/TFG/p4-utils/escenarios/MPLS/mpls.p4(247) Condition "hdr.mpls.isValid()" (node_12) is false
[20:28:25.520] [bmv2] [D] [thread 42284] [9.0] [cxt 0] Pipeline 'egress': end
[20:28:25.520] [bmv2] [D] [thread 42284] [9.0] [cxt 0] Deparser 'deparser': start
[20:28:25.520] [bmv2] [T] [thread 42284] [9.0] [cxt 0] Skipping checksum 'cksum' update because condition not met
[20:28:25.520] [bmv2] [D] [thread 42284] [9.0] [cxt 0] Deparsing header 'ethernet'
[20:28:25.520] [bmv2] [D] [thread 42284] [9.0] [cxt 0] Deparser 'deparser': end
[20:28:25.520] [bmv2] [D] [thread 42288] [9.0] [cxt 0] Transmitting packet of size 203 out of port 0
[20:28:25.520] [bmv2] [D] [thread 42283] [10.0] [cxt 0] Processing packet received on port 4
[20:28:25.520] [bmv2] [D] [thread 42283] [10.0] [cxt 0] Parser 'parser': start
[20:28:25.520] [bmv2] [D] [thread 42283] [10.0] [cxt 0] Parser 'parser' entering state 'start'
[20:28:25.520] [bmv2] [D] [thread 42283] [10.0] [cxt 0] Extracting header 'ethernet'
[20:28:25.520] [bmv2] [D] [thread 42283] [10.0] [cxt 0] Parser state 'start': key is 86dd
[20:28:25.520] [bmv2] [T] [thread 42283] [10.0] [cxt 0] Bytes parsed: 14
[20:28:25.520] [bmv2] [D] [thread 42283] [10.0] [cxt 0] Parser 'parser': end
[20:28:25.520] [bmv2] [D] [thread 42283] [10.0] [cxt 0] Pipeline 'ingress': start
[20:28:25.520] [bmv2] [T] [thread 42283] [10.0] [cxt 0] Applying table 'MyIngress.check_is_ingress_border'
[20:28:25.520] [bmv2] [D] [thread 42283] [10.0] [cxt 0] Looking up key:
* standard_metadata.ingress_port: 0004

[20:28:25.520] [bmv2] [D] [thread 42283] [10.0] [cxt 0] Table 'MyIngress.check_is_ingress_border': miss
[20:28:25.520] [bmv2] [D] [thread 42283] [10.0] [cxt 0] Action entry is NoAction - 
[20:28:25.520] [bmv2] [T] [thread 42283] [10.0] [cxt 0] Action NoAction
[20:28:25.520] [bmv2] [T] [thread 42283] [10.0] [cxt 0] /home/mario/Escritorio/TFG/p4-utils/escenarios/MPLS/mpls.p4(193) Condition "meta.is_ingress_border == 1" (node_3) is false
[20:28:25.520] [bmv2] [T] [thread 42283] [10.0] [cxt 0] /home/mario/Escritorio/TFG/p4-utils/escenarios/MPLS/mpls.p4(204) Condition "hdr.mpls.isValid()" (node_6) is false
[20:28:25.520] [bmv2] [T] [thread 42283] [10.0] [cxt 0] /home/mario/Escritorio/TFG/p4-utils/escenarios/MPLS/mpls.p4(209) Condition "hdr.ipv4.isValid()" (node_8) is false
[20:28:25.521] [bmv2] [D] [thread 42283] [10.0] [cxt 0] Pipeline 'ingress': end
[20:28:25.521] [bmv2] [D] [thread 42283] [10.0] [cxt 0] Egress port is 0
[20:28:25.521] [bmv2] [D] [thread 42284] [10.0] [cxt 0] Pipeline 'egress': start
[20:28:25.521] [bmv2] [T] [thread 42284] [10.0] [cxt 0] /home/mario/Escritorio/TFG/p4-utils/escenarios/MPLS/mpls.p4(247) Condition "hdr.mpls.isValid()" (node_12) is false
[20:28:25.521] [bmv2] [D] [thread 42284] [10.0] [cxt 0] Pipeline 'egress': end
[20:28:25.521] [bmv2] [D] [thread 42284] [10.0] [cxt 0] Deparser 'deparser': start
[20:28:25.521] [bmv2] [T] [thread 42284] [10.0] [cxt 0] Skipping checksum 'cksum' update because condition not met
[20:28:25.521] [bmv2] [D] [thread 42284] [10.0] [cxt 0] Deparsing header 'ethernet'
[20:28:25.521] [bmv2] [D] [thread 42284] [10.0] [cxt 0] Deparser 'deparser': end
[20:28:25.521] [bmv2] [D] [thread 42288] [10.0] [cxt 0] Transmitting packet of size 203 out of port 0
[20:28:25.934] [bmv2] [D] [thread 42283] [11.0] [cxt 0] Processing packet received on port 2
[20:28:25.934] [bmv2] [D] [thread 42283] [11.0] [cxt 0] Parser 'parser': start
[20:28:25.934] [bmv2] [D] [thread 42283] [11.0] [cxt 0] Parser 'parser' entering state 'start'
[20:28:25.934] [bmv2] [D] [thread 42283] [11.0] [cxt 0] Extracting header 'ethernet'
[20:28:25.934] [bmv2] [D] [thread 42283] [11.0] [cxt 0] Parser state 'start': key is 86dd
[20:28:25.934] [bmv2] [T] [thread 42283] [11.0] [cxt 0] Bytes parsed: 14
[20:28:25.934] [bmv2] [D] [thread 42283] [11.0] [cxt 0] Parser 'parser': end
[20:28:25.934] [bmv2] [D] [thread 42283] [11.0] [cxt 0] Pipeline 'ingress': start
[20:28:25.934] [bmv2] [T] [thread 42283] [11.0] [cxt 0] Applying table 'MyIngress.check_is_ingress_border'
[20:28:25.934] [bmv2] [D] [thread 42283] [11.0] [cxt 0] Looking up key:
* standard_metadata.ingress_port: 0002

[20:28:25.934] [bmv2] [D] [thread 42283] [11.0] [cxt 0] Table 'MyIngress.check_is_ingress_border': miss
[20:28:25.934] [bmv2] [D] [thread 42283] [11.0] [cxt 0] Action entry is NoAction - 
[20:28:25.934] [bmv2] [T] [thread 42283] [11.0] [cxt 0] Action NoAction
[20:28:25.934] [bmv2] [T] [thread 42283] [11.0] [cxt 0] /home/mario/Escritorio/TFG/p4-utils/escenarios/MPLS/mpls.p4(193) Condition "meta.is_ingress_border == 1" (node_3) is false
[20:28:25.934] [bmv2] [T] [thread 42283] [11.0] [cxt 0] /home/mario/Escritorio/TFG/p4-utils/escenarios/MPLS/mpls.p4(204) Condition "hdr.mpls.isValid()" (node_6) is false
[20:28:25.934] [bmv2] [T] [thread 42283] [11.0] [cxt 0] /home/mario/Escritorio/TFG/p4-utils/escenarios/MPLS/mpls.p4(209) Condition "hdr.ipv4.isValid()" (node_8) is false
[20:28:25.934] [bmv2] [D] [thread 42283] [11.0] [cxt 0] Pipeline 'ingress': end
[20:28:25.934] [bmv2] [D] [thread 42283] [11.0] [cxt 0] Egress port is 0
[20:28:25.934] [bmv2] [D] [thread 42284] [11.0] [cxt 0] Pipeline 'egress': start
[20:28:25.934] [bmv2] [T] [thread 42284] [11.0] [cxt 0] /home/mario/Escritorio/TFG/p4-utils/escenarios/MPLS/mpls.p4(247) Condition "hdr.mpls.isValid()" (node_12) is false
[20:28:25.934] [bmv2] [D] [thread 42284] [11.0] [cxt 0] Pipeline 'egress': end
[20:28:25.934] [bmv2] [D] [thread 42284] [11.0] [cxt 0] Deparser 'deparser': start
[20:28:25.934] [bmv2] [T] [thread 42284] [11.0] [cxt 0] Skipping checksum 'cksum' update because condition not met
[20:28:25.934] [bmv2] [D] [thread 42284] [11.0] [cxt 0] Deparsing header 'ethernet'
[20:28:25.934] [bmv2] [D] [thread 42284] [11.0] [cxt 0] Deparser 'deparser': end
[20:28:25.934] [bmv2] [D] [thread 42288] [11.0] [cxt 0] Transmitting packet of size 70 out of port 0
[20:28:26.056] [bmv2] [D] [thread 42283] [12.0] [cxt 0] Processing packet received on port 1
[20:28:26.056] [bmv2] [D] [thread 42283] [12.0] [cxt 0] Parser 'parser': start
[20:28:26.056] [bmv2] [D] [thread 42283] [12.0] [cxt 0] Parser 'parser' entering state 'start'
[20:28:26.056] [bmv2] [D] [thread 42283] [12.0] [cxt 0] Extracting header 'ethernet'
[20:28:26.056] [bmv2] [D] [thread 42283] [12.0] [cxt 0] Parser state 'start': key is 86dd
[20:28:26.056] [bmv2] [T] [thread 42283] [12.0] [cxt 0] Bytes parsed: 14
[20:28:26.056] [bmv2] [D] [thread 42283] [12.0] [cxt 0] Parser 'parser': end
[20:28:26.056] [bmv2] [D] [thread 42283] [12.0] [cxt 0] Pipeline 'ingress': start
[20:28:26.056] [bmv2] [T] [thread 42283] [12.0] [cxt 0] Applying table 'MyIngress.check_is_ingress_border'
[20:28:26.056] [bmv2] [D] [thread 42283] [12.0] [cxt 0] Looking up key:
* standard_metadata.ingress_port: 0001

[20:28:26.056] [bmv2] [D] [thread 42283] [12.0] [cxt 0] Table 'MyIngress.check_is_ingress_border': miss
[20:28:26.056] [bmv2] [D] [thread 42283] [12.0] [cxt 0] Action entry is NoAction - 
[20:28:26.056] [bmv2] [T] [thread 42283] [12.0] [cxt 0] Action NoAction
[20:28:26.056] [bmv2] [T] [thread 42283] [12.0] [cxt 0] /home/mario/Escritorio/TFG/p4-utils/escenarios/MPLS/mpls.p4(193) Condition "meta.is_ingress_border == 1" (node_3) is false
[20:28:26.056] [bmv2] [T] [thread 42283] [12.0] [cxt 0] /home/mario/Escritorio/TFG/p4-utils/escenarios/MPLS/mpls.p4(204) Condition "hdr.mpls.isValid()" (node_6) is false
[20:28:26.056] [bmv2] [T] [thread 42283] [12.0] [cxt 0] /home/mario/Escritorio/TFG/p4-utils/escenarios/MPLS/mpls.p4(209) Condition "hdr.ipv4.isValid()" (node_8) is false
[20:28:26.056] [bmv2] [D] [thread 42283] [12.0] [cxt 0] Pipeline 'ingress': end
[20:28:26.056] [bmv2] [D] [thread 42283] [12.0] [cxt 0] Egress port is 0
[20:28:26.056] [bmv2] [D] [thread 42284] [12.0] [cxt 0] Pipeline 'egress': start
[20:28:26.056] [bmv2] [T] [thread 42284] [12.0] [cxt 0] /home/mario/Escritorio/TFG/p4-utils/escenarios/MPLS/mpls.p4(247) Condition "hdr.mpls.isValid()" (node_12) is false
[20:28:26.056] [bmv2] [D] [thread 42284] [12.0] [cxt 0] Pipeline 'egress': end
[20:28:26.056] [bmv2] [D] [thread 42284] [12.0] [cxt 0] Deparser 'deparser': start
[20:28:26.056] [bmv2] [T] [thread 42284] [12.0] [cxt 0] Skipping checksum 'cksum' update because condition not met
[20:28:26.056] [bmv2] [D] [thread 42284] [12.0] [cxt 0] Deparsing header 'ethernet'
[20:28:26.056] [bmv2] [D] [thread 42284] [12.0] [cxt 0] Deparser 'deparser': end
[20:28:26.056] [bmv2] [D] [thread 42288] [12.0] [cxt 0] Transmitting packet of size 210 out of port 0
[20:28:26.093] [bmv2] [D] [thread 42283] [13.0] [cxt 0] Processing packet received on port 2
[20:28:26.094] [bmv2] [D] [thread 42283] [13.0] [cxt 0] Parser 'parser': start
[20:28:26.094] [bmv2] [D] [thread 42283] [13.0] [cxt 0] Parser 'parser' entering state 'start'
[20:28:26.094] [bmv2] [D] [thread 42283] [13.0] [cxt 0] Extracting header 'ethernet'
[20:28:26.094] [bmv2] [D] [thread 42283] [13.0] [cxt 0] Parser state 'start': key is 86dd
[20:28:26.094] [bmv2] [T] [thread 42283] [13.0] [cxt 0] Bytes parsed: 14
[20:28:26.094] [bmv2] [D] [thread 42283] [13.0] [cxt 0] Parser 'parser': end
[20:28:26.094] [bmv2] [D] [thread 42283] [13.0] [cxt 0] Pipeline 'ingress': start
[20:28:26.094] [bmv2] [T] [thread 42283] [13.0] [cxt 0] Applying table 'MyIngress.check_is_ingress_border'
[20:28:26.094] [bmv2] [D] [thread 42283] [13.0] [cxt 0] Looking up key:
* standard_metadata.ingress_port: 0002

[20:28:26.094] [bmv2] [D] [thread 42283] [13.0] [cxt 0] Table 'MyIngress.check_is_ingress_border': miss
[20:28:26.094] [bmv2] [D] [thread 42283] [13.0] [cxt 0] Action entry is NoAction - 
[20:28:26.094] [bmv2] [T] [thread 42283] [13.0] [cxt 0] Action NoAction
[20:28:26.094] [bmv2] [T] [thread 42283] [13.0] [cxt 0] /home/mario/Escritorio/TFG/p4-utils/escenarios/MPLS/mpls.p4(193) Condition "meta.is_ingress_border == 1" (node_3) is false
[20:28:26.094] [bmv2] [T] [thread 42283] [13.0] [cxt 0] /home/mario/Escritorio/TFG/p4-utils/escenarios/MPLS/mpls.p4(204) Condition "hdr.mpls.isValid()" (node_6) is false
[20:28:26.094] [bmv2] [T] [thread 42283] [13.0] [cxt 0] /home/mario/Escritorio/TFG/p4-utils/escenarios/MPLS/mpls.p4(209) Condition "hdr.ipv4.isValid()" (node_8) is false
[20:28:26.094] [bmv2] [D] [thread 42283] [13.0] [cxt 0] Pipeline 'ingress': end
[20:28:26.094] [bmv2] [D] [thread 42283] [13.0] [cxt 0] Egress port is 0
[20:28:26.094] [bmv2] [D] [thread 42284] [13.0] [cxt 0] Pipeline 'egress': start
[20:28:26.094] [bmv2] [T] [thread 42284] [13.0] [cxt 0] /home/mario/Escritorio/TFG/p4-utils/escenarios/MPLS/mpls.p4(247) Condition "hdr.mpls.isValid()" (node_12) is false
[20:28:26.094] [bmv2] [D] [thread 42284] [13.0] [cxt 0] Pipeline 'egress': end
[20:28:26.094] [bmv2] [D] [thread 42284] [13.0] [cxt 0] Deparser 'deparser': start
[20:28:26.094] [bmv2] [T] [thread 42284] [13.0] [cxt 0] Skipping checksum 'cksum' update because condition not met
[20:28:26.094] [bmv2] [D] [thread 42284] [13.0] [cxt 0] Deparsing header 'ethernet'
[20:28:26.094] [bmv2] [D] [thread 42284] [13.0] [cxt 0] Deparser 'deparser': end
[20:28:26.094] [bmv2] [D] [thread 42288] [13.0] [cxt 0] Transmitting packet of size 210 out of port 0
[20:28:26.191] [bmv2] [D] [thread 42283] [14.0] [cxt 0] Processing packet received on port 1
[20:28:26.191] [bmv2] [D] [thread 42283] [14.0] [cxt 0] Parser 'parser': start
[20:28:26.191] [bmv2] [D] [thread 42283] [14.0] [cxt 0] Parser 'parser' entering state 'start'
[20:28:26.191] [bmv2] [D] [thread 42283] [14.0] [cxt 0] Extracting header 'ethernet'
[20:28:26.191] [bmv2] [D] [thread 42283] [14.0] [cxt 0] Parser state 'start': key is 86dd
[20:28:26.191] [bmv2] [T] [thread 42283] [14.0] [cxt 0] Bytes parsed: 14
[20:28:26.191] [bmv2] [D] [thread 42283] [14.0] [cxt 0] Parser 'parser': end
[20:28:26.191] [bmv2] [D] [thread 42283] [14.0] [cxt 0] Pipeline 'ingress': start
[20:28:26.191] [bmv2] [T] [thread 42283] [14.0] [cxt 0] Applying table 'MyIngress.check_is_ingress_border'
[20:28:26.191] [bmv2] [D] [thread 42283] [14.0] [cxt 0] Looking up key:
* standard_metadata.ingress_port: 0001

[20:28:26.191] [bmv2] [D] [thread 42283] [14.0] [cxt 0] Table 'MyIngress.check_is_ingress_border': miss
[20:28:26.191] [bmv2] [D] [thread 42283] [14.0] [cxt 0] Action entry is NoAction - 
[20:28:26.191] [bmv2] [T] [thread 42283] [14.0] [cxt 0] Action NoAction
[20:28:26.191] [bmv2] [T] [thread 42283] [14.0] [cxt 0] /home/mario/Escritorio/TFG/p4-utils/escenarios/MPLS/mpls.p4(193) Condition "meta.is_ingress_border == 1" (node_3) is false
[20:28:26.191] [bmv2] [T] [thread 42283] [14.0] [cxt 0] /home/mario/Escritorio/TFG/p4-utils/escenarios/MPLS/mpls.p4(204) Condition "hdr.mpls.isValid()" (node_6) is false
[20:28:26.191] [bmv2] [T] [thread 42283] [14.0] [cxt 0] /home/mario/Escritorio/TFG/p4-utils/escenarios/MPLS/mpls.p4(209) Condition "hdr.ipv4.isValid()" (node_8) is false
[20:28:26.191] [bmv2] [D] [thread 42283] [14.0] [cxt 0] Pipeline 'ingress': end
[20:28:26.191] [bmv2] [D] [thread 42283] [14.0] [cxt 0] Egress port is 0
[20:28:26.191] [bmv2] [D] [thread 42284] [14.0] [cxt 0] Pipeline 'egress': start
[20:28:26.191] [bmv2] [T] [thread 42284] [14.0] [cxt 0] /home/mario/Escritorio/TFG/p4-utils/escenarios/MPLS/mpls.p4(247) Condition "hdr.mpls.isValid()" (node_12) is false
[20:28:26.191] [bmv2] [D] [thread 42284] [14.0] [cxt 0] Pipeline 'egress': end
[20:28:26.191] [bmv2] [D] [thread 42284] [14.0] [cxt 0] Deparser 'deparser': start
[20:28:26.191] [bmv2] [T] [thread 42284] [14.0] [cxt 0] Skipping checksum 'cksum' update because condition not met
[20:28:26.191] [bmv2] [D] [thread 42284] [14.0] [cxt 0] Deparsing header 'ethernet'
[20:28:26.191] [bmv2] [D] [thread 42284] [14.0] [cxt 0] Deparser 'deparser': end
[20:28:26.191] [bmv2] [D] [thread 42288] [14.0] [cxt 0] Transmitting packet of size 70 out of port 0
[20:28:26.191] [bmv2] [D] [thread 42283] [15.0] [cxt 0] Processing packet received on port 4
[20:28:26.191] [bmv2] [D] [thread 42283] [15.0] [cxt 0] Parser 'parser': start
[20:28:26.191] [bmv2] [D] [thread 42283] [15.0] [cxt 0] Parser 'parser' entering state 'start'
[20:28:26.191] [bmv2] [D] [thread 42283] [15.0] [cxt 0] Extracting header 'ethernet'
[20:28:26.191] [bmv2] [D] [thread 42283] [15.0] [cxt 0] Parser state 'start': key is 86dd
[20:28:26.191] [bmv2] [T] [thread 42283] [15.0] [cxt 0] Bytes parsed: 14
[20:28:26.191] [bmv2] [D] [thread 42283] [15.0] [cxt 0] Parser 'parser': end
[20:28:26.191] [bmv2] [D] [thread 42283] [15.0] [cxt 0] Pipeline 'ingress': start
[20:28:26.191] [bmv2] [T] [thread 42283] [15.0] [cxt 0] Applying table 'MyIngress.check_is_ingress_border'
[20:28:26.191] [bmv2] [D] [thread 42283] [15.0] [cxt 0] Looking up key:
* standard_metadata.ingress_port: 0004

[20:28:26.191] [bmv2] [D] [thread 42283] [15.0] [cxt 0] Table 'MyIngress.check_is_ingress_border': miss
[20:28:26.191] [bmv2] [D] [thread 42283] [15.0] [cxt 0] Action entry is NoAction - 
[20:28:26.191] [bmv2] [T] [thread 42283] [15.0] [cxt 0] Action NoAction
[20:28:26.191] [bmv2] [T] [thread 42283] [15.0] [cxt 0] /home/mario/Escritorio/TFG/p4-utils/escenarios/MPLS/mpls.p4(193) Condition "meta.is_ingress_border == 1" (node_3) is false
[20:28:26.191] [bmv2] [T] [thread 42283] [15.0] [cxt 0] /home/mario/Escritorio/TFG/p4-utils/escenarios/MPLS/mpls.p4(204) Condition "hdr.mpls.isValid()" (node_6) is false
[20:28:26.191] [bmv2] [T] [thread 42283] [15.0] [cxt 0] /home/mario/Escritorio/TFG/p4-utils/escenarios/MPLS/mpls.p4(209) Condition "hdr.ipv4.isValid()" (node_8) is false
[20:28:26.191] [bmv2] [D] [thread 42283] [15.0] [cxt 0] Pipeline 'ingress': end
[20:28:26.191] [bmv2] [D] [thread 42283] [15.0] [cxt 0] Egress port is 0
[20:28:26.191] [bmv2] [D] [thread 42284] [15.0] [cxt 0] Pipeline 'egress': start
[20:28:26.191] [bmv2] [T] [thread 42284] [15.0] [cxt 0] /home/mario/Escritorio/TFG/p4-utils/escenarios/MPLS/mpls.p4(247) Condition "hdr.mpls.isValid()" (node_12) is false
[20:28:26.191] [bmv2] [D] [thread 42284] [15.0] [cxt 0] Pipeline 'egress': end
[20:28:26.191] [bmv2] [D] [thread 42284] [15.0] [cxt 0] Deparser 'deparser': start
[20:28:26.191] [bmv2] [T] [thread 42284] [15.0] [cxt 0] Skipping checksum 'cksum' update because condition not met
[20:28:26.191] [bmv2] [D] [thread 42284] [15.0] [cxt 0] Deparsing header 'ethernet'
[20:28:26.191] [bmv2] [D] [thread 42284] [15.0] [cxt 0] Deparser 'deparser': end
[20:28:26.191] [bmv2] [D] [thread 42288] [15.0] [cxt 0] Transmitting packet of size 70 out of port 0
[20:28:26.191] [bmv2] [D] [thread 42283] [16.0] [cxt 0] Processing packet received on port 4
[20:28:26.191] [bmv2] [D] [thread 42283] [16.0] [cxt 0] Parser 'parser': start
[20:28:26.191] [bmv2] [D] [thread 42283] [16.0] [cxt 0] Parser 'parser' entering state 'start'
[20:28:26.191] [bmv2] [D] [thread 42283] [16.0] [cxt 0] Extracting header 'ethernet'
[20:28:26.191] [bmv2] [D] [thread 42283] [16.0] [cxt 0] Parser state 'start': key is 86dd
[20:28:26.191] [bmv2] [T] [thread 42283] [16.0] [cxt 0] Bytes parsed: 14
[20:28:26.191] [bmv2] [D] [thread 42283] [16.0] [cxt 0] Parser 'parser': end
[20:28:26.191] [bmv2] [D] [thread 42283] [16.0] [cxt 0] Pipeline 'ingress': start
[20:28:26.191] [bmv2] [T] [thread 42283] [16.0] [cxt 0] Applying table 'MyIngress.check_is_ingress_border'
[20:28:26.191] [bmv2] [D] [thread 42283] [16.0] [cxt 0] Looking up key:
* standard_metadata.ingress_port: 0004

[20:28:26.191] [bmv2] [D] [thread 42283] [16.0] [cxt 0] Table 'MyIngress.check_is_ingress_border': miss
[20:28:26.191] [bmv2] [D] [thread 42283] [16.0] [cxt 0] Action entry is NoAction - 
[20:28:26.191] [bmv2] [T] [thread 42283] [16.0] [cxt 0] Action NoAction
[20:28:26.191] [bmv2] [T] [thread 42283] [16.0] [cxt 0] /home/mario/Escritorio/TFG/p4-utils/escenarios/MPLS/mpls.p4(193) Condition "meta.is_ingress_border == 1" (node_3) is false
[20:28:26.191] [bmv2] [T] [thread 42283] [16.0] [cxt 0] /home/mario/Escritorio/TFG/p4-utils/escenarios/MPLS/mpls.p4(204) Condition "hdr.mpls.isValid()" (node_6) is false
[20:28:26.191] [bmv2] [T] [thread 42283] [16.0] [cxt 0] /home/mario/Escritorio/TFG/p4-utils/escenarios/MPLS/mpls.p4(209) Condition "hdr.ipv4.isValid()" (node_8) is false
[20:28:26.191] [bmv2] [D] [thread 42283] [16.0] [cxt 0] Pipeline 'ingress': end
[20:28:26.191] [bmv2] [D] [thread 42283] [16.0] [cxt 0] Egress port is 0
[20:28:26.191] [bmv2] [D] [thread 42284] [16.0] [cxt 0] Pipeline 'egress': start
[20:28:26.191] [bmv2] [T] [thread 42284] [16.0] [cxt 0] /home/mario/Escritorio/TFG/p4-utils/escenarios/MPLS/mpls.p4(247) Condition "hdr.mpls.isValid()" (node_12) is false
[20:28:26.191] [bmv2] [D] [thread 42284] [16.0] [cxt 0] Pipeline 'egress': end
[20:28:26.191] [bmv2] [D] [thread 42284] [16.0] [cxt 0] Deparser 'deparser': start
[20:28:26.191] [bmv2] [T] [thread 42284] [16.0] [cxt 0] Skipping checksum 'cksum' update because condition not met
[20:28:26.192] [bmv2] [D] [thread 42284] [16.0] [cxt 0] Deparsing header 'ethernet'
[20:28:26.192] [bmv2] [D] [thread 42284] [16.0] [cxt 0] Deparser 'deparser': end
[20:28:26.192] [bmv2] [D] [thread 42288] [16.0] [cxt 0] Transmitting packet of size 70 out of port 0
[20:28:26.296] [bmv2] [D] [thread 42283] [17.0] [cxt 0] Processing packet received on port 4
[20:28:26.297] [bmv2] [D] [thread 42283] [17.0] [cxt 0] Parser 'parser': start
[20:28:26.297] [bmv2] [D] [thread 42283] [17.0] [cxt 0] Parser 'parser' entering state 'start'
[20:28:26.297] [bmv2] [D] [thread 42283] [17.0] [cxt 0] Extracting header 'ethernet'
[20:28:26.297] [bmv2] [D] [thread 42283] [17.0] [cxt 0] Parser state 'start': key is 86dd
[20:28:26.297] [bmv2] [T] [thread 42283] [17.0] [cxt 0] Bytes parsed: 14
[20:28:26.297] [bmv2] [D] [thread 42283] [17.0] [cxt 0] Parser 'parser': end
[20:28:26.297] [bmv2] [D] [thread 42283] [17.0] [cxt 0] Pipeline 'ingress': start
[20:28:26.297] [bmv2] [T] [thread 42283] [17.0] [cxt 0] Applying table 'MyIngress.check_is_ingress_border'
[20:28:26.297] [bmv2] [D] [thread 42283] [17.0] [cxt 0] Looking up key:
* standard_metadata.ingress_port: 0004

[20:28:26.297] [bmv2] [D] [thread 42283] [17.0] [cxt 0] Table 'MyIngress.check_is_ingress_border': miss
[20:28:26.297] [bmv2] [D] [thread 42283] [17.0] [cxt 0] Action entry is NoAction - 
[20:28:26.297] [bmv2] [T] [thread 42283] [17.0] [cxt 0] Action NoAction
[20:28:26.297] [bmv2] [T] [thread 42283] [17.0] [cxt 0] /home/mario/Escritorio/TFG/p4-utils/escenarios/MPLS/mpls.p4(193) Condition "meta.is_ingress_border == 1" (node_3) is false
[20:28:26.297] [bmv2] [T] [thread 42283] [17.0] [cxt 0] /home/mario/Escritorio/TFG/p4-utils/escenarios/MPLS/mpls.p4(204) Condition "hdr.mpls.isValid()" (node_6) is false
[20:28:26.297] [bmv2] [T] [thread 42283] [17.0] [cxt 0] /home/mario/Escritorio/TFG/p4-utils/escenarios/MPLS/mpls.p4(209) Condition "hdr.ipv4.isValid()" (node_8) is false
[20:28:26.297] [bmv2] [D] [thread 42283] [17.0] [cxt 0] Pipeline 'ingress': end
[20:28:26.297] [bmv2] [D] [thread 42283] [17.0] [cxt 0] Egress port is 0
[20:28:26.297] [bmv2] [D] [thread 42284] [17.0] [cxt 0] Pipeline 'egress': start
[20:28:26.297] [bmv2] [T] [thread 42284] [17.0] [cxt 0] /home/mario/Escritorio/TFG/p4-utils/escenarios/MPLS/mpls.p4(247) Condition "hdr.mpls.isValid()" (node_12) is false
[20:28:26.297] [bmv2] [D] [thread 42284] [17.0] [cxt 0] Pipeline 'egress': end
[20:28:26.297] [bmv2] [D] [thread 42284] [17.0] [cxt 0] Deparser 'deparser': start
[20:28:26.297] [bmv2] [T] [thread 42284] [17.0] [cxt 0] Skipping checksum 'cksum' update because condition not met
[20:28:26.297] [bmv2] [D] [thread 42284] [17.0] [cxt 0] Deparsing header 'ethernet'
[20:28:26.297] [bmv2] [D] [thread 42284] [17.0] [cxt 0] Deparser 'deparser': end
[20:28:26.297] [bmv2] [D] [thread 42288] [17.0] [cxt 0] Transmitting packet of size 210 out of port 0
[20:28:26.449] [bmv2] [D] [thread 42283] [18.0] [cxt 0] Processing packet received on port 3
[20:28:26.449] [bmv2] [D] [thread 42283] [18.0] [cxt 0] Parser 'parser': start
[20:28:26.449] [bmv2] [D] [thread 42283] [18.0] [cxt 0] Parser 'parser' entering state 'start'
[20:28:26.449] [bmv2] [D] [thread 42283] [18.0] [cxt 0] Extracting header 'ethernet'
[20:28:26.449] [bmv2] [D] [thread 42283] [18.0] [cxt 0] Parser state 'start': key is 86dd
[20:28:26.449] [bmv2] [T] [thread 42283] [18.0] [cxt 0] Bytes parsed: 14
[20:28:26.449] [bmv2] [D] [thread 42283] [18.0] [cxt 0] Parser 'parser': end
[20:28:26.449] [bmv2] [D] [thread 42283] [18.0] [cxt 0] Pipeline 'ingress': start
[20:28:26.449] [bmv2] [T] [thread 42283] [18.0] [cxt 0] Applying table 'MyIngress.check_is_ingress_border'
[20:28:26.449] [bmv2] [D] [thread 42283] [18.0] [cxt 0] Looking up key:
* standard_metadata.ingress_port: 0003

[20:28:26.449] [bmv2] [D] [thread 42283] [18.0] [cxt 0] Table 'MyIngress.check_is_ingress_border': miss
[20:28:26.449] [bmv2] [D] [thread 42283] [18.0] [cxt 0] Action entry is NoAction - 
[20:28:26.449] [bmv2] [T] [thread 42283] [18.0] [cxt 0] Action NoAction
[20:28:26.449] [bmv2] [T] [thread 42283] [18.0] [cxt 0] /home/mario/Escritorio/TFG/p4-utils/escenarios/MPLS/mpls.p4(193) Condition "meta.is_ingress_border == 1" (node_3) is false
[20:28:26.449] [bmv2] [T] [thread 42283] [18.0] [cxt 0] /home/mario/Escritorio/TFG/p4-utils/escenarios/MPLS/mpls.p4(204) Condition "hdr.mpls.isValid()" (node_6) is false
[20:28:26.449] [bmv2] [T] [thread 42283] [18.0] [cxt 0] /home/mario/Escritorio/TFG/p4-utils/escenarios/MPLS/mpls.p4(209) Condition "hdr.ipv4.isValid()" (node_8) is false
[20:28:26.449] [bmv2] [D] [thread 42283] [18.0] [cxt 0] Pipeline 'ingress': end
[20:28:26.449] [bmv2] [D] [thread 42283] [18.0] [cxt 0] Egress port is 0
[20:28:26.449] [bmv2] [D] [thread 42284] [18.0] [cxt 0] Pipeline 'egress': start
[20:28:26.449] [bmv2] [T] [thread 42284] [18.0] [cxt 0] /home/mario/Escritorio/TFG/p4-utils/escenarios/MPLS/mpls.p4(247) Condition "hdr.mpls.isValid()" (node_12) is false
[20:28:26.449] [bmv2] [D] [thread 42284] [18.0] [cxt 0] Pipeline 'egress': end
[20:28:26.449] [bmv2] [D] [thread 42284] [18.0] [cxt 0] Deparser 'deparser': start
[20:28:26.449] [bmv2] [T] [thread 42284] [18.0] [cxt 0] Skipping checksum 'cksum' update because condition not met
[20:28:26.449] [bmv2] [D] [thread 42284] [18.0] [cxt 0] Deparsing header 'ethernet'
[20:28:26.449] [bmv2] [D] [thread 42284] [18.0] [cxt 0] Deparser 'deparser': end
[20:28:26.449] [bmv2] [D] [thread 42288] [18.0] [cxt 0] Transmitting packet of size 70 out of port 0
[20:28:26.704] [bmv2] [D] [thread 42283] [19.0] [cxt 0] Processing packet received on port 2
[20:28:26.704] [bmv2] [D] [thread 42283] [19.0] [cxt 0] Parser 'parser': start
[20:28:26.704] [bmv2] [D] [thread 42283] [19.0] [cxt 0] Parser 'parser' entering state 'start'
[20:28:26.704] [bmv2] [D] [thread 42283] [19.0] [cxt 0] Extracting header 'ethernet'
[20:28:26.704] [bmv2] [D] [thread 42283] [19.0] [cxt 0] Parser state 'start': key is 86dd
[20:28:26.704] [bmv2] [T] [thread 42283] [19.0] [cxt 0] Bytes parsed: 14
[20:28:26.704] [bmv2] [D] [thread 42283] [19.0] [cxt 0] Parser 'parser': end
[20:28:26.704] [bmv2] [D] [thread 42283] [19.0] [cxt 0] Pipeline 'ingress': start
[20:28:26.704] [bmv2] [T] [thread 42283] [19.0] [cxt 0] Applying table 'MyIngress.check_is_ingress_border'
[20:28:26.704] [bmv2] [D] [thread 42283] [19.0] [cxt 0] Looking up key:
* standard_metadata.ingress_port: 0002

[20:28:26.704] [bmv2] [D] [thread 42283] [19.0] [cxt 0] Table 'MyIngress.check_is_ingress_border': miss
[20:28:26.704] [bmv2] [D] [thread 42283] [19.0] [cxt 0] Action entry is NoAction - 
[20:28:26.704] [bmv2] [T] [thread 42283] [19.0] [cxt 0] Action NoAction
[20:28:26.704] [bmv2] [T] [thread 42283] [19.0] [cxt 0] /home/mario/Escritorio/TFG/p4-utils/escenarios/MPLS/mpls.p4(193) Condition "meta.is_ingress_border == 1" (node_3) is false
[20:28:26.704] [bmv2] [T] [thread 42283] [19.0] [cxt 0] /home/mario/Escritorio/TFG/p4-utils/escenarios/MPLS/mpls.p4(204) Condition "hdr.mpls.isValid()" (node_6) is false
[20:28:26.704] [bmv2] [T] [thread 42283] [19.0] [cxt 0] /home/mario/Escritorio/TFG/p4-utils/escenarios/MPLS/mpls.p4(209) Condition "hdr.ipv4.isValid()" (node_8) is false
[20:28:26.704] [bmv2] [D] [thread 42283] [19.0] [cxt 0] Pipeline 'ingress': end
[20:28:26.704] [bmv2] [D] [thread 42283] [19.0] [cxt 0] Egress port is 0
[20:28:26.704] [bmv2] [D] [thread 42284] [19.0] [cxt 0] Pipeline 'egress': start
[20:28:26.704] [bmv2] [T] [thread 42284] [19.0] [cxt 0] /home/mario/Escritorio/TFG/p4-utils/escenarios/MPLS/mpls.p4(247) Condition "hdr.mpls.isValid()" (node_12) is false
[20:28:26.704] [bmv2] [D] [thread 42284] [19.0] [cxt 0] Pipeline 'egress': end
[20:28:26.704] [bmv2] [D] [thread 42284] [19.0] [cxt 0] Deparser 'deparser': start
[20:28:26.704] [bmv2] [T] [thread 42284] [19.0] [cxt 0] Skipping checksum 'cksum' update because condition not met
[20:28:26.704] [bmv2] [D] [thread 42284] [19.0] [cxt 0] Deparsing header 'ethernet'
[20:28:26.704] [bmv2] [D] [thread 42284] [19.0] [cxt 0] Deparser 'deparser': end
[20:28:26.704] [bmv2] [D] [thread 42288] [19.0] [cxt 0] Transmitting packet of size 70 out of port 0
[20:28:26.704] [bmv2] [D] [thread 42283] [20.0] [cxt 0] Processing packet received on port 2
[20:28:26.704] [bmv2] [D] [thread 42283] [20.0] [cxt 0] Parser 'parser': start
[20:28:26.704] [bmv2] [D] [thread 42283] [20.0] [cxt 0] Parser 'parser' entering state 'start'
[20:28:26.704] [bmv2] [D] [thread 42283] [20.0] [cxt 0] Extracting header 'ethernet'
[20:28:26.704] [bmv2] [D] [thread 42283] [20.0] [cxt 0] Parser state 'start': key is 86dd
[20:28:26.704] [bmv2] [T] [thread 42283] [20.0] [cxt 0] Bytes parsed: 14
[20:28:26.704] [bmv2] [D] [thread 42283] [20.0] [cxt 0] Parser 'parser': end
[20:28:26.704] [bmv2] [D] [thread 42283] [20.0] [cxt 0] Pipeline 'ingress': start
[20:28:26.704] [bmv2] [T] [thread 42283] [20.0] [cxt 0] Applying table 'MyIngress.check_is_ingress_border'
[20:28:26.704] [bmv2] [D] [thread 42283] [20.0] [cxt 0] Looking up key:
* standard_metadata.ingress_port: 0002

[20:28:26.704] [bmv2] [D] [thread 42283] [20.0] [cxt 0] Table 'MyIngress.check_is_ingress_border': miss
[20:28:26.704] [bmv2] [D] [thread 42283] [20.0] [cxt 0] Action entry is NoAction - 
[20:28:26.704] [bmv2] [T] [thread 42283] [20.0] [cxt 0] Action NoAction
[20:28:26.704] [bmv2] [T] [thread 42283] [20.0] [cxt 0] /home/mario/Escritorio/TFG/p4-utils/escenarios/MPLS/mpls.p4(193) Condition "meta.is_ingress_border == 1" (node_3) is false
[20:28:26.704] [bmv2] [T] [thread 42283] [20.0] [cxt 0] /home/mario/Escritorio/TFG/p4-utils/escenarios/MPLS/mpls.p4(204) Condition "hdr.mpls.isValid()" (node_6) is false
[20:28:26.704] [bmv2] [T] [thread 42283] [20.0] [cxt 0] /home/mario/Escritorio/TFG/p4-utils/escenarios/MPLS/mpls.p4(209) Condition "hdr.ipv4.isValid()" (node_8) is false
[20:28:26.704] [bmv2] [D] [thread 42283] [20.0] [cxt 0] Pipeline 'ingress': end
[20:28:26.704] [bmv2] [D] [thread 42283] [20.0] [cxt 0] Egress port is 0
[20:28:26.704] [bmv2] [D] [thread 42284] [20.0] [cxt 0] Pipeline 'egress': start
[20:28:26.704] [bmv2] [T] [thread 42284] [20.0] [cxt 0] /home/mario/Escritorio/TFG/p4-utils/escenarios/MPLS/mpls.p4(247) Condition "hdr.mpls.isValid()" (node_12) is false
[20:28:26.704] [bmv2] [D] [thread 42284] [20.0] [cxt 0] Pipeline 'egress': end
[20:28:26.704] [bmv2] [D] [thread 42284] [20.0] [cxt 0] Deparser 'deparser': start
[20:28:26.704] [bmv2] [T] [thread 42284] [20.0] [cxt 0] Skipping checksum 'cksum' update because condition not met
[20:28:26.704] [bmv2] [D] [thread 42284] [20.0] [cxt 0] Deparsing header 'ethernet'
[20:28:26.704] [bmv2] [D] [thread 42284] [20.0] [cxt 0] Deparser 'deparser': end
[20:28:26.704] [bmv2] [D] [thread 42288] [20.0] [cxt 0] Transmitting packet of size 210 out of port 0
[20:28:26.766] [bmv2] [D] [thread 42283] [21.0] [cxt 0] Processing packet received on port 3
[20:28:26.766] [bmv2] [D] [thread 42283] [21.0] [cxt 0] Parser 'parser': start
[20:28:26.766] [bmv2] [D] [thread 42283] [21.0] [cxt 0] Parser 'parser' entering state 'start'
[20:28:26.766] [bmv2] [D] [thread 42283] [21.0] [cxt 0] Extracting header 'ethernet'
[20:28:26.766] [bmv2] [D] [thread 42283] [21.0] [cxt 0] Parser state 'start': key is 86dd
[20:28:26.766] [bmv2] [T] [thread 42283] [21.0] [cxt 0] Bytes parsed: 14
[20:28:26.766] [bmv2] [D] [thread 42283] [21.0] [cxt 0] Parser 'parser': end
[20:28:26.766] [bmv2] [D] [thread 42283] [21.0] [cxt 0] Pipeline 'ingress': start
[20:28:26.766] [bmv2] [T] [thread 42283] [21.0] [cxt 0] Applying table 'MyIngress.check_is_ingress_border'
[20:28:26.767] [bmv2] [D] [thread 42283] [21.0] [cxt 0] Looking up key:
* standard_metadata.ingress_port: 0003

[20:28:26.767] [bmv2] [D] [thread 42283] [21.0] [cxt 0] Table 'MyIngress.check_is_ingress_border': miss
[20:28:26.767] [bmv2] [D] [thread 42283] [21.0] [cxt 0] Action entry is NoAction - 
[20:28:26.767] [bmv2] [T] [thread 42283] [21.0] [cxt 0] Action NoAction
[20:28:26.767] [bmv2] [T] [thread 42283] [21.0] [cxt 0] /home/mario/Escritorio/TFG/p4-utils/escenarios/MPLS/mpls.p4(193) Condition "meta.is_ingress_border == 1" (node_3) is false
[20:28:26.767] [bmv2] [T] [thread 42283] [21.0] [cxt 0] /home/mario/Escritorio/TFG/p4-utils/escenarios/MPLS/mpls.p4(204) Condition "hdr.mpls.isValid()" (node_6) is false
[20:28:26.767] [bmv2] [T] [thread 42283] [21.0] [cxt 0] /home/mario/Escritorio/TFG/p4-utils/escenarios/MPLS/mpls.p4(209) Condition "hdr.ipv4.isValid()" (node_8) is false
[20:28:26.767] [bmv2] [D] [thread 42283] [21.0] [cxt 0] Pipeline 'ingress': end
[20:28:26.767] [bmv2] [D] [thread 42283] [21.0] [cxt 0] Egress port is 0
[20:28:26.767] [bmv2] [D] [thread 42284] [21.0] [cxt 0] Pipeline 'egress': start
[20:28:26.767] [bmv2] [T] [thread 42284] [21.0] [cxt 0] /home/mario/Escritorio/TFG/p4-utils/escenarios/MPLS/mpls.p4(247) Condition "hdr.mpls.isValid()" (node_12) is false
[20:28:26.767] [bmv2] [D] [thread 42284] [21.0] [cxt 0] Pipeline 'egress': end
[20:28:26.767] [bmv2] [D] [thread 42284] [21.0] [cxt 0] Deparser 'deparser': start
[20:28:26.767] [bmv2] [T] [thread 42284] [21.0] [cxt 0] Skipping checksum 'cksum' update because condition not met
[20:28:26.767] [bmv2] [D] [thread 42284] [21.0] [cxt 0] Deparsing header 'ethernet'
[20:28:26.767] [bmv2] [D] [thread 42284] [21.0] [cxt 0] Deparser 'deparser': end
[20:28:26.767] [bmv2] [D] [thread 42288] [21.0] [cxt 0] Transmitting packet of size 210 out of port 0
[20:28:26.767] [bmv2] [D] [thread 42283] [22.0] [cxt 0] Processing packet received on port 4
[20:28:26.767] [bmv2] [D] [thread 42283] [22.0] [cxt 0] Parser 'parser': start
[20:28:26.767] [bmv2] [D] [thread 42283] [22.0] [cxt 0] Parser 'parser' entering state 'start'
[20:28:26.767] [bmv2] [D] [thread 42283] [22.0] [cxt 0] Extracting header 'ethernet'
[20:28:26.767] [bmv2] [D] [thread 42283] [22.0] [cxt 0] Parser state 'start': key is 86dd
[20:28:26.767] [bmv2] [T] [thread 42283] [22.0] [cxt 0] Bytes parsed: 14
[20:28:26.767] [bmv2] [D] [thread 42283] [22.0] [cxt 0] Parser 'parser': end
[20:28:26.767] [bmv2] [D] [thread 42283] [22.0] [cxt 0] Pipeline 'ingress': start
[20:28:26.767] [bmv2] [T] [thread 42283] [22.0] [cxt 0] Applying table 'MyIngress.check_is_ingress_border'
[20:28:26.767] [bmv2] [D] [thread 42283] [22.0] [cxt 0] Looking up key:
* standard_metadata.ingress_port: 0004

[20:28:26.767] [bmv2] [D] [thread 42283] [22.0] [cxt 0] Table 'MyIngress.check_is_ingress_border': miss
[20:28:26.767] [bmv2] [D] [thread 42283] [22.0] [cxt 0] Action entry is NoAction - 
[20:28:26.767] [bmv2] [T] [thread 42283] [22.0] [cxt 0] Action NoAction
[20:28:26.767] [bmv2] [T] [thread 42283] [22.0] [cxt 0] /home/mario/Escritorio/TFG/p4-utils/escenarios/MPLS/mpls.p4(193) Condition "meta.is_ingress_border == 1" (node_3) is false
[20:28:26.767] [bmv2] [T] [thread 42283] [22.0] [cxt 0] /home/mario/Escritorio/TFG/p4-utils/escenarios/MPLS/mpls.p4(204) Condition "hdr.mpls.isValid()" (node_6) is false
[20:28:26.767] [bmv2] [T] [thread 42283] [22.0] [cxt 0] /home/mario/Escritorio/TFG/p4-utils/escenarios/MPLS/mpls.p4(209) Condition "hdr.ipv4.isValid()" (node_8) is false
[20:28:26.767] [bmv2] [D] [thread 42283] [22.0] [cxt 0] Pipeline 'ingress': end
[20:28:26.767] [bmv2] [D] [thread 42283] [22.0] [cxt 0] Egress port is 0
[20:28:26.767] [bmv2] [D] [thread 42284] [22.0] [cxt 0] Pipeline 'egress': start
[20:28:26.767] [bmv2] [T] [thread 42284] [22.0] [cxt 0] /home/mario/Escritorio/TFG/p4-utils/escenarios/MPLS/mpls.p4(247) Condition "hdr.mpls.isValid()" (node_12) is false
[20:28:26.767] [bmv2] [D] [thread 42284] [22.0] [cxt 0] Pipeline 'egress': end
[20:28:26.767] [bmv2] [D] [thread 42284] [22.0] [cxt 0] Deparser 'deparser': start
[20:28:26.767] [bmv2] [T] [thread 42284] [22.0] [cxt 0] Skipping checksum 'cksum' update because condition not met
[20:28:26.767] [bmv2] [D] [thread 42284] [22.0] [cxt 0] Deparsing header 'ethernet'
[20:28:26.767] [bmv2] [D] [thread 42284] [22.0] [cxt 0] Deparser 'deparser': end
[20:28:26.767] [bmv2] [D] [thread 42288] [22.0] [cxt 0] Transmitting packet of size 210 out of port 0
[20:28:26.961] [bmv2] [D] [thread 42283] [23.0] [cxt 0] Processing packet received on port 3
[20:28:26.961] [bmv2] [D] [thread 42283] [23.0] [cxt 0] Parser 'parser': start
[20:28:26.961] [bmv2] [D] [thread 42283] [23.0] [cxt 0] Parser 'parser' entering state 'start'
[20:28:26.961] [bmv2] [D] [thread 42283] [23.0] [cxt 0] Extracting header 'ethernet'
[20:28:26.961] [bmv2] [D] [thread 42283] [23.0] [cxt 0] Parser state 'start': key is 86dd
[20:28:26.961] [bmv2] [T] [thread 42283] [23.0] [cxt 0] Bytes parsed: 14
[20:28:26.961] [bmv2] [D] [thread 42283] [23.0] [cxt 0] Parser 'parser': end
[20:28:26.961] [bmv2] [D] [thread 42283] [23.0] [cxt 0] Pipeline 'ingress': start
[20:28:26.961] [bmv2] [T] [thread 42283] [23.0] [cxt 0] Applying table 'MyIngress.check_is_ingress_border'
[20:28:26.961] [bmv2] [D] [thread 42283] [23.0] [cxt 0] Looking up key:
* standard_metadata.ingress_port: 0003

[20:28:26.961] [bmv2] [D] [thread 42283] [23.0] [cxt 0] Table 'MyIngress.check_is_ingress_border': miss
[20:28:26.961] [bmv2] [D] [thread 42283] [23.0] [cxt 0] Action entry is NoAction - 
[20:28:26.961] [bmv2] [T] [thread 42283] [23.0] [cxt 0] Action NoAction
[20:28:26.961] [bmv2] [T] [thread 42283] [23.0] [cxt 0] /home/mario/Escritorio/TFG/p4-utils/escenarios/MPLS/mpls.p4(193) Condition "meta.is_ingress_border == 1" (node_3) is false
[20:28:26.961] [bmv2] [T] [thread 42283] [23.0] [cxt 0] /home/mario/Escritorio/TFG/p4-utils/escenarios/MPLS/mpls.p4(204) Condition "hdr.mpls.isValid()" (node_6) is false
[20:28:26.961] [bmv2] [T] [thread 42283] [23.0] [cxt 0] /home/mario/Escritorio/TFG/p4-utils/escenarios/MPLS/mpls.p4(209) Condition "hdr.ipv4.isValid()" (node_8) is false
[20:28:26.961] [bmv2] [D] [thread 42283] [23.0] [cxt 0] Pipeline 'ingress': end
[20:28:26.961] [bmv2] [D] [thread 42283] [23.0] [cxt 0] Egress port is 0
[20:28:26.961] [bmv2] [D] [thread 42284] [23.0] [cxt 0] Pipeline 'egress': start
[20:28:26.961] [bmv2] [T] [thread 42284] [23.0] [cxt 0] /home/mario/Escritorio/TFG/p4-utils/escenarios/MPLS/mpls.p4(247) Condition "hdr.mpls.isValid()" (node_12) is false
[20:28:26.961] [bmv2] [D] [thread 42284] [23.0] [cxt 0] Pipeline 'egress': end
[20:28:26.961] [bmv2] [D] [thread 42284] [23.0] [cxt 0] Deparser 'deparser': start
[20:28:26.961] [bmv2] [T] [thread 42284] [23.0] [cxt 0] Skipping checksum 'cksum' update because condition not met
[20:28:26.961] [bmv2] [D] [thread 42284] [23.0] [cxt 0] Deparsing header 'ethernet'
[20:28:26.961] [bmv2] [D] [thread 42284] [23.0] [cxt 0] Deparser 'deparser': end
[20:28:26.961] [bmv2] [D] [thread 42288] [23.0] [cxt 0] Transmitting packet of size 70 out of port 0
[20:28:26.963] [bmv2] [D] [thread 42283] [24.0] [cxt 0] Processing packet received on port 3
[20:28:26.963] [bmv2] [D] [thread 42283] [24.0] [cxt 0] Parser 'parser': start
[20:28:26.963] [bmv2] [D] [thread 42283] [24.0] [cxt 0] Parser 'parser' entering state 'start'
[20:28:26.963] [bmv2] [D] [thread 42283] [24.0] [cxt 0] Extracting header 'ethernet'
[20:28:26.963] [bmv2] [D] [thread 42283] [24.0] [cxt 0] Parser state 'start': key is 86dd
[20:28:26.963] [bmv2] [T] [thread 42283] [24.0] [cxt 0] Bytes parsed: 14
[20:28:26.963] [bmv2] [D] [thread 42283] [24.0] [cxt 0] Parser 'parser': end
[20:28:26.963] [bmv2] [D] [thread 42283] [24.0] [cxt 0] Pipeline 'ingress': start
[20:28:26.963] [bmv2] [T] [thread 42283] [24.0] [cxt 0] Applying table 'MyIngress.check_is_ingress_border'
[20:28:26.963] [bmv2] [D] [thread 42283] [24.0] [cxt 0] Looking up key:
* standard_metadata.ingress_port: 0003

[20:28:26.963] [bmv2] [D] [thread 42283] [24.0] [cxt 0] Table 'MyIngress.check_is_ingress_border': miss
[20:28:26.963] [bmv2] [D] [thread 42283] [24.0] [cxt 0] Action entry is NoAction - 
[20:28:26.963] [bmv2] [T] [thread 42283] [24.0] [cxt 0] Action NoAction
[20:28:26.963] [bmv2] [T] [thread 42283] [24.0] [cxt 0] /home/mario/Escritorio/TFG/p4-utils/escenarios/MPLS/mpls.p4(193) Condition "meta.is_ingress_border == 1" (node_3) is false
[20:28:26.963] [bmv2] [T] [thread 42283] [24.0] [cxt 0] /home/mario/Escritorio/TFG/p4-utils/escenarios/MPLS/mpls.p4(204) Condition "hdr.mpls.isValid()" (node_6) is false
[20:28:26.963] [bmv2] [T] [thread 42283] [24.0] [cxt 0] /home/mario/Escritorio/TFG/p4-utils/escenarios/MPLS/mpls.p4(209) Condition "hdr.ipv4.isValid()" (node_8) is false
[20:28:26.963] [bmv2] [D] [thread 42283] [24.0] [cxt 0] Pipeline 'ingress': end
[20:28:26.963] [bmv2] [D] [thread 42283] [24.0] [cxt 0] Egress port is 0
[20:28:26.963] [bmv2] [D] [thread 42284] [24.0] [cxt 0] Pipeline 'egress': start
[20:28:26.963] [bmv2] [T] [thread 42284] [24.0] [cxt 0] /home/mario/Escritorio/TFG/p4-utils/escenarios/MPLS/mpls.p4(247) Condition "hdr.mpls.isValid()" (node_12) is false
[20:28:26.963] [bmv2] [D] [thread 42284] [24.0] [cxt 0] Pipeline 'egress': end
[20:28:26.963] [bmv2] [D] [thread 42284] [24.0] [cxt 0] Deparser 'deparser': start
[20:28:26.963] [bmv2] [T] [thread 42284] [24.0] [cxt 0] Skipping checksum 'cksum' update because condition not met
[20:28:26.963] [bmv2] [D] [thread 42284] [24.0] [cxt 0] Deparsing header 'ethernet'
[20:28:26.963] [bmv2] [D] [thread 42284] [24.0] [cxt 0] Deparser 'deparser': end
[20:28:26.964] [bmv2] [D] [thread 42288] [24.0] [cxt 0] Transmitting packet of size 210 out of port 0
[20:29:10.313] [bmv2] [D] [thread 43362] Set default default entry for table 'MyIngress.check_is_ingress_border': NoAction - 
[20:29:10.313] [bmv2] [D] [thread 43362] Set default default entry for table 'MyIngress.fec_to_label': NoAction - 
[20:29:10.313] [bmv2] [D] [thread 43362] Set default default entry for table 'MyIngress.mpls_tbl': MyIngress.drop - 
[20:29:10.313] [bmv2] [D] [thread 43362] Set default default entry for table 'MyIngress.ipv4_lpm': MyIngress.drop - 
[20:29:10.313] [bmv2] [D] [thread 43362] Set default default entry for table 'MyEgress.check_is_egress_border': NoAction - 
[20:29:10.314] [bmv2] [D] [thread 43362] simple_switch target has been notified of a config swap
[20:29:10.529] [bmv2] [D] [thread 43369] Entry 0 added to table 'MyIngress.check_is_ingress_border'
[20:29:10.529] [bmv2] [D] [thread 43369] Dumping entry 0
Match key:
* standard_metadata.ingress_port: EXACT     0001
Action entry: MyIngress.set_is_ingress_border - 

[20:29:10.533] [bmv2] [D] [thread 43374] Entry 0 added to table 'MyIngress.fec_to_label'
[20:29:10.533] [bmv2] [D] [thread 43374] Dumping entry 0
Match key:
* hdr.ipv4.dstAddr    : LPM       0a050202/32
Action entry: MyIngress.add_mpls_header - 2,

[20:29:10.536] [bmv2] [D] [thread 43369] Entry 1 added to table 'MyIngress.fec_to_label'
[20:29:10.536] [bmv2] [D] [thread 43369] Dumping entry 1
Match key:
* hdr.ipv4.dstAddr    : LPM       0a060302/32
Action entry: MyIngress.add_mpls_header - 3,

[20:29:10.546] [bmv2] [D] [thread 43374] Entry 2 added to table 'MyIngress.fec_to_label'
[20:29:10.546] [bmv2] [D] [thread 43374] Dumping entry 2
Match key:
* hdr.ipv4.dstAddr    : LPM       0a0a0402/32
Action entry: MyIngress.add_mpls_header - 4,

[20:29:10.551] [bmv2] [D] [thread 43369] Entry 0 added to table 'MyIngress.mpls_tbl'
[20:29:10.551] [bmv2] [D] [thread 43369] Dumping entry 0
Match key:
* hdr.mpls.label      : EXACT     000002
Action entry: MyIngress.mpls_forward - 20100,2,

[20:29:10.556] [bmv2] [D] [thread 43374] Entry 1 added to table 'MyIngress.mpls_tbl'
[20:29:10.556] [bmv2] [D] [thread 43374] Dumping entry 1
Match key:
* hdr.mpls.label      : EXACT     000003
Action entry: MyIngress.mpls_forward - 40100,4,

[20:29:10.561] [bmv2] [D] [thread 43369] Entry 2 added to table 'MyIngress.mpls_tbl'
[20:29:10.561] [bmv2] [D] [thread 43369] Dumping entry 2
Match key:
* hdr.mpls.label      : EXACT     000004
Action entry: MyIngress.mpls_forward - 30100,3,

[20:29:10.567] [bmv2] [D] [thread 43374] Entry 3 added to table 'MyIngress.mpls_tbl'
[20:29:10.567] [bmv2] [D] [thread 43374] Dumping entry 3
Match key:
* hdr.mpls.label      : EXACT     000001
Action entry: MyIngress.mpls_forward - a010102,1,

[20:29:10.569] [bmv2] [D] [thread 43369] Entry 0 added to table 'MyEgress.check_is_egress_border'
[20:29:10.569] [bmv2] [D] [thread 43369] Dumping entry 0
Match key:
* standard_metadata.egress_port: EXACT     0001
Action entry: MyEgress.is_egress_border - 

open: No such file or directory
open: No such file or directory
open: No such file or directory
open: No such file or directory
open: No such file or directory
open: No such file or directory
open: No such file or directory
open: No such file or directory
open: No such file or directory
open: No such file or directory
open: No such file or directory
open: No such file or directory
open: No such file or directory
open: No such file or directory
open: No such file or directory
open: No such file or directory
open: No such file or directory
open: No such file or directory
open: No such file or directory
open: No such file or directory
open: No such file or directory
open: No such file or directory
open: No such file or directory
open: No such file or directory
open: No such file or directory
open: No such file or directory
open: No such file or directory
open: No such file or directory
open: No such file or directory
open: No such file or directory
