Calling target program-options parser
[20:28:26.279] [bmv2] [D] [thread 42375] Set default default entry for table 'MyIngress.check_is_ingress_border': NoAction - 
[20:28:26.279] [bmv2] [D] [thread 42375] Set default default entry for table 'MyIngress.fec_to_label': NoAction - 
[20:28:26.279] [bmv2] [D] [thread 42375] Set default default entry for table 'MyIngress.mpls_tbl': MyIngress.drop - 
[20:28:26.279] [bmv2] [D] [thread 42375] Set default default entry for table 'MyIngress.ipv4_lpm': MyIngress.drop - 
[20:28:26.279] [bmv2] [D] [thread 42375] Set default default entry for table 'MyEgress.check_is_egress_border': NoAction - 
Adding interface s5-eth1 as port 1
[20:28:26.280] [bmv2] [D] [thread 42375] Adding interface s5-eth1 as port 1
Adding interface s5-eth2 as port 2
[20:28:26.306] [bmv2] [D] [thread 42375] Adding interface s5-eth2 as port 2
Adding interface s5-eth3 as port 3
[20:28:26.322] [bmv2] [D] [thread 42375] Adding interface s5-eth3 as port 3
Adding interface s5-eth4 as port 4
[20:28:26.334] [bmv2] [D] [thread 42375] Adding interface s5-eth4 as port 4
Adding interface s5-eth5 as port 5
[20:28:26.342] [bmv2] [D] [thread 42375] Adding interface s5-eth5 as port 5
Server listening on 0.0.0.0:9563
[20:28:26.353] [bmv2] [I] [thread 42375] Starting Thrift server on port 9094
[20:28:26.357] [bmv2] [I] [thread 42375] Thrift server was started
[20:28:26.383] [bmv2] [D] [thread 42387] [0.0] [cxt 0] Processing packet received on port 5
[20:28:26.383] [bmv2] [D] [thread 42387] [0.0] [cxt 0] Parser 'parser': start
[20:28:26.383] [bmv2] [D] [thread 42387] [0.0] [cxt 0] Parser 'parser' entering state 'start'
[20:28:26.383] [bmv2] [D] [thread 42387] [0.0] [cxt 0] Extracting header 'ethernet'
[20:28:26.383] [bmv2] [D] [thread 42387] [0.0] [cxt 0] Parser state 'start': key is 86dd
[20:28:26.383] [bmv2] [T] [thread 42387] [0.0] [cxt 0] Bytes parsed: 14
[20:28:26.383] [bmv2] [D] [thread 42387] [0.0] [cxt 0] Parser 'parser': end
[20:28:26.383] [bmv2] [D] [thread 42387] [0.0] [cxt 0] Pipeline 'ingress': start
[20:28:26.383] [bmv2] [T] [thread 42387] [0.0] [cxt 0] Applying table 'MyIngress.check_is_ingress_border'
[20:28:26.383] [bmv2] [D] [thread 42387] [0.0] [cxt 0] Looking up key:
* standard_metadata.ingress_port: 0005

[20:28:26.383] [bmv2] [D] [thread 42387] [0.0] [cxt 0] Table 'MyIngress.check_is_ingress_border': miss
[20:28:26.383] [bmv2] [D] [thread 42387] [0.0] [cxt 0] Action entry is NoAction - 
[20:28:26.383] [bmv2] [T] [thread 42387] [0.0] [cxt 0] Action NoAction
[20:28:26.383] [bmv2] [T] [thread 42387] [0.0] [cxt 0] /home/mario/Escritorio/TFG/p4-utils/escenarios/MPLS/mpls.p4(193) Condition "meta.is_ingress_border == 1" (node_3) is false
[20:28:26.383] [bmv2] [T] [thread 42387] [0.0] [cxt 0] /home/mario/Escritorio/TFG/p4-utils/escenarios/MPLS/mpls.p4(204) Condition "hdr.mpls.isValid()" (node_6) is false
[20:28:26.383] [bmv2] [T] [thread 42387] [0.0] [cxt 0] /home/mario/Escritorio/TFG/p4-utils/escenarios/MPLS/mpls.p4(209) Condition "hdr.ipv4.isValid()" (node_8) is false
[20:28:26.383] [bmv2] [D] [thread 42387] [0.0] [cxt 0] Pipeline 'ingress': end
[20:28:26.383] [bmv2] [D] [thread 42387] [0.0] [cxt 0] Egress port is 0
[20:28:26.383] [bmv2] [D] [thread 42388] [0.0] [cxt 0] Pipeline 'egress': start
[20:28:26.383] [bmv2] [T] [thread 42388] [0.0] [cxt 0] /home/mario/Escritorio/TFG/p4-utils/escenarios/MPLS/mpls.p4(247) Condition "hdr.mpls.isValid()" (node_12) is false
[20:28:26.383] [bmv2] [D] [thread 42388] [0.0] [cxt 0] Pipeline 'egress': end
[20:28:26.383] [bmv2] [D] [thread 42388] [0.0] [cxt 0] Deparser 'deparser': start
[20:28:26.383] [bmv2] [T] [thread 42388] [0.0] [cxt 0] Skipping checksum 'cksum' update because condition not met
[20:28:26.383] [bmv2] [D] [thread 42388] [0.0] [cxt 0] Deparsing header 'ethernet'
[20:28:26.383] [bmv2] [D] [thread 42388] [0.0] [cxt 0] Deparser 'deparser': end
[20:28:26.383] [bmv2] [D] [thread 42392] [0.0] [cxt 0] Transmitting packet of size 203 out of port 0
[20:28:26.414] [bmv2] [D] [thread 42387] [1.0] [cxt 0] Processing packet received on port 2
[20:28:26.414] [bmv2] [D] [thread 42387] [1.0] [cxt 0] Parser 'parser': start
[20:28:26.415] [bmv2] [D] [thread 42387] [1.0] [cxt 0] Parser 'parser' entering state 'start'
[20:28:26.415] [bmv2] [D] [thread 42387] [1.0] [cxt 0] Extracting header 'ethernet'
[20:28:26.415] [bmv2] [D] [thread 42387] [1.0] [cxt 0] Parser state 'start': key is 86dd
[20:28:26.415] [bmv2] [T] [thread 42387] [1.0] [cxt 0] Bytes parsed: 14
[20:28:26.415] [bmv2] [D] [thread 42387] [1.0] [cxt 0] Parser 'parser': end
[20:28:26.415] [bmv2] [D] [thread 42387] [1.0] [cxt 0] Pipeline 'ingress': start
[20:28:26.415] [bmv2] [T] [thread 42387] [1.0] [cxt 0] Applying table 'MyIngress.check_is_ingress_border'
[20:28:26.415] [bmv2] [D] [thread 42387] [1.0] [cxt 0] Looking up key:
* standard_metadata.ingress_port: 0002

[20:28:26.415] [bmv2] [D] [thread 42387] [1.0] [cxt 0] Table 'MyIngress.check_is_ingress_border': miss
[20:28:26.415] [bmv2] [D] [thread 42387] [1.0] [cxt 0] Action entry is NoAction - 
[20:28:26.415] [bmv2] [T] [thread 42387] [1.0] [cxt 0] Action NoAction
[20:28:26.415] [bmv2] [T] [thread 42387] [1.0] [cxt 0] /home/mario/Escritorio/TFG/p4-utils/escenarios/MPLS/mpls.p4(193) Condition "meta.is_ingress_border == 1" (node_3) is false
[20:28:26.415] [bmv2] [T] [thread 42387] [1.0] [cxt 0] /home/mario/Escritorio/TFG/p4-utils/escenarios/MPLS/mpls.p4(204) Condition "hdr.mpls.isValid()" (node_6) is false
[20:28:26.415] [bmv2] [T] [thread 42387] [1.0] [cxt 0] /home/mario/Escritorio/TFG/p4-utils/escenarios/MPLS/mpls.p4(209) Condition "hdr.ipv4.isValid()" (node_8) is false
[20:28:26.415] [bmv2] [D] [thread 42387] [1.0] [cxt 0] Pipeline 'ingress': end
[20:28:26.415] [bmv2] [D] [thread 42387] [1.0] [cxt 0] Egress port is 0
[20:28:26.415] [bmv2] [D] [thread 42388] [1.0] [cxt 0] Pipeline 'egress': start
[20:28:26.415] [bmv2] [T] [thread 42388] [1.0] [cxt 0] /home/mario/Escritorio/TFG/p4-utils/escenarios/MPLS/mpls.p4(247) Condition "hdr.mpls.isValid()" (node_12) is false
[20:28:26.415] [bmv2] [D] [thread 42388] [1.0] [cxt 0] Pipeline 'egress': end
[20:28:26.415] [bmv2] [D] [thread 42388] [1.0] [cxt 0] Deparser 'deparser': start
[20:28:26.415] [bmv2] [T] [thread 42388] [1.0] [cxt 0] Skipping checksum 'cksum' update because condition not met
[20:28:26.415] [bmv2] [D] [thread 42388] [1.0] [cxt 0] Deparsing header 'ethernet'
[20:28:26.415] [bmv2] [D] [thread 42388] [1.0] [cxt 0] Deparser 'deparser': end
[20:28:26.415] [bmv2] [D] [thread 42392] [1.0] [cxt 0] Transmitting packet of size 210 out of port 0
[20:28:26.447] [bmv2] [D] [thread 42387] [2.0] [cxt 0] Processing packet received on port 2
[20:28:26.447] [bmv2] [D] [thread 42387] [2.0] [cxt 0] Parser 'parser': start
[20:28:26.447] [bmv2] [D] [thread 42387] [2.0] [cxt 0] Parser 'parser' entering state 'start'
[20:28:26.447] [bmv2] [D] [thread 42387] [2.0] [cxt 0] Extracting header 'ethernet'
[20:28:26.447] [bmv2] [D] [thread 42387] [2.0] [cxt 0] Parser state 'start': key is 86dd
[20:28:26.447] [bmv2] [T] [thread 42387] [2.0] [cxt 0] Bytes parsed: 14
[20:28:26.447] [bmv2] [D] [thread 42387] [2.0] [cxt 0] Parser 'parser': end
[20:28:26.447] [bmv2] [D] [thread 42387] [2.0] [cxt 0] Pipeline 'ingress': start
[20:28:26.447] [bmv2] [T] [thread 42387] [2.0] [cxt 0] Applying table 'MyIngress.check_is_ingress_border'
[20:28:26.447] [bmv2] [D] [thread 42387] [2.0] [cxt 0] Looking up key:
* standard_metadata.ingress_port: 0002

[20:28:26.447] [bmv2] [D] [thread 42387] [2.0] [cxt 0] Table 'MyIngress.check_is_ingress_border': miss
[20:28:26.447] [bmv2] [D] [thread 42387] [2.0] [cxt 0] Action entry is NoAction - 
[20:28:26.447] [bmv2] [T] [thread 42387] [2.0] [cxt 0] Action NoAction
[20:28:26.447] [bmv2] [T] [thread 42387] [2.0] [cxt 0] /home/mario/Escritorio/TFG/p4-utils/escenarios/MPLS/mpls.p4(193) Condition "meta.is_ingress_border == 1" (node_3) is false
[20:28:26.447] [bmv2] [T] [thread 42387] [2.0] [cxt 0] /home/mario/Escritorio/TFG/p4-utils/escenarios/MPLS/mpls.p4(204) Condition "hdr.mpls.isValid()" (node_6) is false
[20:28:26.447] [bmv2] [T] [thread 42387] [2.0] [cxt 0] /home/mario/Escritorio/TFG/p4-utils/escenarios/MPLS/mpls.p4(209) Condition "hdr.ipv4.isValid()" (node_8) is false
[20:28:26.447] [bmv2] [D] [thread 42387] [2.0] [cxt 0] Pipeline 'ingress': end
[20:28:26.447] [bmv2] [D] [thread 42387] [2.0] [cxt 0] Egress port is 0
[20:28:26.447] [bmv2] [D] [thread 42387] [3.0] [cxt 0] Processing packet received on port 3
[20:28:26.447] [bmv2] [D] [thread 42387] [3.0] [cxt 0] Parser 'parser': start
[20:28:26.447] [bmv2] [D] [thread 42387] [3.0] [cxt 0] Parser 'parser' entering state 'start'
[20:28:26.447] [bmv2] [D] [thread 42387] [3.0] [cxt 0] Extracting header 'ethernet'
[20:28:26.447] [bmv2] [D] [thread 42387] [3.0] [cxt 0] Parser state 'start': key is 86dd
[20:28:26.447] [bmv2] [T] [thread 42387] [3.0] [cxt 0] Bytes parsed: 14
[20:28:26.447] [bmv2] [D] [thread 42387] [3.0] [cxt 0] Parser 'parser': end
[20:28:26.447] [bmv2] [D] [thread 42387] [3.0] [cxt 0] Pipeline 'ingress': start
[20:28:26.447] [bmv2] [T] [thread 42387] [3.0] [cxt 0] Applying table 'MyIngress.check_is_ingress_border'
[20:28:26.447] [bmv2] [D] [thread 42387] [3.0] [cxt 0] Looking up key:
* standard_metadata.ingress_port: 0003

[20:28:26.447] [bmv2] [D] [thread 42387] [3.0] [cxt 0] Table 'MyIngress.check_is_ingress_border': miss
[20:28:26.447] [bmv2] [D] [thread 42387] [3.0] [cxt 0] Action entry is NoAction - 
[20:28:26.447] [bmv2] [T] [thread 42387] [3.0] [cxt 0] Action NoAction
[20:28:26.447] [bmv2] [T] [thread 42387] [3.0] [cxt 0] /home/mario/Escritorio/TFG/p4-utils/escenarios/MPLS/mpls.p4(193) Condition "meta.is_ingress_border == 1" (node_3) is false
[20:28:26.447] [bmv2] [T] [thread 42387] [3.0] [cxt 0] /home/mario/Escritorio/TFG/p4-utils/escenarios/MPLS/mpls.p4(204) Condition "hdr.mpls.isValid()" (node_6) is false
[20:28:26.447] [bmv2] [T] [thread 42387] [3.0] [cxt 0] /home/mario/Escritorio/TFG/p4-utils/escenarios/MPLS/mpls.p4(209) Condition "hdr.ipv4.isValid()" (node_8) is false
[20:28:26.447] [bmv2] [D] [thread 42387] [3.0] [cxt 0] Pipeline 'ingress': end
[20:28:26.447] [bmv2] [D] [thread 42387] [3.0] [cxt 0] Egress port is 0
[20:28:26.447] [bmv2] [D] [thread 42387] [4.0] [cxt 0] Processing packet received on port 2
[20:28:26.447] [bmv2] [D] [thread 42387] [4.0] [cxt 0] Parser 'parser': start
[20:28:26.447] [bmv2] [D] [thread 42387] [4.0] [cxt 0] Parser 'parser' entering state 'start'
[20:28:26.447] [bmv2] [D] [thread 42387] [4.0] [cxt 0] Extracting header 'ethernet'
[20:28:26.447] [bmv2] [D] [thread 42387] [4.0] [cxt 0] Parser state 'start': key is 86dd
[20:28:26.447] [bmv2] [T] [thread 42387] [4.0] [cxt 0] Bytes parsed: 14
[20:28:26.447] [bmv2] [D] [thread 42387] [4.0] [cxt 0] Parser 'parser': end
[20:28:26.447] [bmv2] [D] [thread 42387] [4.0] [cxt 0] Pipeline 'ingress': start
[20:28:26.447] [bmv2] [T] [thread 42387] [4.0] [cxt 0] Applying table 'MyIngress.check_is_ingress_border'
[20:28:26.447] [bmv2] [D] [thread 42387] [4.0] [cxt 0] Looking up key:
* standard_metadata.ingress_port: 0002

[20:28:26.447] [bmv2] [D] [thread 42387] [4.0] [cxt 0] Table 'MyIngress.check_is_ingress_border': miss
[20:28:26.447] [bmv2] [D] [thread 42387] [4.0] [cxt 0] Action entry is NoAction - 
[20:28:26.447] [bmv2] [T] [thread 42387] [4.0] [cxt 0] Action NoAction
[20:28:26.447] [bmv2] [T] [thread 42387] [4.0] [cxt 0] /home/mario/Escritorio/TFG/p4-utils/escenarios/MPLS/mpls.p4(193) Condition "meta.is_ingress_border == 1" (node_3) is false
[20:28:26.447] [bmv2] [T] [thread 42387] [4.0] [cxt 0] /home/mario/Escritorio/TFG/p4-utils/escenarios/MPLS/mpls.p4(204) Condition "hdr.mpls.isValid()" (node_6) is false
[20:28:26.447] [bmv2] [T] [thread 42387] [4.0] [cxt 0] /home/mario/Escritorio/TFG/p4-utils/escenarios/MPLS/mpls.p4(209) Condition "hdr.ipv4.isValid()" (node_8) is false
[20:28:26.447] [bmv2] [D] [thread 42387] [4.0] [cxt 0] Pipeline 'ingress': end
[20:28:26.447] [bmv2] [D] [thread 42387] [4.0] [cxt 0] Egress port is 0
[20:28:26.447] [bmv2] [D] [thread 42387] [5.0] [cxt 0] Processing packet received on port 3
[20:28:26.447] [bmv2] [D] [thread 42387] [5.0] [cxt 0] Parser 'parser': start
[20:28:26.447] [bmv2] [D] [thread 42387] [5.0] [cxt 0] Parser 'parser' entering state 'start'
[20:28:26.447] [bmv2] [D] [thread 42387] [5.0] [cxt 0] Extracting header 'ethernet'
[20:28:26.447] [bmv2] [D] [thread 42387] [5.0] [cxt 0] Parser state 'start': key is 86dd
[20:28:26.447] [bmv2] [T] [thread 42387] [5.0] [cxt 0] Bytes parsed: 14
[20:28:26.448] [bmv2] [D] [thread 42387] [5.0] [cxt 0] Parser 'parser': end
[20:28:26.448] [bmv2] [D] [thread 42387] [5.0] [cxt 0] Pipeline 'ingress': start
[20:28:26.448] [bmv2] [T] [thread 42387] [5.0] [cxt 0] Applying table 'MyIngress.check_is_ingress_border'
[20:28:26.448] [bmv2] [D] [thread 42387] [5.0] [cxt 0] Looking up key:
* standard_metadata.ingress_port: 0003

[20:28:26.448] [bmv2] [D] [thread 42387] [5.0] [cxt 0] Table 'MyIngress.check_is_ingress_border': miss
[20:28:26.448] [bmv2] [D] [thread 42387] [5.0] [cxt 0] Action entry is NoAction - 
[20:28:26.448] [bmv2] [T] [thread 42387] [5.0] [cxt 0] Action NoAction
[20:28:26.448] [bmv2] [T] [thread 42387] [5.0] [cxt 0] /home/mario/Escritorio/TFG/p4-utils/escenarios/MPLS/mpls.p4(193) Condition "meta.is_ingress_border == 1" (node_3) is false
[20:28:26.448] [bmv2] [T] [thread 42387] [5.0] [cxt 0] /home/mario/Escritorio/TFG/p4-utils/escenarios/MPLS/mpls.p4(204) Condition "hdr.mpls.isValid()" (node_6) is false
[20:28:26.448] [bmv2] [T] [thread 42387] [5.0] [cxt 0] /home/mario/Escritorio/TFG/p4-utils/escenarios/MPLS/mpls.p4(209) Condition "hdr.ipv4.isValid()" (node_8) is false
[20:28:26.448] [bmv2] [D] [thread 42387] [5.0] [cxt 0] Pipeline 'ingress': end
[20:28:26.448] [bmv2] [D] [thread 42387] [5.0] [cxt 0] Egress port is 0
[20:28:26.450] [bmv2] [D] [thread 42388] [2.0] [cxt 0] Pipeline 'egress': start
[20:28:26.450] [bmv2] [T] [thread 42388] [2.0] [cxt 0] /home/mario/Escritorio/TFG/p4-utils/escenarios/MPLS/mpls.p4(247) Condition "hdr.mpls.isValid()" (node_12) is false
[20:28:26.450] [bmv2] [D] [thread 42388] [2.0] [cxt 0] Pipeline 'egress': end
[20:28:26.450] [bmv2] [D] [thread 42388] [2.0] [cxt 0] Deparser 'deparser': start
[20:28:26.450] [bmv2] [T] [thread 42388] [2.0] [cxt 0] Skipping checksum 'cksum' update because condition not met
[20:28:26.450] [bmv2] [D] [thread 42388] [2.0] [cxt 0] Deparsing header 'ethernet'
[20:28:26.450] [bmv2] [D] [thread 42388] [2.0] [cxt 0] Deparser 'deparser': end
[20:28:26.450] [bmv2] [D] [thread 42388] [3.0] [cxt 0] Pipeline 'egress': start
[20:28:26.450] [bmv2] [T] [thread 42388] [3.0] [cxt 0] /home/mario/Escritorio/TFG/p4-utils/escenarios/MPLS/mpls.p4(247) Condition "hdr.mpls.isValid()" (node_12) is false
[20:28:26.450] [bmv2] [D] [thread 42388] [3.0] [cxt 0] Pipeline 'egress': end
[20:28:26.450] [bmv2] [D] [thread 42388] [3.0] [cxt 0] Deparser 'deparser': start
[20:28:26.450] [bmv2] [T] [thread 42388] [3.0] [cxt 0] Skipping checksum 'cksum' update because condition not met
[20:28:26.450] [bmv2] [D] [thread 42388] [3.0] [cxt 0] Deparsing header 'ethernet'
[20:28:26.450] [bmv2] [D] [thread 42388] [3.0] [cxt 0] Deparser 'deparser': end
[20:28:26.450] [bmv2] [D] [thread 42388] [4.0] [cxt 0] Pipeline 'egress': start
[20:28:26.450] [bmv2] [T] [thread 42388] [4.0] [cxt 0] /home/mario/Escritorio/TFG/p4-utils/escenarios/MPLS/mpls.p4(247) Condition "hdr.mpls.isValid()" (node_12) is false
[20:28:26.450] [bmv2] [D] [thread 42388] [4.0] [cxt 0] Pipeline 'egress': end
[20:28:26.450] [bmv2] [D] [thread 42388] [4.0] [cxt 0] Deparser 'deparser': start
[20:28:26.450] [bmv2] [T] [thread 42388] [4.0] [cxt 0] Skipping checksum 'cksum' update because condition not met
[20:28:26.450] [bmv2] [D] [thread 42388] [4.0] [cxt 0] Deparsing header 'ethernet'
[20:28:26.450] [bmv2] [D] [thread 42388] [4.0] [cxt 0] Deparser 'deparser': end
[20:28:26.450] [bmv2] [D] [thread 42388] [5.0] [cxt 0] Pipeline 'egress': start
[20:28:26.450] [bmv2] [T] [thread 42388] [5.0] [cxt 0] /home/mario/Escritorio/TFG/p4-utils/escenarios/MPLS/mpls.p4(247) Condition "hdr.mpls.isValid()" (node_12) is false
[20:28:26.450] [bmv2] [D] [thread 42388] [5.0] [cxt 0] Pipeline 'egress': end
[20:28:26.450] [bmv2] [D] [thread 42388] [5.0] [cxt 0] Deparser 'deparser': start
[20:28:26.450] [bmv2] [T] [thread 42388] [5.0] [cxt 0] Skipping checksum 'cksum' update because condition not met
[20:28:26.450] [bmv2] [D] [thread 42388] [5.0] [cxt 0] Deparsing header 'ethernet'
[20:28:26.450] [bmv2] [D] [thread 42388] [5.0] [cxt 0] Deparser 'deparser': end
[20:28:26.450] [bmv2] [D] [thread 42392] [2.0] [cxt 0] Transmitting packet of size 70 out of port 0
[20:28:26.450] [bmv2] [D] [thread 42392] [3.0] [cxt 0] Transmitting packet of size 70 out of port 0
[20:28:26.450] [bmv2] [D] [thread 42392] [4.0] [cxt 0] Transmitting packet of size 70 out of port 0
[20:28:26.450] [bmv2] [D] [thread 42392] [5.0] [cxt 0] Transmitting packet of size 70 out of port 0
[20:28:26.450] [bmv2] [D] [thread 42387] [6.0] [cxt 0] Processing packet received on port 3
[20:28:26.450] [bmv2] [D] [thread 42387] [6.0] [cxt 0] Parser 'parser': start
[20:28:26.450] [bmv2] [D] [thread 42387] [6.0] [cxt 0] Parser 'parser' entering state 'start'
[20:28:26.450] [bmv2] [D] [thread 42387] [6.0] [cxt 0] Extracting header 'ethernet'
[20:28:26.450] [bmv2] [D] [thread 42387] [6.0] [cxt 0] Parser state 'start': key is 86dd
[20:28:26.450] [bmv2] [T] [thread 42387] [6.0] [cxt 0] Bytes parsed: 14
[20:28:26.450] [bmv2] [D] [thread 42387] [6.0] [cxt 0] Parser 'parser': end
[20:28:26.450] [bmv2] [D] [thread 42387] [6.0] [cxt 0] Pipeline 'ingress': start
[20:28:26.450] [bmv2] [T] [thread 42387] [6.0] [cxt 0] Applying table 'MyIngress.check_is_ingress_border'
[20:28:26.450] [bmv2] [D] [thread 42387] [6.0] [cxt 0] Looking up key:
* standard_metadata.ingress_port: 0003

[20:28:26.450] [bmv2] [D] [thread 42387] [6.0] [cxt 0] Table 'MyIngress.check_is_ingress_border': miss
[20:28:26.450] [bmv2] [D] [thread 42387] [6.0] [cxt 0] Action entry is NoAction - 
[20:28:26.450] [bmv2] [T] [thread 42387] [6.0] [cxt 0] Action NoAction
[20:28:26.450] [bmv2] [T] [thread 42387] [6.0] [cxt 0] /home/mario/Escritorio/TFG/p4-utils/escenarios/MPLS/mpls.p4(193) Condition "meta.is_ingress_border == 1" (node_3) is false
[20:28:26.450] [bmv2] [T] [thread 42387] [6.0] [cxt 0] /home/mario/Escritorio/TFG/p4-utils/escenarios/MPLS/mpls.p4(204) Condition "hdr.mpls.isValid()" (node_6) is false
[20:28:26.450] [bmv2] [T] [thread 42387] [6.0] [cxt 0] /home/mario/Escritorio/TFG/p4-utils/escenarios/MPLS/mpls.p4(209) Condition "hdr.ipv4.isValid()" (node_8) is false
[20:28:26.450] [bmv2] [D] [thread 42387] [6.0] [cxt 0] Pipeline 'ingress': end
[20:28:26.450] [bmv2] [D] [thread 42387] [6.0] [cxt 0] Egress port is 0
[20:28:26.450] [bmv2] [D] [thread 42388] [6.0] [cxt 0] Pipeline 'egress': start
[20:28:26.450] [bmv2] [T] [thread 42388] [6.0] [cxt 0] /home/mario/Escritorio/TFG/p4-utils/escenarios/MPLS/mpls.p4(247) Condition "hdr.mpls.isValid()" (node_12) is false
[20:28:26.450] [bmv2] [D] [thread 42388] [6.0] [cxt 0] Pipeline 'egress': end
[20:28:26.450] [bmv2] [D] [thread 42388] [6.0] [cxt 0] Deparser 'deparser': start
[20:28:26.450] [bmv2] [T] [thread 42388] [6.0] [cxt 0] Skipping checksum 'cksum' update because condition not met
[20:28:26.450] [bmv2] [D] [thread 42388] [6.0] [cxt 0] Deparsing header 'ethernet'
[20:28:26.450] [bmv2] [D] [thread 42388] [6.0] [cxt 0] Deparser 'deparser': end
[20:28:26.450] [bmv2] [D] [thread 42392] [6.0] [cxt 0] Transmitting packet of size 210 out of port 0
[20:28:26.513] [bmv2] [D] [thread 42387] [7.0] [cxt 0] Processing packet received on port 4
[20:28:26.513] [bmv2] [D] [thread 42387] [7.0] [cxt 0] Parser 'parser': start
[20:28:26.513] [bmv2] [D] [thread 42387] [7.0] [cxt 0] Parser 'parser' entering state 'start'
[20:28:26.513] [bmv2] [D] [thread 42387] [7.0] [cxt 0] Extracting header 'ethernet'
[20:28:26.513] [bmv2] [D] [thread 42387] [7.0] [cxt 0] Parser state 'start': key is 86dd
[20:28:26.513] [bmv2] [T] [thread 42387] [7.0] [cxt 0] Bytes parsed: 14
[20:28:26.513] [bmv2] [D] [thread 42387] [7.0] [cxt 0] Parser 'parser': end
[20:28:26.513] [bmv2] [D] [thread 42387] [7.0] [cxt 0] Pipeline 'ingress': start
[20:28:26.513] [bmv2] [T] [thread 42387] [7.0] [cxt 0] Applying table 'MyIngress.check_is_ingress_border'
[20:28:26.513] [bmv2] [D] [thread 42387] [7.0] [cxt 0] Looking up key:
* standard_metadata.ingress_port: 0004

[20:28:26.513] [bmv2] [D] [thread 42387] [7.0] [cxt 0] Table 'MyIngress.check_is_ingress_border': miss
[20:28:26.513] [bmv2] [D] [thread 42387] [7.0] [cxt 0] Action entry is NoAction - 
[20:28:26.513] [bmv2] [T] [thread 42387] [7.0] [cxt 0] Action NoAction
[20:28:26.513] [bmv2] [T] [thread 42387] [7.0] [cxt 0] /home/mario/Escritorio/TFG/p4-utils/escenarios/MPLS/mpls.p4(193) Condition "meta.is_ingress_border == 1" (node_3) is false
[20:28:26.513] [bmv2] [T] [thread 42387] [7.0] [cxt 0] /home/mario/Escritorio/TFG/p4-utils/escenarios/MPLS/mpls.p4(204) Condition "hdr.mpls.isValid()" (node_6) is false
[20:28:26.513] [bmv2] [T] [thread 42387] [7.0] [cxt 0] /home/mario/Escritorio/TFG/p4-utils/escenarios/MPLS/mpls.p4(209) Condition "hdr.ipv4.isValid()" (node_8) is false
[20:28:26.513] [bmv2] [D] [thread 42387] [7.0] [cxt 0] Pipeline 'ingress': end
[20:28:26.513] [bmv2] [D] [thread 42387] [7.0] [cxt 0] Egress port is 0
[20:28:26.513] [bmv2] [D] [thread 42388] [7.0] [cxt 0] Pipeline 'egress': start
[20:28:26.513] [bmv2] [T] [thread 42388] [7.0] [cxt 0] /home/mario/Escritorio/TFG/p4-utils/escenarios/MPLS/mpls.p4(247) Condition "hdr.mpls.isValid()" (node_12) is false
[20:28:26.513] [bmv2] [D] [thread 42388] [7.0] [cxt 0] Pipeline 'egress': end
[20:28:26.513] [bmv2] [D] [thread 42388] [7.0] [cxt 0] Deparser 'deparser': start
[20:28:26.513] [bmv2] [T] [thread 42388] [7.0] [cxt 0] Skipping checksum 'cksum' update because condition not met
[20:28:26.513] [bmv2] [D] [thread 42388] [7.0] [cxt 0] Deparsing header 'ethernet'
[20:28:26.513] [bmv2] [D] [thread 42388] [7.0] [cxt 0] Deparser 'deparser': end
[20:28:26.513] [bmv2] [D] [thread 42392] [7.0] [cxt 0] Transmitting packet of size 203 out of port 0
[20:28:26.702] [bmv2] [D] [thread 42387] [8.0] [cxt 0] Processing packet received on port 1
[20:28:26.702] [bmv2] [D] [thread 42387] [8.0] [cxt 0] Parser 'parser': start
[20:28:26.702] [bmv2] [D] [thread 42387] [8.0] [cxt 0] Parser 'parser' entering state 'start'
[20:28:26.702] [bmv2] [D] [thread 42387] [8.0] [cxt 0] Extracting header 'ethernet'
[20:28:26.702] [bmv2] [D] [thread 42387] [8.0] [cxt 0] Parser state 'start': key is 86dd
[20:28:26.702] [bmv2] [T] [thread 42387] [8.0] [cxt 0] Bytes parsed: 14
[20:28:26.702] [bmv2] [D] [thread 42387] [8.0] [cxt 0] Parser 'parser': end
[20:28:26.702] [bmv2] [D] [thread 42387] [8.0] [cxt 0] Pipeline 'ingress': start
[20:28:26.702] [bmv2] [T] [thread 42387] [8.0] [cxt 0] Applying table 'MyIngress.check_is_ingress_border'
[20:28:26.702] [bmv2] [D] [thread 42387] [8.0] [cxt 0] Looking up key:
* standard_metadata.ingress_port: 0001

[20:28:26.702] [bmv2] [D] [thread 42387] [8.0] [cxt 0] Table 'MyIngress.check_is_ingress_border': miss
[20:28:26.702] [bmv2] [D] [thread 42387] [8.0] [cxt 0] Action entry is NoAction - 
[20:28:26.702] [bmv2] [T] [thread 42387] [8.0] [cxt 0] Action NoAction
[20:28:26.702] [bmv2] [T] [thread 42387] [8.0] [cxt 0] /home/mario/Escritorio/TFG/p4-utils/escenarios/MPLS/mpls.p4(193) Condition "meta.is_ingress_border == 1" (node_3) is false
[20:28:26.702] [bmv2] [T] [thread 42387] [8.0] [cxt 0] /home/mario/Escritorio/TFG/p4-utils/escenarios/MPLS/mpls.p4(204) Condition "hdr.mpls.isValid()" (node_6) is false
[20:28:26.702] [bmv2] [T] [thread 42387] [8.0] [cxt 0] /home/mario/Escritorio/TFG/p4-utils/escenarios/MPLS/mpls.p4(209) Condition "hdr.ipv4.isValid()" (node_8) is false
[20:28:26.702] [bmv2] [D] [thread 42387] [8.0] [cxt 0] Pipeline 'ingress': end
[20:28:26.702] [bmv2] [D] [thread 42387] [8.0] [cxt 0] Egress port is 0
[20:28:26.702] [bmv2] [D] [thread 42388] [8.0] [cxt 0] Pipeline 'egress': start
[20:28:26.702] [bmv2] [T] [thread 42388] [8.0] [cxt 0] /home/mario/Escritorio/TFG/p4-utils/escenarios/MPLS/mpls.p4(247) Condition "hdr.mpls.isValid()" (node_12) is false
[20:28:26.702] [bmv2] [D] [thread 42388] [8.0] [cxt 0] Pipeline 'egress': end
[20:28:26.703] [bmv2] [D] [thread 42388] [8.0] [cxt 0] Deparser 'deparser': start
[20:28:26.703] [bmv2] [T] [thread 42388] [8.0] [cxt 0] Skipping checksum 'cksum' update because condition not met
[20:28:26.703] [bmv2] [D] [thread 42388] [8.0] [cxt 0] Deparsing header 'ethernet'
[20:28:26.703] [bmv2] [D] [thread 42388] [8.0] [cxt 0] Deparser 'deparser': end
[20:28:26.703] [bmv2] [D] [thread 42392] [8.0] [cxt 0] Transmitting packet of size 70 out of port 0
[20:28:26.767] [bmv2] [D] [thread 42387] [9.0] [cxt 0] Processing packet received on port 3
[20:28:26.767] [bmv2] [D] [thread 42387] [9.0] [cxt 0] Parser 'parser': start
[20:28:26.767] [bmv2] [D] [thread 42387] [9.0] [cxt 0] Parser 'parser' entering state 'start'
[20:28:26.767] [bmv2] [D] [thread 42387] [9.0] [cxt 0] Extracting header 'ethernet'
[20:28:26.767] [bmv2] [D] [thread 42387] [9.0] [cxt 0] Parser state 'start': key is 86dd
[20:28:26.767] [bmv2] [T] [thread 42387] [9.0] [cxt 0] Bytes parsed: 14
[20:28:26.767] [bmv2] [D] [thread 42387] [9.0] [cxt 0] Parser 'parser': end
[20:28:26.767] [bmv2] [D] [thread 42387] [9.0] [cxt 0] Pipeline 'ingress': start
[20:28:26.767] [bmv2] [T] [thread 42387] [9.0] [cxt 0] Applying table 'MyIngress.check_is_ingress_border'
[20:28:26.768] [bmv2] [D] [thread 42387] [9.0] [cxt 0] Looking up key:
* standard_metadata.ingress_port: 0003

[20:28:26.768] [bmv2] [D] [thread 42387] [9.0] [cxt 0] Table 'MyIngress.check_is_ingress_border': miss
[20:28:26.768] [bmv2] [D] [thread 42387] [9.0] [cxt 0] Action entry is NoAction - 
[20:28:26.768] [bmv2] [T] [thread 42387] [9.0] [cxt 0] Action NoAction
[20:28:26.768] [bmv2] [T] [thread 42387] [9.0] [cxt 0] /home/mario/Escritorio/TFG/p4-utils/escenarios/MPLS/mpls.p4(193) Condition "meta.is_ingress_border == 1" (node_3) is false
[20:28:26.768] [bmv2] [T] [thread 42387] [9.0] [cxt 0] /home/mario/Escritorio/TFG/p4-utils/escenarios/MPLS/mpls.p4(204) Condition "hdr.mpls.isValid()" (node_6) is false
[20:28:26.768] [bmv2] [T] [thread 42387] [9.0] [cxt 0] /home/mario/Escritorio/TFG/p4-utils/escenarios/MPLS/mpls.p4(209) Condition "hdr.ipv4.isValid()" (node_8) is false
[20:28:26.768] [bmv2] [D] [thread 42387] [9.0] [cxt 0] Pipeline 'ingress': end
[20:28:26.768] [bmv2] [D] [thread 42387] [9.0] [cxt 0] Egress port is 0
[20:28:26.768] [bmv2] [D] [thread 42388] [9.0] [cxt 0] Pipeline 'egress': start
[20:28:26.768] [bmv2] [T] [thread 42388] [9.0] [cxt 0] /home/mario/Escritorio/TFG/p4-utils/escenarios/MPLS/mpls.p4(247) Condition "hdr.mpls.isValid()" (node_12) is false
[20:28:26.768] [bmv2] [D] [thread 42388] [9.0] [cxt 0] Pipeline 'egress': end
[20:28:26.768] [bmv2] [D] [thread 42388] [9.0] [cxt 0] Deparser 'deparser': start
[20:28:26.768] [bmv2] [T] [thread 42388] [9.0] [cxt 0] Skipping checksum 'cksum' update because condition not met
[20:28:26.768] [bmv2] [D] [thread 42388] [9.0] [cxt 0] Deparsing header 'ethernet'
[20:28:26.768] [bmv2] [D] [thread 42388] [9.0] [cxt 0] Deparser 'deparser': end
[20:28:26.768] [bmv2] [D] [thread 42392] [9.0] [cxt 0] Transmitting packet of size 210 out of port 0
[20:28:26.959] [bmv2] [D] [thread 42387] [10.0] [cxt 0] Processing packet received on port 4
[20:28:26.959] [bmv2] [D] [thread 42387] [10.0] [cxt 0] Parser 'parser': start
[20:28:26.959] [bmv2] [D] [thread 42387] [10.0] [cxt 0] Parser 'parser' entering state 'start'
[20:28:26.959] [bmv2] [D] [thread 42387] [10.0] [cxt 0] Extracting header 'ethernet'
[20:28:26.959] [bmv2] [D] [thread 42387] [10.0] [cxt 0] Parser state 'start': key is 86dd
[20:28:26.959] [bmv2] [T] [thread 42387] [10.0] [cxt 0] Bytes parsed: 14
[20:28:26.959] [bmv2] [D] [thread 42387] [10.0] [cxt 0] Parser 'parser': end
[20:28:26.959] [bmv2] [D] [thread 42387] [10.0] [cxt 0] Pipeline 'ingress': start
[20:28:26.959] [bmv2] [T] [thread 42387] [10.0] [cxt 0] Applying table 'MyIngress.check_is_ingress_border'
[20:28:26.959] [bmv2] [D] [thread 42387] [10.0] [cxt 0] Looking up key:
* standard_metadata.ingress_port: 0004

[20:28:26.959] [bmv2] [D] [thread 42387] [10.0] [cxt 0] Table 'MyIngress.check_is_ingress_border': miss
[20:28:26.959] [bmv2] [D] [thread 42387] [10.0] [cxt 0] Action entry is NoAction - 
[20:28:26.959] [bmv2] [T] [thread 42387] [10.0] [cxt 0] Action NoAction
[20:28:26.959] [bmv2] [T] [thread 42387] [10.0] [cxt 0] /home/mario/Escritorio/TFG/p4-utils/escenarios/MPLS/mpls.p4(193) Condition "meta.is_ingress_border == 1" (node_3) is false
[20:28:26.959] [bmv2] [T] [thread 42387] [10.0] [cxt 0] /home/mario/Escritorio/TFG/p4-utils/escenarios/MPLS/mpls.p4(204) Condition "hdr.mpls.isValid()" (node_6) is false
[20:28:26.959] [bmv2] [T] [thread 42387] [10.0] [cxt 0] /home/mario/Escritorio/TFG/p4-utils/escenarios/MPLS/mpls.p4(209) Condition "hdr.ipv4.isValid()" (node_8) is false
[20:28:26.959] [bmv2] [D] [thread 42387] [10.0] [cxt 0] Pipeline 'ingress': end
[20:28:26.959] [bmv2] [D] [thread 42387] [10.0] [cxt 0] Egress port is 0
[20:28:26.959] [bmv2] [D] [thread 42388] [10.0] [cxt 0] Pipeline 'egress': start
[20:28:26.959] [bmv2] [T] [thread 42388] [10.0] [cxt 0] /home/mario/Escritorio/TFG/p4-utils/escenarios/MPLS/mpls.p4(247) Condition "hdr.mpls.isValid()" (node_12) is false
[20:28:26.959] [bmv2] [D] [thread 42388] [10.0] [cxt 0] Pipeline 'egress': end
[20:28:26.959] [bmv2] [D] [thread 42388] [10.0] [cxt 0] Deparser 'deparser': start
[20:28:26.959] [bmv2] [T] [thread 42388] [10.0] [cxt 0] Skipping checksum 'cksum' update because condition not met
[20:28:26.959] [bmv2] [D] [thread 42388] [10.0] [cxt 0] Deparsing header 'ethernet'
[20:28:26.959] [bmv2] [D] [thread 42388] [10.0] [cxt 0] Deparser 'deparser': end
[20:28:26.959] [bmv2] [D] [thread 42392] [10.0] [cxt 0] Transmitting packet of size 70 out of port 0
[20:28:26.959] [bmv2] [D] [thread 42387] [11.0] [cxt 0] Processing packet received on port 5
[20:28:26.959] [bmv2] [D] [thread 42387] [11.0] [cxt 0] Parser 'parser': start
[20:28:26.959] [bmv2] [D] [thread 42387] [11.0] [cxt 0] Parser 'parser' entering state 'start'
[20:28:26.959] [bmv2] [D] [thread 42387] [11.0] [cxt 0] Extracting header 'ethernet'
[20:28:26.959] [bmv2] [D] [thread 42387] [11.0] [cxt 0] Parser state 'start': key is 86dd
[20:28:26.959] [bmv2] [T] [thread 42387] [11.0] [cxt 0] Bytes parsed: 14
[20:28:26.959] [bmv2] [D] [thread 42387] [11.0] [cxt 0] Parser 'parser': end
[20:28:26.959] [bmv2] [D] [thread 42387] [11.0] [cxt 0] Pipeline 'ingress': start
[20:28:26.959] [bmv2] [T] [thread 42387] [11.0] [cxt 0] Applying table 'MyIngress.check_is_ingress_border'
[20:28:26.959] [bmv2] [D] [thread 42387] [11.0] [cxt 0] Looking up key:
* standard_metadata.ingress_port: 0005

[20:28:26.959] [bmv2] [D] [thread 42387] [11.0] [cxt 0] Table 'MyIngress.check_is_ingress_border': miss
[20:28:26.959] [bmv2] [D] [thread 42387] [11.0] [cxt 0] Action entry is NoAction - 
[20:28:26.959] [bmv2] [T] [thread 42387] [11.0] [cxt 0] Action NoAction
[20:28:26.959] [bmv2] [T] [thread 42387] [11.0] [cxt 0] /home/mario/Escritorio/TFG/p4-utils/escenarios/MPLS/mpls.p4(193) Condition "meta.is_ingress_border == 1" (node_3) is false
[20:28:26.959] [bmv2] [T] [thread 42387] [11.0] [cxt 0] /home/mario/Escritorio/TFG/p4-utils/escenarios/MPLS/mpls.p4(204) Condition "hdr.mpls.isValid()" (node_6) is false
[20:28:26.959] [bmv2] [T] [thread 42387] [11.0] [cxt 0] /home/mario/Escritorio/TFG/p4-utils/escenarios/MPLS/mpls.p4(209) Condition "hdr.ipv4.isValid()" (node_8) is false
[20:28:26.959] [bmv2] [D] [thread 42387] [11.0] [cxt 0] Pipeline 'ingress': end
[20:28:26.959] [bmv2] [D] [thread 42387] [11.0] [cxt 0] Egress port is 0
[20:28:26.959] [bmv2] [D] [thread 42388] [11.0] [cxt 0] Pipeline 'egress': start
[20:28:26.959] [bmv2] [T] [thread 42388] [11.0] [cxt 0] /home/mario/Escritorio/TFG/p4-utils/escenarios/MPLS/mpls.p4(247) Condition "hdr.mpls.isValid()" (node_12) is false
[20:28:26.959] [bmv2] [D] [thread 42388] [11.0] [cxt 0] Pipeline 'egress': end
[20:28:26.959] [bmv2] [D] [thread 42388] [11.0] [cxt 0] Deparser 'deparser': start
[20:28:26.959] [bmv2] [T] [thread 42388] [11.0] [cxt 0] Skipping checksum 'cksum' update because condition not met
[20:28:26.959] [bmv2] [D] [thread 42388] [11.0] [cxt 0] Deparsing header 'ethernet'
[20:28:26.959] [bmv2] [D] [thread 42388] [11.0] [cxt 0] Deparser 'deparser': end
[20:28:26.962] [bmv2] [D] [thread 42392] [11.0] [cxt 0] Transmitting packet of size 70 out of port 0
[20:28:26.964] [bmv2] [D] [thread 42387] [12.0] [cxt 0] Processing packet received on port 2
[20:28:26.964] [bmv2] [D] [thread 42387] [12.0] [cxt 0] Parser 'parser': start
[20:28:26.964] [bmv2] [D] [thread 42387] [12.0] [cxt 0] Parser 'parser' entering state 'start'
[20:28:26.964] [bmv2] [D] [thread 42387] [12.0] [cxt 0] Extracting header 'ethernet'
[20:28:26.964] [bmv2] [D] [thread 42387] [12.0] [cxt 0] Parser state 'start': key is 86dd
[20:28:26.964] [bmv2] [T] [thread 42387] [12.0] [cxt 0] Bytes parsed: 14
[20:28:26.964] [bmv2] [D] [thread 42387] [12.0] [cxt 0] Parser 'parser': end
[20:28:26.964] [bmv2] [D] [thread 42387] [12.0] [cxt 0] Pipeline 'ingress': start
[20:28:26.964] [bmv2] [T] [thread 42387] [12.0] [cxt 0] Applying table 'MyIngress.check_is_ingress_border'
[20:28:26.964] [bmv2] [D] [thread 42387] [12.0] [cxt 0] Looking up key:
* standard_metadata.ingress_port: 0002

[20:28:26.964] [bmv2] [D] [thread 42387] [12.0] [cxt 0] Table 'MyIngress.check_is_ingress_border': miss
[20:28:26.964] [bmv2] [D] [thread 42387] [12.0] [cxt 0] Action entry is NoAction - 
[20:28:26.964] [bmv2] [T] [thread 42387] [12.0] [cxt 0] Action NoAction
[20:28:26.965] [bmv2] [T] [thread 42387] [12.0] [cxt 0] /home/mario/Escritorio/TFG/p4-utils/escenarios/MPLS/mpls.p4(193) Condition "meta.is_ingress_border == 1" (node_3) is false
[20:28:26.965] [bmv2] [T] [thread 42387] [12.0] [cxt 0] /home/mario/Escritorio/TFG/p4-utils/escenarios/MPLS/mpls.p4(204) Condition "hdr.mpls.isValid()" (node_6) is false
[20:28:26.965] [bmv2] [T] [thread 42387] [12.0] [cxt 0] /home/mario/Escritorio/TFG/p4-utils/escenarios/MPLS/mpls.p4(209) Condition "hdr.ipv4.isValid()" (node_8) is false
[20:28:26.965] [bmv2] [D] [thread 42387] [12.0] [cxt 0] Pipeline 'ingress': end
[20:28:26.965] [bmv2] [D] [thread 42387] [12.0] [cxt 0] Egress port is 0
[20:28:26.965] [bmv2] [D] [thread 42388] [12.0] [cxt 0] Pipeline 'egress': start
[20:28:26.965] [bmv2] [T] [thread 42388] [12.0] [cxt 0] /home/mario/Escritorio/TFG/p4-utils/escenarios/MPLS/mpls.p4(247) Condition "hdr.mpls.isValid()" (node_12) is false
[20:28:26.965] [bmv2] [D] [thread 42388] [12.0] [cxt 0] Pipeline 'egress': end
[20:28:26.965] [bmv2] [D] [thread 42388] [12.0] [cxt 0] Deparser 'deparser': start
[20:28:26.965] [bmv2] [T] [thread 42388] [12.0] [cxt 0] Skipping checksum 'cksum' update because condition not met
[20:28:26.965] [bmv2] [D] [thread 42388] [12.0] [cxt 0] Deparsing header 'ethernet'
[20:28:26.965] [bmv2] [D] [thread 42388] [12.0] [cxt 0] Deparser 'deparser': end
[20:28:26.965] [bmv2] [D] [thread 42392] [12.0] [cxt 0] Transmitting packet of size 210 out of port 0
[20:28:26.990] [bmv2] [D] [thread 42387] [13.0] [cxt 0] Processing packet received on port 1
[20:28:26.990] [bmv2] [D] [thread 42387] [13.0] [cxt 0] Parser 'parser': start
[20:28:26.990] [bmv2] [D] [thread 42387] [13.0] [cxt 0] Parser 'parser' entering state 'start'
[20:28:26.990] [bmv2] [D] [thread 42387] [13.0] [cxt 0] Extracting header 'ethernet'
[20:28:26.990] [bmv2] [D] [thread 42387] [13.0] [cxt 0] Parser state 'start': key is 86dd
[20:28:26.990] [bmv2] [T] [thread 42387] [13.0] [cxt 0] Bytes parsed: 14
[20:28:26.990] [bmv2] [D] [thread 42387] [13.0] [cxt 0] Parser 'parser': end
[20:28:26.990] [bmv2] [D] [thread 42387] [13.0] [cxt 0] Pipeline 'ingress': start
[20:28:26.990] [bmv2] [T] [thread 42387] [13.0] [cxt 0] Applying table 'MyIngress.check_is_ingress_border'
[20:28:26.991] [bmv2] [D] [thread 42387] [13.0] [cxt 0] Looking up key:
* standard_metadata.ingress_port: 0001

[20:28:26.991] [bmv2] [D] [thread 42387] [13.0] [cxt 0] Table 'MyIngress.check_is_ingress_border': miss
[20:28:26.991] [bmv2] [D] [thread 42387] [13.0] [cxt 0] Action entry is NoAction - 
[20:28:26.991] [bmv2] [T] [thread 42387] [13.0] [cxt 0] Action NoAction
[20:28:26.991] [bmv2] [T] [thread 42387] [13.0] [cxt 0] /home/mario/Escritorio/TFG/p4-utils/escenarios/MPLS/mpls.p4(193) Condition "meta.is_ingress_border == 1" (node_3) is false
[20:28:26.991] [bmv2] [T] [thread 42387] [13.0] [cxt 0] /home/mario/Escritorio/TFG/p4-utils/escenarios/MPLS/mpls.p4(204) Condition "hdr.mpls.isValid()" (node_6) is false
[20:28:26.991] [bmv2] [T] [thread 42387] [13.0] [cxt 0] /home/mario/Escritorio/TFG/p4-utils/escenarios/MPLS/mpls.p4(209) Condition "hdr.ipv4.isValid()" (node_8) is false
[20:28:26.991] [bmv2] [D] [thread 42387] [13.0] [cxt 0] Pipeline 'ingress': end
[20:28:26.991] [bmv2] [D] [thread 42387] [13.0] [cxt 0] Egress port is 0
[20:28:26.991] [bmv2] [D] [thread 42388] [13.0] [cxt 0] Pipeline 'egress': start
[20:28:26.991] [bmv2] [T] [thread 42388] [13.0] [cxt 0] /home/mario/Escritorio/TFG/p4-utils/escenarios/MPLS/mpls.p4(247) Condition "hdr.mpls.isValid()" (node_12) is false
[20:28:26.991] [bmv2] [D] [thread 42388] [13.0] [cxt 0] Pipeline 'egress': end
[20:28:26.991] [bmv2] [D] [thread 42388] [13.0] [cxt 0] Deparser 'deparser': start
[20:28:26.991] [bmv2] [T] [thread 42388] [13.0] [cxt 0] Skipping checksum 'cksum' update because condition not met
[20:28:26.991] [bmv2] [D] [thread 42388] [13.0] [cxt 0] Deparsing header 'ethernet'
[20:28:26.991] [bmv2] [D] [thread 42388] [13.0] [cxt 0] Deparser 'deparser': end
[20:28:26.991] [bmv2] [D] [thread 42392] [13.0] [cxt 0] Transmitting packet of size 210 out of port 0
[20:28:27.278] [bmv2] [D] [thread 42387] [14.0] [cxt 0] Processing packet received on port 5
[20:28:27.278] [bmv2] [D] [thread 42387] [14.0] [cxt 0] Parser 'parser': start
[20:28:27.278] [bmv2] [D] [thread 42387] [14.0] [cxt 0] Parser 'parser' entering state 'start'
[20:28:27.278] [bmv2] [D] [thread 42387] [14.0] [cxt 0] Extracting header 'ethernet'
[20:28:27.278] [bmv2] [D] [thread 42387] [14.0] [cxt 0] Parser state 'start': key is 86dd
[20:28:27.278] [bmv2] [T] [thread 42387] [14.0] [cxt 0] Bytes parsed: 14
[20:28:27.278] [bmv2] [D] [thread 42387] [14.0] [cxt 0] Parser 'parser': end
[20:28:27.278] [bmv2] [D] [thread 42387] [14.0] [cxt 0] Pipeline 'ingress': start
[20:28:27.278] [bmv2] [T] [thread 42387] [14.0] [cxt 0] Applying table 'MyIngress.check_is_ingress_border'
[20:28:27.278] [bmv2] [D] [thread 42387] [14.0] [cxt 0] Looking up key:
* standard_metadata.ingress_port: 0005

[20:28:27.278] [bmv2] [D] [thread 42387] [14.0] [cxt 0] Table 'MyIngress.check_is_ingress_border': miss
[20:28:27.278] [bmv2] [D] [thread 42387] [14.0] [cxt 0] Action entry is NoAction - 
[20:28:27.278] [bmv2] [T] [thread 42387] [14.0] [cxt 0] Action NoAction
[20:28:27.278] [bmv2] [T] [thread 42387] [14.0] [cxt 0] /home/mario/Escritorio/TFG/p4-utils/escenarios/MPLS/mpls.p4(193) Condition "meta.is_ingress_border == 1" (node_3) is false
[20:28:27.278] [bmv2] [T] [thread 42387] [14.0] [cxt 0] /home/mario/Escritorio/TFG/p4-utils/escenarios/MPLS/mpls.p4(204) Condition "hdr.mpls.isValid()" (node_6) is false
[20:28:27.278] [bmv2] [T] [thread 42387] [14.0] [cxt 0] /home/mario/Escritorio/TFG/p4-utils/escenarios/MPLS/mpls.p4(209) Condition "hdr.ipv4.isValid()" (node_8) is false
[20:28:27.278] [bmv2] [D] [thread 42387] [14.0] [cxt 0] Pipeline 'ingress': end
[20:28:27.278] [bmv2] [D] [thread 42387] [14.0] [cxt 0] Egress port is 0
[20:28:27.278] [bmv2] [D] [thread 42388] [14.0] [cxt 0] Pipeline 'egress': start
[20:28:27.278] [bmv2] [T] [thread 42388] [14.0] [cxt 0] /home/mario/Escritorio/TFG/p4-utils/escenarios/MPLS/mpls.p4(247) Condition "hdr.mpls.isValid()" (node_12) is false
[20:28:27.278] [bmv2] [D] [thread 42388] [14.0] [cxt 0] Pipeline 'egress': end
[20:28:27.278] [bmv2] [D] [thread 42388] [14.0] [cxt 0] Deparser 'deparser': start
[20:28:27.278] [bmv2] [T] [thread 42388] [14.0] [cxt 0] Skipping checksum 'cksum' update because condition not met
[20:28:27.278] [bmv2] [D] [thread 42388] [14.0] [cxt 0] Deparsing header 'ethernet'
[20:28:27.278] [bmv2] [D] [thread 42388] [14.0] [cxt 0] Deparser 'deparser': end
[20:28:27.278] [bmv2] [D] [thread 42392] [14.0] [cxt 0] Transmitting packet of size 210 out of port 0
[20:28:27.343] [bmv2] [D] [thread 42387] [15.0] [cxt 0] Processing packet received on port 4
[20:28:27.343] [bmv2] [D] [thread 42387] [15.0] [cxt 0] Parser 'parser': start
[20:28:27.343] [bmv2] [D] [thread 42387] [15.0] [cxt 0] Parser 'parser' entering state 'start'
[20:28:27.343] [bmv2] [D] [thread 42387] [15.0] [cxt 0] Extracting header 'ethernet'
[20:28:27.343] [bmv2] [D] [thread 42387] [15.0] [cxt 0] Parser state 'start': key is 86dd
[20:28:27.343] [bmv2] [T] [thread 42387] [15.0] [cxt 0] Bytes parsed: 14
[20:28:27.343] [bmv2] [D] [thread 42387] [15.0] [cxt 0] Parser 'parser': end
[20:28:27.343] [bmv2] [D] [thread 42387] [15.0] [cxt 0] Pipeline 'ingress': start
[20:28:27.343] [bmv2] [T] [thread 42387] [15.0] [cxt 0] Applying table 'MyIngress.check_is_ingress_border'
[20:28:27.343] [bmv2] [D] [thread 42387] [15.0] [cxt 0] Looking up key:
* standard_metadata.ingress_port: 0004

[20:28:27.343] [bmv2] [D] [thread 42387] [15.0] [cxt 0] Table 'MyIngress.check_is_ingress_border': miss
[20:28:27.343] [bmv2] [D] [thread 42387] [15.0] [cxt 0] Action entry is NoAction - 
[20:28:27.343] [bmv2] [T] [thread 42387] [15.0] [cxt 0] Action NoAction
[20:28:27.343] [bmv2] [T] [thread 42387] [15.0] [cxt 0] /home/mario/Escritorio/TFG/p4-utils/escenarios/MPLS/mpls.p4(193) Condition "meta.is_ingress_border == 1" (node_3) is false
[20:28:27.343] [bmv2] [T] [thread 42387] [15.0] [cxt 0] /home/mario/Escritorio/TFG/p4-utils/escenarios/MPLS/mpls.p4(204) Condition "hdr.mpls.isValid()" (node_6) is false
[20:28:27.343] [bmv2] [T] [thread 42387] [15.0] [cxt 0] /home/mario/Escritorio/TFG/p4-utils/escenarios/MPLS/mpls.p4(209) Condition "hdr.ipv4.isValid()" (node_8) is false
[20:28:27.343] [bmv2] [D] [thread 42387] [15.0] [cxt 0] Pipeline 'ingress': end
[20:28:27.343] [bmv2] [D] [thread 42387] [15.0] [cxt 0] Egress port is 0
[20:28:27.343] [bmv2] [D] [thread 42388] [15.0] [cxt 0] Pipeline 'egress': start
[20:28:27.343] [bmv2] [T] [thread 42388] [15.0] [cxt 0] /home/mario/Escritorio/TFG/p4-utils/escenarios/MPLS/mpls.p4(247) Condition "hdr.mpls.isValid()" (node_12) is false
[20:28:27.343] [bmv2] [D] [thread 42388] [15.0] [cxt 0] Pipeline 'egress': end
[20:28:27.343] [bmv2] [D] [thread 42388] [15.0] [cxt 0] Deparser 'deparser': start
[20:28:27.343] [bmv2] [T] [thread 42388] [15.0] [cxt 0] Skipping checksum 'cksum' update because condition not met
[20:28:27.343] [bmv2] [D] [thread 42388] [15.0] [cxt 0] Deparsing header 'ethernet'
[20:28:27.343] [bmv2] [D] [thread 42388] [15.0] [cxt 0] Deparser 'deparser': end
[20:28:27.343] [bmv2] [D] [thread 42392] [15.0] [cxt 0] Transmitting packet of size 210 out of port 0
[20:28:27.630] [bmv2] [D] [thread 42387] [16.0] [cxt 0] Processing packet received on port 5
[20:28:27.630] [bmv2] [D] [thread 42387] [16.0] [cxt 0] Parser 'parser': start
[20:28:27.630] [bmv2] [D] [thread 42387] [16.0] [cxt 0] Parser 'parser' entering state 'start'
[20:28:27.630] [bmv2] [D] [thread 42387] [16.0] [cxt 0] Extracting header 'ethernet'
[20:28:27.630] [bmv2] [D] [thread 42387] [16.0] [cxt 0] Parser state 'start': key is 86dd
[20:28:27.630] [bmv2] [T] [thread 42387] [16.0] [cxt 0] Bytes parsed: 14
[20:28:27.630] [bmv2] [D] [thread 42387] [16.0] [cxt 0] Parser 'parser': end
[20:28:27.630] [bmv2] [D] [thread 42387] [16.0] [cxt 0] Pipeline 'ingress': start
[20:28:27.630] [bmv2] [T] [thread 42387] [16.0] [cxt 0] Applying table 'MyIngress.check_is_ingress_border'
[20:28:27.630] [bmv2] [D] [thread 42387] [16.0] [cxt 0] Looking up key:
* standard_metadata.ingress_port: 0005

[20:28:27.630] [bmv2] [D] [thread 42387] [16.0] [cxt 0] Table 'MyIngress.check_is_ingress_border': miss
[20:28:27.630] [bmv2] [D] [thread 42387] [16.0] [cxt 0] Action entry is NoAction - 
[20:28:27.630] [bmv2] [T] [thread 42387] [16.0] [cxt 0] Action NoAction
[20:28:27.630] [bmv2] [T] [thread 42387] [16.0] [cxt 0] /home/mario/Escritorio/TFG/p4-utils/escenarios/MPLS/mpls.p4(193) Condition "meta.is_ingress_border == 1" (node_3) is false
[20:28:27.630] [bmv2] [T] [thread 42387] [16.0] [cxt 0] /home/mario/Escritorio/TFG/p4-utils/escenarios/MPLS/mpls.p4(204) Condition "hdr.mpls.isValid()" (node_6) is false
[20:28:27.630] [bmv2] [T] [thread 42387] [16.0] [cxt 0] /home/mario/Escritorio/TFG/p4-utils/escenarios/MPLS/mpls.p4(209) Condition "hdr.ipv4.isValid()" (node_8) is false
[20:28:27.630] [bmv2] [D] [thread 42387] [16.0] [cxt 0] Pipeline 'ingress': end
[20:28:27.630] [bmv2] [D] [thread 42387] [16.0] [cxt 0] Egress port is 0
[20:28:27.630] [bmv2] [D] [thread 42388] [16.0] [cxt 0] Pipeline 'egress': start
[20:28:27.630] [bmv2] [T] [thread 42388] [16.0] [cxt 0] /home/mario/Escritorio/TFG/p4-utils/escenarios/MPLS/mpls.p4(247) Condition "hdr.mpls.isValid()" (node_12) is false
[20:28:27.630] [bmv2] [D] [thread 42388] [16.0] [cxt 0] Pipeline 'egress': end
[20:28:27.630] [bmv2] [D] [thread 42388] [16.0] [cxt 0] Deparser 'deparser': start
[20:28:27.630] [bmv2] [T] [thread 42388] [16.0] [cxt 0] Skipping checksum 'cksum' update because condition not met
[20:28:27.630] [bmv2] [D] [thread 42388] [16.0] [cxt 0] Deparsing header 'ethernet'
[20:28:27.630] [bmv2] [D] [thread 42388] [16.0] [cxt 0] Deparser 'deparser': end
[20:28:27.630] [bmv2] [D] [thread 42392] [16.0] [cxt 0] Transmitting packet of size 210 out of port 0
[20:28:27.728] [bmv2] [D] [thread 42387] [17.0] [cxt 0] Processing packet received on port 5
[20:28:27.728] [bmv2] [D] [thread 42387] [17.0] [cxt 0] Parser 'parser': start
[20:28:27.728] [bmv2] [D] [thread 42387] [17.0] [cxt 0] Parser 'parser' entering state 'start'
[20:28:27.728] [bmv2] [D] [thread 42387] [17.0] [cxt 0] Extracting header 'ethernet'
[20:28:27.728] [bmv2] [D] [thread 42387] [17.0] [cxt 0] Parser state 'start': key is 86dd
[20:28:27.728] [bmv2] [T] [thread 42387] [17.0] [cxt 0] Bytes parsed: 14
[20:28:27.728] [bmv2] [D] [thread 42387] [17.0] [cxt 0] Parser 'parser': end
[20:28:27.728] [bmv2] [D] [thread 42387] [17.0] [cxt 0] Pipeline 'ingress': start
[20:28:27.728] [bmv2] [T] [thread 42387] [17.0] [cxt 0] Applying table 'MyIngress.check_is_ingress_border'
[20:28:27.728] [bmv2] [D] [thread 42387] [17.0] [cxt 0] Looking up key:
* standard_metadata.ingress_port: 0005

[20:28:27.728] [bmv2] [D] [thread 42387] [17.0] [cxt 0] Table 'MyIngress.check_is_ingress_border': miss
[20:28:27.728] [bmv2] [D] [thread 42387] [17.0] [cxt 0] Action entry is NoAction - 
[20:28:27.728] [bmv2] [T] [thread 42387] [17.0] [cxt 0] Action NoAction
[20:28:27.728] [bmv2] [T] [thread 42387] [17.0] [cxt 0] /home/mario/Escritorio/TFG/p4-utils/escenarios/MPLS/mpls.p4(193) Condition "meta.is_ingress_border == 1" (node_3) is false
[20:28:27.728] [bmv2] [T] [thread 42387] [17.0] [cxt 0] /home/mario/Escritorio/TFG/p4-utils/escenarios/MPLS/mpls.p4(204) Condition "hdr.mpls.isValid()" (node_6) is false
[20:28:27.728] [bmv2] [T] [thread 42387] [17.0] [cxt 0] /home/mario/Escritorio/TFG/p4-utils/escenarios/MPLS/mpls.p4(209) Condition "hdr.ipv4.isValid()" (node_8) is false
[20:28:27.728] [bmv2] [D] [thread 42387] [17.0] [cxt 0] Pipeline 'ingress': end
[20:28:27.728] [bmv2] [D] [thread 42387] [17.0] [cxt 0] Egress port is 0
[20:28:27.728] [bmv2] [D] [thread 42388] [17.0] [cxt 0] Pipeline 'egress': start
[20:28:27.729] [bmv2] [T] [thread 42388] [17.0] [cxt 0] /home/mario/Escritorio/TFG/p4-utils/escenarios/MPLS/mpls.p4(247) Condition "hdr.mpls.isValid()" (node_12) is false
[20:28:27.729] [bmv2] [D] [thread 42388] [17.0] [cxt 0] Pipeline 'egress': end
[20:28:27.729] [bmv2] [D] [thread 42388] [17.0] [cxt 0] Deparser 'deparser': start
[20:28:27.729] [bmv2] [T] [thread 42388] [17.0] [cxt 0] Skipping checksum 'cksum' update because condition not met
[20:28:27.729] [bmv2] [D] [thread 42388] [17.0] [cxt 0] Deparsing header 'ethernet'
[20:28:27.729] [bmv2] [D] [thread 42388] [17.0] [cxt 0] Deparser 'deparser': end
[20:28:27.729] [bmv2] [D] [thread 42392] [17.0] [cxt 0] Transmitting packet of size 70 out of port 0
[20:28:27.762] [bmv2] [D] [thread 42387] [18.0] [cxt 0] Processing packet received on port 4
[20:28:27.762] [bmv2] [D] [thread 42387] [18.0] [cxt 0] Parser 'parser': start
[20:28:27.762] [bmv2] [D] [thread 42387] [18.0] [cxt 0] Parser 'parser' entering state 'start'
[20:28:27.762] [bmv2] [D] [thread 42387] [18.0] [cxt 0] Extracting header 'ethernet'
[20:28:27.762] [bmv2] [D] [thread 42387] [18.0] [cxt 0] Parser state 'start': key is 86dd
[20:28:27.762] [bmv2] [T] [thread 42387] [18.0] [cxt 0] Bytes parsed: 14
[20:28:27.762] [bmv2] [D] [thread 42387] [18.0] [cxt 0] Parser 'parser': end
[20:28:27.762] [bmv2] [D] [thread 42387] [18.0] [cxt 0] Pipeline 'ingress': start
[20:28:27.762] [bmv2] [T] [thread 42387] [18.0] [cxt 0] Applying table 'MyIngress.check_is_ingress_border'
[20:28:27.762] [bmv2] [D] [thread 42387] [18.0] [cxt 0] Looking up key:
* standard_metadata.ingress_port: 0004

[20:28:27.762] [bmv2] [D] [thread 42387] [18.0] [cxt 0] Table 'MyIngress.check_is_ingress_border': miss
[20:28:27.762] [bmv2] [D] [thread 42387] [18.0] [cxt 0] Action entry is NoAction - 
[20:28:27.762] [bmv2] [T] [thread 42387] [18.0] [cxt 0] Action NoAction
[20:28:27.762] [bmv2] [T] [thread 42387] [18.0] [cxt 0] /home/mario/Escritorio/TFG/p4-utils/escenarios/MPLS/mpls.p4(193) Condition "meta.is_ingress_border == 1" (node_3) is false
[20:28:27.762] [bmv2] [T] [thread 42387] [18.0] [cxt 0] /home/mario/Escritorio/TFG/p4-utils/escenarios/MPLS/mpls.p4(204) Condition "hdr.mpls.isValid()" (node_6) is false
[20:28:27.762] [bmv2] [T] [thread 42387] [18.0] [cxt 0] /home/mario/Escritorio/TFG/p4-utils/escenarios/MPLS/mpls.p4(209) Condition "hdr.ipv4.isValid()" (node_8) is false
[20:28:27.762] [bmv2] [D] [thread 42387] [18.0] [cxt 0] Pipeline 'ingress': end
[20:28:27.762] [bmv2] [D] [thread 42387] [18.0] [cxt 0] Egress port is 0
[20:28:27.762] [bmv2] [D] [thread 42388] [18.0] [cxt 0] Pipeline 'egress': start
[20:28:27.762] [bmv2] [T] [thread 42388] [18.0] [cxt 0] /home/mario/Escritorio/TFG/p4-utils/escenarios/MPLS/mpls.p4(247) Condition "hdr.mpls.isValid()" (node_12) is false
[20:28:27.762] [bmv2] [D] [thread 42388] [18.0] [cxt 0] Pipeline 'egress': end
[20:28:27.762] [bmv2] [D] [thread 42388] [18.0] [cxt 0] Deparser 'deparser': start
[20:28:27.762] [bmv2] [T] [thread 42388] [18.0] [cxt 0] Skipping checksum 'cksum' update because condition not met
[20:28:27.762] [bmv2] [D] [thread 42388] [18.0] [cxt 0] Deparsing header 'ethernet'
[20:28:27.762] [bmv2] [D] [thread 42388] [18.0] [cxt 0] Deparser 'deparser': end
[20:28:27.763] [bmv2] [D] [thread 42392] [18.0] [cxt 0] Transmitting packet of size 210 out of port 0
[20:28:27.982] [bmv2] [D] [thread 42387] [19.0] [cxt 0] Processing packet received on port 4
[20:28:27.982] [bmv2] [D] [thread 42387] [19.0] [cxt 0] Parser 'parser': start
[20:28:27.982] [bmv2] [D] [thread 42387] [19.0] [cxt 0] Parser 'parser' entering state 'start'
[20:28:27.982] [bmv2] [D] [thread 42387] [19.0] [cxt 0] Extracting header 'ethernet'
[20:28:27.982] [bmv2] [D] [thread 42387] [19.0] [cxt 0] Parser state 'start': key is 86dd
[20:28:27.982] [bmv2] [T] [thread 42387] [19.0] [cxt 0] Bytes parsed: 14
[20:28:27.982] [bmv2] [D] [thread 42387] [19.0] [cxt 0] Parser 'parser': end
[20:28:27.982] [bmv2] [D] [thread 42387] [19.0] [cxt 0] Pipeline 'ingress': start
[20:28:27.982] [bmv2] [T] [thread 42387] [19.0] [cxt 0] Applying table 'MyIngress.check_is_ingress_border'
[20:28:27.982] [bmv2] [D] [thread 42387] [19.0] [cxt 0] Looking up key:
* standard_metadata.ingress_port: 0004

[20:28:27.982] [bmv2] [D] [thread 42387] [19.0] [cxt 0] Table 'MyIngress.check_is_ingress_border': miss
[20:28:27.982] [bmv2] [D] [thread 42387] [19.0] [cxt 0] Action entry is NoAction - 
[20:28:27.982] [bmv2] [T] [thread 42387] [19.0] [cxt 0] Action NoAction
[20:28:27.983] [bmv2] [T] [thread 42387] [19.0] [cxt 0] /home/mario/Escritorio/TFG/p4-utils/escenarios/MPLS/mpls.p4(193) Condition "meta.is_ingress_border == 1" (node_3) is false
[20:28:27.983] [bmv2] [T] [thread 42387] [19.0] [cxt 0] /home/mario/Escritorio/TFG/p4-utils/escenarios/MPLS/mpls.p4(204) Condition "hdr.mpls.isValid()" (node_6) is false
[20:28:27.983] [bmv2] [T] [thread 42387] [19.0] [cxt 0] /home/mario/Escritorio/TFG/p4-utils/escenarios/MPLS/mpls.p4(209) Condition "hdr.ipv4.isValid()" (node_8) is false
[20:28:27.983] [bmv2] [D] [thread 42387] [19.0] [cxt 0] Pipeline 'ingress': end
[20:28:27.983] [bmv2] [D] [thread 42387] [19.0] [cxt 0] Egress port is 0
[20:28:27.983] [bmv2] [D] [thread 42388] [19.0] [cxt 0] Pipeline 'egress': start
[20:28:27.983] [bmv2] [T] [thread 42388] [19.0] [cxt 0] /home/mario/Escritorio/TFG/p4-utils/escenarios/MPLS/mpls.p4(247) Condition "hdr.mpls.isValid()" (node_12) is false
[20:28:27.983] [bmv2] [D] [thread 42388] [19.0] [cxt 0] Pipeline 'egress': end
[20:28:27.983] [bmv2] [D] [thread 42388] [19.0] [cxt 0] Deparser 'deparser': start
[20:28:27.983] [bmv2] [T] [thread 42388] [19.0] [cxt 0] Skipping checksum 'cksum' update because condition not met
[20:28:27.983] [bmv2] [D] [thread 42388] [19.0] [cxt 0] Deparsing header 'ethernet'
[20:28:27.983] [bmv2] [D] [thread 42388] [19.0] [cxt 0] Deparser 'deparser': end
[20:28:27.983] [bmv2] [D] [thread 42392] [19.0] [cxt 0] Transmitting packet of size 70 out of port 0
[20:29:10.404] [bmv2] [D] [thread 43421] Set default default entry for table 'MyIngress.check_is_ingress_border': NoAction - 
[20:29:10.404] [bmv2] [D] [thread 43421] Set default default entry for table 'MyIngress.fec_to_label': NoAction - 
[20:29:10.404] [bmv2] [D] [thread 43421] Set default default entry for table 'MyIngress.mpls_tbl': MyIngress.drop - 
[20:29:10.404] [bmv2] [D] [thread 43421] Set default default entry for table 'MyIngress.ipv4_lpm': MyIngress.drop - 
[20:29:10.404] [bmv2] [D] [thread 43421] Set default default entry for table 'MyEgress.check_is_egress_border': NoAction - 
[20:29:10.406] [bmv2] [D] [thread 43421] simple_switch target has been notified of a config swap
[20:29:10.603] [bmv2] [D] [thread 43426] Entry 0 added to table 'MyIngress.check_is_ingress_border'
[20:29:10.603] [bmv2] [D] [thread 43426] Dumping entry 0
Match key:
* standard_metadata.ingress_port: EXACT     0001
Action entry: MyIngress.set_is_ingress_border - 

[20:29:10.608] [bmv2] [D] [thread 43432] Entry 0 added to table 'MyIngress.fec_to_label'
[20:29:10.608] [bmv2] [D] [thread 43432] Dumping entry 0
Match key:
* hdr.ipv4.dstAddr    : LPM       0a010102/32
Action entry: MyIngress.add_mpls_header - 1,

[20:29:10.613] [bmv2] [D] [thread 43426] Entry 1 added to table 'MyIngress.fec_to_label'
[20:29:10.613] [bmv2] [D] [thread 43426] Dumping entry 1
Match key:
* hdr.ipv4.dstAddr    : LPM       0a060302/32
Action entry: MyIngress.add_mpls_header - 3,

[20:29:10.619] [bmv2] [D] [thread 43432] Entry 2 added to table 'MyIngress.fec_to_label'
[20:29:10.619] [bmv2] [D] [thread 43432] Dumping entry 2
Match key:
* hdr.ipv4.dstAddr    : LPM       0a0a0402/32
Action entry: MyIngress.add_mpls_header - 4,

[20:29:10.625] [bmv2] [D] [thread 43426] Entry 0 added to table 'MyIngress.mpls_tbl'
[20:29:10.625] [bmv2] [D] [thread 43426] Dumping entry 0
Match key:
* hdr.mpls.label      : EXACT     000001
Action entry: MyIngress.mpls_forward - 30500,3,

[20:29:10.635] [bmv2] [D] [thread 43432] Entry 1 added to table 'MyIngress.mpls_tbl'
[20:29:10.635] [bmv2] [D] [thread 43432] Dumping entry 1
Match key:
* hdr.mpls.label      : EXACT     000003
Action entry: MyIngress.mpls_forward - 30500,3,

[20:29:10.638] [bmv2] [D] [thread 43426] Entry 2 added to table 'MyIngress.mpls_tbl'
[20:29:10.638] [bmv2] [D] [thread 43426] Dumping entry 2
Match key:
* hdr.mpls.label      : EXACT     000004
Action entry: MyIngress.mpls_forward - 80500,4,

[20:29:10.641] [bmv2] [D] [thread 43432] Entry 3 added to table 'MyIngress.mpls_tbl'
[20:29:10.641] [bmv2] [D] [thread 43432] Dumping entry 3
Match key:
* hdr.mpls.label      : EXACT     000002
Action entry: MyIngress.mpls_forward - a050202,1,

[20:29:10.643] [bmv2] [D] [thread 43426] Entry 0 added to table 'MyEgress.check_is_egress_border'
[20:29:10.643] [bmv2] [D] [thread 43426] Dumping entry 0
Match key:
* standard_metadata.egress_port: EXACT     0001
Action entry: MyEgress.is_egress_border - 

open: No such file or directory
open: No such file or directory
open: No such file or directory
open: No such file or directory
open: No such file or directory
open: No such file or directory
open: No such file or directory
open: No such file or directory
open: No such file or directory
open: No such file or directory
open: No such file or directory
open: No such file or directory
open: No such file or directory
open: No such file or directory
open: No such file or directory
open: No such file or directory
open: No such file or directory
open: No such file or directory
open: No such file or directory
open: No such file or directory
open: No such file or directory
open: No such file or directory
open: No such file or directory
open: No such file or directory
open: No such file or directory
open: No such file or directory
open: No such file or directory
open: No such file or directory
