Calling target program-options parser
[21:44:52.885] [bmv2] [D] [thread 71166] Set default default entry for table 'MyIngress.check_is_ingress_border': NoAction - 
[21:44:52.885] [bmv2] [D] [thread 71166] Set default default entry for table 'MyIngress.fec_to_label': NoAction - 
[21:44:52.885] [bmv2] [D] [thread 71166] Set default default entry for table 'MyIngress.mpls_tbl': MyIngress.drop - 
[21:44:52.885] [bmv2] [D] [thread 71166] Set default default entry for table 'MyIngress.ipv4_lpm': MyIngress.drop - 
[21:44:52.885] [bmv2] [D] [thread 71166] Set default default entry for table 'MyEgress.check_is_egress_border': NoAction - 
Adding interface s2-eth1 as port 1
[21:44:52.886] [bmv2] [D] [thread 71166] Adding interface s2-eth1 as port 1
Adding interface s2-eth2 as port 2
[21:44:52.913] [bmv2] [D] [thread 71166] Adding interface s2-eth2 as port 2
Server listening on 0.0.0.0:9560
[21:44:52.937] [bmv2] [I] [thread 71166] Starting Thrift server on port 9091
[21:44:52.941] [bmv2] [I] [thread 71166] Thrift server was started
[21:44:52.976] [bmv2] [D] [thread 71177] [0.0] [cxt 0] Processing packet received on port 1
[21:44:52.976] [bmv2] [D] [thread 71177] [0.0] [cxt 0] Parser 'parser': start
[21:44:52.976] [bmv2] [D] [thread 71177] [0.0] [cxt 0] Parser 'parser' entering state 'start'
[21:44:52.976] [bmv2] [D] [thread 71177] [0.0] [cxt 0] Extracting header 'ethernet'
[21:44:52.976] [bmv2] [D] [thread 71177] [0.0] [cxt 0] Parser state 'start': key is 86dd
[21:44:52.976] [bmv2] [T] [thread 71177] [0.0] [cxt 0] Bytes parsed: 14
[21:44:52.976] [bmv2] [D] [thread 71177] [0.0] [cxt 0] Parser 'parser': end
[21:44:52.976] [bmv2] [D] [thread 71177] [0.0] [cxt 0] Pipeline 'ingress': start
[21:44:52.976] [bmv2] [T] [thread 71177] [0.0] [cxt 0] Applying table 'MyIngress.check_is_ingress_border'
[21:44:52.976] [bmv2] [D] [thread 71177] [0.0] [cxt 0] Looking up key:
* standard_metadata.ingress_port: 0001

[21:44:52.976] [bmv2] [D] [thread 71177] [0.0] [cxt 0] Table 'MyIngress.check_is_ingress_border': miss
[21:44:52.976] [bmv2] [D] [thread 71177] [0.0] [cxt 0] Action entry is NoAction - 
[21:44:52.976] [bmv2] [T] [thread 71177] [0.0] [cxt 0] Action NoAction
[21:44:52.976] [bmv2] [T] [thread 71177] [0.0] [cxt 0] /home/mario/Escritorio/TFG/p4-utils/escenarios/MPLS/mpls.p4(193) Condition "meta.is_ingress_border == 1" (node_3) is false
[21:44:52.976] [bmv2] [T] [thread 71177] [0.0] [cxt 0] /home/mario/Escritorio/TFG/p4-utils/escenarios/MPLS/mpls.p4(204) Condition "hdr.mpls.isValid()" (node_6) is false
[21:44:52.976] [bmv2] [T] [thread 71177] [0.0] [cxt 0] /home/mario/Escritorio/TFG/p4-utils/escenarios/MPLS/mpls.p4(209) Condition "hdr.ipv4.isValid()" (node_8) is false
[21:44:52.976] [bmv2] [D] [thread 71177] [0.0] [cxt 0] Pipeline 'ingress': end
[21:44:52.976] [bmv2] [D] [thread 71177] [0.0] [cxt 0] Egress port is 0
[21:44:52.976] [bmv2] [D] [thread 71178] [0.0] [cxt 0] Pipeline 'egress': start
[21:44:52.976] [bmv2] [T] [thread 71178] [0.0] [cxt 0] /home/mario/Escritorio/TFG/p4-utils/escenarios/MPLS/mpls.p4(247) Condition "hdr.mpls.isValid()" (node_12) is false
[21:44:52.976] [bmv2] [D] [thread 71178] [0.0] [cxt 0] Pipeline 'egress': end
[21:44:52.976] [bmv2] [D] [thread 71178] [0.0] [cxt 0] Deparser 'deparser': start
[21:44:52.976] [bmv2] [T] [thread 71178] [0.0] [cxt 0] Skipping checksum 'cksum' update because condition not met
[21:44:52.976] [bmv2] [D] [thread 71178] [0.0] [cxt 0] Deparsing header 'ethernet'
[21:44:52.976] [bmv2] [D] [thread 71178] [0.0] [cxt 0] Deparser 'deparser': end
[21:44:52.976] [bmv2] [D] [thread 71182] [0.0] [cxt 0] Transmitting packet of size 203 out of port 0
[21:44:53.137] [bmv2] [D] [thread 71177] [1.0] [cxt 0] Processing packet received on port 2
[21:44:53.137] [bmv2] [D] [thread 71177] [1.0] [cxt 0] Parser 'parser': start
[21:44:53.137] [bmv2] [D] [thread 71177] [1.0] [cxt 0] Parser 'parser' entering state 'start'
[21:44:53.137] [bmv2] [D] [thread 71177] [1.0] [cxt 0] Extracting header 'ethernet'
[21:44:53.137] [bmv2] [D] [thread 71177] [1.0] [cxt 0] Parser state 'start': key is 86dd
[21:44:53.137] [bmv2] [T] [thread 71177] [1.0] [cxt 0] Bytes parsed: 14
[21:44:53.137] [bmv2] [D] [thread 71177] [1.0] [cxt 0] Parser 'parser': end
[21:44:53.137] [bmv2] [D] [thread 71177] [1.0] [cxt 0] Pipeline 'ingress': start
[21:44:53.137] [bmv2] [T] [thread 71177] [1.0] [cxt 0] Applying table 'MyIngress.check_is_ingress_border'
[21:44:53.137] [bmv2] [D] [thread 71177] [1.0] [cxt 0] Looking up key:
* standard_metadata.ingress_port: 0002

[21:44:53.137] [bmv2] [D] [thread 71177] [1.0] [cxt 0] Table 'MyIngress.check_is_ingress_border': miss
[21:44:53.137] [bmv2] [D] [thread 71177] [1.0] [cxt 0] Action entry is NoAction - 
[21:44:53.137] [bmv2] [T] [thread 71177] [1.0] [cxt 0] Action NoAction
[21:44:53.137] [bmv2] [T] [thread 71177] [1.0] [cxt 0] /home/mario/Escritorio/TFG/p4-utils/escenarios/MPLS/mpls.p4(193) Condition "meta.is_ingress_border == 1" (node_3) is false
[21:44:53.137] [bmv2] [T] [thread 71177] [1.0] [cxt 0] /home/mario/Escritorio/TFG/p4-utils/escenarios/MPLS/mpls.p4(204) Condition "hdr.mpls.isValid()" (node_6) is false
[21:44:53.137] [bmv2] [T] [thread 71177] [1.0] [cxt 0] /home/mario/Escritorio/TFG/p4-utils/escenarios/MPLS/mpls.p4(209) Condition "hdr.ipv4.isValid()" (node_8) is false
[21:44:53.137] [bmv2] [D] [thread 71177] [1.0] [cxt 0] Pipeline 'ingress': end
[21:44:53.137] [bmv2] [D] [thread 71177] [1.0] [cxt 0] Egress port is 0
[21:44:53.137] [bmv2] [D] [thread 71178] [1.0] [cxt 0] Pipeline 'egress': start
[21:44:53.137] [bmv2] [T] [thread 71178] [1.0] [cxt 0] /home/mario/Escritorio/TFG/p4-utils/escenarios/MPLS/mpls.p4(247) Condition "hdr.mpls.isValid()" (node_12) is false
[21:44:53.137] [bmv2] [D] [thread 71178] [1.0] [cxt 0] Pipeline 'egress': end
[21:44:53.137] [bmv2] [D] [thread 71178] [1.0] [cxt 0] Deparser 'deparser': start
[21:44:53.137] [bmv2] [T] [thread 71178] [1.0] [cxt 0] Skipping checksum 'cksum' update because condition not met
[21:44:53.137] [bmv2] [D] [thread 71178] [1.0] [cxt 0] Deparsing header 'ethernet'
[21:44:53.137] [bmv2] [D] [thread 71178] [1.0] [cxt 0] Deparser 'deparser': end
[21:44:53.137] [bmv2] [D] [thread 71182] [1.0] [cxt 0] Transmitting packet of size 203 out of port 0
[21:44:53.406] [bmv2] [D] [thread 71177] [2.0] [cxt 0] Processing packet received on port 1
[21:44:53.407] [bmv2] [D] [thread 71177] [2.0] [cxt 0] Parser 'parser': start
[21:44:53.407] [bmv2] [D] [thread 71177] [2.0] [cxt 0] Parser 'parser' entering state 'start'
[21:44:53.407] [bmv2] [D] [thread 71177] [2.0] [cxt 0] Extracting header 'ethernet'
[21:44:53.407] [bmv2] [D] [thread 71177] [2.0] [cxt 0] Parser state 'start': key is 86dd
[21:44:53.407] [bmv2] [T] [thread 71177] [2.0] [cxt 0] Bytes parsed: 14
[21:44:53.407] [bmv2] [D] [thread 71177] [2.0] [cxt 0] Parser 'parser': end
[21:44:53.407] [bmv2] [D] [thread 71177] [2.0] [cxt 0] Pipeline 'ingress': start
[21:44:53.407] [bmv2] [T] [thread 71177] [2.0] [cxt 0] Applying table 'MyIngress.check_is_ingress_border'
[21:44:53.407] [bmv2] [D] [thread 71177] [2.0] [cxt 0] Looking up key:
* standard_metadata.ingress_port: 0001

[21:44:53.407] [bmv2] [D] [thread 71177] [2.0] [cxt 0] Table 'MyIngress.check_is_ingress_border': miss
[21:44:53.407] [bmv2] [D] [thread 71177] [2.0] [cxt 0] Action entry is NoAction - 
[21:44:53.407] [bmv2] [T] [thread 71177] [2.0] [cxt 0] Action NoAction
[21:44:53.407] [bmv2] [T] [thread 71177] [2.0] [cxt 0] /home/mario/Escritorio/TFG/p4-utils/escenarios/MPLS/mpls.p4(193) Condition "meta.is_ingress_border == 1" (node_3) is false
[21:44:53.407] [bmv2] [T] [thread 71177] [2.0] [cxt 0] /home/mario/Escritorio/TFG/p4-utils/escenarios/MPLS/mpls.p4(204) Condition "hdr.mpls.isValid()" (node_6) is false
[21:44:53.407] [bmv2] [T] [thread 71177] [2.0] [cxt 0] /home/mario/Escritorio/TFG/p4-utils/escenarios/MPLS/mpls.p4(209) Condition "hdr.ipv4.isValid()" (node_8) is false
[21:44:53.407] [bmv2] [D] [thread 71177] [2.0] [cxt 0] Pipeline 'ingress': end
[21:44:53.407] [bmv2] [D] [thread 71177] [2.0] [cxt 0] Egress port is 0
[21:44:53.407] [bmv2] [D] [thread 71178] [2.0] [cxt 0] Pipeline 'egress': start
[21:44:53.407] [bmv2] [T] [thread 71178] [2.0] [cxt 0] /home/mario/Escritorio/TFG/p4-utils/escenarios/MPLS/mpls.p4(247) Condition "hdr.mpls.isValid()" (node_12) is false
[21:44:53.407] [bmv2] [D] [thread 71178] [2.0] [cxt 0] Pipeline 'egress': end
[21:44:53.407] [bmv2] [D] [thread 71178] [2.0] [cxt 0] Deparser 'deparser': start
[21:44:53.407] [bmv2] [T] [thread 71178] [2.0] [cxt 0] Skipping checksum 'cksum' update because condition not met
[21:44:53.407] [bmv2] [D] [thread 71178] [2.0] [cxt 0] Deparsing header 'ethernet'
[21:44:53.407] [bmv2] [D] [thread 71178] [2.0] [cxt 0] Deparser 'deparser': end
[21:44:53.407] [bmv2] [D] [thread 71182] [2.0] [cxt 0] Transmitting packet of size 210 out of port 0
[21:44:53.423] [bmv2] [D] [thread 71177] [3.0] [cxt 0] Processing packet received on port 1
[21:44:53.423] [bmv2] [D] [thread 71177] [3.0] [cxt 0] Parser 'parser': start
[21:44:53.423] [bmv2] [D] [thread 71177] [3.0] [cxt 0] Parser 'parser' entering state 'start'
[21:44:53.423] [bmv2] [D] [thread 71177] [3.0] [cxt 0] Extracting header 'ethernet'
[21:44:53.423] [bmv2] [D] [thread 71177] [3.0] [cxt 0] Parser state 'start': key is 86dd
[21:44:53.423] [bmv2] [T] [thread 71177] [3.0] [cxt 0] Bytes parsed: 14
[21:44:53.423] [bmv2] [D] [thread 71177] [3.0] [cxt 0] Parser 'parser': end
[21:44:53.423] [bmv2] [D] [thread 71177] [3.0] [cxt 0] Pipeline 'ingress': start
[21:44:53.423] [bmv2] [T] [thread 71177] [3.0] [cxt 0] Applying table 'MyIngress.check_is_ingress_border'
[21:44:53.423] [bmv2] [D] [thread 71177] [3.0] [cxt 0] Looking up key:
* standard_metadata.ingress_port: 0001

[21:44:53.423] [bmv2] [D] [thread 71177] [3.0] [cxt 0] Table 'MyIngress.check_is_ingress_border': miss
[21:44:53.423] [bmv2] [D] [thread 71177] [3.0] [cxt 0] Action entry is NoAction - 
[21:44:53.423] [bmv2] [T] [thread 71177] [3.0] [cxt 0] Action NoAction
[21:44:53.423] [bmv2] [T] [thread 71177] [3.0] [cxt 0] /home/mario/Escritorio/TFG/p4-utils/escenarios/MPLS/mpls.p4(193) Condition "meta.is_ingress_border == 1" (node_3) is false
[21:44:53.423] [bmv2] [T] [thread 71177] [3.0] [cxt 0] /home/mario/Escritorio/TFG/p4-utils/escenarios/MPLS/mpls.p4(204) Condition "hdr.mpls.isValid()" (node_6) is false
[21:44:53.423] [bmv2] [T] [thread 71177] [3.0] [cxt 0] /home/mario/Escritorio/TFG/p4-utils/escenarios/MPLS/mpls.p4(209) Condition "hdr.ipv4.isValid()" (node_8) is false
[21:44:53.423] [bmv2] [D] [thread 71177] [3.0] [cxt 0] Pipeline 'ingress': end
[21:44:53.423] [bmv2] [D] [thread 71177] [3.0] [cxt 0] Egress port is 0
[21:44:53.423] [bmv2] [D] [thread 71178] [3.0] [cxt 0] Pipeline 'egress': start
[21:44:53.423] [bmv2] [T] [thread 71178] [3.0] [cxt 0] /home/mario/Escritorio/TFG/p4-utils/escenarios/MPLS/mpls.p4(247) Condition "hdr.mpls.isValid()" (node_12) is false
[21:44:53.423] [bmv2] [D] [thread 71178] [3.0] [cxt 0] Pipeline 'egress': end
[21:44:53.423] [bmv2] [D] [thread 71178] [3.0] [cxt 0] Deparser 'deparser': start
[21:44:53.423] [bmv2] [T] [thread 71178] [3.0] [cxt 0] Skipping checksum 'cksum' update because condition not met
[21:44:53.423] [bmv2] [D] [thread 71178] [3.0] [cxt 0] Deparsing header 'ethernet'
[21:44:53.423] [bmv2] [D] [thread 71178] [3.0] [cxt 0] Deparser 'deparser': end
[21:44:53.423] [bmv2] [D] [thread 71182] [3.0] [cxt 0] Transmitting packet of size 70 out of port 0
[21:44:53.779] [bmv2] [D] [thread 71177] [4.0] [cxt 0] Processing packet received on port 2
[21:44:53.779] [bmv2] [D] [thread 71177] [4.0] [cxt 0] Parser 'parser': start
[21:44:53.779] [bmv2] [D] [thread 71177] [4.0] [cxt 0] Parser 'parser' entering state 'start'
[21:44:53.779] [bmv2] [D] [thread 71177] [4.0] [cxt 0] Extracting header 'ethernet'
[21:44:53.779] [bmv2] [D] [thread 71177] [4.0] [cxt 0] Parser state 'start': key is 86dd
[21:44:53.779] [bmv2] [T] [thread 71177] [4.0] [cxt 0] Bytes parsed: 14
[21:44:53.779] [bmv2] [D] [thread 71177] [4.0] [cxt 0] Parser 'parser': end
[21:44:53.779] [bmv2] [D] [thread 71177] [4.0] [cxt 0] Pipeline 'ingress': start
[21:44:53.779] [bmv2] [T] [thread 71177] [4.0] [cxt 0] Applying table 'MyIngress.check_is_ingress_border'
[21:44:53.779] [bmv2] [D] [thread 71177] [4.0] [cxt 0] Looking up key:
* standard_metadata.ingress_port: 0002

[21:44:53.779] [bmv2] [D] [thread 71177] [4.0] [cxt 0] Table 'MyIngress.check_is_ingress_border': miss
[21:44:53.779] [bmv2] [D] [thread 71177] [4.0] [cxt 0] Action entry is NoAction - 
[21:44:53.779] [bmv2] [T] [thread 71177] [4.0] [cxt 0] Action NoAction
[21:44:53.779] [bmv2] [T] [thread 71177] [4.0] [cxt 0] /home/mario/Escritorio/TFG/p4-utils/escenarios/MPLS/mpls.p4(193) Condition "meta.is_ingress_border == 1" (node_3) is false
[21:44:53.779] [bmv2] [T] [thread 71177] [4.0] [cxt 0] /home/mario/Escritorio/TFG/p4-utils/escenarios/MPLS/mpls.p4(204) Condition "hdr.mpls.isValid()" (node_6) is false
[21:44:53.779] [bmv2] [T] [thread 71177] [4.0] [cxt 0] /home/mario/Escritorio/TFG/p4-utils/escenarios/MPLS/mpls.p4(209) Condition "hdr.ipv4.isValid()" (node_8) is false
[21:44:53.779] [bmv2] [D] [thread 71177] [4.0] [cxt 0] Pipeline 'ingress': end
[21:44:53.779] [bmv2] [D] [thread 71177] [4.0] [cxt 0] Egress port is 0
[21:44:53.779] [bmv2] [D] [thread 71178] [4.0] [cxt 0] Pipeline 'egress': start
[21:44:53.779] [bmv2] [T] [thread 71178] [4.0] [cxt 0] /home/mario/Escritorio/TFG/p4-utils/escenarios/MPLS/mpls.p4(247) Condition "hdr.mpls.isValid()" (node_12) is false
[21:44:53.779] [bmv2] [D] [thread 71178] [4.0] [cxt 0] Pipeline 'egress': end
[21:44:53.779] [bmv2] [D] [thread 71178] [4.0] [cxt 0] Deparser 'deparser': start
[21:44:53.779] [bmv2] [T] [thread 71178] [4.0] [cxt 0] Skipping checksum 'cksum' update because condition not met
[21:44:53.779] [bmv2] [D] [thread 71178] [4.0] [cxt 0] Deparsing header 'ethernet'
[21:44:53.779] [bmv2] [D] [thread 71178] [4.0] [cxt 0] Deparser 'deparser': end
[21:44:53.779] [bmv2] [D] [thread 71182] [4.0] [cxt 0] Transmitting packet of size 210 out of port 0
[21:44:53.877] [bmv2] [D] [thread 71177] [5.0] [cxt 0] Processing packet received on port 1
[21:44:53.877] [bmv2] [D] [thread 71177] [5.0] [cxt 0] Parser 'parser': start
[21:44:53.877] [bmv2] [D] [thread 71177] [5.0] [cxt 0] Parser 'parser' entering state 'start'
[21:44:53.877] [bmv2] [D] [thread 71177] [5.0] [cxt 0] Extracting header 'ethernet'
[21:44:53.877] [bmv2] [D] [thread 71177] [5.0] [cxt 0] Parser state 'start': key is 86dd
[21:44:53.877] [bmv2] [T] [thread 71177] [5.0] [cxt 0] Bytes parsed: 14
[21:44:53.877] [bmv2] [D] [thread 71177] [5.0] [cxt 0] Parser 'parser': end
[21:44:53.877] [bmv2] [D] [thread 71177] [5.0] [cxt 0] Pipeline 'ingress': start
[21:44:53.877] [bmv2] [T] [thread 71177] [5.0] [cxt 0] Applying table 'MyIngress.check_is_ingress_border'
[21:44:53.877] [bmv2] [D] [thread 71177] [5.0] [cxt 0] Looking up key:
* standard_metadata.ingress_port: 0001

[21:44:53.877] [bmv2] [D] [thread 71177] [5.0] [cxt 0] Table 'MyIngress.check_is_ingress_border': miss
[21:44:53.877] [bmv2] [D] [thread 71177] [5.0] [cxt 0] Action entry is NoAction - 
[21:44:53.877] [bmv2] [T] [thread 71177] [5.0] [cxt 0] Action NoAction
[21:44:53.877] [bmv2] [T] [thread 71177] [5.0] [cxt 0] /home/mario/Escritorio/TFG/p4-utils/escenarios/MPLS/mpls.p4(193) Condition "meta.is_ingress_border == 1" (node_3) is false
[21:44:53.877] [bmv2] [T] [thread 71177] [5.0] [cxt 0] /home/mario/Escritorio/TFG/p4-utils/escenarios/MPLS/mpls.p4(204) Condition "hdr.mpls.isValid()" (node_6) is false
[21:44:53.877] [bmv2] [T] [thread 71177] [5.0] [cxt 0] /home/mario/Escritorio/TFG/p4-utils/escenarios/MPLS/mpls.p4(209) Condition "hdr.ipv4.isValid()" (node_8) is false
[21:44:53.877] [bmv2] [D] [thread 71177] [5.0] [cxt 0] Pipeline 'ingress': end
[21:44:53.877] [bmv2] [D] [thread 71177] [5.0] [cxt 0] Egress port is 0
[21:44:53.877] [bmv2] [D] [thread 71178] [5.0] [cxt 0] Pipeline 'egress': start
[21:44:53.877] [bmv2] [T] [thread 71178] [5.0] [cxt 0] /home/mario/Escritorio/TFG/p4-utils/escenarios/MPLS/mpls.p4(247) Condition "hdr.mpls.isValid()" (node_12) is false
[21:44:53.877] [bmv2] [D] [thread 71178] [5.0] [cxt 0] Pipeline 'egress': end
[21:44:53.877] [bmv2] [D] [thread 71178] [5.0] [cxt 0] Deparser 'deparser': start
[21:44:53.877] [bmv2] [T] [thread 71178] [5.0] [cxt 0] Skipping checksum 'cksum' update because condition not met
[21:44:53.877] [bmv2] [D] [thread 71178] [5.0] [cxt 0] Deparsing header 'ethernet'
[21:44:53.877] [bmv2] [D] [thread 71178] [5.0] [cxt 0] Deparser 'deparser': end
[21:44:53.877] [bmv2] [D] [thread 71182] [5.0] [cxt 0] Transmitting packet of size 210 out of port 0
[21:44:53.933] [bmv2] [D] [thread 71177] [6.0] [cxt 0] Processing packet received on port 1
[21:44:53.933] [bmv2] [D] [thread 71177] [6.0] [cxt 0] Parser 'parser': start
[21:44:53.933] [bmv2] [D] [thread 71177] [6.0] [cxt 0] Parser 'parser' entering state 'start'
[21:44:53.933] [bmv2] [D] [thread 71177] [6.0] [cxt 0] Extracting header 'ethernet'
[21:44:53.933] [bmv2] [D] [thread 71177] [6.0] [cxt 0] Parser state 'start': key is 86dd
[21:44:53.933] [bmv2] [T] [thread 71177] [6.0] [cxt 0] Bytes parsed: 14
[21:44:53.933] [bmv2] [D] [thread 71177] [6.0] [cxt 0] Parser 'parser': end
[21:44:53.933] [bmv2] [D] [thread 71177] [6.0] [cxt 0] Pipeline 'ingress': start
[21:44:53.933] [bmv2] [T] [thread 71177] [6.0] [cxt 0] Applying table 'MyIngress.check_is_ingress_border'
[21:44:53.933] [bmv2] [D] [thread 71177] [6.0] [cxt 0] Looking up key:
* standard_metadata.ingress_port: 0001

[21:44:53.933] [bmv2] [D] [thread 71177] [6.0] [cxt 0] Table 'MyIngress.check_is_ingress_border': miss
[21:44:53.933] [bmv2] [D] [thread 71177] [6.0] [cxt 0] Action entry is NoAction - 
[21:44:53.933] [bmv2] [T] [thread 71177] [6.0] [cxt 0] Action NoAction
[21:44:53.934] [bmv2] [T] [thread 71177] [6.0] [cxt 0] /home/mario/Escritorio/TFG/p4-utils/escenarios/MPLS/mpls.p4(193) Condition "meta.is_ingress_border == 1" (node_3) is false
[21:44:53.934] [bmv2] [T] [thread 71177] [6.0] [cxt 0] /home/mario/Escritorio/TFG/p4-utils/escenarios/MPLS/mpls.p4(204) Condition "hdr.mpls.isValid()" (node_6) is false
[21:44:53.934] [bmv2] [T] [thread 71177] [6.0] [cxt 0] /home/mario/Escritorio/TFG/p4-utils/escenarios/MPLS/mpls.p4(209) Condition "hdr.ipv4.isValid()" (node_8) is false
[21:44:53.934] [bmv2] [D] [thread 71177] [6.0] [cxt 0] Pipeline 'ingress': end
[21:44:53.934] [bmv2] [D] [thread 71177] [6.0] [cxt 0] Egress port is 0
[21:44:53.934] [bmv2] [D] [thread 71178] [6.0] [cxt 0] Pipeline 'egress': start
[21:44:53.934] [bmv2] [T] [thread 71178] [6.0] [cxt 0] /home/mario/Escritorio/TFG/p4-utils/escenarios/MPLS/mpls.p4(247) Condition "hdr.mpls.isValid()" (node_12) is false
[21:44:53.934] [bmv2] [D] [thread 71178] [6.0] [cxt 0] Pipeline 'egress': end
[21:44:53.934] [bmv2] [D] [thread 71178] [6.0] [cxt 0] Deparser 'deparser': start
[21:44:53.934] [bmv2] [T] [thread 71178] [6.0] [cxt 0] Skipping checksum 'cksum' update because condition not met
[21:44:53.934] [bmv2] [D] [thread 71178] [6.0] [cxt 0] Deparsing header 'ethernet'
[21:44:53.934] [bmv2] [D] [thread 71178] [6.0] [cxt 0] Deparser 'deparser': end
[21:44:53.934] [bmv2] [D] [thread 71182] [6.0] [cxt 0] Transmitting packet of size 70 out of port 0
[21:44:53.934] [bmv2] [D] [thread 71177] [7.0] [cxt 0] Processing packet received on port 2
[21:44:53.934] [bmv2] [D] [thread 71177] [7.0] [cxt 0] Parser 'parser': start
[21:44:53.934] [bmv2] [D] [thread 71177] [7.0] [cxt 0] Parser 'parser' entering state 'start'
[21:44:53.934] [bmv2] [D] [thread 71177] [7.0] [cxt 0] Extracting header 'ethernet'
[21:44:53.934] [bmv2] [D] [thread 71177] [7.0] [cxt 0] Parser state 'start': key is 86dd
[21:44:53.934] [bmv2] [T] [thread 71177] [7.0] [cxt 0] Bytes parsed: 14
[21:44:53.934] [bmv2] [D] [thread 71177] [7.0] [cxt 0] Parser 'parser': end
[21:44:53.934] [bmv2] [D] [thread 71177] [7.0] [cxt 0] Pipeline 'ingress': start
[21:44:53.934] [bmv2] [T] [thread 71177] [7.0] [cxt 0] Applying table 'MyIngress.check_is_ingress_border'
[21:44:53.934] [bmv2] [D] [thread 71177] [7.0] [cxt 0] Looking up key:
* standard_metadata.ingress_port: 0002

[21:44:53.934] [bmv2] [D] [thread 71177] [7.0] [cxt 0] Table 'MyIngress.check_is_ingress_border': miss
[21:44:53.934] [bmv2] [D] [thread 71177] [7.0] [cxt 0] Action entry is NoAction - 
[21:44:53.934] [bmv2] [T] [thread 71177] [7.0] [cxt 0] Action NoAction
[21:44:53.934] [bmv2] [T] [thread 71177] [7.0] [cxt 0] /home/mario/Escritorio/TFG/p4-utils/escenarios/MPLS/mpls.p4(193) Condition "meta.is_ingress_border == 1" (node_3) is false
[21:44:53.934] [bmv2] [T] [thread 71177] [7.0] [cxt 0] /home/mario/Escritorio/TFG/p4-utils/escenarios/MPLS/mpls.p4(204) Condition "hdr.mpls.isValid()" (node_6) is false
[21:44:53.934] [bmv2] [T] [thread 71177] [7.0] [cxt 0] /home/mario/Escritorio/TFG/p4-utils/escenarios/MPLS/mpls.p4(209) Condition "hdr.ipv4.isValid()" (node_8) is false
[21:44:53.934] [bmv2] [D] [thread 71177] [7.0] [cxt 0] Pipeline 'ingress': end
[21:44:53.934] [bmv2] [D] [thread 71177] [7.0] [cxt 0] Egress port is 0
[21:44:53.934] [bmv2] [D] [thread 71178] [7.0] [cxt 0] Pipeline 'egress': start
[21:44:53.934] [bmv2] [T] [thread 71178] [7.0] [cxt 0] /home/mario/Escritorio/TFG/p4-utils/escenarios/MPLS/mpls.p4(247) Condition "hdr.mpls.isValid()" (node_12) is false
[21:44:53.934] [bmv2] [D] [thread 71178] [7.0] [cxt 0] Pipeline 'egress': end
[21:44:53.934] [bmv2] [D] [thread 71178] [7.0] [cxt 0] Deparser 'deparser': start
[21:44:53.934] [bmv2] [T] [thread 71178] [7.0] [cxt 0] Skipping checksum 'cksum' update because condition not met
[21:44:53.934] [bmv2] [D] [thread 71178] [7.0] [cxt 0] Deparsing header 'ethernet'
[21:44:53.934] [bmv2] [D] [thread 71178] [7.0] [cxt 0] Deparser 'deparser': end
[21:44:53.934] [bmv2] [D] [thread 71182] [7.0] [cxt 0] Transmitting packet of size 70 out of port 0
[21:44:54.042] [bmv2] [D] [thread 71177] [8.0] [cxt 0] Processing packet received on port 2
[21:44:54.042] [bmv2] [D] [thread 71177] [8.0] [cxt 0] Parser 'parser': start
[21:44:54.042] [bmv2] [D] [thread 71177] [8.0] [cxt 0] Parser 'parser' entering state 'start'
[21:44:54.042] [bmv2] [D] [thread 71177] [8.0] [cxt 0] Extracting header 'ethernet'
[21:44:54.042] [bmv2] [D] [thread 71177] [8.0] [cxt 0] Parser state 'start': key is 86dd
[21:44:54.042] [bmv2] [T] [thread 71177] [8.0] [cxt 0] Bytes parsed: 14
[21:44:54.042] [bmv2] [D] [thread 71177] [8.0] [cxt 0] Parser 'parser': end
[21:44:54.042] [bmv2] [D] [thread 71177] [8.0] [cxt 0] Pipeline 'ingress': start
[21:44:54.042] [bmv2] [T] [thread 71177] [8.0] [cxt 0] Applying table 'MyIngress.check_is_ingress_border'
[21:44:54.042] [bmv2] [D] [thread 71177] [8.0] [cxt 0] Looking up key:
* standard_metadata.ingress_port: 0002

[21:44:54.042] [bmv2] [D] [thread 71177] [8.0] [cxt 0] Table 'MyIngress.check_is_ingress_border': miss
[21:44:54.042] [bmv2] [D] [thread 71177] [8.0] [cxt 0] Action entry is NoAction - 
[21:44:54.042] [bmv2] [T] [thread 71177] [8.0] [cxt 0] Action NoAction
[21:44:54.042] [bmv2] [T] [thread 71177] [8.0] [cxt 0] /home/mario/Escritorio/TFG/p4-utils/escenarios/MPLS/mpls.p4(193) Condition "meta.is_ingress_border == 1" (node_3) is false
[21:44:54.042] [bmv2] [T] [thread 71177] [8.0] [cxt 0] /home/mario/Escritorio/TFG/p4-utils/escenarios/MPLS/mpls.p4(204) Condition "hdr.mpls.isValid()" (node_6) is false
[21:44:54.042] [bmv2] [T] [thread 71177] [8.0] [cxt 0] /home/mario/Escritorio/TFG/p4-utils/escenarios/MPLS/mpls.p4(209) Condition "hdr.ipv4.isValid()" (node_8) is false
[21:44:54.042] [bmv2] [D] [thread 71177] [8.0] [cxt 0] Pipeline 'ingress': end
[21:44:54.042] [bmv2] [D] [thread 71177] [8.0] [cxt 0] Egress port is 0
[21:44:54.042] [bmv2] [D] [thread 71178] [8.0] [cxt 0] Pipeline 'egress': start
[21:44:54.042] [bmv2] [T] [thread 71178] [8.0] [cxt 0] /home/mario/Escritorio/TFG/p4-utils/escenarios/MPLS/mpls.p4(247) Condition "hdr.mpls.isValid()" (node_12) is false
[21:44:54.042] [bmv2] [D] [thread 71178] [8.0] [cxt 0] Pipeline 'egress': end
[21:44:54.042] [bmv2] [D] [thread 71178] [8.0] [cxt 0] Deparser 'deparser': start
[21:44:54.042] [bmv2] [T] [thread 71178] [8.0] [cxt 0] Skipping checksum 'cksum' update because condition not met
[21:44:54.042] [bmv2] [D] [thread 71178] [8.0] [cxt 0] Deparsing header 'ethernet'
[21:44:54.042] [bmv2] [D] [thread 71178] [8.0] [cxt 0] Deparser 'deparser': end
[21:44:54.042] [bmv2] [D] [thread 71182] [8.0] [cxt 0] Transmitting packet of size 210 out of port 0
[21:44:54.189] [bmv2] [D] [thread 71177] [9.0] [cxt 0] Processing packet received on port 2
[21:44:54.189] [bmv2] [D] [thread 71177] [9.0] [cxt 0] Parser 'parser': start
[21:44:54.189] [bmv2] [D] [thread 71177] [9.0] [cxt 0] Parser 'parser' entering state 'start'
[21:44:54.189] [bmv2] [D] [thread 71177] [9.0] [cxt 0] Extracting header 'ethernet'
[21:44:54.189] [bmv2] [D] [thread 71177] [9.0] [cxt 0] Parser state 'start': key is 86dd
[21:44:54.189] [bmv2] [T] [thread 71177] [9.0] [cxt 0] Bytes parsed: 14
[21:44:54.189] [bmv2] [D] [thread 71177] [9.0] [cxt 0] Parser 'parser': end
[21:44:54.189] [bmv2] [D] [thread 71177] [9.0] [cxt 0] Pipeline 'ingress': start
[21:44:54.189] [bmv2] [T] [thread 71177] [9.0] [cxt 0] Applying table 'MyIngress.check_is_ingress_border'
[21:44:54.190] [bmv2] [D] [thread 71177] [9.0] [cxt 0] Looking up key:
* standard_metadata.ingress_port: 0002

[21:44:54.190] [bmv2] [D] [thread 71177] [9.0] [cxt 0] Table 'MyIngress.check_is_ingress_border': miss
[21:44:54.190] [bmv2] [D] [thread 71177] [9.0] [cxt 0] Action entry is NoAction - 
[21:44:54.190] [bmv2] [T] [thread 71177] [9.0] [cxt 0] Action NoAction
[21:44:54.190] [bmv2] [T] [thread 71177] [9.0] [cxt 0] /home/mario/Escritorio/TFG/p4-utils/escenarios/MPLS/mpls.p4(193) Condition "meta.is_ingress_border == 1" (node_3) is false
[21:44:54.190] [bmv2] [T] [thread 71177] [9.0] [cxt 0] /home/mario/Escritorio/TFG/p4-utils/escenarios/MPLS/mpls.p4(204) Condition "hdr.mpls.isValid()" (node_6) is false
[21:44:54.190] [bmv2] [T] [thread 71177] [9.0] [cxt 0] /home/mario/Escritorio/TFG/p4-utils/escenarios/MPLS/mpls.p4(209) Condition "hdr.ipv4.isValid()" (node_8) is false
[21:44:54.190] [bmv2] [D] [thread 71177] [9.0] [cxt 0] Pipeline 'ingress': end
[21:44:54.190] [bmv2] [D] [thread 71177] [9.0] [cxt 0] Egress port is 0
[21:44:54.190] [bmv2] [D] [thread 71178] [9.0] [cxt 0] Pipeline 'egress': start
[21:44:54.190] [bmv2] [T] [thread 71178] [9.0] [cxt 0] /home/mario/Escritorio/TFG/p4-utils/escenarios/MPLS/mpls.p4(247) Condition "hdr.mpls.isValid()" (node_12) is false
[21:44:54.190] [bmv2] [D] [thread 71178] [9.0] [cxt 0] Pipeline 'egress': end
[21:44:54.190] [bmv2] [D] [thread 71178] [9.0] [cxt 0] Deparser 'deparser': start
[21:44:54.190] [bmv2] [T] [thread 71178] [9.0] [cxt 0] Skipping checksum 'cksum' update because condition not met
[21:44:54.190] [bmv2] [D] [thread 71178] [9.0] [cxt 0] Deparsing header 'ethernet'
[21:44:54.190] [bmv2] [D] [thread 71178] [9.0] [cxt 0] Deparser 'deparser': end
[21:44:54.190] [bmv2] [D] [thread 71182] [9.0] [cxt 0] Transmitting packet of size 70 out of port 0
[21:44:56.506] [bmv2] [D] [thread 71177] [10.0] [cxt 0] Processing packet received on port 1
[21:44:56.506] [bmv2] [D] [thread 71177] [10.0] [cxt 0] Parser 'parser': start
[21:44:56.506] [bmv2] [D] [thread 71177] [10.0] [cxt 0] Parser 'parser' entering state 'start'
[21:44:56.506] [bmv2] [D] [thread 71177] [10.0] [cxt 0] Extracting header 'ethernet'
[21:44:56.506] [bmv2] [D] [thread 71177] [10.0] [cxt 0] Parser state 'start': key is 86dd
[21:44:56.506] [bmv2] [T] [thread 71177] [10.0] [cxt 0] Bytes parsed: 14
[21:44:56.506] [bmv2] [D] [thread 71177] [10.0] [cxt 0] Parser 'parser': end
[21:44:56.506] [bmv2] [D] [thread 71177] [10.0] [cxt 0] Pipeline 'ingress': start
[21:44:56.506] [bmv2] [T] [thread 71177] [10.0] [cxt 0] Applying table 'MyIngress.check_is_ingress_border'
[21:44:56.506] [bmv2] [D] [thread 71177] [10.0] [cxt 0] Looking up key:
* standard_metadata.ingress_port: 0001

[21:44:56.506] [bmv2] [D] [thread 71177] [10.0] [cxt 0] Table 'MyIngress.check_is_ingress_border': miss
[21:44:56.506] [bmv2] [D] [thread 71177] [10.0] [cxt 0] Action entry is NoAction - 
[21:44:56.506] [bmv2] [T] [thread 71177] [10.0] [cxt 0] Action NoAction
[21:44:56.506] [bmv2] [T] [thread 71177] [10.0] [cxt 0] /home/mario/Escritorio/TFG/p4-utils/escenarios/MPLS/mpls.p4(193) Condition "meta.is_ingress_border == 1" (node_3) is false
[21:44:56.506] [bmv2] [T] [thread 71177] [10.0] [cxt 0] /home/mario/Escritorio/TFG/p4-utils/escenarios/MPLS/mpls.p4(204) Condition "hdr.mpls.isValid()" (node_6) is false
[21:44:56.506] [bmv2] [T] [thread 71177] [10.0] [cxt 0] /home/mario/Escritorio/TFG/p4-utils/escenarios/MPLS/mpls.p4(209) Condition "hdr.ipv4.isValid()" (node_8) is false
[21:44:56.506] [bmv2] [D] [thread 71177] [10.0] [cxt 0] Pipeline 'ingress': end
[21:44:56.506] [bmv2] [D] [thread 71177] [10.0] [cxt 0] Egress port is 0
[21:44:56.506] [bmv2] [D] [thread 71178] [10.0] [cxt 0] Pipeline 'egress': start
[21:44:56.506] [bmv2] [T] [thread 71178] [10.0] [cxt 0] /home/mario/Escritorio/TFG/p4-utils/escenarios/MPLS/mpls.p4(247) Condition "hdr.mpls.isValid()" (node_12) is false
[21:44:56.506] [bmv2] [D] [thread 71178] [10.0] [cxt 0] Pipeline 'egress': end
[21:44:56.506] [bmv2] [D] [thread 71178] [10.0] [cxt 0] Deparser 'deparser': start
[21:44:56.506] [bmv2] [T] [thread 71178] [10.0] [cxt 0] Skipping checksum 'cksum' update because condition not met
[21:44:56.506] [bmv2] [D] [thread 71178] [10.0] [cxt 0] Deparsing header 'ethernet'
[21:44:56.506] [bmv2] [D] [thread 71178] [10.0] [cxt 0] Deparser 'deparser': end
[21:44:56.506] [bmv2] [D] [thread 71182] [10.0] [cxt 0] Transmitting packet of size 203 out of port 0
[21:45:01.723] [bmv2] [D] [thread 71662] Set default default entry for table 'MyIngress.check_is_ingress_border': NoAction - 
[21:45:01.723] [bmv2] [D] [thread 71662] Set default default entry for table 'MyIngress.fec_to_label': NoAction - 
[21:45:01.723] [bmv2] [D] [thread 71662] Set default default entry for table 'MyIngress.mpls_tbl': MyIngress.drop - 
[21:45:01.723] [bmv2] [D] [thread 71662] Set default default entry for table 'MyIngress.ipv4_lpm': MyIngress.drop - 
[21:45:01.723] [bmv2] [D] [thread 71662] Set default default entry for table 'MyEgress.check_is_egress_border': NoAction - 
[21:45:01.725] [bmv2] [D] [thread 71662] simple_switch target has been notified of a config swap
[21:45:02.215] [bmv2] [D] [thread 71666] Entry 0 added to table 'MyIngress.mpls_tbl'
[21:45:02.215] [bmv2] [D] [thread 71666] Dumping entry 0
Match key:
* hdr.mpls.label      : EXACT     0000c8
Action entry: MyIngress.mpls_forward - 50200,2,

[21:45:08.364] [bmv2] [D] [thread 71177] [11.0] [cxt 0] Processing packet received on port 1
[21:45:08.364] [bmv2] [D] [thread 71177] [11.0] [cxt 0] Parser 'parser': start
[21:45:08.364] [bmv2] [D] [thread 71177] [11.0] [cxt 0] Parser 'parser' entering state 'start'
[21:45:08.364] [bmv2] [D] [thread 71177] [11.0] [cxt 0] Extracting header 'ethernet'
[21:45:08.364] [bmv2] [D] [thread 71177] [11.0] [cxt 0] Parser state 'start': key is 8847
[21:45:08.364] [bmv2] [T] [thread 71177] [11.0] [cxt 0] Bytes parsed: 14
[21:45:08.364] [bmv2] [D] [thread 71177] [11.0] [cxt 0] Parser 'parser' entering state 'parse_mpls'
[21:45:08.364] [bmv2] [D] [thread 71177] [11.0] [cxt 0] Extracting header 'mpls'
[21:45:08.364] [bmv2] [D] [thread 71177] [11.0] [cxt 0] Parser state 'parse_mpls' has no switch, going to default next state
[21:45:08.364] [bmv2] [T] [thread 71177] [11.0] [cxt 0] Bytes parsed: 18
[21:45:08.364] [bmv2] [D] [thread 71177] [11.0] [cxt 0] Parser 'parser' entering state 'parse_ipv4'
[21:45:08.364] [bmv2] [D] [thread 71177] [11.0] [cxt 0] Extracting header 'ipv4'
[21:45:08.364] [bmv2] [D] [thread 71177] [11.0] [cxt 0] Parser state 'parse_ipv4' has no switch, going to default next state
[21:45:08.364] [bmv2] [T] [thread 71177] [11.0] [cxt 0] Bytes parsed: 38
[21:45:08.364] [bmv2] [D] [thread 71177] [11.0] [cxt 0] Parser 'parser': end
[21:45:08.364] [bmv2] [D] [thread 71177] [11.0] [cxt 0] Pipeline 'ingress': start
[21:45:08.364] [bmv2] [T] [thread 71177] [11.0] [cxt 0] Applying table 'MyIngress.check_is_ingress_border'
[21:45:08.364] [bmv2] [D] [thread 71177] [11.0] [cxt 0] Looking up key:
* standard_metadata.ingress_port: 0001

[21:45:08.364] [bmv2] [D] [thread 71177] [11.0] [cxt 0] Table 'MyIngress.check_is_ingress_border': miss
[21:45:08.364] [bmv2] [D] [thread 71177] [11.0] [cxt 0] Action entry is NoAction - 
[21:45:08.364] [bmv2] [T] [thread 71177] [11.0] [cxt 0] Action NoAction
[21:45:08.364] [bmv2] [T] [thread 71177] [11.0] [cxt 0] /home/mario/Escritorio/TFG/p4-utils/escenarios/MPLS/mpls.p4(193) Condition "meta.is_ingress_border == 1" (node_3) is false
[21:45:08.364] [bmv2] [T] [thread 71177] [11.0] [cxt 0] /home/mario/Escritorio/TFG/p4-utils/escenarios/MPLS/mpls.p4(204) Condition "hdr.mpls.isValid()" (node_6) is true
[21:45:08.364] [bmv2] [T] [thread 71177] [11.0] [cxt 0] Applying table 'MyIngress.mpls_tbl'
[21:45:08.364] [bmv2] [D] [thread 71177] [11.0] [cxt 0] Looking up key:
* hdr.mpls.label      : 0000c8

[21:45:08.364] [bmv2] [D] [thread 71177] [11.0] [cxt 0] Table 'MyIngress.mpls_tbl': hit with handle 0
[21:45:08.364] [bmv2] [D] [thread 71177] [11.0] [cxt 0] Dumping entry 0
Match key:
* hdr.mpls.label      : EXACT     0000c8
Action entry: MyIngress.mpls_forward - 50200,2,

[21:45:08.364] [bmv2] [D] [thread 71177] [11.0] [cxt 0] Action entry is MyIngress.mpls_forward - 50200,2,
[21:45:08.364] [bmv2] [T] [thread 71177] [11.0] [cxt 0] Action MyIngress.mpls_forward
[21:45:08.364] [bmv2] [T] [thread 71177] [11.0] [cxt 0] /home/mario/Escritorio/TFG/p4-utils/escenarios/MPLS/mpls.p4(149) Primitive hdr.ethernet.srcAddr = hdr.ethernet.dstAddr
[21:45:08.364] [bmv2] [T] [thread 71177] [11.0] [cxt 0] /home/mario/Escritorio/TFG/p4-utils/escenarios/MPLS/mpls.p4(150) Primitive hdr.ethernet.dstAddr = dstAddr
[21:45:08.364] [bmv2] [T] [thread 71177] [11.0] [cxt 0] /home/mario/Escritorio/TFG/p4-utils/escenarios/MPLS/mpls.p4(152) Primitive standard_metadata.egress_spec = port
[21:45:08.364] [bmv2] [T] [thread 71177] [11.0] [cxt 0] /home/mario/Escritorio/TFG/p4-utils/escenarios/MPLS/mpls.p4(153) Primitive hdr.mpls.ttl = hdr.mpls.ttl - 1
[21:45:08.364] [bmv2] [D] [thread 71177] [11.0] [cxt 0] Pipeline 'ingress': end
[21:45:08.364] [bmv2] [D] [thread 71177] [11.0] [cxt 0] Egress port is 2
[21:45:08.364] [bmv2] [D] [thread 71180] [11.0] [cxt 0] Pipeline 'egress': start
[21:45:08.365] [bmv2] [T] [thread 71180] [11.0] [cxt 0] /home/mario/Escritorio/TFG/p4-utils/escenarios/MPLS/mpls.p4(247) Condition "hdr.mpls.isValid()" (node_12) is true
[21:45:08.365] [bmv2] [T] [thread 71180] [11.0] [cxt 0] Applying table 'MyEgress.check_is_egress_border'
[21:45:08.365] [bmv2] [D] [thread 71180] [11.0] [cxt 0] Looking up key:
* standard_metadata.egress_port: 0002

[21:45:08.365] [bmv2] [D] [thread 71180] [11.0] [cxt 0] Table 'MyEgress.check_is_egress_border': miss
[21:45:08.365] [bmv2] [D] [thread 71180] [11.0] [cxt 0] Action entry is NoAction - 
[21:45:08.365] [bmv2] [T] [thread 71180] [11.0] [cxt 0] Action NoAction
[21:45:08.365] [bmv2] [D] [thread 71180] [11.0] [cxt 0] Pipeline 'egress': end
[21:45:08.365] [bmv2] [D] [thread 71180] [11.0] [cxt 0] Deparser 'deparser': start
[21:45:08.365] [bmv2] [D] [thread 71180] [11.0] [cxt 0] Updating checksum 'cksum'
[21:45:08.365] [bmv2] [D] [thread 71180] [11.0] [cxt 0] Deparsing header 'ethernet'
[21:45:08.365] [bmv2] [D] [thread 71180] [11.0] [cxt 0] Deparsing header 'mpls'
[21:45:08.365] [bmv2] [D] [thread 71180] [11.0] [cxt 0] Deparsing header 'ipv4'
[21:45:08.365] [bmv2] [D] [thread 71180] [11.0] [cxt 0] Deparser 'deparser': end
[21:45:08.365] [bmv2] [D] [thread 71182] [11.0] [cxt 0] Transmitting packet of size 102 out of port 2
[21:45:08.437] [bmv2] [D] [thread 71177] [12.0] [cxt 0] Processing packet received on port 1
[21:45:08.437] [bmv2] [D] [thread 71177] [12.0] [cxt 0] Parser 'parser': start
[21:45:08.437] [bmv2] [D] [thread 71177] [12.0] [cxt 0] Parser 'parser' entering state 'start'
[21:45:08.437] [bmv2] [D] [thread 71177] [12.0] [cxt 0] Extracting header 'ethernet'
[21:45:08.437] [bmv2] [D] [thread 71177] [12.0] [cxt 0] Parser state 'start': key is 8847
[21:45:08.437] [bmv2] [T] [thread 71177] [12.0] [cxt 0] Bytes parsed: 14
[21:45:08.437] [bmv2] [D] [thread 71177] [12.0] [cxt 0] Parser 'parser' entering state 'parse_mpls'
[21:45:08.437] [bmv2] [D] [thread 71177] [12.0] [cxt 0] Extracting header 'mpls'
[21:45:08.437] [bmv2] [D] [thread 71177] [12.0] [cxt 0] Parser state 'parse_mpls' has no switch, going to default next state
[21:45:08.437] [bmv2] [T] [thread 71177] [12.0] [cxt 0] Bytes parsed: 18
[21:45:08.437] [bmv2] [D] [thread 71177] [12.0] [cxt 0] Parser 'parser' entering state 'parse_ipv4'
[21:45:08.437] [bmv2] [D] [thread 71177] [12.0] [cxt 0] Extracting header 'ipv4'
[21:45:08.437] [bmv2] [D] [thread 71177] [12.0] [cxt 0] Parser state 'parse_ipv4' has no switch, going to default next state
[21:45:08.437] [bmv2] [T] [thread 71177] [12.0] [cxt 0] Bytes parsed: 38
[21:45:08.437] [bmv2] [D] [thread 71177] [12.0] [cxt 0] Parser 'parser': end
[21:45:08.437] [bmv2] [D] [thread 71177] [12.0] [cxt 0] Pipeline 'ingress': start
[21:45:08.437] [bmv2] [T] [thread 71177] [12.0] [cxt 0] Applying table 'MyIngress.check_is_ingress_border'
[21:45:08.437] [bmv2] [D] [thread 71177] [12.0] [cxt 0] Looking up key:
* standard_metadata.ingress_port: 0001

[21:45:08.437] [bmv2] [D] [thread 71177] [12.0] [cxt 0] Table 'MyIngress.check_is_ingress_border': miss
[21:45:08.437] [bmv2] [D] [thread 71177] [12.0] [cxt 0] Action entry is NoAction - 
[21:45:08.437] [bmv2] [T] [thread 71177] [12.0] [cxt 0] Action NoAction
[21:45:08.437] [bmv2] [T] [thread 71177] [12.0] [cxt 0] /home/mario/Escritorio/TFG/p4-utils/escenarios/MPLS/mpls.p4(193) Condition "meta.is_ingress_border == 1" (node_3) is false
[21:45:08.437] [bmv2] [T] [thread 71177] [12.0] [cxt 0] /home/mario/Escritorio/TFG/p4-utils/escenarios/MPLS/mpls.p4(204) Condition "hdr.mpls.isValid()" (node_6) is true
[21:45:08.437] [bmv2] [T] [thread 71177] [12.0] [cxt 0] Applying table 'MyIngress.mpls_tbl'
[21:45:08.437] [bmv2] [D] [thread 71177] [12.0] [cxt 0] Looking up key:
* hdr.mpls.label      : 0000c8

[21:45:08.437] [bmv2] [D] [thread 71177] [12.0] [cxt 0] Table 'MyIngress.mpls_tbl': hit with handle 0
[21:45:08.437] [bmv2] [D] [thread 71177] [12.0] [cxt 0] Dumping entry 0
Match key:
* hdr.mpls.label      : EXACT     0000c8
Action entry: MyIngress.mpls_forward - 50200,2,

[21:45:08.437] [bmv2] [D] [thread 71177] [12.0] [cxt 0] Action entry is MyIngress.mpls_forward - 50200,2,
[21:45:08.437] [bmv2] [T] [thread 71177] [12.0] [cxt 0] Action MyIngress.mpls_forward
[21:45:08.437] [bmv2] [T] [thread 71177] [12.0] [cxt 0] /home/mario/Escritorio/TFG/p4-utils/escenarios/MPLS/mpls.p4(149) Primitive hdr.ethernet.srcAddr = hdr.ethernet.dstAddr
[21:45:08.437] [bmv2] [T] [thread 71177] [12.0] [cxt 0] /home/mario/Escritorio/TFG/p4-utils/escenarios/MPLS/mpls.p4(150) Primitive hdr.ethernet.dstAddr = dstAddr
[21:45:08.437] [bmv2] [T] [thread 71177] [12.0] [cxt 0] /home/mario/Escritorio/TFG/p4-utils/escenarios/MPLS/mpls.p4(152) Primitive standard_metadata.egress_spec = port
[21:45:08.437] [bmv2] [T] [thread 71177] [12.0] [cxt 0] /home/mario/Escritorio/TFG/p4-utils/escenarios/MPLS/mpls.p4(153) Primitive hdr.mpls.ttl = hdr.mpls.ttl - 1
[21:45:08.437] [bmv2] [D] [thread 71177] [12.0] [cxt 0] Pipeline 'ingress': end
[21:45:08.437] [bmv2] [D] [thread 71177] [12.0] [cxt 0] Egress port is 2
[21:45:08.437] [bmv2] [D] [thread 71180] [12.0] [cxt 0] Pipeline 'egress': start
[21:45:08.437] [bmv2] [T] [thread 71180] [12.0] [cxt 0] /home/mario/Escritorio/TFG/p4-utils/escenarios/MPLS/mpls.p4(247) Condition "hdr.mpls.isValid()" (node_12) is true
[21:45:08.437] [bmv2] [T] [thread 71180] [12.0] [cxt 0] Applying table 'MyEgress.check_is_egress_border'
[21:45:08.437] [bmv2] [D] [thread 71180] [12.0] [cxt 0] Looking up key:
* standard_metadata.egress_port: 0002

[21:45:08.437] [bmv2] [D] [thread 71180] [12.0] [cxt 0] Table 'MyEgress.check_is_egress_border': miss
[21:45:08.437] [bmv2] [D] [thread 71180] [12.0] [cxt 0] Action entry is NoAction - 
[21:45:08.437] [bmv2] [T] [thread 71180] [12.0] [cxt 0] Action NoAction
[21:45:08.437] [bmv2] [D] [thread 71180] [12.0] [cxt 0] Pipeline 'egress': end
[21:45:08.437] [bmv2] [D] [thread 71180] [12.0] [cxt 0] Deparser 'deparser': start
[21:45:08.437] [bmv2] [D] [thread 71180] [12.0] [cxt 0] Updating checksum 'cksum'
[21:45:08.437] [bmv2] [D] [thread 71180] [12.0] [cxt 0] Deparsing header 'ethernet'
[21:45:08.437] [bmv2] [D] [thread 71180] [12.0] [cxt 0] Deparsing header 'mpls'
[21:45:08.437] [bmv2] [D] [thread 71180] [12.0] [cxt 0] Deparsing header 'ipv4'
[21:45:08.437] [bmv2] [D] [thread 71180] [12.0] [cxt 0] Deparser 'deparser': end
[21:45:08.437] [bmv2] [D] [thread 71182] [12.0] [cxt 0] Transmitting packet of size 102 out of port 2
open: No such file or directory
open: No such file or directory
open: No such file or directory
open: No such file or directory
open: No such file or directory
open: No such file or directory
open: No such file or directory
open: No such file or directory
open: No such file or directory
open: No such file or directory
open: No such file or directory
open: No such file or directory
open: No such file or directory
open: No such file or directory
open: No such file or directory
