Calling target program-options parser
[20:28:27.256] [bmv2] [D] [thread 42430] Set default default entry for table 'MyIngress.check_is_ingress_border': NoAction - 
[20:28:27.256] [bmv2] [D] [thread 42430] Set default default entry for table 'MyIngress.fec_to_label': NoAction - 
[20:28:27.256] [bmv2] [D] [thread 42430] Set default default entry for table 'MyIngress.mpls_tbl': MyIngress.drop - 
[20:28:27.256] [bmv2] [D] [thread 42430] Set default default entry for table 'MyIngress.ipv4_lpm': MyIngress.drop - 
[20:28:27.256] [bmv2] [D] [thread 42430] Set default default entry for table 'MyEgress.check_is_egress_border': NoAction - 
Adding interface s7-eth1 as port 1
[20:28:27.257] [bmv2] [D] [thread 42430] Adding interface s7-eth1 as port 1
Adding interface s7-eth2 as port 2
[20:28:27.286] [bmv2] [D] [thread 42430] Adding interface s7-eth2 as port 2
Server listening on 0.0.0.0:9565
[20:28:27.300] [bmv2] [I] [thread 42430] Starting Thrift server on port 9096
[20:28:27.302] [bmv2] [I] [thread 42430] Thrift server was started
[20:28:27.631] [bmv2] [D] [thread 42442] [0.0] [cxt 0] Processing packet received on port 2
[20:28:27.631] [bmv2] [D] [thread 42442] [0.0] [cxt 0] Parser 'parser': start
[20:28:27.631] [bmv2] [D] [thread 42442] [0.0] [cxt 0] Parser 'parser' entering state 'start'
[20:28:27.631] [bmv2] [D] [thread 42442] [0.0] [cxt 0] Extracting header 'ethernet'
[20:28:27.631] [bmv2] [D] [thread 42442] [0.0] [cxt 0] Parser state 'start': key is 86dd
[20:28:27.631] [bmv2] [T] [thread 42442] [0.0] [cxt 0] Bytes parsed: 14
[20:28:27.631] [bmv2] [D] [thread 42442] [0.0] [cxt 0] Parser 'parser': end
[20:28:27.631] [bmv2] [D] [thread 42442] [0.0] [cxt 0] Pipeline 'ingress': start
[20:28:27.631] [bmv2] [T] [thread 42442] [0.0] [cxt 0] Applying table 'MyIngress.check_is_ingress_border'
[20:28:27.631] [bmv2] [D] [thread 42442] [0.0] [cxt 0] Looking up key:
* standard_metadata.ingress_port: 0002

[20:28:27.631] [bmv2] [D] [thread 42442] [0.0] [cxt 0] Table 'MyIngress.check_is_ingress_border': miss
[20:28:27.631] [bmv2] [D] [thread 42442] [0.0] [cxt 0] Action entry is NoAction - 
[20:28:27.631] [bmv2] [T] [thread 42442] [0.0] [cxt 0] Action NoAction
[20:28:27.631] [bmv2] [T] [thread 42442] [0.0] [cxt 0] /home/mario/Escritorio/TFG/p4-utils/escenarios/MPLS/mpls.p4(193) Condition "meta.is_ingress_border == 1" (node_3) is false
[20:28:27.631] [bmv2] [T] [thread 42442] [0.0] [cxt 0] /home/mario/Escritorio/TFG/p4-utils/escenarios/MPLS/mpls.p4(204) Condition "hdr.mpls.isValid()" (node_6) is false
[20:28:27.631] [bmv2] [T] [thread 42442] [0.0] [cxt 0] /home/mario/Escritorio/TFG/p4-utils/escenarios/MPLS/mpls.p4(209) Condition "hdr.ipv4.isValid()" (node_8) is false
[20:28:27.631] [bmv2] [D] [thread 42442] [0.0] [cxt 0] Pipeline 'ingress': end
[20:28:27.631] [bmv2] [D] [thread 42442] [0.0] [cxt 0] Egress port is 0
[20:28:27.631] [bmv2] [D] [thread 42443] [0.0] [cxt 0] Pipeline 'egress': start
[20:28:27.631] [bmv2] [T] [thread 42443] [0.0] [cxt 0] /home/mario/Escritorio/TFG/p4-utils/escenarios/MPLS/mpls.p4(247) Condition "hdr.mpls.isValid()" (node_12) is false
[20:28:27.631] [bmv2] [D] [thread 42443] [0.0] [cxt 0] Pipeline 'egress': end
[20:28:27.631] [bmv2] [D] [thread 42443] [0.0] [cxt 0] Deparser 'deparser': start
[20:28:27.631] [bmv2] [T] [thread 42443] [0.0] [cxt 0] Skipping checksum 'cksum' update because condition not met
[20:28:27.631] [bmv2] [D] [thread 42443] [0.0] [cxt 0] Deparsing header 'ethernet'
[20:28:27.631] [bmv2] [D] [thread 42443] [0.0] [cxt 0] Deparser 'deparser': end
[20:28:27.631] [bmv2] [D] [thread 42447] [0.0] [cxt 0] Transmitting packet of size 210 out of port 0
[20:28:27.729] [bmv2] [D] [thread 42442] [1.0] [cxt 0] Processing packet received on port 2
[20:28:27.729] [bmv2] [D] [thread 42442] [1.0] [cxt 0] Parser 'parser': start
[20:28:27.729] [bmv2] [D] [thread 42442] [1.0] [cxt 0] Parser 'parser' entering state 'start'
[20:28:27.729] [bmv2] [D] [thread 42442] [1.0] [cxt 0] Extracting header 'ethernet'
[20:28:27.729] [bmv2] [D] [thread 42442] [1.0] [cxt 0] Parser state 'start': key is 86dd
[20:28:27.729] [bmv2] [T] [thread 42442] [1.0] [cxt 0] Bytes parsed: 14
[20:28:27.729] [bmv2] [D] [thread 42442] [1.0] [cxt 0] Parser 'parser': end
[20:28:27.729] [bmv2] [D] [thread 42442] [1.0] [cxt 0] Pipeline 'ingress': start
[20:28:27.729] [bmv2] [T] [thread 42442] [1.0] [cxt 0] Applying table 'MyIngress.check_is_ingress_border'
[20:28:27.729] [bmv2] [D] [thread 42442] [1.0] [cxt 0] Looking up key:
* standard_metadata.ingress_port: 0002

[20:28:27.729] [bmv2] [D] [thread 42442] [1.0] [cxt 0] Table 'MyIngress.check_is_ingress_border': miss
[20:28:27.729] [bmv2] [D] [thread 42442] [1.0] [cxt 0] Action entry is NoAction - 
[20:28:27.729] [bmv2] [T] [thread 42442] [1.0] [cxt 0] Action NoAction
[20:28:27.729] [bmv2] [T] [thread 42442] [1.0] [cxt 0] /home/mario/Escritorio/TFG/p4-utils/escenarios/MPLS/mpls.p4(193) Condition "meta.is_ingress_border == 1" (node_3) is false
[20:28:27.729] [bmv2] [T] [thread 42442] [1.0] [cxt 0] /home/mario/Escritorio/TFG/p4-utils/escenarios/MPLS/mpls.p4(204) Condition "hdr.mpls.isValid()" (node_6) is false
[20:28:27.729] [bmv2] [T] [thread 42442] [1.0] [cxt 0] /home/mario/Escritorio/TFG/p4-utils/escenarios/MPLS/mpls.p4(209) Condition "hdr.ipv4.isValid()" (node_8) is false
[20:28:27.729] [bmv2] [D] [thread 42442] [1.0] [cxt 0] Pipeline 'ingress': end
[20:28:27.729] [bmv2] [D] [thread 42442] [1.0] [cxt 0] Egress port is 0
[20:28:27.730] [bmv2] [D] [thread 42443] [1.0] [cxt 0] Pipeline 'egress': start
[20:28:27.730] [bmv2] [T] [thread 42443] [1.0] [cxt 0] /home/mario/Escritorio/TFG/p4-utils/escenarios/MPLS/mpls.p4(247) Condition "hdr.mpls.isValid()" (node_12) is false
[20:28:27.730] [bmv2] [D] [thread 42443] [1.0] [cxt 0] Pipeline 'egress': end
[20:28:27.730] [bmv2] [D] [thread 42443] [1.0] [cxt 0] Deparser 'deparser': start
[20:28:27.730] [bmv2] [T] [thread 42443] [1.0] [cxt 0] Skipping checksum 'cksum' update because condition not met
[20:28:27.730] [bmv2] [D] [thread 42443] [1.0] [cxt 0] Deparsing header 'ethernet'
[20:28:27.730] [bmv2] [D] [thread 42443] [1.0] [cxt 0] Deparser 'deparser': end
[20:28:27.730] [bmv2] [D] [thread 42447] [1.0] [cxt 0] Transmitting packet of size 70 out of port 0
[20:28:27.982] [bmv2] [D] [thread 42442] [2.0] [cxt 0] Processing packet received on port 1
[20:28:27.982] [bmv2] [D] [thread 42442] [2.0] [cxt 0] Parser 'parser': start
[20:28:27.982] [bmv2] [D] [thread 42442] [2.0] [cxt 0] Parser 'parser' entering state 'start'
[20:28:27.982] [bmv2] [D] [thread 42442] [2.0] [cxt 0] Extracting header 'ethernet'
[20:28:27.982] [bmv2] [D] [thread 42442] [2.0] [cxt 0] Parser state 'start': key is 86dd
[20:28:27.982] [bmv2] [T] [thread 42442] [2.0] [cxt 0] Bytes parsed: 14
[20:28:27.982] [bmv2] [D] [thread 42442] [2.0] [cxt 0] Parser 'parser': end
[20:28:27.982] [bmv2] [D] [thread 42442] [2.0] [cxt 0] Pipeline 'ingress': start
[20:28:27.982] [bmv2] [T] [thread 42442] [2.0] [cxt 0] Applying table 'MyIngress.check_is_ingress_border'
[20:28:27.982] [bmv2] [D] [thread 42442] [2.0] [cxt 0] Looking up key:
* standard_metadata.ingress_port: 0001

[20:28:27.982] [bmv2] [D] [thread 42442] [2.0] [cxt 0] Table 'MyIngress.check_is_ingress_border': miss
[20:28:27.982] [bmv2] [D] [thread 42442] [2.0] [cxt 0] Action entry is NoAction - 
[20:28:27.982] [bmv2] [T] [thread 42442] [2.0] [cxt 0] Action NoAction
[20:28:27.982] [bmv2] [T] [thread 42442] [2.0] [cxt 0] /home/mario/Escritorio/TFG/p4-utils/escenarios/MPLS/mpls.p4(193) Condition "meta.is_ingress_border == 1" (node_3) is false
[20:28:27.982] [bmv2] [T] [thread 42442] [2.0] [cxt 0] /home/mario/Escritorio/TFG/p4-utils/escenarios/MPLS/mpls.p4(204) Condition "hdr.mpls.isValid()" (node_6) is false
[20:28:27.982] [bmv2] [T] [thread 42442] [2.0] [cxt 0] /home/mario/Escritorio/TFG/p4-utils/escenarios/MPLS/mpls.p4(209) Condition "hdr.ipv4.isValid()" (node_8) is false
[20:28:27.982] [bmv2] [D] [thread 42442] [2.0] [cxt 0] Pipeline 'ingress': end
[20:28:27.982] [bmv2] [D] [thread 42442] [2.0] [cxt 0] Egress port is 0
[20:28:27.982] [bmv2] [D] [thread 42443] [2.0] [cxt 0] Pipeline 'egress': start
[20:28:27.982] [bmv2] [T] [thread 42443] [2.0] [cxt 0] /home/mario/Escritorio/TFG/p4-utils/escenarios/MPLS/mpls.p4(247) Condition "hdr.mpls.isValid()" (node_12) is false
[20:28:27.982] [bmv2] [D] [thread 42443] [2.0] [cxt 0] Pipeline 'egress': end
[20:28:27.982] [bmv2] [D] [thread 42443] [2.0] [cxt 0] Deparser 'deparser': start
[20:28:27.982] [bmv2] [T] [thread 42443] [2.0] [cxt 0] Skipping checksum 'cksum' update because condition not met
[20:28:27.982] [bmv2] [D] [thread 42443] [2.0] [cxt 0] Deparsing header 'ethernet'
[20:28:27.982] [bmv2] [D] [thread 42443] [2.0] [cxt 0] Deparser 'deparser': end
[20:28:27.982] [bmv2] [D] [thread 42447] [2.0] [cxt 0] Transmitting packet of size 70 out of port 0
[20:28:28.227] [bmv2] [D] [thread 42442] [3.0] [cxt 0] Processing packet received on port 1
[20:28:28.227] [bmv2] [D] [thread 42442] [3.0] [cxt 0] Parser 'parser': start
[20:28:28.227] [bmv2] [D] [thread 42442] [3.0] [cxt 0] Parser 'parser' entering state 'start'
[20:28:28.227] [bmv2] [D] [thread 42442] [3.0] [cxt 0] Extracting header 'ethernet'
[20:28:28.227] [bmv2] [D] [thread 42442] [3.0] [cxt 0] Parser state 'start': key is 86dd
[20:28:28.227] [bmv2] [T] [thread 42442] [3.0] [cxt 0] Bytes parsed: 14
[20:28:28.227] [bmv2] [D] [thread 42442] [3.0] [cxt 0] Parser 'parser': end
[20:28:28.227] [bmv2] [D] [thread 42442] [3.0] [cxt 0] Pipeline 'ingress': start
[20:28:28.227] [bmv2] [T] [thread 42442] [3.0] [cxt 0] Applying table 'MyIngress.check_is_ingress_border'
[20:28:28.227] [bmv2] [D] [thread 42442] [3.0] [cxt 0] Looking up key:
* standard_metadata.ingress_port: 0001

[20:28:28.227] [bmv2] [D] [thread 42442] [3.0] [cxt 0] Table 'MyIngress.check_is_ingress_border': miss
[20:28:28.227] [bmv2] [D] [thread 42442] [3.0] [cxt 0] Action entry is NoAction - 
[20:28:28.227] [bmv2] [T] [thread 42442] [3.0] [cxt 0] Action NoAction
[20:28:28.227] [bmv2] [T] [thread 42442] [3.0] [cxt 0] /home/mario/Escritorio/TFG/p4-utils/escenarios/MPLS/mpls.p4(193) Condition "meta.is_ingress_border == 1" (node_3) is false
[20:28:28.227] [bmv2] [T] [thread 42442] [3.0] [cxt 0] /home/mario/Escritorio/TFG/p4-utils/escenarios/MPLS/mpls.p4(204) Condition "hdr.mpls.isValid()" (node_6) is false
[20:28:28.227] [bmv2] [T] [thread 42442] [3.0] [cxt 0] /home/mario/Escritorio/TFG/p4-utils/escenarios/MPLS/mpls.p4(209) Condition "hdr.ipv4.isValid()" (node_8) is false
[20:28:28.227] [bmv2] [D] [thread 42442] [3.0] [cxt 0] Pipeline 'ingress': end
[20:28:28.227] [bmv2] [D] [thread 42442] [3.0] [cxt 0] Egress port is 0
[20:28:28.227] [bmv2] [D] [thread 42443] [3.0] [cxt 0] Pipeline 'egress': start
[20:28:28.227] [bmv2] [T] [thread 42443] [3.0] [cxt 0] /home/mario/Escritorio/TFG/p4-utils/escenarios/MPLS/mpls.p4(247) Condition "hdr.mpls.isValid()" (node_12) is false
[20:28:28.227] [bmv2] [D] [thread 42443] [3.0] [cxt 0] Pipeline 'egress': end
[20:28:28.227] [bmv2] [D] [thread 42443] [3.0] [cxt 0] Deparser 'deparser': start
[20:28:28.227] [bmv2] [T] [thread 42443] [3.0] [cxt 0] Skipping checksum 'cksum' update because condition not met
[20:28:28.227] [bmv2] [D] [thread 42443] [3.0] [cxt 0] Deparsing header 'ethernet'
[20:28:28.227] [bmv2] [D] [thread 42443] [3.0] [cxt 0] Deparser 'deparser': end
[20:28:28.227] [bmv2] [D] [thread 42447] [3.0] [cxt 0] Transmitting packet of size 210 out of port 0
[20:28:28.241] [bmv2] [D] [thread 42442] [4.0] [cxt 0] Processing packet received on port 1
[20:28:28.241] [bmv2] [D] [thread 42442] [4.0] [cxt 0] Parser 'parser': start
[20:28:28.241] [bmv2] [D] [thread 42442] [4.0] [cxt 0] Parser 'parser' entering state 'start'
[20:28:28.241] [bmv2] [D] [thread 42442] [4.0] [cxt 0] Extracting header 'ethernet'
[20:28:28.241] [bmv2] [D] [thread 42442] [4.0] [cxt 0] Parser state 'start': key is 86dd
[20:28:28.241] [bmv2] [T] [thread 42442] [4.0] [cxt 0] Bytes parsed: 14
[20:28:28.241] [bmv2] [D] [thread 42442] [4.0] [cxt 0] Parser 'parser': end
[20:28:28.241] [bmv2] [D] [thread 42442] [4.0] [cxt 0] Pipeline 'ingress': start
[20:28:28.241] [bmv2] [T] [thread 42442] [4.0] [cxt 0] Applying table 'MyIngress.check_is_ingress_border'
[20:28:28.241] [bmv2] [D] [thread 42442] [4.0] [cxt 0] Looking up key:
* standard_metadata.ingress_port: 0001

[20:28:28.241] [bmv2] [D] [thread 42442] [4.0] [cxt 0] Table 'MyIngress.check_is_ingress_border': miss
[20:28:28.241] [bmv2] [D] [thread 42442] [4.0] [cxt 0] Action entry is NoAction - 
[20:28:28.241] [bmv2] [T] [thread 42442] [4.0] [cxt 0] Action NoAction
[20:28:28.241] [bmv2] [T] [thread 42442] [4.0] [cxt 0] /home/mario/Escritorio/TFG/p4-utils/escenarios/MPLS/mpls.p4(193) Condition "meta.is_ingress_border == 1" (node_3) is false
[20:28:28.241] [bmv2] [T] [thread 42442] [4.0] [cxt 0] /home/mario/Escritorio/TFG/p4-utils/escenarios/MPLS/mpls.p4(204) Condition "hdr.mpls.isValid()" (node_6) is false
[20:28:28.241] [bmv2] [T] [thread 42442] [4.0] [cxt 0] /home/mario/Escritorio/TFG/p4-utils/escenarios/MPLS/mpls.p4(209) Condition "hdr.ipv4.isValid()" (node_8) is false
[20:28:28.241] [bmv2] [D] [thread 42442] [4.0] [cxt 0] Pipeline 'ingress': end
[20:28:28.241] [bmv2] [D] [thread 42442] [4.0] [cxt 0] Egress port is 0
[20:28:28.241] [bmv2] [D] [thread 42443] [4.0] [cxt 0] Pipeline 'egress': start
[20:28:28.241] [bmv2] [T] [thread 42443] [4.0] [cxt 0] /home/mario/Escritorio/TFG/p4-utils/escenarios/MPLS/mpls.p4(247) Condition "hdr.mpls.isValid()" (node_12) is false
[20:28:28.242] [bmv2] [D] [thread 42443] [4.0] [cxt 0] Pipeline 'egress': end
[20:28:28.242] [bmv2] [D] [thread 42443] [4.0] [cxt 0] Deparser 'deparser': start
[20:28:28.242] [bmv2] [T] [thread 42443] [4.0] [cxt 0] Skipping checksum 'cksum' update because condition not met
[20:28:28.242] [bmv2] [D] [thread 42443] [4.0] [cxt 0] Deparsing header 'ethernet'
[20:28:28.242] [bmv2] [D] [thread 42443] [4.0] [cxt 0] Deparser 'deparser': end
[20:28:28.242] [bmv2] [D] [thread 42447] [4.0] [cxt 0] Transmitting packet of size 70 out of port 0
[20:28:28.334] [bmv2] [D] [thread 42442] [5.0] [cxt 0] Processing packet received on port 1
[20:28:28.334] [bmv2] [D] [thread 42442] [5.0] [cxt 0] Parser 'parser': start
[20:28:28.334] [bmv2] [D] [thread 42442] [5.0] [cxt 0] Parser 'parser' entering state 'start'
[20:28:28.334] [bmv2] [D] [thread 42442] [5.0] [cxt 0] Extracting header 'ethernet'
[20:28:28.334] [bmv2] [D] [thread 42442] [5.0] [cxt 0] Parser state 'start': key is 86dd
[20:28:28.334] [bmv2] [T] [thread 42442] [5.0] [cxt 0] Bytes parsed: 14
[20:28:28.334] [bmv2] [D] [thread 42442] [5.0] [cxt 0] Parser 'parser': end
[20:28:28.334] [bmv2] [D] [thread 42442] [5.0] [cxt 0] Pipeline 'ingress': start
[20:28:28.334] [bmv2] [T] [thread 42442] [5.0] [cxt 0] Applying table 'MyIngress.check_is_ingress_border'
[20:28:28.334] [bmv2] [D] [thread 42442] [5.0] [cxt 0] Looking up key:
* standard_metadata.ingress_port: 0001

[20:28:28.334] [bmv2] [D] [thread 42442] [5.0] [cxt 0] Table 'MyIngress.check_is_ingress_border': miss
[20:28:28.334] [bmv2] [D] [thread 42442] [5.0] [cxt 0] Action entry is NoAction - 
[20:28:28.334] [bmv2] [T] [thread 42442] [5.0] [cxt 0] Action NoAction
[20:28:28.334] [bmv2] [T] [thread 42442] [5.0] [cxt 0] /home/mario/Escritorio/TFG/p4-utils/escenarios/MPLS/mpls.p4(193) Condition "meta.is_ingress_border == 1" (node_3) is false
[20:28:28.334] [bmv2] [T] [thread 42442] [5.0] [cxt 0] /home/mario/Escritorio/TFG/p4-utils/escenarios/MPLS/mpls.p4(204) Condition "hdr.mpls.isValid()" (node_6) is false
[20:28:28.334] [bmv2] [T] [thread 42442] [5.0] [cxt 0] /home/mario/Escritorio/TFG/p4-utils/escenarios/MPLS/mpls.p4(209) Condition "hdr.ipv4.isValid()" (node_8) is false
[20:28:28.334] [bmv2] [D] [thread 42442] [5.0] [cxt 0] Pipeline 'ingress': end
[20:28:28.334] [bmv2] [D] [thread 42442] [5.0] [cxt 0] Egress port is 0
[20:28:28.334] [bmv2] [D] [thread 42443] [5.0] [cxt 0] Pipeline 'egress': start
[20:28:28.334] [bmv2] [T] [thread 42443] [5.0] [cxt 0] /home/mario/Escritorio/TFG/p4-utils/escenarios/MPLS/mpls.p4(247) Condition "hdr.mpls.isValid()" (node_12) is false
[20:28:28.334] [bmv2] [D] [thread 42443] [5.0] [cxt 0] Pipeline 'egress': end
[20:28:28.334] [bmv2] [D] [thread 42443] [5.0] [cxt 0] Deparser 'deparser': start
[20:28:28.334] [bmv2] [T] [thread 42443] [5.0] [cxt 0] Skipping checksum 'cksum' update because condition not met
[20:28:28.334] [bmv2] [D] [thread 42443] [5.0] [cxt 0] Deparsing header 'ethernet'
[20:28:28.334] [bmv2] [D] [thread 42443] [5.0] [cxt 0] Deparser 'deparser': end
[20:28:28.334] [bmv2] [D] [thread 42447] [5.0] [cxt 0] Transmitting packet of size 210 out of port 0
[20:29:10.452] [bmv2] [D] [thread 43452] Set default default entry for table 'MyIngress.check_is_ingress_border': NoAction - 
[20:29:10.452] [bmv2] [D] [thread 43452] Set default default entry for table 'MyIngress.fec_to_label': NoAction - 
[20:29:10.452] [bmv2] [D] [thread 43452] Set default default entry for table 'MyIngress.mpls_tbl': MyIngress.drop - 
[20:29:10.452] [bmv2] [D] [thread 43452] Set default default entry for table 'MyIngress.ipv4_lpm': MyIngress.drop - 
[20:29:10.453] [bmv2] [D] [thread 43452] Set default default entry for table 'MyEgress.check_is_egress_border': NoAction - 
[20:29:10.454] [bmv2] [D] [thread 43452] simple_switch target has been notified of a config swap
[20:29:10.693] [bmv2] [D] [thread 43457] Entry 0 added to table 'MyIngress.mpls_tbl'
[20:29:10.694] [bmv2] [D] [thread 43457] Dumping entry 0
Match key:
* hdr.mpls.label      : EXACT     000002
Action entry: MyIngress.mpls_forward - 50700,2,

open: No such file or directory
open: No such file or directory
open: No such file or directory
open: No such file or directory
open: No such file or directory
open: No such file or directory
open: No such file or directory
open: No such file or directory
open: No such file or directory
