Calling target program-options parser
[20:28:26.764] [bmv2] [D] [thread 42401] Set default default entry for table 'MyIngress.check_is_ingress_border': NoAction - 
[20:28:26.764] [bmv2] [D] [thread 42401] Set default default entry for table 'MyIngress.fec_to_label': NoAction - 
[20:28:26.764] [bmv2] [D] [thread 42401] Set default default entry for table 'MyIngress.mpls_tbl': MyIngress.drop - 
[20:28:26.764] [bmv2] [D] [thread 42401] Set default default entry for table 'MyIngress.ipv4_lpm': MyIngress.drop - 
[20:28:26.764] [bmv2] [D] [thread 42401] Set default default entry for table 'MyEgress.check_is_egress_border': NoAction - 
Adding interface s6-eth1 as port 1
[20:28:26.781] [bmv2] [D] [thread 42401] Adding interface s6-eth1 as port 1
Adding interface s6-eth2 as port 2
[20:28:26.794] [bmv2] [D] [thread 42401] Adding interface s6-eth2 as port 2
Adding interface s6-eth3 as port 3
[20:28:26.802] [bmv2] [D] [thread 42401] Adding interface s6-eth3 as port 3
Adding interface s6-eth4 as port 4
[20:28:26.814] [bmv2] [D] [thread 42401] Adding interface s6-eth4 as port 4
Adding interface s6-eth5 as port 5
[20:28:26.822] [bmv2] [D] [thread 42401] Adding interface s6-eth5 as port 5
Server listening on 0.0.0.0:9564
[20:28:26.836] [bmv2] [I] [thread 42401] Starting Thrift server on port 9095
[20:28:26.837] [bmv2] [I] [thread 42401] Thrift server was started
[20:28:26.960] [bmv2] [D] [thread 42414] [0.0] [cxt 0] Processing packet received on port 3
[20:28:26.960] [bmv2] [D] [thread 42414] [0.0] [cxt 0] Parser 'parser': start
[20:28:26.960] [bmv2] [D] [thread 42414] [0.0] [cxt 0] Parser 'parser' entering state 'start'
[20:28:26.960] [bmv2] [D] [thread 42414] [0.0] [cxt 0] Extracting header 'ethernet'
[20:28:26.960] [bmv2] [D] [thread 42414] [0.0] [cxt 0] Parser state 'start': key is 86dd
[20:28:26.960] [bmv2] [T] [thread 42414] [0.0] [cxt 0] Bytes parsed: 14
[20:28:26.960] [bmv2] [D] [thread 42414] [0.0] [cxt 0] Parser 'parser': end
[20:28:26.960] [bmv2] [D] [thread 42414] [0.0] [cxt 0] Pipeline 'ingress': start
[20:28:26.960] [bmv2] [T] [thread 42414] [0.0] [cxt 0] Applying table 'MyIngress.check_is_ingress_border'
[20:28:26.960] [bmv2] [D] [thread 42414] [0.0] [cxt 0] Looking up key:
* standard_metadata.ingress_port: 0003

[20:28:26.960] [bmv2] [D] [thread 42414] [0.0] [cxt 0] Table 'MyIngress.check_is_ingress_border': miss
[20:28:26.960] [bmv2] [D] [thread 42414] [0.0] [cxt 0] Action entry is NoAction - 
[20:28:26.960] [bmv2] [T] [thread 42414] [0.0] [cxt 0] Action NoAction
[20:28:26.960] [bmv2] [T] [thread 42414] [0.0] [cxt 0] /home/mario/Escritorio/TFG/p4-utils/escenarios/MPLS/mpls.p4(193) Condition "meta.is_ingress_border == 1" (node_3) is false
[20:28:26.960] [bmv2] [T] [thread 42414] [0.0] [cxt 0] /home/mario/Escritorio/TFG/p4-utils/escenarios/MPLS/mpls.p4(204) Condition "hdr.mpls.isValid()" (node_6) is false
[20:28:26.960] [bmv2] [T] [thread 42414] [0.0] [cxt 0] /home/mario/Escritorio/TFG/p4-utils/escenarios/MPLS/mpls.p4(209) Condition "hdr.ipv4.isValid()" (node_8) is false
[20:28:26.960] [bmv2] [D] [thread 42414] [0.0] [cxt 0] Pipeline 'ingress': end
[20:28:26.960] [bmv2] [D] [thread 42414] [0.0] [cxt 0] Egress port is 0
[20:28:26.960] [bmv2] [D] [thread 42414] [1.0] [cxt 0] Processing packet received on port 4
[20:28:26.960] [bmv2] [D] [thread 42414] [1.0] [cxt 0] Parser 'parser': start
[20:28:26.960] [bmv2] [D] [thread 42414] [1.0] [cxt 0] Parser 'parser' entering state 'start'
[20:28:26.960] [bmv2] [D] [thread 42414] [1.0] [cxt 0] Extracting header 'ethernet'
[20:28:26.960] [bmv2] [D] [thread 42414] [1.0] [cxt 0] Parser state 'start': key is 86dd
[20:28:26.960] [bmv2] [T] [thread 42414] [1.0] [cxt 0] Bytes parsed: 14
[20:28:26.960] [bmv2] [D] [thread 42414] [1.0] [cxt 0] Parser 'parser': end
[20:28:26.960] [bmv2] [D] [thread 42414] [1.0] [cxt 0] Pipeline 'ingress': start
[20:28:26.960] [bmv2] [T] [thread 42414] [1.0] [cxt 0] Applying table 'MyIngress.check_is_ingress_border'
[20:28:26.960] [bmv2] [D] [thread 42414] [1.0] [cxt 0] Looking up key:
* standard_metadata.ingress_port: 0004

[20:28:26.960] [bmv2] [D] [thread 42414] [1.0] [cxt 0] Table 'MyIngress.check_is_ingress_border': miss
[20:28:26.960] [bmv2] [D] [thread 42414] [1.0] [cxt 0] Action entry is NoAction - 
[20:28:26.960] [bmv2] [T] [thread 42414] [1.0] [cxt 0] Action NoAction
[20:28:26.960] [bmv2] [T] [thread 42414] [1.0] [cxt 0] /home/mario/Escritorio/TFG/p4-utils/escenarios/MPLS/mpls.p4(193) Condition "meta.is_ingress_border == 1" (node_3) is false
[20:28:26.960] [bmv2] [T] [thread 42414] [1.0] [cxt 0] /home/mario/Escritorio/TFG/p4-utils/escenarios/MPLS/mpls.p4(204) Condition "hdr.mpls.isValid()" (node_6) is false
[20:28:26.960] [bmv2] [T] [thread 42414] [1.0] [cxt 0] /home/mario/Escritorio/TFG/p4-utils/escenarios/MPLS/mpls.p4(209) Condition "hdr.ipv4.isValid()" (node_8) is false
[20:28:26.960] [bmv2] [D] [thread 42414] [1.0] [cxt 0] Pipeline 'ingress': end
[20:28:26.960] [bmv2] [D] [thread 42414] [1.0] [cxt 0] Egress port is 0
[20:28:26.960] [bmv2] [D] [thread 42415] [0.0] [cxt 0] Pipeline 'egress': start
[20:28:26.960] [bmv2] [T] [thread 42415] [0.0] [cxt 0] /home/mario/Escritorio/TFG/p4-utils/escenarios/MPLS/mpls.p4(247) Condition "hdr.mpls.isValid()" (node_12) is false
[20:28:26.960] [bmv2] [D] [thread 42415] [0.0] [cxt 0] Pipeline 'egress': end
[20:28:26.960] [bmv2] [D] [thread 42415] [0.0] [cxt 0] Deparser 'deparser': start
[20:28:26.960] [bmv2] [T] [thread 42415] [0.0] [cxt 0] Skipping checksum 'cksum' update because condition not met
[20:28:26.960] [bmv2] [D] [thread 42415] [0.0] [cxt 0] Deparsing header 'ethernet'
[20:28:26.960] [bmv2] [D] [thread 42415] [0.0] [cxt 0] Deparser 'deparser': end
[20:28:26.960] [bmv2] [D] [thread 42415] [1.0] [cxt 0] Pipeline 'egress': start
[20:28:26.960] [bmv2] [T] [thread 42415] [1.0] [cxt 0] /home/mario/Escritorio/TFG/p4-utils/escenarios/MPLS/mpls.p4(247) Condition "hdr.mpls.isValid()" (node_12) is false
[20:28:26.960] [bmv2] [D] [thread 42415] [1.0] [cxt 0] Pipeline 'egress': end
[20:28:26.960] [bmv2] [D] [thread 42415] [1.0] [cxt 0] Deparser 'deparser': start
[20:28:26.960] [bmv2] [T] [thread 42415] [1.0] [cxt 0] Skipping checksum 'cksum' update because condition not met
[20:28:26.960] [bmv2] [D] [thread 42415] [1.0] [cxt 0] Deparsing header 'ethernet'
[20:28:26.960] [bmv2] [D] [thread 42415] [1.0] [cxt 0] Deparser 'deparser': end
[20:28:26.962] [bmv2] [D] [thread 42419] [0.0] [cxt 0] Transmitting packet of size 70 out of port 0
[20:28:26.962] [bmv2] [D] [thread 42419] [1.0] [cxt 0] Transmitting packet of size 70 out of port 0
[20:28:26.974] [bmv2] [D] [thread 42414] [2.0] [cxt 0] Processing packet received on port 5
[20:28:26.974] [bmv2] [D] [thread 42414] [2.0] [cxt 0] Parser 'parser': start
[20:28:26.974] [bmv2] [D] [thread 42414] [2.0] [cxt 0] Parser 'parser' entering state 'start'
[20:28:26.974] [bmv2] [D] [thread 42414] [2.0] [cxt 0] Extracting header 'ethernet'
[20:28:26.974] [bmv2] [D] [thread 42414] [2.0] [cxt 0] Parser state 'start': key is 86dd
[20:28:26.974] [bmv2] [T] [thread 42414] [2.0] [cxt 0] Bytes parsed: 14
[20:28:26.974] [bmv2] [D] [thread 42414] [2.0] [cxt 0] Parser 'parser': end
[20:28:26.974] [bmv2] [D] [thread 42414] [2.0] [cxt 0] Pipeline 'ingress': start
[20:28:26.974] [bmv2] [T] [thread 42414] [2.0] [cxt 0] Applying table 'MyIngress.check_is_ingress_border'
[20:28:26.974] [bmv2] [D] [thread 42414] [2.0] [cxt 0] Looking up key:
* standard_metadata.ingress_port: 0005

[20:28:26.974] [bmv2] [D] [thread 42414] [2.0] [cxt 0] Table 'MyIngress.check_is_ingress_border': miss
[20:28:26.974] [bmv2] [D] [thread 42414] [2.0] [cxt 0] Action entry is NoAction - 
[20:28:26.974] [bmv2] [T] [thread 42414] [2.0] [cxt 0] Action NoAction
[20:28:26.974] [bmv2] [T] [thread 42414] [2.0] [cxt 0] /home/mario/Escritorio/TFG/p4-utils/escenarios/MPLS/mpls.p4(193) Condition "meta.is_ingress_border == 1" (node_3) is false
[20:28:26.974] [bmv2] [T] [thread 42414] [2.0] [cxt 0] /home/mario/Escritorio/TFG/p4-utils/escenarios/MPLS/mpls.p4(204) Condition "hdr.mpls.isValid()" (node_6) is false
[20:28:26.974] [bmv2] [T] [thread 42414] [2.0] [cxt 0] /home/mario/Escritorio/TFG/p4-utils/escenarios/MPLS/mpls.p4(209) Condition "hdr.ipv4.isValid()" (node_8) is false
[20:28:26.974] [bmv2] [D] [thread 42414] [2.0] [cxt 0] Pipeline 'ingress': end
[20:28:26.974] [bmv2] [D] [thread 42414] [2.0] [cxt 0] Egress port is 0
[20:28:26.974] [bmv2] [D] [thread 42415] [2.0] [cxt 0] Pipeline 'egress': start
[20:28:26.975] [bmv2] [T] [thread 42415] [2.0] [cxt 0] /home/mario/Escritorio/TFG/p4-utils/escenarios/MPLS/mpls.p4(247) Condition "hdr.mpls.isValid()" (node_12) is false
[20:28:26.975] [bmv2] [D] [thread 42415] [2.0] [cxt 0] Pipeline 'egress': end
[20:28:26.975] [bmv2] [D] [thread 42415] [2.0] [cxt 0] Deparser 'deparser': start
[20:28:26.975] [bmv2] [T] [thread 42415] [2.0] [cxt 0] Skipping checksum 'cksum' update because condition not met
[20:28:26.975] [bmv2] [D] [thread 42415] [2.0] [cxt 0] Deparsing header 'ethernet'
[20:28:26.975] [bmv2] [D] [thread 42415] [2.0] [cxt 0] Deparser 'deparser': end
[20:28:26.975] [bmv2] [D] [thread 42419] [2.0] [cxt 0] Transmitting packet of size 203 out of port 0
[20:28:27.123] [bmv2] [D] [thread 42414] [3.0] [cxt 0] Processing packet received on port 3
[20:28:27.123] [bmv2] [D] [thread 42414] [3.0] [cxt 0] Parser 'parser': start
[20:28:27.123] [bmv2] [D] [thread 42414] [3.0] [cxt 0] Parser 'parser' entering state 'start'
[20:28:27.123] [bmv2] [D] [thread 42414] [3.0] [cxt 0] Extracting header 'ethernet'
[20:28:27.123] [bmv2] [D] [thread 42414] [3.0] [cxt 0] Parser state 'start': key is 86dd
[20:28:27.123] [bmv2] [T] [thread 42414] [3.0] [cxt 0] Bytes parsed: 14
[20:28:27.123] [bmv2] [D] [thread 42414] [3.0] [cxt 0] Parser 'parser': end
[20:28:27.123] [bmv2] [D] [thread 42414] [3.0] [cxt 0] Pipeline 'ingress': start
[20:28:27.123] [bmv2] [T] [thread 42414] [3.0] [cxt 0] Applying table 'MyIngress.check_is_ingress_border'
[20:28:27.123] [bmv2] [D] [thread 42414] [3.0] [cxt 0] Looking up key:
* standard_metadata.ingress_port: 0003

[20:28:27.123] [bmv2] [D] [thread 42414] [3.0] [cxt 0] Table 'MyIngress.check_is_ingress_border': miss
[20:28:27.123] [bmv2] [D] [thread 42414] [3.0] [cxt 0] Action entry is NoAction - 
[20:28:27.123] [bmv2] [T] [thread 42414] [3.0] [cxt 0] Action NoAction
[20:28:27.123] [bmv2] [T] [thread 42414] [3.0] [cxt 0] /home/mario/Escritorio/TFG/p4-utils/escenarios/MPLS/mpls.p4(193) Condition "meta.is_ingress_border == 1" (node_3) is false
[20:28:27.123] [bmv2] [T] [thread 42414] [3.0] [cxt 0] /home/mario/Escritorio/TFG/p4-utils/escenarios/MPLS/mpls.p4(204) Condition "hdr.mpls.isValid()" (node_6) is false
[20:28:27.123] [bmv2] [T] [thread 42414] [3.0] [cxt 0] /home/mario/Escritorio/TFG/p4-utils/escenarios/MPLS/mpls.p4(209) Condition "hdr.ipv4.isValid()" (node_8) is false
[20:28:27.123] [bmv2] [D] [thread 42414] [3.0] [cxt 0] Pipeline 'ingress': end
[20:28:27.123] [bmv2] [D] [thread 42414] [3.0] [cxt 0] Egress port is 0
[20:28:27.123] [bmv2] [D] [thread 42415] [3.0] [cxt 0] Pipeline 'egress': start
[20:28:27.123] [bmv2] [T] [thread 42415] [3.0] [cxt 0] /home/mario/Escritorio/TFG/p4-utils/escenarios/MPLS/mpls.p4(247) Condition "hdr.mpls.isValid()" (node_12) is false
[20:28:27.123] [bmv2] [D] [thread 42415] [3.0] [cxt 0] Pipeline 'egress': end
[20:28:27.123] [bmv2] [D] [thread 42415] [3.0] [cxt 0] Deparser 'deparser': start
[20:28:27.123] [bmv2] [T] [thread 42415] [3.0] [cxt 0] Skipping checksum 'cksum' update because condition not met
[20:28:27.123] [bmv2] [D] [thread 42415] [3.0] [cxt 0] Deparsing header 'ethernet'
[20:28:27.123] [bmv2] [D] [thread 42415] [3.0] [cxt 0] Deparser 'deparser': end
[20:28:27.123] [bmv2] [D] [thread 42419] [3.0] [cxt 0] Transmitting packet of size 210 out of port 0
[20:28:27.311] [bmv2] [D] [thread 42414] [4.0] [cxt 0] Processing packet received on port 4
[20:28:27.311] [bmv2] [D] [thread 42414] [4.0] [cxt 0] Parser 'parser': start
[20:28:27.311] [bmv2] [D] [thread 42414] [4.0] [cxt 0] Parser 'parser' entering state 'start'
[20:28:27.311] [bmv2] [D] [thread 42414] [4.0] [cxt 0] Extracting header 'ethernet'
[20:28:27.311] [bmv2] [D] [thread 42414] [4.0] [cxt 0] Parser state 'start': key is 86dd
[20:28:27.311] [bmv2] [T] [thread 42414] [4.0] [cxt 0] Bytes parsed: 14
[20:28:27.311] [bmv2] [D] [thread 42414] [4.0] [cxt 0] Parser 'parser': end
[20:28:27.311] [bmv2] [D] [thread 42414] [4.0] [cxt 0] Pipeline 'ingress': start
[20:28:27.311] [bmv2] [T] [thread 42414] [4.0] [cxt 0] Applying table 'MyIngress.check_is_ingress_border'
[20:28:27.311] [bmv2] [D] [thread 42414] [4.0] [cxt 0] Looking up key:
* standard_metadata.ingress_port: 0004

[20:28:27.311] [bmv2] [D] [thread 42414] [4.0] [cxt 0] Table 'MyIngress.check_is_ingress_border': miss
[20:28:27.311] [bmv2] [D] [thread 42414] [4.0] [cxt 0] Action entry is NoAction - 
[20:28:27.311] [bmv2] [T] [thread 42414] [4.0] [cxt 0] Action NoAction
[20:28:27.311] [bmv2] [T] [thread 42414] [4.0] [cxt 0] /home/mario/Escritorio/TFG/p4-utils/escenarios/MPLS/mpls.p4(193) Condition "meta.is_ingress_border == 1" (node_3) is false
[20:28:27.311] [bmv2] [T] [thread 42414] [4.0] [cxt 0] /home/mario/Escritorio/TFG/p4-utils/escenarios/MPLS/mpls.p4(204) Condition "hdr.mpls.isValid()" (node_6) is false
[20:28:27.311] [bmv2] [T] [thread 42414] [4.0] [cxt 0] /home/mario/Escritorio/TFG/p4-utils/escenarios/MPLS/mpls.p4(209) Condition "hdr.ipv4.isValid()" (node_8) is false
[20:28:27.311] [bmv2] [D] [thread 42414] [4.0] [cxt 0] Pipeline 'ingress': end
[20:28:27.311] [bmv2] [D] [thread 42414] [4.0] [cxt 0] Egress port is 0
[20:28:27.311] [bmv2] [D] [thread 42415] [4.0] [cxt 0] Pipeline 'egress': start
[20:28:27.311] [bmv2] [T] [thread 42415] [4.0] [cxt 0] /home/mario/Escritorio/TFG/p4-utils/escenarios/MPLS/mpls.p4(247) Condition "hdr.mpls.isValid()" (node_12) is false
[20:28:27.311] [bmv2] [D] [thread 42415] [4.0] [cxt 0] Pipeline 'egress': end
[20:28:27.311] [bmv2] [D] [thread 42415] [4.0] [cxt 0] Deparser 'deparser': start
[20:28:27.311] [bmv2] [T] [thread 42415] [4.0] [cxt 0] Skipping checksum 'cksum' update because condition not met
[20:28:27.311] [bmv2] [D] [thread 42415] [4.0] [cxt 0] Deparsing header 'ethernet'
[20:28:27.311] [bmv2] [D] [thread 42415] [4.0] [cxt 0] Deparser 'deparser': end
[20:28:27.311] [bmv2] [D] [thread 42419] [4.0] [cxt 0] Transmitting packet of size 210 out of port 0
[20:28:27.441] [bmv2] [D] [thread 42414] [5.0] [cxt 0] Processing packet received on port 5
[20:28:27.441] [bmv2] [D] [thread 42414] [5.0] [cxt 0] Parser 'parser': start
[20:28:27.441] [bmv2] [D] [thread 42414] [5.0] [cxt 0] Parser 'parser' entering state 'start'
[20:28:27.441] [bmv2] [D] [thread 42414] [5.0] [cxt 0] Extracting header 'ethernet'
[20:28:27.442] [bmv2] [D] [thread 42414] [5.0] [cxt 0] Parser state 'start': key is 86dd
[20:28:27.442] [bmv2] [T] [thread 42414] [5.0] [cxt 0] Bytes parsed: 14
[20:28:27.442] [bmv2] [D] [thread 42414] [5.0] [cxt 0] Parser 'parser': end
[20:28:27.442] [bmv2] [D] [thread 42414] [5.0] [cxt 0] Pipeline 'ingress': start
[20:28:27.442] [bmv2] [T] [thread 42414] [5.0] [cxt 0] Applying table 'MyIngress.check_is_ingress_border'
[20:28:27.442] [bmv2] [D] [thread 42414] [5.0] [cxt 0] Looking up key:
* standard_metadata.ingress_port: 0005

[20:28:27.442] [bmv2] [D] [thread 42414] [5.0] [cxt 0] Table 'MyIngress.check_is_ingress_border': miss
[20:28:27.442] [bmv2] [D] [thread 42414] [5.0] [cxt 0] Action entry is NoAction - 
[20:28:27.442] [bmv2] [T] [thread 42414] [5.0] [cxt 0] Action NoAction
[20:28:27.442] [bmv2] [T] [thread 42414] [5.0] [cxt 0] /home/mario/Escritorio/TFG/p4-utils/escenarios/MPLS/mpls.p4(193) Condition "meta.is_ingress_border == 1" (node_3) is false
[20:28:27.442] [bmv2] [T] [thread 42414] [5.0] [cxt 0] /home/mario/Escritorio/TFG/p4-utils/escenarios/MPLS/mpls.p4(204) Condition "hdr.mpls.isValid()" (node_6) is false
[20:28:27.442] [bmv2] [T] [thread 42414] [5.0] [cxt 0] /home/mario/Escritorio/TFG/p4-utils/escenarios/MPLS/mpls.p4(209) Condition "hdr.ipv4.isValid()" (node_8) is false
[20:28:27.442] [bmv2] [D] [thread 42414] [5.0] [cxt 0] Pipeline 'ingress': end
[20:28:27.442] [bmv2] [D] [thread 42414] [5.0] [cxt 0] Egress port is 0
[20:28:27.442] [bmv2] [D] [thread 42415] [5.0] [cxt 0] Pipeline 'egress': start
[20:28:27.442] [bmv2] [T] [thread 42415] [5.0] [cxt 0] /home/mario/Escritorio/TFG/p4-utils/escenarios/MPLS/mpls.p4(247) Condition "hdr.mpls.isValid()" (node_12) is false
[20:28:27.442] [bmv2] [D] [thread 42415] [5.0] [cxt 0] Pipeline 'egress': end
[20:28:27.442] [bmv2] [D] [thread 42415] [5.0] [cxt 0] Deparser 'deparser': start
[20:28:27.442] [bmv2] [T] [thread 42415] [5.0] [cxt 0] Skipping checksum 'cksum' update because condition not met
[20:28:27.442] [bmv2] [D] [thread 42415] [5.0] [cxt 0] Deparsing header 'ethernet'
[20:28:27.442] [bmv2] [D] [thread 42415] [5.0] [cxt 0] Deparser 'deparser': end
[20:28:27.442] [bmv2] [D] [thread 42419] [5.0] [cxt 0] Transmitting packet of size 210 out of port 0
[20:28:27.470] [bmv2] [D] [thread 42414] [6.0] [cxt 0] Processing packet received on port 5
[20:28:27.470] [bmv2] [D] [thread 42414] [6.0] [cxt 0] Parser 'parser': start
[20:28:27.470] [bmv2] [D] [thread 42414] [6.0] [cxt 0] Parser 'parser' entering state 'start'
[20:28:27.470] [bmv2] [D] [thread 42414] [6.0] [cxt 0] Extracting header 'ethernet'
[20:28:27.470] [bmv2] [D] [thread 42414] [6.0] [cxt 0] Parser state 'start': key is 86dd
[20:28:27.470] [bmv2] [T] [thread 42414] [6.0] [cxt 0] Bytes parsed: 14
[20:28:27.470] [bmv2] [D] [thread 42414] [6.0] [cxt 0] Parser 'parser': end
[20:28:27.470] [bmv2] [D] [thread 42414] [6.0] [cxt 0] Pipeline 'ingress': start
[20:28:27.471] [bmv2] [T] [thread 42414] [6.0] [cxt 0] Applying table 'MyIngress.check_is_ingress_border'
[20:28:27.471] [bmv2] [D] [thread 42414] [6.0] [cxt 0] Looking up key:
* standard_metadata.ingress_port: 0005

[20:28:27.471] [bmv2] [D] [thread 42414] [6.0] [cxt 0] Table 'MyIngress.check_is_ingress_border': miss
[20:28:27.471] [bmv2] [D] [thread 42414] [6.0] [cxt 0] Action entry is NoAction - 
[20:28:27.471] [bmv2] [T] [thread 42414] [6.0] [cxt 0] Action NoAction
[20:28:27.471] [bmv2] [T] [thread 42414] [6.0] [cxt 0] /home/mario/Escritorio/TFG/p4-utils/escenarios/MPLS/mpls.p4(193) Condition "meta.is_ingress_border == 1" (node_3) is false
[20:28:27.471] [bmv2] [T] [thread 42414] [6.0] [cxt 0] /home/mario/Escritorio/TFG/p4-utils/escenarios/MPLS/mpls.p4(204) Condition "hdr.mpls.isValid()" (node_6) is false
[20:28:27.471] [bmv2] [T] [thread 42414] [6.0] [cxt 0] /home/mario/Escritorio/TFG/p4-utils/escenarios/MPLS/mpls.p4(209) Condition "hdr.ipv4.isValid()" (node_8) is false
[20:28:27.471] [bmv2] [D] [thread 42414] [6.0] [cxt 0] Pipeline 'ingress': end
[20:28:27.471] [bmv2] [D] [thread 42414] [6.0] [cxt 0] Egress port is 0
[20:28:27.471] [bmv2] [D] [thread 42415] [6.0] [cxt 0] Pipeline 'egress': start
[20:28:27.471] [bmv2] [T] [thread 42415] [6.0] [cxt 0] /home/mario/Escritorio/TFG/p4-utils/escenarios/MPLS/mpls.p4(247) Condition "hdr.mpls.isValid()" (node_12) is false
[20:28:27.471] [bmv2] [D] [thread 42415] [6.0] [cxt 0] Pipeline 'egress': end
[20:28:27.471] [bmv2] [D] [thread 42415] [6.0] [cxt 0] Deparser 'deparser': start
[20:28:27.471] [bmv2] [T] [thread 42415] [6.0] [cxt 0] Skipping checksum 'cksum' update because condition not met
[20:28:27.471] [bmv2] [D] [thread 42415] [6.0] [cxt 0] Deparsing header 'ethernet'
[20:28:27.471] [bmv2] [D] [thread 42415] [6.0] [cxt 0] Deparser 'deparser': end
[20:28:27.471] [bmv2] [D] [thread 42419] [6.0] [cxt 0] Transmitting packet of size 70 out of port 0
[20:28:27.604] [bmv2] [D] [thread 42414] [7.0] [cxt 0] Processing packet received on port 2
[20:28:27.604] [bmv2] [D] [thread 42414] [7.0] [cxt 0] Parser 'parser': start
[20:28:27.604] [bmv2] [D] [thread 42414] [7.0] [cxt 0] Parser 'parser' entering state 'start'
[20:28:27.604] [bmv2] [D] [thread 42414] [7.0] [cxt 0] Extracting header 'ethernet'
[20:28:27.604] [bmv2] [D] [thread 42414] [7.0] [cxt 0] Parser state 'start': key is 86dd
[20:28:27.604] [bmv2] [T] [thread 42414] [7.0] [cxt 0] Bytes parsed: 14
[20:28:27.604] [bmv2] [D] [thread 42414] [7.0] [cxt 0] Parser 'parser': end
[20:28:27.604] [bmv2] [D] [thread 42414] [7.0] [cxt 0] Pipeline 'ingress': start
[20:28:27.604] [bmv2] [T] [thread 42414] [7.0] [cxt 0] Applying table 'MyIngress.check_is_ingress_border'
[20:28:27.604] [bmv2] [D] [thread 42414] [7.0] [cxt 0] Looking up key:
* standard_metadata.ingress_port: 0002

[20:28:27.604] [bmv2] [D] [thread 42414] [7.0] [cxt 0] Table 'MyIngress.check_is_ingress_border': miss
[20:28:27.604] [bmv2] [D] [thread 42414] [7.0] [cxt 0] Action entry is NoAction - 
[20:28:27.604] [bmv2] [T] [thread 42414] [7.0] [cxt 0] Action NoAction
[20:28:27.604] [bmv2] [T] [thread 42414] [7.0] [cxt 0] /home/mario/Escritorio/TFG/p4-utils/escenarios/MPLS/mpls.p4(193) Condition "meta.is_ingress_border == 1" (node_3) is false
[20:28:27.604] [bmv2] [T] [thread 42414] [7.0] [cxt 0] /home/mario/Escritorio/TFG/p4-utils/escenarios/MPLS/mpls.p4(204) Condition "hdr.mpls.isValid()" (node_6) is false
[20:28:27.604] [bmv2] [T] [thread 42414] [7.0] [cxt 0] /home/mario/Escritorio/TFG/p4-utils/escenarios/MPLS/mpls.p4(209) Condition "hdr.ipv4.isValid()" (node_8) is false
[20:28:27.604] [bmv2] [D] [thread 42414] [7.0] [cxt 0] Pipeline 'ingress': end
[20:28:27.604] [bmv2] [D] [thread 42414] [7.0] [cxt 0] Egress port is 0
[20:28:27.604] [bmv2] [D] [thread 42415] [7.0] [cxt 0] Pipeline 'egress': start
[20:28:27.604] [bmv2] [T] [thread 42415] [7.0] [cxt 0] /home/mario/Escritorio/TFG/p4-utils/escenarios/MPLS/mpls.p4(247) Condition "hdr.mpls.isValid()" (node_12) is false
[20:28:27.604] [bmv2] [D] [thread 42415] [7.0] [cxt 0] Pipeline 'egress': end
[20:28:27.604] [bmv2] [D] [thread 42415] [7.0] [cxt 0] Deparser 'deparser': start
[20:28:27.604] [bmv2] [T] [thread 42415] [7.0] [cxt 0] Skipping checksum 'cksum' update because condition not met
[20:28:27.604] [bmv2] [D] [thread 42415] [7.0] [cxt 0] Deparsing header 'ethernet'
[20:28:27.604] [bmv2] [D] [thread 42415] [7.0] [cxt 0] Deparser 'deparser': end
[20:28:27.604] [bmv2] [D] [thread 42419] [7.0] [cxt 0] Transmitting packet of size 210 out of port 0
[20:28:27.697] [bmv2] [D] [thread 42414] [8.0] [cxt 0] Processing packet received on port 1
[20:28:27.697] [bmv2] [D] [thread 42414] [8.0] [cxt 0] Parser 'parser': start
[20:28:27.697] [bmv2] [D] [thread 42414] [8.0] [cxt 0] Parser 'parser' entering state 'start'
[20:28:27.697] [bmv2] [D] [thread 42414] [8.0] [cxt 0] Extracting header 'ethernet'
[20:28:27.697] [bmv2] [D] [thread 42414] [8.0] [cxt 0] Parser state 'start': key is 86dd
[20:28:27.697] [bmv2] [T] [thread 42414] [8.0] [cxt 0] Bytes parsed: 14
[20:28:27.697] [bmv2] [D] [thread 42414] [8.0] [cxt 0] Parser 'parser': end
[20:28:27.697] [bmv2] [D] [thread 42414] [8.0] [cxt 0] Pipeline 'ingress': start
[20:28:27.697] [bmv2] [T] [thread 42414] [8.0] [cxt 0] Applying table 'MyIngress.check_is_ingress_border'
[20:28:27.698] [bmv2] [D] [thread 42414] [8.0] [cxt 0] Looking up key:
* standard_metadata.ingress_port: 0001

[20:28:27.698] [bmv2] [D] [thread 42414] [8.0] [cxt 0] Table 'MyIngress.check_is_ingress_border': miss
[20:28:27.698] [bmv2] [D] [thread 42414] [8.0] [cxt 0] Action entry is NoAction - 
[20:28:27.698] [bmv2] [T] [thread 42414] [8.0] [cxt 0] Action NoAction
[20:28:27.698] [bmv2] [T] [thread 42414] [8.0] [cxt 0] /home/mario/Escritorio/TFG/p4-utils/escenarios/MPLS/mpls.p4(193) Condition "meta.is_ingress_border == 1" (node_3) is false
[20:28:27.698] [bmv2] [T] [thread 42414] [8.0] [cxt 0] /home/mario/Escritorio/TFG/p4-utils/escenarios/MPLS/mpls.p4(204) Condition "hdr.mpls.isValid()" (node_6) is false
[20:28:27.698] [bmv2] [T] [thread 42414] [8.0] [cxt 0] /home/mario/Escritorio/TFG/p4-utils/escenarios/MPLS/mpls.p4(209) Condition "hdr.ipv4.isValid()" (node_8) is false
[20:28:27.698] [bmv2] [D] [thread 42414] [8.0] [cxt 0] Pipeline 'ingress': end
[20:28:27.698] [bmv2] [D] [thread 42414] [8.0] [cxt 0] Egress port is 0
[20:28:27.698] [bmv2] [D] [thread 42415] [8.0] [cxt 0] Pipeline 'egress': start
[20:28:27.698] [bmv2] [T] [thread 42415] [8.0] [cxt 0] /home/mario/Escritorio/TFG/p4-utils/escenarios/MPLS/mpls.p4(247) Condition "hdr.mpls.isValid()" (node_12) is false
[20:28:27.698] [bmv2] [D] [thread 42415] [8.0] [cxt 0] Pipeline 'egress': end
[20:28:27.698] [bmv2] [D] [thread 42415] [8.0] [cxt 0] Deparser 'deparser': start
[20:28:27.698] [bmv2] [T] [thread 42415] [8.0] [cxt 0] Skipping checksum 'cksum' update because condition not met
[20:28:27.698] [bmv2] [D] [thread 42415] [8.0] [cxt 0] Deparsing header 'ethernet'
[20:28:27.698] [bmv2] [D] [thread 42415] [8.0] [cxt 0] Deparser 'deparser': end
[20:28:27.698] [bmv2] [D] [thread 42419] [8.0] [cxt 0] Transmitting packet of size 210 out of port 0
[20:28:27.728] [bmv2] [D] [thread 42414] [9.0] [cxt 0] Processing packet received on port 1
[20:28:27.728] [bmv2] [D] [thread 42414] [9.0] [cxt 0] Parser 'parser': start
[20:28:27.728] [bmv2] [D] [thread 42414] [9.0] [cxt 0] Parser 'parser' entering state 'start'
[20:28:27.728] [bmv2] [D] [thread 42414] [9.0] [cxt 0] Extracting header 'ethernet'
[20:28:27.728] [bmv2] [D] [thread 42414] [9.0] [cxt 0] Parser state 'start': key is 86dd
[20:28:27.728] [bmv2] [T] [thread 42414] [9.0] [cxt 0] Bytes parsed: 14
[20:28:27.728] [bmv2] [D] [thread 42414] [9.0] [cxt 0] Parser 'parser': end
[20:28:27.728] [bmv2] [D] [thread 42414] [9.0] [cxt 0] Pipeline 'ingress': start
[20:28:27.728] [bmv2] [T] [thread 42414] [9.0] [cxt 0] Applying table 'MyIngress.check_is_ingress_border'
[20:28:27.728] [bmv2] [D] [thread 42414] [9.0] [cxt 0] Looking up key:
* standard_metadata.ingress_port: 0001

[20:28:27.728] [bmv2] [D] [thread 42414] [9.0] [cxt 0] Table 'MyIngress.check_is_ingress_border': miss
[20:28:27.728] [bmv2] [D] [thread 42414] [9.0] [cxt 0] Action entry is NoAction - 
[20:28:27.728] [bmv2] [T] [thread 42414] [9.0] [cxt 0] Action NoAction
[20:28:27.728] [bmv2] [T] [thread 42414] [9.0] [cxt 0] /home/mario/Escritorio/TFG/p4-utils/escenarios/MPLS/mpls.p4(193) Condition "meta.is_ingress_border == 1" (node_3) is false
[20:28:27.728] [bmv2] [T] [thread 42414] [9.0] [cxt 0] /home/mario/Escritorio/TFG/p4-utils/escenarios/MPLS/mpls.p4(204) Condition "hdr.mpls.isValid()" (node_6) is false
[20:28:27.728] [bmv2] [T] [thread 42414] [9.0] [cxt 0] /home/mario/Escritorio/TFG/p4-utils/escenarios/MPLS/mpls.p4(209) Condition "hdr.ipv4.isValid()" (node_8) is false
[20:28:27.728] [bmv2] [D] [thread 42414] [9.0] [cxt 0] Pipeline 'ingress': end
[20:28:27.728] [bmv2] [D] [thread 42414] [9.0] [cxt 0] Egress port is 0
[20:28:27.728] [bmv2] [D] [thread 42415] [9.0] [cxt 0] Pipeline 'egress': start
[20:28:27.728] [bmv2] [T] [thread 42415] [9.0] [cxt 0] /home/mario/Escritorio/TFG/p4-utils/escenarios/MPLS/mpls.p4(247) Condition "hdr.mpls.isValid()" (node_12) is false
[20:28:27.728] [bmv2] [D] [thread 42415] [9.0] [cxt 0] Pipeline 'egress': end
[20:28:27.728] [bmv2] [D] [thread 42415] [9.0] [cxt 0] Deparser 'deparser': start
[20:28:27.728] [bmv2] [T] [thread 42415] [9.0] [cxt 0] Skipping checksum 'cksum' update because condition not met
[20:28:27.728] [bmv2] [D] [thread 42415] [9.0] [cxt 0] Deparsing header 'ethernet'
[20:28:27.728] [bmv2] [D] [thread 42415] [9.0] [cxt 0] Deparser 'deparser': end
[20:28:27.728] [bmv2] [D] [thread 42419] [9.0] [cxt 0] Transmitting packet of size 70 out of port 0
[20:28:27.728] [bmv2] [D] [thread 42414] [10.0] [cxt 0] Processing packet received on port 2
[20:28:27.728] [bmv2] [D] [thread 42414] [10.0] [cxt 0] Parser 'parser': start
[20:28:27.728] [bmv2] [D] [thread 42414] [10.0] [cxt 0] Parser 'parser' entering state 'start'
[20:28:27.728] [bmv2] [D] [thread 42414] [10.0] [cxt 0] Extracting header 'ethernet'
[20:28:27.728] [bmv2] [D] [thread 42414] [10.0] [cxt 0] Parser state 'start': key is 86dd
[20:28:27.728] [bmv2] [T] [thread 42414] [10.0] [cxt 0] Bytes parsed: 14
[20:28:27.728] [bmv2] [D] [thread 42414] [10.0] [cxt 0] Parser 'parser': end
[20:28:27.728] [bmv2] [D] [thread 42414] [10.0] [cxt 0] Pipeline 'ingress': start
[20:28:27.728] [bmv2] [T] [thread 42414] [10.0] [cxt 0] Applying table 'MyIngress.check_is_ingress_border'
[20:28:27.728] [bmv2] [D] [thread 42414] [10.0] [cxt 0] Looking up key:
* standard_metadata.ingress_port: 0002

[20:28:27.728] [bmv2] [D] [thread 42414] [10.0] [cxt 0] Table 'MyIngress.check_is_ingress_border': miss
[20:28:27.728] [bmv2] [D] [thread 42414] [10.0] [cxt 0] Action entry is NoAction - 
[20:28:27.728] [bmv2] [T] [thread 42414] [10.0] [cxt 0] Action NoAction
[20:28:27.728] [bmv2] [T] [thread 42414] [10.0] [cxt 0] /home/mario/Escritorio/TFG/p4-utils/escenarios/MPLS/mpls.p4(193) Condition "meta.is_ingress_border == 1" (node_3) is false
[20:28:27.728] [bmv2] [T] [thread 42414] [10.0] [cxt 0] /home/mario/Escritorio/TFG/p4-utils/escenarios/MPLS/mpls.p4(204) Condition "hdr.mpls.isValid()" (node_6) is false
[20:28:27.728] [bmv2] [T] [thread 42414] [10.0] [cxt 0] /home/mario/Escritorio/TFG/p4-utils/escenarios/MPLS/mpls.p4(209) Condition "hdr.ipv4.isValid()" (node_8) is false
[20:28:27.728] [bmv2] [D] [thread 42414] [10.0] [cxt 0] Pipeline 'ingress': end
[20:28:27.728] [bmv2] [D] [thread 42414] [10.0] [cxt 0] Egress port is 0
[20:28:27.728] [bmv2] [D] [thread 42415] [10.0] [cxt 0] Pipeline 'egress': start
[20:28:27.728] [bmv2] [T] [thread 42415] [10.0] [cxt 0] /home/mario/Escritorio/TFG/p4-utils/escenarios/MPLS/mpls.p4(247) Condition "hdr.mpls.isValid()" (node_12) is false
[20:28:27.728] [bmv2] [D] [thread 42415] [10.0] [cxt 0] Pipeline 'egress': end
[20:28:27.728] [bmv2] [D] [thread 42415] [10.0] [cxt 0] Deparser 'deparser': start
[20:28:27.728] [bmv2] [T] [thread 42415] [10.0] [cxt 0] Skipping checksum 'cksum' update because condition not met
[20:28:27.728] [bmv2] [D] [thread 42415] [10.0] [cxt 0] Deparsing header 'ethernet'
[20:28:27.728] [bmv2] [D] [thread 42415] [10.0] [cxt 0] Deparser 'deparser': end
[20:28:27.728] [bmv2] [D] [thread 42419] [10.0] [cxt 0] Transmitting packet of size 70 out of port 0
[20:28:27.728] [bmv2] [D] [thread 42414] [11.0] [cxt 0] Processing packet received on port 4
[20:28:27.728] [bmv2] [D] [thread 42414] [11.0] [cxt 0] Parser 'parser': start
[20:28:27.728] [bmv2] [D] [thread 42414] [11.0] [cxt 0] Parser 'parser' entering state 'start'
[20:28:27.728] [bmv2] [D] [thread 42414] [11.0] [cxt 0] Extracting header 'ethernet'
[20:28:27.728] [bmv2] [D] [thread 42414] [11.0] [cxt 0] Parser state 'start': key is 86dd
[20:28:27.728] [bmv2] [T] [thread 42414] [11.0] [cxt 0] Bytes parsed: 14
[20:28:27.728] [bmv2] [D] [thread 42414] [11.0] [cxt 0] Parser 'parser': end
[20:28:27.728] [bmv2] [D] [thread 42414] [11.0] [cxt 0] Pipeline 'ingress': start
[20:28:27.728] [bmv2] [T] [thread 42414] [11.0] [cxt 0] Applying table 'MyIngress.check_is_ingress_border'
[20:28:27.728] [bmv2] [D] [thread 42414] [11.0] [cxt 0] Looking up key:
* standard_metadata.ingress_port: 0004

[20:28:27.728] [bmv2] [D] [thread 42414] [11.0] [cxt 0] Table 'MyIngress.check_is_ingress_border': miss
[20:28:27.728] [bmv2] [D] [thread 42414] [11.0] [cxt 0] Action entry is NoAction - 
[20:28:27.728] [bmv2] [T] [thread 42414] [11.0] [cxt 0] Action NoAction
[20:28:27.728] [bmv2] [T] [thread 42414] [11.0] [cxt 0] /home/mario/Escritorio/TFG/p4-utils/escenarios/MPLS/mpls.p4(193) Condition "meta.is_ingress_border == 1" (node_3) is false
[20:28:27.728] [bmv2] [T] [thread 42414] [11.0] [cxt 0] /home/mario/Escritorio/TFG/p4-utils/escenarios/MPLS/mpls.p4(204) Condition "hdr.mpls.isValid()" (node_6) is false
[20:28:27.728] [bmv2] [T] [thread 42414] [11.0] [cxt 0] /home/mario/Escritorio/TFG/p4-utils/escenarios/MPLS/mpls.p4(209) Condition "hdr.ipv4.isValid()" (node_8) is false
[20:28:27.728] [bmv2] [D] [thread 42414] [11.0] [cxt 0] Pipeline 'ingress': end
[20:28:27.728] [bmv2] [D] [thread 42414] [11.0] [cxt 0] Egress port is 0
[20:28:27.730] [bmv2] [D] [thread 42415] [11.0] [cxt 0] Pipeline 'egress': start
[20:28:27.730] [bmv2] [T] [thread 42415] [11.0] [cxt 0] /home/mario/Escritorio/TFG/p4-utils/escenarios/MPLS/mpls.p4(247) Condition "hdr.mpls.isValid()" (node_12) is false
[20:28:27.730] [bmv2] [D] [thread 42415] [11.0] [cxt 0] Pipeline 'egress': end
[20:28:27.730] [bmv2] [D] [thread 42415] [11.0] [cxt 0] Deparser 'deparser': start
[20:28:27.730] [bmv2] [T] [thread 42415] [11.0] [cxt 0] Skipping checksum 'cksum' update because condition not met
[20:28:27.730] [bmv2] [D] [thread 42415] [11.0] [cxt 0] Deparsing header 'ethernet'
[20:28:27.730] [bmv2] [D] [thread 42415] [11.0] [cxt 0] Deparser 'deparser': end
[20:28:27.730] [bmv2] [D] [thread 42419] [11.0] [cxt 0] Transmitting packet of size 70 out of port 0
[20:28:27.730] [bmv2] [D] [thread 42414] [12.0] [cxt 0] Processing packet received on port 5
[20:28:27.730] [bmv2] [D] [thread 42414] [12.0] [cxt 0] Parser 'parser': start
[20:28:27.730] [bmv2] [D] [thread 42414] [12.0] [cxt 0] Parser 'parser' entering state 'start'
[20:28:27.730] [bmv2] [D] [thread 42414] [12.0] [cxt 0] Extracting header 'ethernet'
[20:28:27.730] [bmv2] [D] [thread 42414] [12.0] [cxt 0] Parser state 'start': key is 86dd
[20:28:27.730] [bmv2] [T] [thread 42414] [12.0] [cxt 0] Bytes parsed: 14
[20:28:27.730] [bmv2] [D] [thread 42414] [12.0] [cxt 0] Parser 'parser': end
[20:28:27.730] [bmv2] [D] [thread 42414] [12.0] [cxt 0] Pipeline 'ingress': start
[20:28:27.730] [bmv2] [T] [thread 42414] [12.0] [cxt 0] Applying table 'MyIngress.check_is_ingress_border'
[20:28:27.730] [bmv2] [D] [thread 42414] [12.0] [cxt 0] Looking up key:
* standard_metadata.ingress_port: 0005

[20:28:27.730] [bmv2] [D] [thread 42414] [12.0] [cxt 0] Table 'MyIngress.check_is_ingress_border': miss
[20:28:27.730] [bmv2] [D] [thread 42414] [12.0] [cxt 0] Action entry is NoAction - 
[20:28:27.730] [bmv2] [T] [thread 42414] [12.0] [cxt 0] Action NoAction
[20:28:27.730] [bmv2] [T] [thread 42414] [12.0] [cxt 0] /home/mario/Escritorio/TFG/p4-utils/escenarios/MPLS/mpls.p4(193) Condition "meta.is_ingress_border == 1" (node_3) is false
[20:28:27.730] [bmv2] [T] [thread 42414] [12.0] [cxt 0] /home/mario/Escritorio/TFG/p4-utils/escenarios/MPLS/mpls.p4(204) Condition "hdr.mpls.isValid()" (node_6) is false
[20:28:27.730] [bmv2] [T] [thread 42414] [12.0] [cxt 0] /home/mario/Escritorio/TFG/p4-utils/escenarios/MPLS/mpls.p4(209) Condition "hdr.ipv4.isValid()" (node_8) is false
[20:28:27.730] [bmv2] [D] [thread 42414] [12.0] [cxt 0] Pipeline 'ingress': end
[20:28:27.730] [bmv2] [D] [thread 42414] [12.0] [cxt 0] Egress port is 0
[20:28:27.730] [bmv2] [D] [thread 42415] [12.0] [cxt 0] Pipeline 'egress': start
[20:28:27.730] [bmv2] [T] [thread 42415] [12.0] [cxt 0] /home/mario/Escritorio/TFG/p4-utils/escenarios/MPLS/mpls.p4(247) Condition "hdr.mpls.isValid()" (node_12) is false
[20:28:27.730] [bmv2] [D] [thread 42415] [12.0] [cxt 0] Pipeline 'egress': end
[20:28:27.730] [bmv2] [D] [thread 42415] [12.0] [cxt 0] Deparser 'deparser': start
[20:28:27.730] [bmv2] [T] [thread 42415] [12.0] [cxt 0] Skipping checksum 'cksum' update because condition not met
[20:28:27.730] [bmv2] [D] [thread 42415] [12.0] [cxt 0] Deparsing header 'ethernet'
[20:28:27.730] [bmv2] [D] [thread 42415] [12.0] [cxt 0] Deparser 'deparser': end
[20:28:27.730] [bmv2] [D] [thread 42419] [12.0] [cxt 0] Transmitting packet of size 70 out of port 0
[20:28:27.988] [bmv2] [D] [thread 42414] [13.0] [cxt 0] Processing packet received on port 4
[20:28:27.988] [bmv2] [D] [thread 42414] [13.0] [cxt 0] Parser 'parser': start
[20:28:27.988] [bmv2] [D] [thread 42414] [13.0] [cxt 0] Parser 'parser' entering state 'start'
[20:28:27.988] [bmv2] [D] [thread 42414] [13.0] [cxt 0] Extracting header 'ethernet'
[20:28:27.988] [bmv2] [D] [thread 42414] [13.0] [cxt 0] Parser state 'start': key is 86dd
[20:28:27.988] [bmv2] [T] [thread 42414] [13.0] [cxt 0] Bytes parsed: 14
[20:28:27.988] [bmv2] [D] [thread 42414] [13.0] [cxt 0] Parser 'parser': end
[20:28:27.988] [bmv2] [D] [thread 42414] [13.0] [cxt 0] Pipeline 'ingress': start
[20:28:27.988] [bmv2] [T] [thread 42414] [13.0] [cxt 0] Applying table 'MyIngress.check_is_ingress_border'
[20:28:27.988] [bmv2] [D] [thread 42414] [13.0] [cxt 0] Looking up key:
* standard_metadata.ingress_port: 0004

[20:28:27.988] [bmv2] [D] [thread 42414] [13.0] [cxt 0] Table 'MyIngress.check_is_ingress_border': miss
[20:28:27.988] [bmv2] [D] [thread 42414] [13.0] [cxt 0] Action entry is NoAction - 
[20:28:27.988] [bmv2] [T] [thread 42414] [13.0] [cxt 0] Action NoAction
[20:28:27.988] [bmv2] [T] [thread 42414] [13.0] [cxt 0] /home/mario/Escritorio/TFG/p4-utils/escenarios/MPLS/mpls.p4(193) Condition "meta.is_ingress_border == 1" (node_3) is false
[20:28:27.988] [bmv2] [T] [thread 42414] [13.0] [cxt 0] /home/mario/Escritorio/TFG/p4-utils/escenarios/MPLS/mpls.p4(204) Condition "hdr.mpls.isValid()" (node_6) is false
[20:28:27.988] [bmv2] [T] [thread 42414] [13.0] [cxt 0] /home/mario/Escritorio/TFG/p4-utils/escenarios/MPLS/mpls.p4(209) Condition "hdr.ipv4.isValid()" (node_8) is false
[20:28:27.988] [bmv2] [D] [thread 42414] [13.0] [cxt 0] Pipeline 'ingress': end
[20:28:27.988] [bmv2] [D] [thread 42414] [13.0] [cxt 0] Egress port is 0
[20:28:27.988] [bmv2] [D] [thread 42415] [13.0] [cxt 0] Pipeline 'egress': start
[20:28:27.988] [bmv2] [T] [thread 42415] [13.0] [cxt 0] /home/mario/Escritorio/TFG/p4-utils/escenarios/MPLS/mpls.p4(247) Condition "hdr.mpls.isValid()" (node_12) is false
[20:28:27.988] [bmv2] [D] [thread 42415] [13.0] [cxt 0] Pipeline 'egress': end
[20:28:27.988] [bmv2] [D] [thread 42415] [13.0] [cxt 0] Deparser 'deparser': start
[20:28:27.988] [bmv2] [T] [thread 42415] [13.0] [cxt 0] Skipping checksum 'cksum' update because condition not met
[20:28:27.988] [bmv2] [D] [thread 42415] [13.0] [cxt 0] Deparsing header 'ethernet'
[20:28:27.988] [bmv2] [D] [thread 42415] [13.0] [cxt 0] Deparser 'deparser': end
[20:28:27.988] [bmv2] [D] [thread 42419] [13.0] [cxt 0] Transmitting packet of size 210 out of port 0
[20:28:28.225] [bmv2] [D] [thread 42414] [14.0] [cxt 0] Processing packet received on port 5
[20:28:28.225] [bmv2] [D] [thread 42414] [14.0] [cxt 0] Parser 'parser': start
[20:28:28.225] [bmv2] [D] [thread 42414] [14.0] [cxt 0] Parser 'parser' entering state 'start'
[20:28:28.225] [bmv2] [D] [thread 42414] [14.0] [cxt 0] Extracting header 'ethernet'
[20:28:28.225] [bmv2] [D] [thread 42414] [14.0] [cxt 0] Parser state 'start': key is 86dd
[20:28:28.225] [bmv2] [T] [thread 42414] [14.0] [cxt 0] Bytes parsed: 14
[20:28:28.225] [bmv2] [D] [thread 42414] [14.0] [cxt 0] Parser 'parser': end
[20:28:28.225] [bmv2] [D] [thread 42414] [14.0] [cxt 0] Pipeline 'ingress': start
[20:28:28.225] [bmv2] [T] [thread 42414] [14.0] [cxt 0] Applying table 'MyIngress.check_is_ingress_border'
[20:28:28.225] [bmv2] [D] [thread 42414] [14.0] [cxt 0] Looking up key:
* standard_metadata.ingress_port: 0005

[20:28:28.225] [bmv2] [D] [thread 42414] [14.0] [cxt 0] Table 'MyIngress.check_is_ingress_border': miss
[20:28:28.225] [bmv2] [D] [thread 42414] [14.0] [cxt 0] Action entry is NoAction - 
[20:28:28.225] [bmv2] [T] [thread 42414] [14.0] [cxt 0] Action NoAction
[20:28:28.225] [bmv2] [T] [thread 42414] [14.0] [cxt 0] /home/mario/Escritorio/TFG/p4-utils/escenarios/MPLS/mpls.p4(193) Condition "meta.is_ingress_border == 1" (node_3) is false
[20:28:28.225] [bmv2] [T] [thread 42414] [14.0] [cxt 0] /home/mario/Escritorio/TFG/p4-utils/escenarios/MPLS/mpls.p4(204) Condition "hdr.mpls.isValid()" (node_6) is false
[20:28:28.225] [bmv2] [T] [thread 42414] [14.0] [cxt 0] /home/mario/Escritorio/TFG/p4-utils/escenarios/MPLS/mpls.p4(209) Condition "hdr.ipv4.isValid()" (node_8) is false
[20:28:28.225] [bmv2] [D] [thread 42414] [14.0] [cxt 0] Pipeline 'ingress': end
[20:28:28.225] [bmv2] [D] [thread 42414] [14.0] [cxt 0] Egress port is 0
[20:28:28.225] [bmv2] [D] [thread 42415] [14.0] [cxt 0] Pipeline 'egress': start
[20:28:28.225] [bmv2] [T] [thread 42415] [14.0] [cxt 0] /home/mario/Escritorio/TFG/p4-utils/escenarios/MPLS/mpls.p4(247) Condition "hdr.mpls.isValid()" (node_12) is false
[20:28:28.225] [bmv2] [D] [thread 42415] [14.0] [cxt 0] Pipeline 'egress': end
[20:28:28.225] [bmv2] [D] [thread 42415] [14.0] [cxt 0] Deparser 'deparser': start
[20:28:28.225] [bmv2] [T] [thread 42415] [14.0] [cxt 0] Skipping checksum 'cksum' update because condition not met
[20:28:28.225] [bmv2] [D] [thread 42415] [14.0] [cxt 0] Deparsing header 'ethernet'
[20:28:28.225] [bmv2] [D] [thread 42415] [14.0] [cxt 0] Deparser 'deparser': end
[20:28:28.225] [bmv2] [D] [thread 42419] [14.0] [cxt 0] Transmitting packet of size 210 out of port 0
[20:29:10.428] [bmv2] [D] [thread 43437] Set default default entry for table 'MyIngress.check_is_ingress_border': NoAction - 
[20:29:10.428] [bmv2] [D] [thread 43437] Set default default entry for table 'MyIngress.fec_to_label': NoAction - 
[20:29:10.428] [bmv2] [D] [thread 43437] Set default default entry for table 'MyIngress.mpls_tbl': MyIngress.drop - 
[20:29:10.428] [bmv2] [D] [thread 43437] Set default default entry for table 'MyIngress.ipv4_lpm': MyIngress.drop - 
[20:29:10.428] [bmv2] [D] [thread 43437] Set default default entry for table 'MyEgress.check_is_egress_border': NoAction - 
[20:29:10.430] [bmv2] [D] [thread 43437] simple_switch target has been notified of a config swap
[20:29:10.646] [bmv2] [D] [thread 43442] Entry 0 added to table 'MyIngress.check_is_ingress_border'
[20:29:10.646] [bmv2] [D] [thread 43442] Dumping entry 0
Match key:
* standard_metadata.ingress_port: EXACT     0001
Action entry: MyIngress.set_is_ingress_border - 

[20:29:10.654] [bmv2] [D] [thread 43447] Entry 0 added to table 'MyIngress.fec_to_label'
[20:29:10.654] [bmv2] [D] [thread 43447] Dumping entry 0
Match key:
* hdr.ipv4.dstAddr    : LPM       0a010102/32
Action entry: MyIngress.add_mpls_header - 1,

[20:29:10.657] [bmv2] [D] [thread 43442] Entry 1 added to table 'MyIngress.fec_to_label'
[20:29:10.657] [bmv2] [D] [thread 43442] Dumping entry 1
Match key:
* hdr.ipv4.dstAddr    : LPM       0a050202/32
Action entry: MyIngress.add_mpls_header - 2,

[20:29:10.665] [bmv2] [D] [thread 43447] Entry 2 added to table 'MyIngress.fec_to_label'
[20:29:10.665] [bmv2] [D] [thread 43447] Dumping entry 2
Match key:
* hdr.ipv4.dstAddr    : LPM       0a0a0402/32
Action entry: MyIngress.add_mpls_header - 4,

[20:29:10.668] [bmv2] [D] [thread 43442] Entry 0 added to table 'MyIngress.mpls_tbl'
[20:29:10.669] [bmv2] [D] [thread 43442] Dumping entry 0
Match key:
* hdr.mpls.label      : EXACT     000001
Action entry: MyIngress.mpls_forward - 30600,3,

[20:29:10.674] [bmv2] [D] [thread 43447] Entry 1 added to table 'MyIngress.mpls_tbl'
[20:29:10.674] [bmv2] [D] [thread 43447] Dumping entry 1
Match key:
* hdr.mpls.label      : EXACT     000002
Action entry: MyIngress.mpls_forward - 80600,4,

[20:29:10.679] [bmv2] [D] [thread 43442] Entry 2 added to table 'MyIngress.mpls_tbl'
[20:29:10.679] [bmv2] [D] [thread 43442] Dumping entry 2
Match key:
* hdr.mpls.label      : EXACT     000004
Action entry: MyIngress.mpls_forward - 80600,4,

[20:29:10.684] [bmv2] [D] [thread 43447] Entry 3 added to table 'MyIngress.mpls_tbl'
[20:29:10.684] [bmv2] [D] [thread 43447] Dumping entry 3
Match key:
* hdr.mpls.label      : EXACT     000003
Action entry: MyIngress.mpls_forward - a060302,1,

[20:29:10.688] [bmv2] [D] [thread 43442] Entry 0 added to table 'MyEgress.check_is_egress_border'
[20:29:10.688] [bmv2] [D] [thread 43442] Dumping entry 0
Match key:
* standard_metadata.egress_port: EXACT     0001
Action entry: MyEgress.is_egress_border - 

open: No such file or directory
open: No such file or directory
open: No such file or directory
open: No such file or directory
open: No such file or directory
open: No such file or directory
open: No such file or directory
open: No such file or directory
open: No such file or directory
open: No such file or directory
open: No such file or directory
open: No such file or directory
open: No such file or directory
open: No such file or directory
open: No such file or directory
open: No such file or directory
open: No such file or directory
open: No such file or directory
open: No such file or directory
open: No such file or directory
open: No such file or directory
open: No such file or directory
open: No such file or directory
open: No such file or directory
open: No such file or directory
